[2021-09-20 02:00:05,030] {processor.py:162} INFO - Started process (PID=23729) to work on /home/wilson/Documentos/alura/datapipeline/env/lib/python3.8/site-packages/airflow/example_dags/example_external_task_marker_dag.py
[2021-09-20 02:00:05,032] {processor.py:613} INFO - Processing file /home/wilson/Documentos/alura/datapipeline/env/lib/python3.8/site-packages/airflow/example_dags/example_external_task_marker_dag.py for tasks to queue
[2021-09-20 02:00:05,032] {logging_mixin.py:109} INFO - [2021-09-20 02:00:05,032] {dagbag.py:496} INFO - Filling up the DagBag from /home/wilson/Documentos/alura/datapipeline/env/lib/python3.8/site-packages/airflow/example_dags/example_external_task_marker_dag.py
[2021-09-20 02:00:05,071] {processor.py:623} INFO - DAG(s) dict_keys(['example_external_task_marker_parent', 'example_external_task_marker_child']) retrieved from /home/wilson/Documentos/alura/datapipeline/env/lib/python3.8/site-packages/airflow/example_dags/example_external_task_marker_dag.py
[2021-09-20 02:00:05,136] {logging_mixin.py:109} INFO - [2021-09-20 02:00:05,136] {dag.py:1834} INFO - Sync 2 DAGs
[2021-09-20 02:00:05,177] {logging_mixin.py:109} INFO - [2021-09-20 02:00:05,177] {dag.py:2287} INFO - Setting next_dagrun for example_external_task_marker_child to None
[2021-09-20 02:00:05,178] {logging_mixin.py:109} INFO - [2021-09-20 02:00:05,178] {dag.py:2287} INFO - Setting next_dagrun for example_external_task_marker_parent to None
[2021-09-20 02:00:05,204] {processor.py:170} INFO - Processing /home/wilson/Documentos/alura/datapipeline/env/lib/python3.8/site-packages/airflow/example_dags/example_external_task_marker_dag.py took 0.190 seconds
[2021-09-20 02:00:46,265] {processor.py:162} INFO - Started process (PID=23890) to work on /home/wilson/Documentos/alura/datapipeline/env/lib/python3.8/site-packages/airflow/example_dags/example_external_task_marker_dag.py
[2021-09-20 02:00:46,267] {processor.py:613} INFO - Processing file /home/wilson/Documentos/alura/datapipeline/env/lib/python3.8/site-packages/airflow/example_dags/example_external_task_marker_dag.py for tasks to queue
[2021-09-20 02:00:46,268] {logging_mixin.py:109} INFO - [2021-09-20 02:00:46,268] {dagbag.py:496} INFO - Filling up the DagBag from /home/wilson/Documentos/alura/datapipeline/env/lib/python3.8/site-packages/airflow/example_dags/example_external_task_marker_dag.py
[2021-09-20 02:00:46,282] {processor.py:623} INFO - DAG(s) dict_keys(['example_external_task_marker_parent', 'example_external_task_marker_child']) retrieved from /home/wilson/Documentos/alura/datapipeline/env/lib/python3.8/site-packages/airflow/example_dags/example_external_task_marker_dag.py
[2021-09-20 02:00:46,302] {logging_mixin.py:109} INFO - [2021-09-20 02:00:46,302] {dag.py:1834} INFO - Sync 2 DAGs
[2021-09-20 02:00:46,315] {logging_mixin.py:109} INFO - [2021-09-20 02:00:46,315] {dag.py:2287} INFO - Setting next_dagrun for example_external_task_marker_child to None
[2021-09-20 02:00:46,316] {logging_mixin.py:109} INFO - [2021-09-20 02:00:46,316] {dag.py:2287} INFO - Setting next_dagrun for example_external_task_marker_parent to None
[2021-09-20 02:00:46,332] {processor.py:170} INFO - Processing /home/wilson/Documentos/alura/datapipeline/env/lib/python3.8/site-packages/airflow/example_dags/example_external_task_marker_dag.py took 0.071 seconds
[2021-09-20 02:01:23,411] {processor.py:162} INFO - Started process (PID=24049) to work on /home/wilson/Documentos/alura/datapipeline/env/lib/python3.8/site-packages/airflow/example_dags/example_external_task_marker_dag.py
[2021-09-20 02:01:23,412] {processor.py:613} INFO - Processing file /home/wilson/Documentos/alura/datapipeline/env/lib/python3.8/site-packages/airflow/example_dags/example_external_task_marker_dag.py for tasks to queue
[2021-09-20 02:01:23,414] {logging_mixin.py:109} INFO - [2021-09-20 02:01:23,413] {dagbag.py:496} INFO - Filling up the DagBag from /home/wilson/Documentos/alura/datapipeline/env/lib/python3.8/site-packages/airflow/example_dags/example_external_task_marker_dag.py
[2021-09-20 02:01:23,428] {processor.py:623} INFO - DAG(s) dict_keys(['example_external_task_marker_parent', 'example_external_task_marker_child']) retrieved from /home/wilson/Documentos/alura/datapipeline/env/lib/python3.8/site-packages/airflow/example_dags/example_external_task_marker_dag.py
[2021-09-20 02:01:23,447] {logging_mixin.py:109} INFO - [2021-09-20 02:01:23,447] {dag.py:1834} INFO - Sync 2 DAGs
[2021-09-20 02:01:23,460] {logging_mixin.py:109} INFO - [2021-09-20 02:01:23,460] {dag.py:2287} INFO - Setting next_dagrun for example_external_task_marker_child to None
[2021-09-20 02:01:23,461] {logging_mixin.py:109} INFO - [2021-09-20 02:01:23,461] {dag.py:2287} INFO - Setting next_dagrun for example_external_task_marker_parent to None
[2021-09-20 02:01:23,476] {processor.py:170} INFO - Processing /home/wilson/Documentos/alura/datapipeline/env/lib/python3.8/site-packages/airflow/example_dags/example_external_task_marker_dag.py took 0.068 seconds
[2021-09-20 02:02:36,357] {processor.py:162} INFO - Started process (PID=24327) to work on /home/wilson/Documentos/alura/datapipeline/env/lib/python3.8/site-packages/airflow/example_dags/example_external_task_marker_dag.py
[2021-09-20 02:02:36,359] {processor.py:613} INFO - Processing file /home/wilson/Documentos/alura/datapipeline/env/lib/python3.8/site-packages/airflow/example_dags/example_external_task_marker_dag.py for tasks to queue
[2021-09-20 02:02:36,360] {logging_mixin.py:109} INFO - [2021-09-20 02:02:36,360] {dagbag.py:496} INFO - Filling up the DagBag from /home/wilson/Documentos/alura/datapipeline/env/lib/python3.8/site-packages/airflow/example_dags/example_external_task_marker_dag.py
[2021-09-20 02:02:36,392] {processor.py:623} INFO - DAG(s) dict_keys(['example_external_task_marker_parent', 'example_external_task_marker_child']) retrieved from /home/wilson/Documentos/alura/datapipeline/env/lib/python3.8/site-packages/airflow/example_dags/example_external_task_marker_dag.py
[2021-09-20 02:02:36,426] {logging_mixin.py:109} INFO - [2021-09-20 02:02:36,426] {dag.py:1834} INFO - Sync 2 DAGs
[2021-09-20 02:02:36,438] {logging_mixin.py:109} INFO - [2021-09-20 02:02:36,438] {dag.py:2287} INFO - Setting next_dagrun for example_external_task_marker_child to None
[2021-09-20 02:02:36,439] {logging_mixin.py:109} INFO - [2021-09-20 02:02:36,439] {dag.py:2287} INFO - Setting next_dagrun for example_external_task_marker_parent to None
[2021-09-20 02:02:36,454] {processor.py:170} INFO - Processing /home/wilson/Documentos/alura/datapipeline/env/lib/python3.8/site-packages/airflow/example_dags/example_external_task_marker_dag.py took 0.103 seconds
[2021-09-20 02:03:17,259] {processor.py:162} INFO - Started process (PID=24487) to work on /home/wilson/Documentos/alura/datapipeline/env/lib/python3.8/site-packages/airflow/example_dags/example_external_task_marker_dag.py
[2021-09-20 02:03:17,271] {processor.py:613} INFO - Processing file /home/wilson/Documentos/alura/datapipeline/env/lib/python3.8/site-packages/airflow/example_dags/example_external_task_marker_dag.py for tasks to queue
[2021-09-20 02:03:17,272] {logging_mixin.py:109} INFO - [2021-09-20 02:03:17,272] {dagbag.py:496} INFO - Filling up the DagBag from /home/wilson/Documentos/alura/datapipeline/env/lib/python3.8/site-packages/airflow/example_dags/example_external_task_marker_dag.py
[2021-09-20 02:03:17,323] {processor.py:623} INFO - DAG(s) dict_keys(['example_external_task_marker_parent', 'example_external_task_marker_child']) retrieved from /home/wilson/Documentos/alura/datapipeline/env/lib/python3.8/site-packages/airflow/example_dags/example_external_task_marker_dag.py
[2021-09-20 02:03:17,375] {logging_mixin.py:109} INFO - [2021-09-20 02:03:17,375] {dag.py:1834} INFO - Sync 2 DAGs
[2021-09-20 02:03:17,403] {logging_mixin.py:109} INFO - [2021-09-20 02:03:17,403] {dag.py:2287} INFO - Setting next_dagrun for example_external_task_marker_child to None
[2021-09-20 02:03:17,407] {logging_mixin.py:109} INFO - [2021-09-20 02:03:17,406] {dag.py:2287} INFO - Setting next_dagrun for example_external_task_marker_parent to None
[2021-09-20 02:03:17,428] {processor.py:170} INFO - Processing /home/wilson/Documentos/alura/datapipeline/env/lib/python3.8/site-packages/airflow/example_dags/example_external_task_marker_dag.py took 0.177 seconds
[2021-09-20 02:04:12,384] {processor.py:162} INFO - Started process (PID=24688) to work on /home/wilson/Documentos/alura/datapipeline/env/lib/python3.8/site-packages/airflow/example_dags/example_external_task_marker_dag.py
[2021-09-20 02:04:12,386] {processor.py:613} INFO - Processing file /home/wilson/Documentos/alura/datapipeline/env/lib/python3.8/site-packages/airflow/example_dags/example_external_task_marker_dag.py for tasks to queue
[2021-09-20 02:04:12,387] {logging_mixin.py:109} INFO - [2021-09-20 02:04:12,387] {dagbag.py:496} INFO - Filling up the DagBag from /home/wilson/Documentos/alura/datapipeline/env/lib/python3.8/site-packages/airflow/example_dags/example_external_task_marker_dag.py
[2021-09-20 02:04:12,404] {processor.py:623} INFO - DAG(s) dict_keys(['example_external_task_marker_parent', 'example_external_task_marker_child']) retrieved from /home/wilson/Documentos/alura/datapipeline/env/lib/python3.8/site-packages/airflow/example_dags/example_external_task_marker_dag.py
[2021-09-20 02:04:12,427] {logging_mixin.py:109} INFO - [2021-09-20 02:04:12,426] {dag.py:1834} INFO - Sync 2 DAGs
[2021-09-20 02:04:12,441] {logging_mixin.py:109} INFO - [2021-09-20 02:04:12,440] {dag.py:2287} INFO - Setting next_dagrun for example_external_task_marker_child to None
[2021-09-20 02:04:12,442] {logging_mixin.py:109} INFO - [2021-09-20 02:04:12,442] {dag.py:2287} INFO - Setting next_dagrun for example_external_task_marker_parent to None
[2021-09-20 02:04:12,456] {processor.py:170} INFO - Processing /home/wilson/Documentos/alura/datapipeline/env/lib/python3.8/site-packages/airflow/example_dags/example_external_task_marker_dag.py took 0.076 seconds
[2021-09-20 02:05:00,754] {processor.py:162} INFO - Started process (PID=24881) to work on /home/wilson/Documentos/alura/datapipeline/env/lib/python3.8/site-packages/airflow/example_dags/example_external_task_marker_dag.py
[2021-09-20 02:05:00,766] {processor.py:613} INFO - Processing file /home/wilson/Documentos/alura/datapipeline/env/lib/python3.8/site-packages/airflow/example_dags/example_external_task_marker_dag.py for tasks to queue
[2021-09-20 02:05:00,767] {logging_mixin.py:109} INFO - [2021-09-20 02:05:00,767] {dagbag.py:496} INFO - Filling up the DagBag from /home/wilson/Documentos/alura/datapipeline/env/lib/python3.8/site-packages/airflow/example_dags/example_external_task_marker_dag.py
[2021-09-20 02:05:00,870] {processor.py:623} INFO - DAG(s) dict_keys(['example_external_task_marker_parent', 'example_external_task_marker_child']) retrieved from /home/wilson/Documentos/alura/datapipeline/env/lib/python3.8/site-packages/airflow/example_dags/example_external_task_marker_dag.py
[2021-09-20 02:05:00,998] {logging_mixin.py:109} INFO - [2021-09-20 02:05:00,998] {dag.py:1834} INFO - Sync 2 DAGs
[2021-09-20 02:05:01,052] {logging_mixin.py:109} INFO - [2021-09-20 02:05:01,052] {dag.py:2287} INFO - Setting next_dagrun for example_external_task_marker_child to None
[2021-09-20 02:05:01,071] {logging_mixin.py:109} INFO - [2021-09-20 02:05:01,071] {dag.py:2287} INFO - Setting next_dagrun for example_external_task_marker_parent to None
[2021-09-20 02:05:01,130] {processor.py:170} INFO - Processing /home/wilson/Documentos/alura/datapipeline/env/lib/python3.8/site-packages/airflow/example_dags/example_external_task_marker_dag.py took 0.407 seconds
[2021-09-20 02:05:48,537] {processor.py:162} INFO - Started process (PID=25039) to work on /home/wilson/Documentos/alura/datapipeline/env/lib/python3.8/site-packages/airflow/example_dags/example_external_task_marker_dag.py
[2021-09-20 02:05:48,539] {processor.py:613} INFO - Processing file /home/wilson/Documentos/alura/datapipeline/env/lib/python3.8/site-packages/airflow/example_dags/example_external_task_marker_dag.py for tasks to queue
[2021-09-20 02:05:48,540] {logging_mixin.py:109} INFO - [2021-09-20 02:05:48,540] {dagbag.py:496} INFO - Filling up the DagBag from /home/wilson/Documentos/alura/datapipeline/env/lib/python3.8/site-packages/airflow/example_dags/example_external_task_marker_dag.py
[2021-09-20 02:05:48,559] {processor.py:623} INFO - DAG(s) dict_keys(['example_external_task_marker_parent', 'example_external_task_marker_child']) retrieved from /home/wilson/Documentos/alura/datapipeline/env/lib/python3.8/site-packages/airflow/example_dags/example_external_task_marker_dag.py
[2021-09-20 02:05:48,600] {logging_mixin.py:109} INFO - [2021-09-20 02:05:48,600] {dag.py:1834} INFO - Sync 2 DAGs
[2021-09-20 02:05:48,620] {logging_mixin.py:109} INFO - [2021-09-20 02:05:48,620] {dag.py:2287} INFO - Setting next_dagrun for example_external_task_marker_child to None
[2021-09-20 02:05:48,621] {logging_mixin.py:109} INFO - [2021-09-20 02:05:48,621] {dag.py:2287} INFO - Setting next_dagrun for example_external_task_marker_parent to None
[2021-09-20 02:05:48,636] {processor.py:170} INFO - Processing /home/wilson/Documentos/alura/datapipeline/env/lib/python3.8/site-packages/airflow/example_dags/example_external_task_marker_dag.py took 0.103 seconds
[2021-09-20 02:06:27,341] {processor.py:162} INFO - Started process (PID=25194) to work on /home/wilson/Documentos/alura/datapipeline/env/lib/python3.8/site-packages/airflow/example_dags/example_external_task_marker_dag.py
[2021-09-20 02:06:27,343] {processor.py:613} INFO - Processing file /home/wilson/Documentos/alura/datapipeline/env/lib/python3.8/site-packages/airflow/example_dags/example_external_task_marker_dag.py for tasks to queue
[2021-09-20 02:06:27,344] {logging_mixin.py:109} INFO - [2021-09-20 02:06:27,344] {dagbag.py:496} INFO - Filling up the DagBag from /home/wilson/Documentos/alura/datapipeline/env/lib/python3.8/site-packages/airflow/example_dags/example_external_task_marker_dag.py
[2021-09-20 02:06:27,387] {processor.py:623} INFO - DAG(s) dict_keys(['example_external_task_marker_parent', 'example_external_task_marker_child']) retrieved from /home/wilson/Documentos/alura/datapipeline/env/lib/python3.8/site-packages/airflow/example_dags/example_external_task_marker_dag.py
[2021-09-20 02:06:27,430] {logging_mixin.py:109} INFO - [2021-09-20 02:06:27,430] {dag.py:1834} INFO - Sync 2 DAGs
[2021-09-20 02:06:27,467] {logging_mixin.py:109} INFO - [2021-09-20 02:06:27,467] {dag.py:2287} INFO - Setting next_dagrun for example_external_task_marker_child to None
[2021-09-20 02:06:27,468] {logging_mixin.py:109} INFO - [2021-09-20 02:06:27,468] {dag.py:2287} INFO - Setting next_dagrun for example_external_task_marker_parent to None
[2021-09-20 02:06:27,503] {processor.py:170} INFO - Processing /home/wilson/Documentos/alura/datapipeline/env/lib/python3.8/site-packages/airflow/example_dags/example_external_task_marker_dag.py took 0.173 seconds
[2021-09-20 02:07:29,002] {processor.py:162} INFO - Started process (PID=25417) to work on /home/wilson/Documentos/alura/datapipeline/env/lib/python3.8/site-packages/airflow/example_dags/example_external_task_marker_dag.py
[2021-09-20 02:07:29,005] {processor.py:613} INFO - Processing file /home/wilson/Documentos/alura/datapipeline/env/lib/python3.8/site-packages/airflow/example_dags/example_external_task_marker_dag.py for tasks to queue
[2021-09-20 02:07:29,006] {logging_mixin.py:109} INFO - [2021-09-20 02:07:29,006] {dagbag.py:496} INFO - Filling up the DagBag from /home/wilson/Documentos/alura/datapipeline/env/lib/python3.8/site-packages/airflow/example_dags/example_external_task_marker_dag.py
[2021-09-20 02:07:29,019] {processor.py:623} INFO - DAG(s) dict_keys(['example_external_task_marker_parent', 'example_external_task_marker_child']) retrieved from /home/wilson/Documentos/alura/datapipeline/env/lib/python3.8/site-packages/airflow/example_dags/example_external_task_marker_dag.py
[2021-09-20 02:07:29,043] {logging_mixin.py:109} INFO - [2021-09-20 02:07:29,043] {dag.py:1834} INFO - Sync 2 DAGs
[2021-09-20 02:07:29,056] {logging_mixin.py:109} INFO - [2021-09-20 02:07:29,056] {dag.py:2287} INFO - Setting next_dagrun for example_external_task_marker_child to None
[2021-09-20 02:07:29,058] {logging_mixin.py:109} INFO - [2021-09-20 02:07:29,058] {dag.py:2287} INFO - Setting next_dagrun for example_external_task_marker_parent to None
[2021-09-20 02:07:29,074] {processor.py:170} INFO - Processing /home/wilson/Documentos/alura/datapipeline/env/lib/python3.8/site-packages/airflow/example_dags/example_external_task_marker_dag.py took 0.075 seconds
[2021-09-20 02:08:12,251] {processor.py:162} INFO - Started process (PID=25600) to work on /home/wilson/Documentos/alura/datapipeline/env/lib/python3.8/site-packages/airflow/example_dags/example_external_task_marker_dag.py
[2021-09-20 02:08:12,253] {processor.py:613} INFO - Processing file /home/wilson/Documentos/alura/datapipeline/env/lib/python3.8/site-packages/airflow/example_dags/example_external_task_marker_dag.py for tasks to queue
[2021-09-20 02:08:12,254] {logging_mixin.py:109} INFO - [2021-09-20 02:08:12,254] {dagbag.py:496} INFO - Filling up the DagBag from /home/wilson/Documentos/alura/datapipeline/env/lib/python3.8/site-packages/airflow/example_dags/example_external_task_marker_dag.py
[2021-09-20 02:08:12,269] {processor.py:623} INFO - DAG(s) dict_keys(['example_external_task_marker_parent', 'example_external_task_marker_child']) retrieved from /home/wilson/Documentos/alura/datapipeline/env/lib/python3.8/site-packages/airflow/example_dags/example_external_task_marker_dag.py
[2021-09-20 02:08:12,325] {logging_mixin.py:109} INFO - [2021-09-20 02:08:12,319] {dag.py:1834} INFO - Sync 2 DAGs
[2021-09-20 02:08:12,355] {logging_mixin.py:109} INFO - [2021-09-20 02:08:12,355] {dag.py:2287} INFO - Setting next_dagrun for example_external_task_marker_child to None
[2021-09-20 02:08:12,357] {logging_mixin.py:109} INFO - [2021-09-20 02:08:12,357] {dag.py:2287} INFO - Setting next_dagrun for example_external_task_marker_parent to None
[2021-09-20 02:08:12,400] {processor.py:170} INFO - Processing /home/wilson/Documentos/alura/datapipeline/env/lib/python3.8/site-packages/airflow/example_dags/example_external_task_marker_dag.py took 0.153 seconds
[2021-09-20 02:08:57,203] {processor.py:162} INFO - Started process (PID=25841) to work on /home/wilson/Documentos/alura/datapipeline/env/lib/python3.8/site-packages/airflow/example_dags/example_external_task_marker_dag.py
[2021-09-20 02:08:57,210] {processor.py:613} INFO - Processing file /home/wilson/Documentos/alura/datapipeline/env/lib/python3.8/site-packages/airflow/example_dags/example_external_task_marker_dag.py for tasks to queue
[2021-09-20 02:08:57,211] {logging_mixin.py:109} INFO - [2021-09-20 02:08:57,210] {dagbag.py:496} INFO - Filling up the DagBag from /home/wilson/Documentos/alura/datapipeline/env/lib/python3.8/site-packages/airflow/example_dags/example_external_task_marker_dag.py
[2021-09-20 02:08:57,236] {processor.py:623} INFO - DAG(s) dict_keys(['example_external_task_marker_parent', 'example_external_task_marker_child']) retrieved from /home/wilson/Documentos/alura/datapipeline/env/lib/python3.8/site-packages/airflow/example_dags/example_external_task_marker_dag.py
[2021-09-20 02:08:57,276] {logging_mixin.py:109} INFO - [2021-09-20 02:08:57,276] {dag.py:1834} INFO - Sync 2 DAGs
[2021-09-20 02:08:57,300] {logging_mixin.py:109} INFO - [2021-09-20 02:08:57,300] {dag.py:2287} INFO - Setting next_dagrun for example_external_task_marker_child to None
[2021-09-20 02:08:57,305] {logging_mixin.py:109} INFO - [2021-09-20 02:08:57,305] {dag.py:2287} INFO - Setting next_dagrun for example_external_task_marker_parent to None
[2021-09-20 02:08:57,339] {processor.py:170} INFO - Processing /home/wilson/Documentos/alura/datapipeline/env/lib/python3.8/site-packages/airflow/example_dags/example_external_task_marker_dag.py took 0.139 seconds
