[2021-09-20 01:59:35,044] {processor.py:162} INFO - Started process (PID=23604) to work on /home/wilson/Documentos/alura/datapipeline/env/lib/python3.8/site-packages/airflow/example_dags/example_xcomargs.py
[2021-09-20 01:59:35,059] {processor.py:613} INFO - Processing file /home/wilson/Documentos/alura/datapipeline/env/lib/python3.8/site-packages/airflow/example_dags/example_xcomargs.py for tasks to queue
[2021-09-20 01:59:35,060] {logging_mixin.py:109} INFO - [2021-09-20 01:59:35,060] {dagbag.py:496} INFO - Filling up the DagBag from /home/wilson/Documentos/alura/datapipeline/env/lib/python3.8/site-packages/airflow/example_dags/example_xcomargs.py
[2021-09-20 01:59:35,190] {processor.py:623} INFO - DAG(s) dict_keys(['example_xcom_args', 'example_xcom_args_with_operators']) retrieved from /home/wilson/Documentos/alura/datapipeline/env/lib/python3.8/site-packages/airflow/example_dags/example_xcomargs.py
[2021-09-20 01:59:36,725] {logging_mixin.py:109} INFO - [2021-09-20 01:59:36,725] {dag.py:1834} INFO - Sync 2 DAGs
[2021-09-20 01:59:36,782] {logging_mixin.py:109} INFO - [2021-09-20 01:59:36,782] {dag.py:2287} INFO - Setting next_dagrun for example_xcom_args to None
[2021-09-20 01:59:36,783] {logging_mixin.py:109} INFO - [2021-09-20 01:59:36,783] {dag.py:2287} INFO - Setting next_dagrun for example_xcom_args_with_operators to None
[2021-09-20 01:59:36,851] {processor.py:170} INFO - Processing /home/wilson/Documentos/alura/datapipeline/env/lib/python3.8/site-packages/airflow/example_dags/example_xcomargs.py took 1.823 seconds
[2021-09-20 02:00:20,908] {processor.py:162} INFO - Started process (PID=23792) to work on /home/wilson/Documentos/alura/datapipeline/env/lib/python3.8/site-packages/airflow/example_dags/example_xcomargs.py
[2021-09-20 02:00:20,914] {processor.py:613} INFO - Processing file /home/wilson/Documentos/alura/datapipeline/env/lib/python3.8/site-packages/airflow/example_dags/example_xcomargs.py for tasks to queue
[2021-09-20 02:00:20,915] {logging_mixin.py:109} INFO - [2021-09-20 02:00:20,915] {dagbag.py:496} INFO - Filling up the DagBag from /home/wilson/Documentos/alura/datapipeline/env/lib/python3.8/site-packages/airflow/example_dags/example_xcomargs.py
[2021-09-20 02:00:20,937] {processor.py:623} INFO - DAG(s) dict_keys(['example_xcom_args', 'example_xcom_args_with_operators']) retrieved from /home/wilson/Documentos/alura/datapipeline/env/lib/python3.8/site-packages/airflow/example_dags/example_xcomargs.py
[2021-09-20 02:00:21,363] {logging_mixin.py:109} INFO - [2021-09-20 02:00:21,363] {dag.py:1834} INFO - Sync 2 DAGs
[2021-09-20 02:00:21,395] {logging_mixin.py:109} INFO - [2021-09-20 02:00:21,395] {dag.py:2287} INFO - Setting next_dagrun for example_xcom_args to None
[2021-09-20 02:00:21,396] {logging_mixin.py:109} INFO - [2021-09-20 02:00:21,396] {dag.py:2287} INFO - Setting next_dagrun for example_xcom_args_with_operators to None
[2021-09-20 02:00:21,431] {processor.py:170} INFO - Processing /home/wilson/Documentos/alura/datapipeline/env/lib/python3.8/site-packages/airflow/example_dags/example_xcomargs.py took 0.528 seconds
[2021-09-20 02:01:01,202] {processor.py:162} INFO - Started process (PID=23950) to work on /home/wilson/Documentos/alura/datapipeline/env/lib/python3.8/site-packages/airflow/example_dags/example_xcomargs.py
[2021-09-20 02:01:01,207] {processor.py:613} INFO - Processing file /home/wilson/Documentos/alura/datapipeline/env/lib/python3.8/site-packages/airflow/example_dags/example_xcomargs.py for tasks to queue
[2021-09-20 02:01:01,208] {logging_mixin.py:109} INFO - [2021-09-20 02:01:01,208] {dagbag.py:496} INFO - Filling up the DagBag from /home/wilson/Documentos/alura/datapipeline/env/lib/python3.8/site-packages/airflow/example_dags/example_xcomargs.py
[2021-09-20 02:01:01,254] {processor.py:623} INFO - DAG(s) dict_keys(['example_xcom_args', 'example_xcom_args_with_operators']) retrieved from /home/wilson/Documentos/alura/datapipeline/env/lib/python3.8/site-packages/airflow/example_dags/example_xcomargs.py
[2021-09-20 02:01:01,738] {logging_mixin.py:109} INFO - [2021-09-20 02:01:01,738] {dag.py:1834} INFO - Sync 2 DAGs
[2021-09-20 02:01:01,745] {logging_mixin.py:109} INFO - [2021-09-20 02:01:01,745] {dag.py:2287} INFO - Setting next_dagrun for example_xcom_args to None
[2021-09-20 02:01:01,746] {logging_mixin.py:109} INFO - [2021-09-20 02:01:01,746] {dag.py:2287} INFO - Setting next_dagrun for example_xcom_args_with_operators to None
[2021-09-20 02:01:01,764] {processor.py:170} INFO - Processing /home/wilson/Documentos/alura/datapipeline/env/lib/python3.8/site-packages/airflow/example_dags/example_xcomargs.py took 0.565 seconds
[2021-09-20 02:01:38,646] {processor.py:162} INFO - Started process (PID=24107) to work on /home/wilson/Documentos/alura/datapipeline/env/lib/python3.8/site-packages/airflow/example_dags/example_xcomargs.py
[2021-09-20 02:01:38,655] {processor.py:613} INFO - Processing file /home/wilson/Documentos/alura/datapipeline/env/lib/python3.8/site-packages/airflow/example_dags/example_xcomargs.py for tasks to queue
[2021-09-20 02:01:38,656] {logging_mixin.py:109} INFO - [2021-09-20 02:01:38,656] {dagbag.py:496} INFO - Filling up the DagBag from /home/wilson/Documentos/alura/datapipeline/env/lib/python3.8/site-packages/airflow/example_dags/example_xcomargs.py
[2021-09-20 02:01:38,684] {processor.py:623} INFO - DAG(s) dict_keys(['example_xcom_args', 'example_xcom_args_with_operators']) retrieved from /home/wilson/Documentos/alura/datapipeline/env/lib/python3.8/site-packages/airflow/example_dags/example_xcomargs.py
[2021-09-20 02:01:39,272] {logging_mixin.py:109} INFO - [2021-09-20 02:01:39,272] {dag.py:1834} INFO - Sync 2 DAGs
[2021-09-20 02:01:39,290] {logging_mixin.py:109} INFO - [2021-09-20 02:01:39,290] {dag.py:2287} INFO - Setting next_dagrun for example_xcom_args to None
[2021-09-20 02:01:39,291] {logging_mixin.py:109} INFO - [2021-09-20 02:01:39,291] {dag.py:2287} INFO - Setting next_dagrun for example_xcom_args_with_operators to None
[2021-09-20 02:01:39,326] {processor.py:170} INFO - Processing /home/wilson/Documentos/alura/datapipeline/env/lib/python3.8/site-packages/airflow/example_dags/example_xcomargs.py took 0.683 seconds
[2021-09-20 02:02:25,671] {processor.py:162} INFO - Started process (PID=24281) to work on /home/wilson/Documentos/alura/datapipeline/env/lib/python3.8/site-packages/airflow/example_dags/example_xcomargs.py
[2021-09-20 02:02:25,675] {processor.py:613} INFO - Processing file /home/wilson/Documentos/alura/datapipeline/env/lib/python3.8/site-packages/airflow/example_dags/example_xcomargs.py for tasks to queue
[2021-09-20 02:02:25,675] {logging_mixin.py:109} INFO - [2021-09-20 02:02:25,675] {dagbag.py:496} INFO - Filling up the DagBag from /home/wilson/Documentos/alura/datapipeline/env/lib/python3.8/site-packages/airflow/example_dags/example_xcomargs.py
[2021-09-20 02:02:25,726] {processor.py:623} INFO - DAG(s) dict_keys(['example_xcom_args', 'example_xcom_args_with_operators']) retrieved from /home/wilson/Documentos/alura/datapipeline/env/lib/python3.8/site-packages/airflow/example_dags/example_xcomargs.py
[2021-09-20 02:02:26,348] {logging_mixin.py:109} INFO - [2021-09-20 02:02:26,348] {dag.py:1834} INFO - Sync 2 DAGs
[2021-09-20 02:02:26,361] {logging_mixin.py:109} INFO - [2021-09-20 02:02:26,361] {dag.py:2287} INFO - Setting next_dagrun for example_xcom_args to None
[2021-09-20 02:02:26,362] {logging_mixin.py:109} INFO - [2021-09-20 02:02:26,362] {dag.py:2287} INFO - Setting next_dagrun for example_xcom_args_with_operators to None
[2021-09-20 02:02:26,385] {processor.py:170} INFO - Processing /home/wilson/Documentos/alura/datapipeline/env/lib/python3.8/site-packages/airflow/example_dags/example_xcomargs.py took 0.718 seconds
[2021-09-20 02:03:01,966] {processor.py:162} INFO - Started process (PID=24431) to work on /home/wilson/Documentos/alura/datapipeline/env/lib/python3.8/site-packages/airflow/example_dags/example_xcomargs.py
[2021-09-20 02:03:01,970] {processor.py:613} INFO - Processing file /home/wilson/Documentos/alura/datapipeline/env/lib/python3.8/site-packages/airflow/example_dags/example_xcomargs.py for tasks to queue
[2021-09-20 02:03:01,971] {logging_mixin.py:109} INFO - [2021-09-20 02:03:01,971] {dagbag.py:496} INFO - Filling up the DagBag from /home/wilson/Documentos/alura/datapipeline/env/lib/python3.8/site-packages/airflow/example_dags/example_xcomargs.py
[2021-09-20 02:03:02,079] {processor.py:623} INFO - DAG(s) dict_keys(['example_xcom_args', 'example_xcom_args_with_operators']) retrieved from /home/wilson/Documentos/alura/datapipeline/env/lib/python3.8/site-packages/airflow/example_dags/example_xcomargs.py
[2021-09-20 02:03:02,958] {logging_mixin.py:109} INFO - [2021-09-20 02:03:02,958] {dag.py:1834} INFO - Sync 2 DAGs
[2021-09-20 02:03:02,993] {logging_mixin.py:109} INFO - [2021-09-20 02:03:02,988] {dag.py:2287} INFO - Setting next_dagrun for example_xcom_args to None
[2021-09-20 02:03:02,994] {logging_mixin.py:109} INFO - [2021-09-20 02:03:02,994] {dag.py:2287} INFO - Setting next_dagrun for example_xcom_args_with_operators to None
[2021-09-20 02:03:03,027] {processor.py:170} INFO - Processing /home/wilson/Documentos/alura/datapipeline/env/lib/python3.8/site-packages/airflow/example_dags/example_xcomargs.py took 1.070 seconds
[2021-09-20 02:03:43,055] {processor.py:162} INFO - Started process (PID=24587) to work on /home/wilson/Documentos/alura/datapipeline/env/lib/python3.8/site-packages/airflow/example_dags/example_xcomargs.py
[2021-09-20 02:03:43,062] {processor.py:613} INFO - Processing file /home/wilson/Documentos/alura/datapipeline/env/lib/python3.8/site-packages/airflow/example_dags/example_xcomargs.py for tasks to queue
[2021-09-20 02:03:43,063] {logging_mixin.py:109} INFO - [2021-09-20 02:03:43,063] {dagbag.py:496} INFO - Filling up the DagBag from /home/wilson/Documentos/alura/datapipeline/env/lib/python3.8/site-packages/airflow/example_dags/example_xcomargs.py
[2021-09-20 02:03:43,112] {processor.py:623} INFO - DAG(s) dict_keys(['example_xcom_args', 'example_xcom_args_with_operators']) retrieved from /home/wilson/Documentos/alura/datapipeline/env/lib/python3.8/site-packages/airflow/example_dags/example_xcomargs.py
[2021-09-20 02:03:43,552] {logging_mixin.py:109} INFO - [2021-09-20 02:03:43,551] {dag.py:1834} INFO - Sync 2 DAGs
[2021-09-20 02:03:43,560] {logging_mixin.py:109} INFO - [2021-09-20 02:03:43,560] {dag.py:2287} INFO - Setting next_dagrun for example_xcom_args to None
[2021-09-20 02:03:43,561] {logging_mixin.py:109} INFO - [2021-09-20 02:03:43,561] {dag.py:2287} INFO - Setting next_dagrun for example_xcom_args_with_operators to None
[2021-09-20 02:03:43,580] {processor.py:170} INFO - Processing /home/wilson/Documentos/alura/datapipeline/env/lib/python3.8/site-packages/airflow/example_dags/example_xcomargs.py took 0.538 seconds
[2021-09-20 02:04:23,995] {processor.py:162} INFO - Started process (PID=24741) to work on /home/wilson/Documentos/alura/datapipeline/env/lib/python3.8/site-packages/airflow/example_dags/example_xcomargs.py
[2021-09-20 02:04:24,001] {processor.py:613} INFO - Processing file /home/wilson/Documentos/alura/datapipeline/env/lib/python3.8/site-packages/airflow/example_dags/example_xcomargs.py for tasks to queue
[2021-09-20 02:04:24,003] {logging_mixin.py:109} INFO - [2021-09-20 02:04:24,002] {dagbag.py:496} INFO - Filling up the DagBag from /home/wilson/Documentos/alura/datapipeline/env/lib/python3.8/site-packages/airflow/example_dags/example_xcomargs.py
[2021-09-20 02:04:24,104] {processor.py:623} INFO - DAG(s) dict_keys(['example_xcom_args', 'example_xcom_args_with_operators']) retrieved from /home/wilson/Documentos/alura/datapipeline/env/lib/python3.8/site-packages/airflow/example_dags/example_xcomargs.py
[2021-09-20 02:04:24,724] {logging_mixin.py:109} INFO - [2021-09-20 02:04:24,724] {dag.py:1834} INFO - Sync 2 DAGs
[2021-09-20 02:04:24,735] {logging_mixin.py:109} INFO - [2021-09-20 02:04:24,735] {dag.py:2287} INFO - Setting next_dagrun for example_xcom_args to None
[2021-09-20 02:04:24,736] {logging_mixin.py:109} INFO - [2021-09-20 02:04:24,736] {dag.py:2287} INFO - Setting next_dagrun for example_xcom_args_with_operators to None
[2021-09-20 02:04:24,784] {processor.py:170} INFO - Processing /home/wilson/Documentos/alura/datapipeline/env/lib/python3.8/site-packages/airflow/example_dags/example_xcomargs.py took 0.811 seconds
[2021-09-20 02:05:06,533] {processor.py:162} INFO - Started process (PID=24901) to work on /home/wilson/Documentos/alura/datapipeline/env/lib/python3.8/site-packages/airflow/example_dags/example_xcomargs.py
[2021-09-20 02:05:06,537] {processor.py:613} INFO - Processing file /home/wilson/Documentos/alura/datapipeline/env/lib/python3.8/site-packages/airflow/example_dags/example_xcomargs.py for tasks to queue
[2021-09-20 02:05:06,538] {logging_mixin.py:109} INFO - [2021-09-20 02:05:06,538] {dagbag.py:496} INFO - Filling up the DagBag from /home/wilson/Documentos/alura/datapipeline/env/lib/python3.8/site-packages/airflow/example_dags/example_xcomargs.py
[2021-09-20 02:05:06,676] {processor.py:623} INFO - DAG(s) dict_keys(['example_xcom_args', 'example_xcom_args_with_operators']) retrieved from /home/wilson/Documentos/alura/datapipeline/env/lib/python3.8/site-packages/airflow/example_dags/example_xcomargs.py
[2021-09-20 02:05:07,868] {logging_mixin.py:109} INFO - [2021-09-20 02:05:07,868] {dag.py:1834} INFO - Sync 2 DAGs
[2021-09-20 02:05:07,898] {logging_mixin.py:109} INFO - [2021-09-20 02:05:07,898] {dag.py:2287} INFO - Setting next_dagrun for example_xcom_args to None
[2021-09-20 02:05:07,899] {logging_mixin.py:109} INFO - [2021-09-20 02:05:07,898] {dag.py:2287} INFO - Setting next_dagrun for example_xcom_args_with_operators to None
[2021-09-20 02:05:07,946] {processor.py:170} INFO - Processing /home/wilson/Documentos/alura/datapipeline/env/lib/python3.8/site-packages/airflow/example_dags/example_xcomargs.py took 1.436 seconds
[2021-09-20 02:05:53,815] {processor.py:162} INFO - Started process (PID=25060) to work on /home/wilson/Documentos/alura/datapipeline/env/lib/python3.8/site-packages/airflow/example_dags/example_xcomargs.py
[2021-09-20 02:05:53,830] {processor.py:613} INFO - Processing file /home/wilson/Documentos/alura/datapipeline/env/lib/python3.8/site-packages/airflow/example_dags/example_xcomargs.py for tasks to queue
[2021-09-20 02:05:53,830] {logging_mixin.py:109} INFO - [2021-09-20 02:05:53,830] {dagbag.py:496} INFO - Filling up the DagBag from /home/wilson/Documentos/alura/datapipeline/env/lib/python3.8/site-packages/airflow/example_dags/example_xcomargs.py
[2021-09-20 02:05:53,941] {processor.py:623} INFO - DAG(s) dict_keys(['example_xcom_args', 'example_xcom_args_with_operators']) retrieved from /home/wilson/Documentos/alura/datapipeline/env/lib/python3.8/site-packages/airflow/example_dags/example_xcomargs.py
[2021-09-20 02:05:54,661] {logging_mixin.py:109} INFO - [2021-09-20 02:05:54,660] {dag.py:1834} INFO - Sync 2 DAGs
[2021-09-20 02:05:54,669] {logging_mixin.py:109} INFO - [2021-09-20 02:05:54,669] {dag.py:2287} INFO - Setting next_dagrun for example_xcom_args to None
[2021-09-20 02:05:54,670] {logging_mixin.py:109} INFO - [2021-09-20 02:05:54,669] {dag.py:2287} INFO - Setting next_dagrun for example_xcom_args_with_operators to None
[2021-09-20 02:05:54,688] {processor.py:170} INFO - Processing /home/wilson/Documentos/alura/datapipeline/env/lib/python3.8/site-packages/airflow/example_dags/example_xcomargs.py took 0.885 seconds
[2021-09-20 02:06:32,659] {processor.py:162} INFO - Started process (PID=25215) to work on /home/wilson/Documentos/alura/datapipeline/env/lib/python3.8/site-packages/airflow/example_dags/example_xcomargs.py
[2021-09-20 02:06:32,662] {processor.py:613} INFO - Processing file /home/wilson/Documentos/alura/datapipeline/env/lib/python3.8/site-packages/airflow/example_dags/example_xcomargs.py for tasks to queue
[2021-09-20 02:06:32,662] {logging_mixin.py:109} INFO - [2021-09-20 02:06:32,662] {dagbag.py:496} INFO - Filling up the DagBag from /home/wilson/Documentos/alura/datapipeline/env/lib/python3.8/site-packages/airflow/example_dags/example_xcomargs.py
[2021-09-20 02:06:32,688] {processor.py:623} INFO - DAG(s) dict_keys(['example_xcom_args', 'example_xcom_args_with_operators']) retrieved from /home/wilson/Documentos/alura/datapipeline/env/lib/python3.8/site-packages/airflow/example_dags/example_xcomargs.py
[2021-09-20 02:06:33,159] {logging_mixin.py:109} INFO - [2021-09-20 02:06:33,159] {dag.py:1834} INFO - Sync 2 DAGs
[2021-09-20 02:06:33,167] {logging_mixin.py:109} INFO - [2021-09-20 02:06:33,167] {dag.py:2287} INFO - Setting next_dagrun for example_xcom_args to None
[2021-09-20 02:06:33,168] {logging_mixin.py:109} INFO - [2021-09-20 02:06:33,168] {dag.py:2287} INFO - Setting next_dagrun for example_xcom_args_with_operators to None
[2021-09-20 02:06:33,187] {processor.py:170} INFO - Processing /home/wilson/Documentos/alura/datapipeline/env/lib/python3.8/site-packages/airflow/example_dags/example_xcomargs.py took 0.532 seconds
[2021-09-20 02:07:16,613] {processor.py:162} INFO - Started process (PID=25369) to work on /home/wilson/Documentos/alura/datapipeline/env/lib/python3.8/site-packages/airflow/example_dags/example_xcomargs.py
[2021-09-20 02:07:16,621] {processor.py:613} INFO - Processing file /home/wilson/Documentos/alura/datapipeline/env/lib/python3.8/site-packages/airflow/example_dags/example_xcomargs.py for tasks to queue
[2021-09-20 02:07:16,622] {logging_mixin.py:109} INFO - [2021-09-20 02:07:16,621] {dagbag.py:496} INFO - Filling up the DagBag from /home/wilson/Documentos/alura/datapipeline/env/lib/python3.8/site-packages/airflow/example_dags/example_xcomargs.py
[2021-09-20 02:07:16,672] {processor.py:623} INFO - DAG(s) dict_keys(['example_xcom_args', 'example_xcom_args_with_operators']) retrieved from /home/wilson/Documentos/alura/datapipeline/env/lib/python3.8/site-packages/airflow/example_dags/example_xcomargs.py
[2021-09-20 02:07:17,196] {logging_mixin.py:109} INFO - [2021-09-20 02:07:17,196] {dag.py:1834} INFO - Sync 2 DAGs
[2021-09-20 02:07:17,204] {logging_mixin.py:109} INFO - [2021-09-20 02:07:17,204] {dag.py:2287} INFO - Setting next_dagrun for example_xcom_args to None
[2021-09-20 02:07:17,205] {logging_mixin.py:109} INFO - [2021-09-20 02:07:17,205] {dag.py:2287} INFO - Setting next_dagrun for example_xcom_args_with_operators to None
[2021-09-20 02:07:17,219] {processor.py:170} INFO - Processing /home/wilson/Documentos/alura/datapipeline/env/lib/python3.8/site-packages/airflow/example_dags/example_xcomargs.py took 0.610 seconds
[2021-09-20 02:07:56,762] {processor.py:162} INFO - Started process (PID=25533) to work on /home/wilson/Documentos/alura/datapipeline/env/lib/python3.8/site-packages/airflow/example_dags/example_xcomargs.py
[2021-09-20 02:07:56,764] {processor.py:613} INFO - Processing file /home/wilson/Documentos/alura/datapipeline/env/lib/python3.8/site-packages/airflow/example_dags/example_xcomargs.py for tasks to queue
[2021-09-20 02:07:56,764] {logging_mixin.py:109} INFO - [2021-09-20 02:07:56,764] {dagbag.py:496} INFO - Filling up the DagBag from /home/wilson/Documentos/alura/datapipeline/env/lib/python3.8/site-packages/airflow/example_dags/example_xcomargs.py
[2021-09-20 02:07:56,800] {processor.py:623} INFO - DAG(s) dict_keys(['example_xcom_args', 'example_xcom_args_with_operators']) retrieved from /home/wilson/Documentos/alura/datapipeline/env/lib/python3.8/site-packages/airflow/example_dags/example_xcomargs.py
[2021-09-20 02:07:57,453] {logging_mixin.py:109} INFO - [2021-09-20 02:07:57,453] {dag.py:1834} INFO - Sync 2 DAGs
[2021-09-20 02:07:57,472] {logging_mixin.py:109} INFO - [2021-09-20 02:07:57,472] {dag.py:2287} INFO - Setting next_dagrun for example_xcom_args to None
[2021-09-20 02:07:57,473] {logging_mixin.py:109} INFO - [2021-09-20 02:07:57,473] {dag.py:2287} INFO - Setting next_dagrun for example_xcom_args_with_operators to None
[2021-09-20 02:07:57,495] {processor.py:170} INFO - Processing /home/wilson/Documentos/alura/datapipeline/env/lib/python3.8/site-packages/airflow/example_dags/example_xcomargs.py took 0.740 seconds
[2021-09-20 02:08:32,607] {processor.py:162} INFO - Started process (PID=25687) to work on /home/wilson/Documentos/alura/datapipeline/env/lib/python3.8/site-packages/airflow/example_dags/example_xcomargs.py
[2021-09-20 02:08:32,610] {processor.py:613} INFO - Processing file /home/wilson/Documentos/alura/datapipeline/env/lib/python3.8/site-packages/airflow/example_dags/example_xcomargs.py for tasks to queue
[2021-09-20 02:08:32,611] {logging_mixin.py:109} INFO - [2021-09-20 02:08:32,611] {dagbag.py:496} INFO - Filling up the DagBag from /home/wilson/Documentos/alura/datapipeline/env/lib/python3.8/site-packages/airflow/example_dags/example_xcomargs.py
[2021-09-20 02:08:32,638] {processor.py:623} INFO - DAG(s) dict_keys(['example_xcom_args', 'example_xcom_args_with_operators']) retrieved from /home/wilson/Documentos/alura/datapipeline/env/lib/python3.8/site-packages/airflow/example_dags/example_xcomargs.py
[2021-09-20 02:08:32,665] {logging_mixin.py:109} INFO - [2021-09-20 02:08:32,665] {dag.py:1834} INFO - Sync 2 DAGs
[2021-09-20 02:08:32,682] {logging_mixin.py:109} INFO - [2021-09-20 02:08:32,682] {dag.py:2287} INFO - Setting next_dagrun for example_xcom_args to None
[2021-09-20 02:08:32,684] {logging_mixin.py:109} INFO - [2021-09-20 02:08:32,684] {dag.py:2287} INFO - Setting next_dagrun for example_xcom_args_with_operators to None
[2021-09-20 02:08:32,706] {processor.py:170} INFO - Processing /home/wilson/Documentos/alura/datapipeline/env/lib/python3.8/site-packages/airflow/example_dags/example_xcomargs.py took 0.104 seconds
