[2021-09-20 01:59:34,468] {processor.py:162} INFO - Started process (PID=23600) to work on /home/wilson/Documentos/alura/datapipeline/env/lib/python3.8/site-packages/airflow/example_dags/example_nested_branch_dag.py
[2021-09-20 01:59:34,480] {processor.py:613} INFO - Processing file /home/wilson/Documentos/alura/datapipeline/env/lib/python3.8/site-packages/airflow/example_dags/example_nested_branch_dag.py for tasks to queue
[2021-09-20 01:59:34,480] {logging_mixin.py:109} INFO - [2021-09-20 01:59:34,480] {dagbag.py:496} INFO - Filling up the DagBag from /home/wilson/Documentos/alura/datapipeline/env/lib/python3.8/site-packages/airflow/example_dags/example_nested_branch_dag.py
[2021-09-20 01:59:34,550] {processor.py:623} INFO - DAG(s) dict_keys(['example_nested_branch_dag']) retrieved from /home/wilson/Documentos/alura/datapipeline/env/lib/python3.8/site-packages/airflow/example_dags/example_nested_branch_dag.py
[2021-09-20 01:59:34,617] {logging_mixin.py:109} INFO - [2021-09-20 01:59:34,617] {dag.py:1834} INFO - Sync 1 DAGs
[2021-09-20 01:59:34,671] {logging_mixin.py:109} INFO - [2021-09-20 01:59:34,671] {dag.py:2287} INFO - Setting next_dagrun for example_nested_branch_dag to 2021-09-18 00:00:00+00:00
[2021-09-20 01:59:34,715] {processor.py:170} INFO - Processing /home/wilson/Documentos/alura/datapipeline/env/lib/python3.8/site-packages/airflow/example_dags/example_nested_branch_dag.py took 0.264 seconds
[2021-09-20 02:00:19,770] {processor.py:162} INFO - Started process (PID=23787) to work on /home/wilson/Documentos/alura/datapipeline/env/lib/python3.8/site-packages/airflow/example_dags/example_nested_branch_dag.py
[2021-09-20 02:00:19,772] {processor.py:613} INFO - Processing file /home/wilson/Documentos/alura/datapipeline/env/lib/python3.8/site-packages/airflow/example_dags/example_nested_branch_dag.py for tasks to queue
[2021-09-20 02:00:19,774] {logging_mixin.py:109} INFO - [2021-09-20 02:00:19,774] {dagbag.py:496} INFO - Filling up the DagBag from /home/wilson/Documentos/alura/datapipeline/env/lib/python3.8/site-packages/airflow/example_dags/example_nested_branch_dag.py
[2021-09-20 02:00:19,790] {processor.py:623} INFO - DAG(s) dict_keys(['example_nested_branch_dag']) retrieved from /home/wilson/Documentos/alura/datapipeline/env/lib/python3.8/site-packages/airflow/example_dags/example_nested_branch_dag.py
[2021-09-20 02:00:19,808] {logging_mixin.py:109} INFO - [2021-09-20 02:00:19,808] {dag.py:1834} INFO - Sync 1 DAGs
[2021-09-20 02:00:19,824] {logging_mixin.py:109} INFO - [2021-09-20 02:00:19,824] {dag.py:2287} INFO - Setting next_dagrun for example_nested_branch_dag to 2021-09-18 00:00:00+00:00
[2021-09-20 02:00:19,840] {processor.py:170} INFO - Processing /home/wilson/Documentos/alura/datapipeline/env/lib/python3.8/site-packages/airflow/example_dags/example_nested_branch_dag.py took 0.075 seconds
[2021-09-20 02:00:59,940] {processor.py:162} INFO - Started process (PID=23945) to work on /home/wilson/Documentos/alura/datapipeline/env/lib/python3.8/site-packages/airflow/example_dags/example_nested_branch_dag.py
[2021-09-20 02:00:59,942] {processor.py:613} INFO - Processing file /home/wilson/Documentos/alura/datapipeline/env/lib/python3.8/site-packages/airflow/example_dags/example_nested_branch_dag.py for tasks to queue
[2021-09-20 02:00:59,942] {logging_mixin.py:109} INFO - [2021-09-20 02:00:59,942] {dagbag.py:496} INFO - Filling up the DagBag from /home/wilson/Documentos/alura/datapipeline/env/lib/python3.8/site-packages/airflow/example_dags/example_nested_branch_dag.py
[2021-09-20 02:00:59,976] {processor.py:623} INFO - DAG(s) dict_keys(['example_nested_branch_dag']) retrieved from /home/wilson/Documentos/alura/datapipeline/env/lib/python3.8/site-packages/airflow/example_dags/example_nested_branch_dag.py
[2021-09-20 02:01:00,012] {logging_mixin.py:109} INFO - [2021-09-20 02:01:00,012] {dag.py:1834} INFO - Sync 1 DAGs
[2021-09-20 02:01:00,055] {logging_mixin.py:109} INFO - [2021-09-20 02:01:00,055] {dag.py:2287} INFO - Setting next_dagrun for example_nested_branch_dag to 2021-09-18 00:00:00+00:00
[2021-09-20 02:01:00,071] {processor.py:170} INFO - Processing /home/wilson/Documentos/alura/datapipeline/env/lib/python3.8/site-packages/airflow/example_dags/example_nested_branch_dag.py took 0.138 seconds
[2021-09-20 02:01:34,311] {processor.py:162} INFO - Started process (PID=24092) to work on /home/wilson/Documentos/alura/datapipeline/env/lib/python3.8/site-packages/airflow/example_dags/example_nested_branch_dag.py
[2021-09-20 02:01:34,330] {processor.py:613} INFO - Processing file /home/wilson/Documentos/alura/datapipeline/env/lib/python3.8/site-packages/airflow/example_dags/example_nested_branch_dag.py for tasks to queue
[2021-09-20 02:01:34,331] {logging_mixin.py:109} INFO - [2021-09-20 02:01:34,330] {dagbag.py:496} INFO - Filling up the DagBag from /home/wilson/Documentos/alura/datapipeline/env/lib/python3.8/site-packages/airflow/example_dags/example_nested_branch_dag.py
[2021-09-20 02:01:34,534] {processor.py:623} INFO - DAG(s) dict_keys(['example_nested_branch_dag']) retrieved from /home/wilson/Documentos/alura/datapipeline/env/lib/python3.8/site-packages/airflow/example_dags/example_nested_branch_dag.py
[2021-09-20 02:01:34,624] {logging_mixin.py:109} INFO - [2021-09-20 02:01:34,624] {dag.py:1834} INFO - Sync 1 DAGs
[2021-09-20 02:01:34,711] {logging_mixin.py:109} INFO - [2021-09-20 02:01:34,711] {dag.py:2287} INFO - Setting next_dagrun for example_nested_branch_dag to 2021-09-18 00:00:00+00:00
[2021-09-20 02:01:34,775] {processor.py:170} INFO - Processing /home/wilson/Documentos/alura/datapipeline/env/lib/python3.8/site-packages/airflow/example_dags/example_nested_branch_dag.py took 0.513 seconds
[2021-09-20 02:02:24,529] {processor.py:162} INFO - Started process (PID=24277) to work on /home/wilson/Documentos/alura/datapipeline/env/lib/python3.8/site-packages/airflow/example_dags/example_nested_branch_dag.py
[2021-09-20 02:02:24,532] {processor.py:613} INFO - Processing file /home/wilson/Documentos/alura/datapipeline/env/lib/python3.8/site-packages/airflow/example_dags/example_nested_branch_dag.py for tasks to queue
[2021-09-20 02:02:24,533] {logging_mixin.py:109} INFO - [2021-09-20 02:02:24,533] {dagbag.py:496} INFO - Filling up the DagBag from /home/wilson/Documentos/alura/datapipeline/env/lib/python3.8/site-packages/airflow/example_dags/example_nested_branch_dag.py
[2021-09-20 02:02:24,550] {processor.py:623} INFO - DAG(s) dict_keys(['example_nested_branch_dag']) retrieved from /home/wilson/Documentos/alura/datapipeline/env/lib/python3.8/site-packages/airflow/example_dags/example_nested_branch_dag.py
[2021-09-20 02:02:24,572] {logging_mixin.py:109} INFO - [2021-09-20 02:02:24,572] {dag.py:1834} INFO - Sync 1 DAGs
[2021-09-20 02:02:24,585] {logging_mixin.py:109} INFO - [2021-09-20 02:02:24,585] {dag.py:2287} INFO - Setting next_dagrun for example_nested_branch_dag to 2021-09-18 00:00:00+00:00
[2021-09-20 02:02:24,601] {processor.py:170} INFO - Processing /home/wilson/Documentos/alura/datapipeline/env/lib/python3.8/site-packages/airflow/example_dags/example_nested_branch_dag.py took 0.075 seconds
[2021-09-20 02:03:00,326] {processor.py:162} INFO - Started process (PID=24425) to work on /home/wilson/Documentos/alura/datapipeline/env/lib/python3.8/site-packages/airflow/example_dags/example_nested_branch_dag.py
[2021-09-20 02:03:00,335] {processor.py:613} INFO - Processing file /home/wilson/Documentos/alura/datapipeline/env/lib/python3.8/site-packages/airflow/example_dags/example_nested_branch_dag.py for tasks to queue
[2021-09-20 02:03:00,336] {logging_mixin.py:109} INFO - [2021-09-20 02:03:00,335] {dagbag.py:496} INFO - Filling up the DagBag from /home/wilson/Documentos/alura/datapipeline/env/lib/python3.8/site-packages/airflow/example_dags/example_nested_branch_dag.py
[2021-09-20 02:03:00,435] {processor.py:623} INFO - DAG(s) dict_keys(['example_nested_branch_dag']) retrieved from /home/wilson/Documentos/alura/datapipeline/env/lib/python3.8/site-packages/airflow/example_dags/example_nested_branch_dag.py
[2021-09-20 02:03:00,543] {logging_mixin.py:109} INFO - [2021-09-20 02:03:00,542] {dag.py:1834} INFO - Sync 1 DAGs
[2021-09-20 02:03:00,607] {logging_mixin.py:109} INFO - [2021-09-20 02:03:00,607] {dag.py:2287} INFO - Setting next_dagrun for example_nested_branch_dag to 2021-09-18 00:00:00+00:00
[2021-09-20 02:03:00,675] {processor.py:170} INFO - Processing /home/wilson/Documentos/alura/datapipeline/env/lib/python3.8/site-packages/airflow/example_dags/example_nested_branch_dag.py took 0.361 seconds
[2021-09-20 02:03:41,876] {processor.py:162} INFO - Started process (PID=24582) to work on /home/wilson/Documentos/alura/datapipeline/env/lib/python3.8/site-packages/airflow/example_dags/example_nested_branch_dag.py
[2021-09-20 02:03:41,879] {processor.py:613} INFO - Processing file /home/wilson/Documentos/alura/datapipeline/env/lib/python3.8/site-packages/airflow/example_dags/example_nested_branch_dag.py for tasks to queue
[2021-09-20 02:03:41,880] {logging_mixin.py:109} INFO - [2021-09-20 02:03:41,880] {dagbag.py:496} INFO - Filling up the DagBag from /home/wilson/Documentos/alura/datapipeline/env/lib/python3.8/site-packages/airflow/example_dags/example_nested_branch_dag.py
[2021-09-20 02:03:41,899] {processor.py:623} INFO - DAG(s) dict_keys(['example_nested_branch_dag']) retrieved from /home/wilson/Documentos/alura/datapipeline/env/lib/python3.8/site-packages/airflow/example_dags/example_nested_branch_dag.py
[2021-09-20 02:03:41,922] {logging_mixin.py:109} INFO - [2021-09-20 02:03:41,922] {dag.py:1834} INFO - Sync 1 DAGs
[2021-09-20 02:03:41,941] {logging_mixin.py:109} INFO - [2021-09-20 02:03:41,941] {dag.py:2287} INFO - Setting next_dagrun for example_nested_branch_dag to 2021-09-18 00:00:00+00:00
[2021-09-20 02:03:41,957] {processor.py:170} INFO - Processing /home/wilson/Documentos/alura/datapipeline/env/lib/python3.8/site-packages/airflow/example_dags/example_nested_branch_dag.py took 0.085 seconds
[2021-09-20 02:04:22,726] {processor.py:162} INFO - Started process (PID=24735) to work on /home/wilson/Documentos/alura/datapipeline/env/lib/python3.8/site-packages/airflow/example_dags/example_nested_branch_dag.py
[2021-09-20 02:04:22,730] {processor.py:613} INFO - Processing file /home/wilson/Documentos/alura/datapipeline/env/lib/python3.8/site-packages/airflow/example_dags/example_nested_branch_dag.py for tasks to queue
[2021-09-20 02:04:22,731] {logging_mixin.py:109} INFO - [2021-09-20 02:04:22,731] {dagbag.py:496} INFO - Filling up the DagBag from /home/wilson/Documentos/alura/datapipeline/env/lib/python3.8/site-packages/airflow/example_dags/example_nested_branch_dag.py
[2021-09-20 02:04:22,753] {processor.py:623} INFO - DAG(s) dict_keys(['example_nested_branch_dag']) retrieved from /home/wilson/Documentos/alura/datapipeline/env/lib/python3.8/site-packages/airflow/example_dags/example_nested_branch_dag.py
[2021-09-20 02:04:22,772] {logging_mixin.py:109} INFO - [2021-09-20 02:04:22,772] {dag.py:1834} INFO - Sync 1 DAGs
[2021-09-20 02:04:22,789] {logging_mixin.py:109} INFO - [2021-09-20 02:04:22,789] {dag.py:2287} INFO - Setting next_dagrun for example_nested_branch_dag to 2021-09-18 00:00:00+00:00
[2021-09-20 02:04:22,804] {processor.py:170} INFO - Processing /home/wilson/Documentos/alura/datapipeline/env/lib/python3.8/site-packages/airflow/example_dags/example_nested_branch_dag.py took 0.083 seconds
[2021-09-20 02:05:04,742] {processor.py:162} INFO - Started process (PID=24896) to work on /home/wilson/Documentos/alura/datapipeline/env/lib/python3.8/site-packages/airflow/example_dags/example_nested_branch_dag.py
[2021-09-20 02:05:04,746] {processor.py:613} INFO - Processing file /home/wilson/Documentos/alura/datapipeline/env/lib/python3.8/site-packages/airflow/example_dags/example_nested_branch_dag.py for tasks to queue
[2021-09-20 02:05:04,748] {logging_mixin.py:109} INFO - [2021-09-20 02:05:04,747] {dagbag.py:496} INFO - Filling up the DagBag from /home/wilson/Documentos/alura/datapipeline/env/lib/python3.8/site-packages/airflow/example_dags/example_nested_branch_dag.py
[2021-09-20 02:05:04,880] {processor.py:623} INFO - DAG(s) dict_keys(['example_nested_branch_dag']) retrieved from /home/wilson/Documentos/alura/datapipeline/env/lib/python3.8/site-packages/airflow/example_dags/example_nested_branch_dag.py
[2021-09-20 02:05:04,979] {logging_mixin.py:109} INFO - [2021-09-20 02:05:04,979] {dag.py:1834} INFO - Sync 1 DAGs
[2021-09-20 02:05:05,074] {logging_mixin.py:109} INFO - [2021-09-20 02:05:05,074] {dag.py:2287} INFO - Setting next_dagrun for example_nested_branch_dag to 2021-09-18 00:00:00+00:00
[2021-09-20 02:05:05,139] {processor.py:170} INFO - Processing /home/wilson/Documentos/alura/datapipeline/env/lib/python3.8/site-packages/airflow/example_dags/example_nested_branch_dag.py took 0.416 seconds
[2021-09-20 02:05:45,463] {processor.py:162} INFO - Started process (PID=25026) to work on /home/wilson/Documentos/alura/datapipeline/env/lib/python3.8/site-packages/airflow/example_dags/example_nested_branch_dag.py
[2021-09-20 02:05:45,468] {processor.py:613} INFO - Processing file /home/wilson/Documentos/alura/datapipeline/env/lib/python3.8/site-packages/airflow/example_dags/example_nested_branch_dag.py for tasks to queue
[2021-09-20 02:05:45,469] {logging_mixin.py:109} INFO - [2021-09-20 02:05:45,468] {dagbag.py:496} INFO - Filling up the DagBag from /home/wilson/Documentos/alura/datapipeline/env/lib/python3.8/site-packages/airflow/example_dags/example_nested_branch_dag.py
[2021-09-20 02:05:45,492] {processor.py:623} INFO - DAG(s) dict_keys(['example_nested_branch_dag']) retrieved from /home/wilson/Documentos/alura/datapipeline/env/lib/python3.8/site-packages/airflow/example_dags/example_nested_branch_dag.py
[2021-09-20 02:05:45,510] {logging_mixin.py:109} INFO - [2021-09-20 02:05:45,509] {dag.py:1834} INFO - Sync 1 DAGs
[2021-09-20 02:05:45,529] {logging_mixin.py:109} INFO - [2021-09-20 02:05:45,529] {dag.py:2287} INFO - Setting next_dagrun for example_nested_branch_dag to 2021-09-18 00:00:00+00:00
[2021-09-20 02:05:45,544] {processor.py:170} INFO - Processing /home/wilson/Documentos/alura/datapipeline/env/lib/python3.8/site-packages/airflow/example_dags/example_nested_branch_dag.py took 0.086 seconds
[2021-09-20 02:06:23,398] {processor.py:162} INFO - Started process (PID=25178) to work on /home/wilson/Documentos/alura/datapipeline/env/lib/python3.8/site-packages/airflow/example_dags/example_nested_branch_dag.py
[2021-09-20 02:06:23,405] {processor.py:613} INFO - Processing file /home/wilson/Documentos/alura/datapipeline/env/lib/python3.8/site-packages/airflow/example_dags/example_nested_branch_dag.py for tasks to queue
[2021-09-20 02:06:23,411] {logging_mixin.py:109} INFO - [2021-09-20 02:06:23,411] {dagbag.py:496} INFO - Filling up the DagBag from /home/wilson/Documentos/alura/datapipeline/env/lib/python3.8/site-packages/airflow/example_dags/example_nested_branch_dag.py
[2021-09-20 02:06:23,529] {processor.py:623} INFO - DAG(s) dict_keys(['example_nested_branch_dag']) retrieved from /home/wilson/Documentos/alura/datapipeline/env/lib/python3.8/site-packages/airflow/example_dags/example_nested_branch_dag.py
[2021-09-20 02:06:23,611] {logging_mixin.py:109} INFO - [2021-09-20 02:06:23,611] {dag.py:1834} INFO - Sync 1 DAGs
[2021-09-20 02:06:23,680] {logging_mixin.py:109} INFO - [2021-09-20 02:06:23,680] {dag.py:2287} INFO - Setting next_dagrun for example_nested_branch_dag to 2021-09-18 00:00:00+00:00
[2021-09-20 02:06:23,763] {processor.py:170} INFO - Processing /home/wilson/Documentos/alura/datapipeline/env/lib/python3.8/site-packages/airflow/example_dags/example_nested_branch_dag.py took 0.383 seconds
[2021-09-20 02:07:15,474] {processor.py:162} INFO - Started process (PID=25365) to work on /home/wilson/Documentos/alura/datapipeline/env/lib/python3.8/site-packages/airflow/example_dags/example_nested_branch_dag.py
[2021-09-20 02:07:15,475] {processor.py:613} INFO - Processing file /home/wilson/Documentos/alura/datapipeline/env/lib/python3.8/site-packages/airflow/example_dags/example_nested_branch_dag.py for tasks to queue
[2021-09-20 02:07:15,476] {logging_mixin.py:109} INFO - [2021-09-20 02:07:15,476] {dagbag.py:496} INFO - Filling up the DagBag from /home/wilson/Documentos/alura/datapipeline/env/lib/python3.8/site-packages/airflow/example_dags/example_nested_branch_dag.py
[2021-09-20 02:07:15,491] {processor.py:623} INFO - DAG(s) dict_keys(['example_nested_branch_dag']) retrieved from /home/wilson/Documentos/alura/datapipeline/env/lib/python3.8/site-packages/airflow/example_dags/example_nested_branch_dag.py
[2021-09-20 02:07:15,508] {logging_mixin.py:109} INFO - [2021-09-20 02:07:15,508] {dag.py:1834} INFO - Sync 1 DAGs
[2021-09-20 02:07:15,522] {logging_mixin.py:109} INFO - [2021-09-20 02:07:15,522] {dag.py:2287} INFO - Setting next_dagrun for example_nested_branch_dag to 2021-09-18 00:00:00+00:00
[2021-09-20 02:07:15,538] {processor.py:170} INFO - Processing /home/wilson/Documentos/alura/datapipeline/env/lib/python3.8/site-packages/airflow/example_dags/example_nested_branch_dag.py took 0.067 seconds
[2021-09-20 02:07:55,813] {processor.py:162} INFO - Started process (PID=25529) to work on /home/wilson/Documentos/alura/datapipeline/env/lib/python3.8/site-packages/airflow/example_dags/example_nested_branch_dag.py
[2021-09-20 02:07:55,815] {processor.py:613} INFO - Processing file /home/wilson/Documentos/alura/datapipeline/env/lib/python3.8/site-packages/airflow/example_dags/example_nested_branch_dag.py for tasks to queue
[2021-09-20 02:07:55,816] {logging_mixin.py:109} INFO - [2021-09-20 02:07:55,816] {dagbag.py:496} INFO - Filling up the DagBag from /home/wilson/Documentos/alura/datapipeline/env/lib/python3.8/site-packages/airflow/example_dags/example_nested_branch_dag.py
[2021-09-20 02:07:55,844] {processor.py:623} INFO - DAG(s) dict_keys(['example_nested_branch_dag']) retrieved from /home/wilson/Documentos/alura/datapipeline/env/lib/python3.8/site-packages/airflow/example_dags/example_nested_branch_dag.py
[2021-09-20 02:07:55,876] {logging_mixin.py:109} INFO - [2021-09-20 02:07:55,876] {dag.py:1834} INFO - Sync 1 DAGs
[2021-09-20 02:07:55,890] {logging_mixin.py:109} INFO - [2021-09-20 02:07:55,889] {dag.py:2287} INFO - Setting next_dagrun for example_nested_branch_dag to 2021-09-18 00:00:00+00:00
[2021-09-20 02:07:55,904] {processor.py:170} INFO - Processing /home/wilson/Documentos/alura/datapipeline/env/lib/python3.8/site-packages/airflow/example_dags/example_nested_branch_dag.py took 0.099 seconds
[2021-09-20 02:08:31,334] {processor.py:162} INFO - Started process (PID=25681) to work on /home/wilson/Documentos/alura/datapipeline/env/lib/python3.8/site-packages/airflow/example_dags/example_nested_branch_dag.py
[2021-09-20 02:08:31,338] {processor.py:613} INFO - Processing file /home/wilson/Documentos/alura/datapipeline/env/lib/python3.8/site-packages/airflow/example_dags/example_nested_branch_dag.py for tasks to queue
[2021-09-20 02:08:31,339] {logging_mixin.py:109} INFO - [2021-09-20 02:08:31,339] {dagbag.py:496} INFO - Filling up the DagBag from /home/wilson/Documentos/alura/datapipeline/env/lib/python3.8/site-packages/airflow/example_dags/example_nested_branch_dag.py
[2021-09-20 02:08:31,364] {processor.py:623} INFO - DAG(s) dict_keys(['example_nested_branch_dag']) retrieved from /home/wilson/Documentos/alura/datapipeline/env/lib/python3.8/site-packages/airflow/example_dags/example_nested_branch_dag.py
[2021-09-20 02:08:31,384] {logging_mixin.py:109} INFO - [2021-09-20 02:08:31,383] {dag.py:1834} INFO - Sync 1 DAGs
[2021-09-20 02:08:31,400] {logging_mixin.py:109} INFO - [2021-09-20 02:08:31,400] {dag.py:2287} INFO - Setting next_dagrun for example_nested_branch_dag to 2021-09-18 00:00:00+00:00
[2021-09-20 02:08:31,422] {processor.py:170} INFO - Processing /home/wilson/Documentos/alura/datapipeline/env/lib/python3.8/site-packages/airflow/example_dags/example_nested_branch_dag.py took 0.092 seconds
