[2021-09-20 02:00:07,597] {processor.py:162} INFO - Started process (PID=23741) to work on /home/wilson/Documentos/alura/datapipeline/env/lib/python3.8/site-packages/airflow/example_dags/example_branch_labels.py
[2021-09-20 02:00:07,618] {processor.py:613} INFO - Processing file /home/wilson/Documentos/alura/datapipeline/env/lib/python3.8/site-packages/airflow/example_dags/example_branch_labels.py for tasks to queue
[2021-09-20 02:00:07,619] {logging_mixin.py:109} INFO - [2021-09-20 02:00:07,618] {dagbag.py:496} INFO - Filling up the DagBag from /home/wilson/Documentos/alura/datapipeline/env/lib/python3.8/site-packages/airflow/example_dags/example_branch_labels.py
[2021-09-20 02:00:07,678] {processor.py:623} INFO - DAG(s) dict_keys(['example_branch_labels']) retrieved from /home/wilson/Documentos/alura/datapipeline/env/lib/python3.8/site-packages/airflow/example_dags/example_branch_labels.py
[2021-09-20 02:00:07,732] {logging_mixin.py:109} INFO - [2021-09-20 02:00:07,731] {dag.py:1834} INFO - Sync 1 DAGs
[2021-09-20 02:00:07,785] {logging_mixin.py:109} INFO - [2021-09-20 02:00:07,785] {dag.py:2287} INFO - Setting next_dagrun for example_branch_labels to 2021-09-18 00:00:00+00:00
[2021-09-20 02:00:07,843] {processor.py:170} INFO - Processing /home/wilson/Documentos/alura/datapipeline/env/lib/python3.8/site-packages/airflow/example_dags/example_branch_labels.py took 0.250 seconds
[2021-09-20 02:00:57,468] {processor.py:162} INFO - Started process (PID=23934) to work on /home/wilson/Documentos/alura/datapipeline/env/lib/python3.8/site-packages/airflow/example_dags/example_branch_labels.py
[2021-09-20 02:00:57,474] {processor.py:613} INFO - Processing file /home/wilson/Documentos/alura/datapipeline/env/lib/python3.8/site-packages/airflow/example_dags/example_branch_labels.py for tasks to queue
[2021-09-20 02:00:57,474] {logging_mixin.py:109} INFO - [2021-09-20 02:00:57,474] {dagbag.py:496} INFO - Filling up the DagBag from /home/wilson/Documentos/alura/datapipeline/env/lib/python3.8/site-packages/airflow/example_dags/example_branch_labels.py
[2021-09-20 02:00:57,492] {processor.py:623} INFO - DAG(s) dict_keys(['example_branch_labels']) retrieved from /home/wilson/Documentos/alura/datapipeline/env/lib/python3.8/site-packages/airflow/example_dags/example_branch_labels.py
[2021-09-20 02:00:57,508] {logging_mixin.py:109} INFO - [2021-09-20 02:00:57,508] {dag.py:1834} INFO - Sync 1 DAGs
[2021-09-20 02:00:57,523] {logging_mixin.py:109} INFO - [2021-09-20 02:00:57,523] {dag.py:2287} INFO - Setting next_dagrun for example_branch_labels to 2021-09-18 00:00:00+00:00
[2021-09-20 02:00:57,538] {processor.py:170} INFO - Processing /home/wilson/Documentos/alura/datapipeline/env/lib/python3.8/site-packages/airflow/example_dags/example_branch_labels.py took 0.076 seconds
[2021-09-20 02:01:37,004] {processor.py:162} INFO - Started process (PID=24101) to work on /home/wilson/Documentos/alura/datapipeline/env/lib/python3.8/site-packages/airflow/example_dags/example_branch_labels.py
[2021-09-20 02:01:37,028] {processor.py:613} INFO - Processing file /home/wilson/Documentos/alura/datapipeline/env/lib/python3.8/site-packages/airflow/example_dags/example_branch_labels.py for tasks to queue
[2021-09-20 02:01:37,034] {logging_mixin.py:109} INFO - [2021-09-20 02:01:37,028] {dagbag.py:496} INFO - Filling up the DagBag from /home/wilson/Documentos/alura/datapipeline/env/lib/python3.8/site-packages/airflow/example_dags/example_branch_labels.py
[2021-09-20 02:01:37,126] {processor.py:623} INFO - DAG(s) dict_keys(['example_branch_labels']) retrieved from /home/wilson/Documentos/alura/datapipeline/env/lib/python3.8/site-packages/airflow/example_dags/example_branch_labels.py
[2021-09-20 02:01:37,224] {logging_mixin.py:109} INFO - [2021-09-20 02:01:37,224] {dag.py:1834} INFO - Sync 1 DAGs
[2021-09-20 02:01:37,304] {logging_mixin.py:109} INFO - [2021-09-20 02:01:37,304] {dag.py:2287} INFO - Setting next_dagrun for example_branch_labels to 2021-09-18 00:00:00+00:00
[2021-09-20 02:01:37,397] {processor.py:170} INFO - Processing /home/wilson/Documentos/alura/datapipeline/env/lib/python3.8/site-packages/airflow/example_dags/example_branch_labels.py took 0.407 seconds
[2021-09-20 02:02:38,802] {processor.py:162} INFO - Started process (PID=24337) to work on /home/wilson/Documentos/alura/datapipeline/env/lib/python3.8/site-packages/airflow/example_dags/example_branch_labels.py
[2021-09-20 02:02:38,805] {processor.py:613} INFO - Processing file /home/wilson/Documentos/alura/datapipeline/env/lib/python3.8/site-packages/airflow/example_dags/example_branch_labels.py for tasks to queue
[2021-09-20 02:02:38,806] {logging_mixin.py:109} INFO - [2021-09-20 02:02:38,806] {dagbag.py:496} INFO - Filling up the DagBag from /home/wilson/Documentos/alura/datapipeline/env/lib/python3.8/site-packages/airflow/example_dags/example_branch_labels.py
[2021-09-20 02:02:38,819] {processor.py:623} INFO - DAG(s) dict_keys(['example_branch_labels']) retrieved from /home/wilson/Documentos/alura/datapipeline/env/lib/python3.8/site-packages/airflow/example_dags/example_branch_labels.py
[2021-09-20 02:02:38,839] {logging_mixin.py:109} INFO - [2021-09-20 02:02:38,839] {dag.py:1834} INFO - Sync 1 DAGs
[2021-09-20 02:02:38,852] {logging_mixin.py:109} INFO - [2021-09-20 02:02:38,852] {dag.py:2287} INFO - Setting next_dagrun for example_branch_labels to 2021-09-18 00:00:00+00:00
[2021-09-20 02:02:38,867] {processor.py:170} INFO - Processing /home/wilson/Documentos/alura/datapipeline/env/lib/python3.8/site-packages/airflow/example_dags/example_branch_labels.py took 0.068 seconds
[2021-09-20 02:03:19,848] {processor.py:162} INFO - Started process (PID=24498) to work on /home/wilson/Documentos/alura/datapipeline/env/lib/python3.8/site-packages/airflow/example_dags/example_branch_labels.py
[2021-09-20 02:03:19,850] {processor.py:613} INFO - Processing file /home/wilson/Documentos/alura/datapipeline/env/lib/python3.8/site-packages/airflow/example_dags/example_branch_labels.py for tasks to queue
[2021-09-20 02:03:19,851] {logging_mixin.py:109} INFO - [2021-09-20 02:03:19,851] {dagbag.py:496} INFO - Filling up the DagBag from /home/wilson/Documentos/alura/datapipeline/env/lib/python3.8/site-packages/airflow/example_dags/example_branch_labels.py
[2021-09-20 02:03:19,867] {processor.py:623} INFO - DAG(s) dict_keys(['example_branch_labels']) retrieved from /home/wilson/Documentos/alura/datapipeline/env/lib/python3.8/site-packages/airflow/example_dags/example_branch_labels.py
[2021-09-20 02:03:19,892] {logging_mixin.py:109} INFO - [2021-09-20 02:03:19,892] {dag.py:1834} INFO - Sync 1 DAGs
[2021-09-20 02:03:19,911] {logging_mixin.py:109} INFO - [2021-09-20 02:03:19,911] {dag.py:2287} INFO - Setting next_dagrun for example_branch_labels to 2021-09-18 00:00:00+00:00
[2021-09-20 02:03:19,925] {processor.py:170} INFO - Processing /home/wilson/Documentos/alura/datapipeline/env/lib/python3.8/site-packages/airflow/example_dags/example_branch_labels.py took 0.080 seconds
[2021-09-20 02:04:14,699] {processor.py:162} INFO - Started process (PID=24701) to work on /home/wilson/Documentos/alura/datapipeline/env/lib/python3.8/site-packages/airflow/example_dags/example_branch_labels.py
[2021-09-20 02:04:14,700] {processor.py:613} INFO - Processing file /home/wilson/Documentos/alura/datapipeline/env/lib/python3.8/site-packages/airflow/example_dags/example_branch_labels.py for tasks to queue
[2021-09-20 02:04:14,702] {logging_mixin.py:109} INFO - [2021-09-20 02:04:14,702] {dagbag.py:496} INFO - Filling up the DagBag from /home/wilson/Documentos/alura/datapipeline/env/lib/python3.8/site-packages/airflow/example_dags/example_branch_labels.py
[2021-09-20 02:04:14,725] {processor.py:623} INFO - DAG(s) dict_keys(['example_branch_labels']) retrieved from /home/wilson/Documentos/alura/datapipeline/env/lib/python3.8/site-packages/airflow/example_dags/example_branch_labels.py
[2021-09-20 02:04:14,748] {logging_mixin.py:109} INFO - [2021-09-20 02:04:14,748] {dag.py:1834} INFO - Sync 1 DAGs
[2021-09-20 02:04:14,764] {logging_mixin.py:109} INFO - [2021-09-20 02:04:14,764] {dag.py:2287} INFO - Setting next_dagrun for example_branch_labels to 2021-09-18 00:00:00+00:00
[2021-09-20 02:04:14,780] {processor.py:170} INFO - Processing /home/wilson/Documentos/alura/datapipeline/env/lib/python3.8/site-packages/airflow/example_dags/example_branch_labels.py took 0.085 seconds
[2021-09-20 02:05:03,939] {processor.py:162} INFO - Started process (PID=24892) to work on /home/wilson/Documentos/alura/datapipeline/env/lib/python3.8/site-packages/airflow/example_dags/example_branch_labels.py
[2021-09-20 02:05:03,942] {processor.py:613} INFO - Processing file /home/wilson/Documentos/alura/datapipeline/env/lib/python3.8/site-packages/airflow/example_dags/example_branch_labels.py for tasks to queue
[2021-09-20 02:05:03,945] {logging_mixin.py:109} INFO - [2021-09-20 02:05:03,945] {dagbag.py:496} INFO - Filling up the DagBag from /home/wilson/Documentos/alura/datapipeline/env/lib/python3.8/site-packages/airflow/example_dags/example_branch_labels.py
[2021-09-20 02:05:04,011] {processor.py:623} INFO - DAG(s) dict_keys(['example_branch_labels']) retrieved from /home/wilson/Documentos/alura/datapipeline/env/lib/python3.8/site-packages/airflow/example_dags/example_branch_labels.py
[2021-09-20 02:05:04,074] {logging_mixin.py:109} INFO - [2021-09-20 02:05:04,074] {dag.py:1834} INFO - Sync 1 DAGs
[2021-09-20 02:05:04,120] {logging_mixin.py:109} INFO - [2021-09-20 02:05:04,120] {dag.py:2287} INFO - Setting next_dagrun for example_branch_labels to 2021-09-18 00:00:00+00:00
[2021-09-20 02:05:04,155] {processor.py:170} INFO - Processing /home/wilson/Documentos/alura/datapipeline/env/lib/python3.8/site-packages/airflow/example_dags/example_branch_labels.py took 0.234 seconds
[2021-09-20 02:05:50,824] {processor.py:162} INFO - Started process (PID=25049) to work on /home/wilson/Documentos/alura/datapipeline/env/lib/python3.8/site-packages/airflow/example_dags/example_branch_labels.py
[2021-09-20 02:05:50,826] {processor.py:613} INFO - Processing file /home/wilson/Documentos/alura/datapipeline/env/lib/python3.8/site-packages/airflow/example_dags/example_branch_labels.py for tasks to queue
[2021-09-20 02:05:50,827] {logging_mixin.py:109} INFO - [2021-09-20 02:05:50,827] {dagbag.py:496} INFO - Filling up the DagBag from /home/wilson/Documentos/alura/datapipeline/env/lib/python3.8/site-packages/airflow/example_dags/example_branch_labels.py
[2021-09-20 02:05:50,846] {processor.py:623} INFO - DAG(s) dict_keys(['example_branch_labels']) retrieved from /home/wilson/Documentos/alura/datapipeline/env/lib/python3.8/site-packages/airflow/example_dags/example_branch_labels.py
[2021-09-20 02:05:50,875] {logging_mixin.py:109} INFO - [2021-09-20 02:05:50,875] {dag.py:1834} INFO - Sync 1 DAGs
[2021-09-20 02:05:50,890] {logging_mixin.py:109} INFO - [2021-09-20 02:05:50,890] {dag.py:2287} INFO - Setting next_dagrun for example_branch_labels to 2021-09-18 00:00:00+00:00
[2021-09-20 02:05:50,912] {processor.py:170} INFO - Processing /home/wilson/Documentos/alura/datapipeline/env/lib/python3.8/site-packages/airflow/example_dags/example_branch_labels.py took 0.091 seconds
[2021-09-20 02:06:30,141] {processor.py:162} INFO - Started process (PID=25205) to work on /home/wilson/Documentos/alura/datapipeline/env/lib/python3.8/site-packages/airflow/example_dags/example_branch_labels.py
[2021-09-20 02:06:30,144] {processor.py:613} INFO - Processing file /home/wilson/Documentos/alura/datapipeline/env/lib/python3.8/site-packages/airflow/example_dags/example_branch_labels.py for tasks to queue
[2021-09-20 02:06:30,145] {logging_mixin.py:109} INFO - [2021-09-20 02:06:30,145] {dagbag.py:496} INFO - Filling up the DagBag from /home/wilson/Documentos/alura/datapipeline/env/lib/python3.8/site-packages/airflow/example_dags/example_branch_labels.py
[2021-09-20 02:06:30,164] {processor.py:623} INFO - DAG(s) dict_keys(['example_branch_labels']) retrieved from /home/wilson/Documentos/alura/datapipeline/env/lib/python3.8/site-packages/airflow/example_dags/example_branch_labels.py
[2021-09-20 02:06:30,180] {logging_mixin.py:109} INFO - [2021-09-20 02:06:30,180] {dag.py:1834} INFO - Sync 1 DAGs
[2021-09-20 02:06:30,198] {logging_mixin.py:109} INFO - [2021-09-20 02:06:30,198] {dag.py:2287} INFO - Setting next_dagrun for example_branch_labels to 2021-09-18 00:00:00+00:00
[2021-09-20 02:06:30,212] {processor.py:170} INFO - Processing /home/wilson/Documentos/alura/datapipeline/env/lib/python3.8/site-packages/airflow/example_dags/example_branch_labels.py took 0.078 seconds
[2021-09-20 02:07:31,451] {processor.py:162} INFO - Started process (PID=25429) to work on /home/wilson/Documentos/alura/datapipeline/env/lib/python3.8/site-packages/airflow/example_dags/example_branch_labels.py
[2021-09-20 02:07:31,454] {processor.py:613} INFO - Processing file /home/wilson/Documentos/alura/datapipeline/env/lib/python3.8/site-packages/airflow/example_dags/example_branch_labels.py for tasks to queue
[2021-09-20 02:07:31,455] {logging_mixin.py:109} INFO - [2021-09-20 02:07:31,455] {dagbag.py:496} INFO - Filling up the DagBag from /home/wilson/Documentos/alura/datapipeline/env/lib/python3.8/site-packages/airflow/example_dags/example_branch_labels.py
[2021-09-20 02:07:31,486] {processor.py:623} INFO - DAG(s) dict_keys(['example_branch_labels']) retrieved from /home/wilson/Documentos/alura/datapipeline/env/lib/python3.8/site-packages/airflow/example_dags/example_branch_labels.py
[2021-09-20 02:07:31,519] {logging_mixin.py:109} INFO - [2021-09-20 02:07:31,519] {dag.py:1834} INFO - Sync 1 DAGs
[2021-09-20 02:07:31,550] {logging_mixin.py:109} INFO - [2021-09-20 02:07:31,550] {dag.py:2287} INFO - Setting next_dagrun for example_branch_labels to 2021-09-18 00:00:00+00:00
[2021-09-20 02:07:31,569] {processor.py:170} INFO - Processing /home/wilson/Documentos/alura/datapipeline/env/lib/python3.8/site-packages/airflow/example_dags/example_branch_labels.py took 0.128 seconds
[2021-09-20 02:08:14,501] {processor.py:162} INFO - Started process (PID=25609) to work on /home/wilson/Documentos/alura/datapipeline/env/lib/python3.8/site-packages/airflow/example_dags/example_branch_labels.py
[2021-09-20 02:08:14,504] {processor.py:613} INFO - Processing file /home/wilson/Documentos/alura/datapipeline/env/lib/python3.8/site-packages/airflow/example_dags/example_branch_labels.py for tasks to queue
[2021-09-20 02:08:14,505] {logging_mixin.py:109} INFO - [2021-09-20 02:08:14,504] {dagbag.py:496} INFO - Filling up the DagBag from /home/wilson/Documentos/alura/datapipeline/env/lib/python3.8/site-packages/airflow/example_dags/example_branch_labels.py
[2021-09-20 02:08:14,520] {processor.py:623} INFO - DAG(s) dict_keys(['example_branch_labels']) retrieved from /home/wilson/Documentos/alura/datapipeline/env/lib/python3.8/site-packages/airflow/example_dags/example_branch_labels.py
[2021-09-20 02:08:14,539] {logging_mixin.py:109} INFO - [2021-09-20 02:08:14,539] {dag.py:1834} INFO - Sync 1 DAGs
[2021-09-20 02:08:14,553] {logging_mixin.py:109} INFO - [2021-09-20 02:08:14,553] {dag.py:2287} INFO - Setting next_dagrun for example_branch_labels to 2021-09-18 00:00:00+00:00
[2021-09-20 02:08:14,567] {processor.py:170} INFO - Processing /home/wilson/Documentos/alura/datapipeline/env/lib/python3.8/site-packages/airflow/example_dags/example_branch_labels.py took 0.069 seconds
[2021-09-20 02:08:58,955] {processor.py:162} INFO - Started process (PID=25851) to work on /home/wilson/Documentos/alura/datapipeline/env/lib/python3.8/site-packages/airflow/example_dags/example_branch_labels.py
[2021-09-20 02:08:58,957] {processor.py:613} INFO - Processing file /home/wilson/Documentos/alura/datapipeline/env/lib/python3.8/site-packages/airflow/example_dags/example_branch_labels.py for tasks to queue
[2021-09-20 02:08:58,957] {logging_mixin.py:109} INFO - [2021-09-20 02:08:58,957] {dagbag.py:496} INFO - Filling up the DagBag from /home/wilson/Documentos/alura/datapipeline/env/lib/python3.8/site-packages/airflow/example_dags/example_branch_labels.py
[2021-09-20 02:08:58,988] {processor.py:623} INFO - DAG(s) dict_keys(['example_branch_labels']) retrieved from /home/wilson/Documentos/alura/datapipeline/env/lib/python3.8/site-packages/airflow/example_dags/example_branch_labels.py
[2021-09-20 02:08:59,028] {logging_mixin.py:109} INFO - [2021-09-20 02:08:59,027] {dag.py:1834} INFO - Sync 1 DAGs
[2021-09-20 02:08:59,062] {logging_mixin.py:109} INFO - [2021-09-20 02:08:59,061] {dag.py:2287} INFO - Setting next_dagrun for example_branch_labels to 2021-09-18 00:00:00+00:00
[2021-09-20 02:08:59,086] {processor.py:170} INFO - Processing /home/wilson/Documentos/alura/datapipeline/env/lib/python3.8/site-packages/airflow/example_dags/example_branch_labels.py took 0.139 seconds
