[2021-09-20 01:59:58,679] {processor.py:162} INFO - Started process (PID=23702) to work on /home/wilson/Documentos/alura/datapipeline/env/lib/python3.8/site-packages/airflow/example_dags/example_dag_decorator.py
[2021-09-20 01:59:58,680] {processor.py:613} INFO - Processing file /home/wilson/Documentos/alura/datapipeline/env/lib/python3.8/site-packages/airflow/example_dags/example_dag_decorator.py for tasks to queue
[2021-09-20 01:59:58,680] {logging_mixin.py:109} INFO - [2021-09-20 01:59:58,680] {dagbag.py:496} INFO - Filling up the DagBag from /home/wilson/Documentos/alura/datapipeline/env/lib/python3.8/site-packages/airflow/example_dags/example_dag_decorator.py
[2021-09-20 01:59:58,776] {processor.py:623} INFO - DAG(s) dict_keys(['example_dag_decorator']) retrieved from /home/wilson/Documentos/alura/datapipeline/env/lib/python3.8/site-packages/airflow/example_dags/example_dag_decorator.py
[2021-09-20 01:59:59,702] {logging_mixin.py:109} INFO - [2021-09-20 01:59:59,702] {dag.py:1834} INFO - Sync 1 DAGs
[2021-09-20 01:59:59,730] {logging_mixin.py:109} INFO - [2021-09-20 01:59:59,730] {dag.py:2287} INFO - Setting next_dagrun for example_dag_decorator to None
[2021-09-20 01:59:59,787] {processor.py:170} INFO - Processing /home/wilson/Documentos/alura/datapipeline/env/lib/python3.8/site-packages/airflow/example_dags/example_dag_decorator.py took 1.135 seconds
[2021-09-20 02:00:40,668] {processor.py:162} INFO - Started process (PID=23869) to work on /home/wilson/Documentos/alura/datapipeline/env/lib/python3.8/site-packages/airflow/example_dags/example_dag_decorator.py
[2021-09-20 02:00:40,670] {processor.py:613} INFO - Processing file /home/wilson/Documentos/alura/datapipeline/env/lib/python3.8/site-packages/airflow/example_dags/example_dag_decorator.py for tasks to queue
[2021-09-20 02:00:40,670] {logging_mixin.py:109} INFO - [2021-09-20 02:00:40,670] {dagbag.py:496} INFO - Filling up the DagBag from /home/wilson/Documentos/alura/datapipeline/env/lib/python3.8/site-packages/airflow/example_dags/example_dag_decorator.py
[2021-09-20 02:00:40,703] {processor.py:623} INFO - DAG(s) dict_keys(['example_dag_decorator']) retrieved from /home/wilson/Documentos/alura/datapipeline/env/lib/python3.8/site-packages/airflow/example_dags/example_dag_decorator.py
[2021-09-20 02:00:41,091] {logging_mixin.py:109} INFO - [2021-09-20 02:00:41,091] {dag.py:1834} INFO - Sync 1 DAGs
[2021-09-20 02:00:41,120] {logging_mixin.py:109} INFO - [2021-09-20 02:00:41,120] {dag.py:2287} INFO - Setting next_dagrun for example_dag_decorator to None
[2021-09-20 02:00:41,169] {processor.py:170} INFO - Processing /home/wilson/Documentos/alura/datapipeline/env/lib/python3.8/site-packages/airflow/example_dags/example_dag_decorator.py took 0.509 seconds
[2021-09-20 02:01:18,430] {processor.py:162} INFO - Started process (PID=24026) to work on /home/wilson/Documentos/alura/datapipeline/env/lib/python3.8/site-packages/airflow/example_dags/example_dag_decorator.py
[2021-09-20 02:01:18,435] {processor.py:613} INFO - Processing file /home/wilson/Documentos/alura/datapipeline/env/lib/python3.8/site-packages/airflow/example_dags/example_dag_decorator.py for tasks to queue
[2021-09-20 02:01:18,445] {logging_mixin.py:109} INFO - [2021-09-20 02:01:18,445] {dagbag.py:496} INFO - Filling up the DagBag from /home/wilson/Documentos/alura/datapipeline/env/lib/python3.8/site-packages/airflow/example_dags/example_dag_decorator.py
[2021-09-20 02:01:18,490] {processor.py:623} INFO - DAG(s) dict_keys(['example_dag_decorator']) retrieved from /home/wilson/Documentos/alura/datapipeline/env/lib/python3.8/site-packages/airflow/example_dags/example_dag_decorator.py
[2021-09-20 02:01:18,823] {logging_mixin.py:109} INFO - [2021-09-20 02:01:18,823] {dag.py:1834} INFO - Sync 1 DAGs
[2021-09-20 02:01:18,831] {logging_mixin.py:109} INFO - [2021-09-20 02:01:18,830] {dag.py:2287} INFO - Setting next_dagrun for example_dag_decorator to None
[2021-09-20 02:01:18,856] {processor.py:170} INFO - Processing /home/wilson/Documentos/alura/datapipeline/env/lib/python3.8/site-packages/airflow/example_dags/example_dag_decorator.py took 0.434 seconds
[2021-09-20 02:02:31,648] {processor.py:162} INFO - Started process (PID=24307) to work on /home/wilson/Documentos/alura/datapipeline/env/lib/python3.8/site-packages/airflow/example_dags/example_dag_decorator.py
[2021-09-20 02:02:31,653] {processor.py:613} INFO - Processing file /home/wilson/Documentos/alura/datapipeline/env/lib/python3.8/site-packages/airflow/example_dags/example_dag_decorator.py for tasks to queue
[2021-09-20 02:02:31,654] {logging_mixin.py:109} INFO - [2021-09-20 02:02:31,654] {dagbag.py:496} INFO - Filling up the DagBag from /home/wilson/Documentos/alura/datapipeline/env/lib/python3.8/site-packages/airflow/example_dags/example_dag_decorator.py
[2021-09-20 02:02:31,678] {processor.py:623} INFO - DAG(s) dict_keys(['example_dag_decorator']) retrieved from /home/wilson/Documentos/alura/datapipeline/env/lib/python3.8/site-packages/airflow/example_dags/example_dag_decorator.py
[2021-09-20 02:02:31,985] {logging_mixin.py:109} INFO - [2021-09-20 02:02:31,984] {dag.py:1834} INFO - Sync 1 DAGs
[2021-09-20 02:02:31,992] {logging_mixin.py:109} INFO - [2021-09-20 02:02:31,992] {dag.py:2287} INFO - Setting next_dagrun for example_dag_decorator to None
[2021-09-20 02:02:32,016] {processor.py:170} INFO - Processing /home/wilson/Documentos/alura/datapipeline/env/lib/python3.8/site-packages/airflow/example_dags/example_dag_decorator.py took 0.372 seconds
[2021-09-20 02:03:11,597] {processor.py:162} INFO - Started process (PID=24467) to work on /home/wilson/Documentos/alura/datapipeline/env/lib/python3.8/site-packages/airflow/example_dags/example_dag_decorator.py
[2021-09-20 02:03:11,602] {processor.py:613} INFO - Processing file /home/wilson/Documentos/alura/datapipeline/env/lib/python3.8/site-packages/airflow/example_dags/example_dag_decorator.py for tasks to queue
[2021-09-20 02:03:11,603] {logging_mixin.py:109} INFO - [2021-09-20 02:03:11,603] {dagbag.py:496} INFO - Filling up the DagBag from /home/wilson/Documentos/alura/datapipeline/env/lib/python3.8/site-packages/airflow/example_dags/example_dag_decorator.py
[2021-09-20 02:03:11,634] {processor.py:623} INFO - DAG(s) dict_keys(['example_dag_decorator']) retrieved from /home/wilson/Documentos/alura/datapipeline/env/lib/python3.8/site-packages/airflow/example_dags/example_dag_decorator.py
[2021-09-20 02:03:11,993] {logging_mixin.py:109} INFO - [2021-09-20 02:03:11,993] {dag.py:1834} INFO - Sync 1 DAGs
[2021-09-20 02:03:12,005] {logging_mixin.py:109} INFO - [2021-09-20 02:03:12,005] {dag.py:2287} INFO - Setting next_dagrun for example_dag_decorator to None
[2021-09-20 02:03:12,023] {processor.py:170} INFO - Processing /home/wilson/Documentos/alura/datapipeline/env/lib/python3.8/site-packages/airflow/example_dags/example_dag_decorator.py took 0.432 seconds
[2021-09-20 02:03:54,623] {processor.py:162} INFO - Started process (PID=24626) to work on /home/wilson/Documentos/alura/datapipeline/env/lib/python3.8/site-packages/airflow/example_dags/example_dag_decorator.py
[2021-09-20 02:03:54,630] {processor.py:613} INFO - Processing file /home/wilson/Documentos/alura/datapipeline/env/lib/python3.8/site-packages/airflow/example_dags/example_dag_decorator.py for tasks to queue
[2021-09-20 02:03:54,631] {logging_mixin.py:109} INFO - [2021-09-20 02:03:54,630] {dagbag.py:496} INFO - Filling up the DagBag from /home/wilson/Documentos/alura/datapipeline/env/lib/python3.8/site-packages/airflow/example_dags/example_dag_decorator.py
[2021-09-20 02:03:54,727] {processor.py:623} INFO - DAG(s) dict_keys(['example_dag_decorator']) retrieved from /home/wilson/Documentos/alura/datapipeline/env/lib/python3.8/site-packages/airflow/example_dags/example_dag_decorator.py
[2021-09-20 02:03:55,603] {logging_mixin.py:109} INFO - [2021-09-20 02:03:55,603] {dag.py:1834} INFO - Sync 1 DAGs
[2021-09-20 02:03:55,611] {logging_mixin.py:109} INFO - [2021-09-20 02:03:55,611] {dag.py:2287} INFO - Setting next_dagrun for example_dag_decorator to None
[2021-09-20 02:03:55,636] {processor.py:170} INFO - Processing /home/wilson/Documentos/alura/datapipeline/env/lib/python3.8/site-packages/airflow/example_dags/example_dag_decorator.py took 1.026 seconds
[2021-09-20 02:04:36,842] {processor.py:162} INFO - Started process (PID=24787) to work on /home/wilson/Documentos/alura/datapipeline/env/lib/python3.8/site-packages/airflow/example_dags/example_dag_decorator.py
[2021-09-20 02:04:36,846] {processor.py:613} INFO - Processing file /home/wilson/Documentos/alura/datapipeline/env/lib/python3.8/site-packages/airflow/example_dags/example_dag_decorator.py for tasks to queue
[2021-09-20 02:04:36,847] {logging_mixin.py:109} INFO - [2021-09-20 02:04:36,846] {dagbag.py:496} INFO - Filling up the DagBag from /home/wilson/Documentos/alura/datapipeline/env/lib/python3.8/site-packages/airflow/example_dags/example_dag_decorator.py
[2021-09-20 02:04:36,906] {processor.py:623} INFO - DAG(s) dict_keys(['example_dag_decorator']) retrieved from /home/wilson/Documentos/alura/datapipeline/env/lib/python3.8/site-packages/airflow/example_dags/example_dag_decorator.py
[2021-09-20 02:04:37,339] {logging_mixin.py:109} INFO - [2021-09-20 02:04:37,339] {dag.py:1834} INFO - Sync 1 DAGs
[2021-09-20 02:04:37,362] {logging_mixin.py:109} INFO - [2021-09-20 02:04:37,362] {dag.py:2287} INFO - Setting next_dagrun for example_dag_decorator to None
[2021-09-20 02:04:37,400] {processor.py:170} INFO - Processing /home/wilson/Documentos/alura/datapipeline/env/lib/python3.8/site-packages/airflow/example_dags/example_dag_decorator.py took 0.562 seconds
[2021-09-20 02:05:30,685] {processor.py:162} INFO - Started process (PID=24977) to work on /home/wilson/Documentos/alura/datapipeline/env/lib/python3.8/site-packages/airflow/example_dags/example_dag_decorator.py
[2021-09-20 02:05:30,688] {processor.py:613} INFO - Processing file /home/wilson/Documentos/alura/datapipeline/env/lib/python3.8/site-packages/airflow/example_dags/example_dag_decorator.py for tasks to queue
[2021-09-20 02:05:30,690] {logging_mixin.py:109} INFO - [2021-09-20 02:05:30,690] {dagbag.py:496} INFO - Filling up the DagBag from /home/wilson/Documentos/alura/datapipeline/env/lib/python3.8/site-packages/airflow/example_dags/example_dag_decorator.py
[2021-09-20 02:05:30,729] {processor.py:623} INFO - DAG(s) dict_keys(['example_dag_decorator']) retrieved from /home/wilson/Documentos/alura/datapipeline/env/lib/python3.8/site-packages/airflow/example_dags/example_dag_decorator.py
[2021-09-20 02:05:31,511] {logging_mixin.py:109} INFO - [2021-09-20 02:05:31,511] {dag.py:1834} INFO - Sync 1 DAGs
[2021-09-20 02:05:31,544] {logging_mixin.py:109} INFO - [2021-09-20 02:05:31,544] {dag.py:2287} INFO - Setting next_dagrun for example_dag_decorator to None
[2021-09-20 02:05:31,591] {processor.py:170} INFO - Processing /home/wilson/Documentos/alura/datapipeline/env/lib/python3.8/site-packages/airflow/example_dags/example_dag_decorator.py took 0.919 seconds
[2021-09-20 02:06:10,632] {processor.py:162} INFO - Started process (PID=25126) to work on /home/wilson/Documentos/alura/datapipeline/env/lib/python3.8/site-packages/airflow/example_dags/example_dag_decorator.py
[2021-09-20 02:06:10,639] {processor.py:613} INFO - Processing file /home/wilson/Documentos/alura/datapipeline/env/lib/python3.8/site-packages/airflow/example_dags/example_dag_decorator.py for tasks to queue
[2021-09-20 02:06:10,640] {logging_mixin.py:109} INFO - [2021-09-20 02:06:10,639] {dagbag.py:496} INFO - Filling up the DagBag from /home/wilson/Documentos/alura/datapipeline/env/lib/python3.8/site-packages/airflow/example_dags/example_dag_decorator.py
[2021-09-20 02:06:10,719] {processor.py:623} INFO - DAG(s) dict_keys(['example_dag_decorator']) retrieved from /home/wilson/Documentos/alura/datapipeline/env/lib/python3.8/site-packages/airflow/example_dags/example_dag_decorator.py
[2021-09-20 02:06:11,220] {logging_mixin.py:109} INFO - [2021-09-20 02:06:11,220] {dag.py:1834} INFO - Sync 1 DAGs
[2021-09-20 02:06:11,253] {logging_mixin.py:109} INFO - [2021-09-20 02:06:11,253] {dag.py:2287} INFO - Setting next_dagrun for example_dag_decorator to None
[2021-09-20 02:06:11,288] {processor.py:170} INFO - Processing /home/wilson/Documentos/alura/datapipeline/env/lib/python3.8/site-packages/airflow/example_dags/example_dag_decorator.py took 0.670 seconds
[2021-09-20 02:07:23,528] {processor.py:162} INFO - Started process (PID=25396) to work on /home/wilson/Documentos/alura/datapipeline/env/lib/python3.8/site-packages/airflow/example_dags/example_dag_decorator.py
[2021-09-20 02:07:23,530] {processor.py:613} INFO - Processing file /home/wilson/Documentos/alura/datapipeline/env/lib/python3.8/site-packages/airflow/example_dags/example_dag_decorator.py for tasks to queue
[2021-09-20 02:07:23,531] {logging_mixin.py:109} INFO - [2021-09-20 02:07:23,531] {dagbag.py:496} INFO - Filling up the DagBag from /home/wilson/Documentos/alura/datapipeline/env/lib/python3.8/site-packages/airflow/example_dags/example_dag_decorator.py
[2021-09-20 02:07:23,550] {processor.py:623} INFO - DAG(s) dict_keys(['example_dag_decorator']) retrieved from /home/wilson/Documentos/alura/datapipeline/env/lib/python3.8/site-packages/airflow/example_dags/example_dag_decorator.py
[2021-09-20 02:07:23,932] {logging_mixin.py:109} INFO - [2021-09-20 02:07:23,932] {dag.py:1834} INFO - Sync 1 DAGs
[2021-09-20 02:07:23,944] {logging_mixin.py:109} INFO - [2021-09-20 02:07:23,944] {dag.py:2287} INFO - Setting next_dagrun for example_dag_decorator to None
[2021-09-20 02:07:23,969] {processor.py:170} INFO - Processing /home/wilson/Documentos/alura/datapipeline/env/lib/python3.8/site-packages/airflow/example_dags/example_dag_decorator.py took 0.444 seconds
[2021-09-20 02:08:03,778] {processor.py:162} INFO - Started process (PID=25562) to work on /home/wilson/Documentos/alura/datapipeline/env/lib/python3.8/site-packages/airflow/example_dags/example_dag_decorator.py
[2021-09-20 02:08:03,783] {processor.py:613} INFO - Processing file /home/wilson/Documentos/alura/datapipeline/env/lib/python3.8/site-packages/airflow/example_dags/example_dag_decorator.py for tasks to queue
[2021-09-20 02:08:03,783] {logging_mixin.py:109} INFO - [2021-09-20 02:08:03,783] {dagbag.py:496} INFO - Filling up the DagBag from /home/wilson/Documentos/alura/datapipeline/env/lib/python3.8/site-packages/airflow/example_dags/example_dag_decorator.py
[2021-09-20 02:08:03,805] {processor.py:623} INFO - DAG(s) dict_keys(['example_dag_decorator']) retrieved from /home/wilson/Documentos/alura/datapipeline/env/lib/python3.8/site-packages/airflow/example_dags/example_dag_decorator.py
[2021-09-20 02:08:04,183] {logging_mixin.py:109} INFO - [2021-09-20 02:08:04,182] {dag.py:1834} INFO - Sync 1 DAGs
[2021-09-20 02:08:04,190] {logging_mixin.py:109} INFO - [2021-09-20 02:08:04,190] {dag.py:2287} INFO - Setting next_dagrun for example_dag_decorator to None
[2021-09-20 02:08:04,204] {processor.py:170} INFO - Processing /home/wilson/Documentos/alura/datapipeline/env/lib/python3.8/site-packages/airflow/example_dags/example_dag_decorator.py took 0.430 seconds
[2021-09-20 02:08:46,388] {processor.py:162} INFO - Started process (PID=25752) to work on /home/wilson/Documentos/alura/datapipeline/env/lib/python3.8/site-packages/airflow/example_dags/example_dag_decorator.py
[2021-09-20 02:08:46,394] {processor.py:613} INFO - Processing file /home/wilson/Documentos/alura/datapipeline/env/lib/python3.8/site-packages/airflow/example_dags/example_dag_decorator.py for tasks to queue
[2021-09-20 02:08:46,395] {logging_mixin.py:109} INFO - [2021-09-20 02:08:46,395] {dagbag.py:496} INFO - Filling up the DagBag from /home/wilson/Documentos/alura/datapipeline/env/lib/python3.8/site-packages/airflow/example_dags/example_dag_decorator.py
[2021-09-20 02:08:46,484] {processor.py:623} INFO - DAG(s) dict_keys(['example_dag_decorator']) retrieved from /home/wilson/Documentos/alura/datapipeline/env/lib/python3.8/site-packages/airflow/example_dags/example_dag_decorator.py
[2021-09-20 02:08:46,548] {logging_mixin.py:109} INFO - [2021-09-20 02:08:46,548] {dag.py:1834} INFO - Sync 1 DAGs
[2021-09-20 02:08:46,571] {logging_mixin.py:109} INFO - [2021-09-20 02:08:46,571] {dag.py:2287} INFO - Setting next_dagrun for example_dag_decorator to None
[2021-09-20 02:08:46,606] {processor.py:170} INFO - Processing /home/wilson/Documentos/alura/datapipeline/env/lib/python3.8/site-packages/airflow/example_dags/example_dag_decorator.py took 0.231 seconds
