[2021-09-20 01:59:30,552] {processor.py:162} INFO - Started process (PID=23588) to work on /home/wilson/Documentos/alura/datapipeline/env/lib/python3.8/site-packages/airflow/example_dags/example_short_circuit_operator.py
[2021-09-20 01:59:30,562] {processor.py:613} INFO - Processing file /home/wilson/Documentos/alura/datapipeline/env/lib/python3.8/site-packages/airflow/example_dags/example_short_circuit_operator.py for tasks to queue
[2021-09-20 01:59:30,569] {logging_mixin.py:109} INFO - [2021-09-20 01:59:30,569] {dagbag.py:496} INFO - Filling up the DagBag from /home/wilson/Documentos/alura/datapipeline/env/lib/python3.8/site-packages/airflow/example_dags/example_short_circuit_operator.py
[2021-09-20 01:59:30,704] {processor.py:623} INFO - DAG(s) dict_keys(['example_short_circuit_operator']) retrieved from /home/wilson/Documentos/alura/datapipeline/env/lib/python3.8/site-packages/airflow/example_dags/example_short_circuit_operator.py
[2021-09-20 01:59:31,052] {logging_mixin.py:109} INFO - [2021-09-20 01:59:31,051] {dag.py:1834} INFO - Sync 1 DAGs
[2021-09-20 01:59:31,199] {logging_mixin.py:109} INFO - [2021-09-20 01:59:31,199] {dag.py:2287} INFO - Setting next_dagrun for example_short_circuit_operator to 2021-09-18 00:00:00+00:00
[2021-09-20 01:59:31,310] {processor.py:170} INFO - Processing /home/wilson/Documentos/alura/datapipeline/env/lib/python3.8/site-packages/airflow/example_dags/example_short_circuit_operator.py took 0.791 seconds
[2021-09-20 02:00:17,077] {processor.py:162} INFO - Started process (PID=23777) to work on /home/wilson/Documentos/alura/datapipeline/env/lib/python3.8/site-packages/airflow/example_dags/example_short_circuit_operator.py
[2021-09-20 02:00:17,079] {processor.py:613} INFO - Processing file /home/wilson/Documentos/alura/datapipeline/env/lib/python3.8/site-packages/airflow/example_dags/example_short_circuit_operator.py for tasks to queue
[2021-09-20 02:00:17,080] {logging_mixin.py:109} INFO - [2021-09-20 02:00:17,080] {dagbag.py:496} INFO - Filling up the DagBag from /home/wilson/Documentos/alura/datapipeline/env/lib/python3.8/site-packages/airflow/example_dags/example_short_circuit_operator.py
[2021-09-20 02:00:17,159] {processor.py:623} INFO - DAG(s) dict_keys(['example_short_circuit_operator']) retrieved from /home/wilson/Documentos/alura/datapipeline/env/lib/python3.8/site-packages/airflow/example_dags/example_short_circuit_operator.py
[2021-09-20 02:00:17,249] {logging_mixin.py:109} INFO - [2021-09-20 02:00:17,249] {dag.py:1834} INFO - Sync 1 DAGs
[2021-09-20 02:00:17,284] {logging_mixin.py:109} INFO - [2021-09-20 02:00:17,284] {dag.py:2287} INFO - Setting next_dagrun for example_short_circuit_operator to 2021-09-18 00:00:00+00:00
[2021-09-20 02:00:17,330] {processor.py:170} INFO - Processing /home/wilson/Documentos/alura/datapipeline/env/lib/python3.8/site-packages/airflow/example_dags/example_short_circuit_operator.py took 0.280 seconds
[2021-09-20 02:00:54,668] {processor.py:162} INFO - Started process (PID=23923) to work on /home/wilson/Documentos/alura/datapipeline/env/lib/python3.8/site-packages/airflow/example_dags/example_short_circuit_operator.py
[2021-09-20 02:00:54,671] {processor.py:613} INFO - Processing file /home/wilson/Documentos/alura/datapipeline/env/lib/python3.8/site-packages/airflow/example_dags/example_short_circuit_operator.py for tasks to queue
[2021-09-20 02:00:54,671] {logging_mixin.py:109} INFO - [2021-09-20 02:00:54,671] {dagbag.py:496} INFO - Filling up the DagBag from /home/wilson/Documentos/alura/datapipeline/env/lib/python3.8/site-packages/airflow/example_dags/example_short_circuit_operator.py
[2021-09-20 02:00:54,691] {processor.py:623} INFO - DAG(s) dict_keys(['example_short_circuit_operator']) retrieved from /home/wilson/Documentos/alura/datapipeline/env/lib/python3.8/site-packages/airflow/example_dags/example_short_circuit_operator.py
[2021-09-20 02:00:54,718] {logging_mixin.py:109} INFO - [2021-09-20 02:00:54,717] {dag.py:1834} INFO - Sync 1 DAGs
[2021-09-20 02:00:54,732] {logging_mixin.py:109} INFO - [2021-09-20 02:00:54,732] {dag.py:2287} INFO - Setting next_dagrun for example_short_circuit_operator to 2021-09-18 00:00:00+00:00
[2021-09-20 02:00:54,762] {processor.py:170} INFO - Processing /home/wilson/Documentos/alura/datapipeline/env/lib/python3.8/site-packages/airflow/example_dags/example_short_circuit_operator.py took 0.097 seconds
[2021-09-20 02:01:31,645] {processor.py:162} INFO - Started process (PID=24083) to work on /home/wilson/Documentos/alura/datapipeline/env/lib/python3.8/site-packages/airflow/example_dags/example_short_circuit_operator.py
[2021-09-20 02:01:31,654] {processor.py:613} INFO - Processing file /home/wilson/Documentos/alura/datapipeline/env/lib/python3.8/site-packages/airflow/example_dags/example_short_circuit_operator.py for tasks to queue
[2021-09-20 02:01:31,654] {logging_mixin.py:109} INFO - [2021-09-20 02:01:31,654] {dagbag.py:496} INFO - Filling up the DagBag from /home/wilson/Documentos/alura/datapipeline/env/lib/python3.8/site-packages/airflow/example_dags/example_short_circuit_operator.py
[2021-09-20 02:01:31,682] {processor.py:623} INFO - DAG(s) dict_keys(['example_short_circuit_operator']) retrieved from /home/wilson/Documentos/alura/datapipeline/env/lib/python3.8/site-packages/airflow/example_dags/example_short_circuit_operator.py
[2021-09-20 02:01:31,715] {logging_mixin.py:109} INFO - [2021-09-20 02:01:31,715] {dag.py:1834} INFO - Sync 1 DAGs
[2021-09-20 02:01:31,742] {logging_mixin.py:109} INFO - [2021-09-20 02:01:31,742] {dag.py:2287} INFO - Setting next_dagrun for example_short_circuit_operator to 2021-09-18 00:00:00+00:00
[2021-09-20 02:01:31,764] {processor.py:170} INFO - Processing /home/wilson/Documentos/alura/datapipeline/env/lib/python3.8/site-packages/airflow/example_dags/example_short_circuit_operator.py took 0.126 seconds
[2021-09-20 02:02:22,671] {processor.py:162} INFO - Started process (PID=24267) to work on /home/wilson/Documentos/alura/datapipeline/env/lib/python3.8/site-packages/airflow/example_dags/example_short_circuit_operator.py
[2021-09-20 02:02:22,674] {processor.py:613} INFO - Processing file /home/wilson/Documentos/alura/datapipeline/env/lib/python3.8/site-packages/airflow/example_dags/example_short_circuit_operator.py for tasks to queue
[2021-09-20 02:02:22,675] {logging_mixin.py:109} INFO - [2021-09-20 02:02:22,675] {dagbag.py:496} INFO - Filling up the DagBag from /home/wilson/Documentos/alura/datapipeline/env/lib/python3.8/site-packages/airflow/example_dags/example_short_circuit_operator.py
[2021-09-20 02:02:22,689] {processor.py:623} INFO - DAG(s) dict_keys(['example_short_circuit_operator']) retrieved from /home/wilson/Documentos/alura/datapipeline/env/lib/python3.8/site-packages/airflow/example_dags/example_short_circuit_operator.py
[2021-09-20 02:02:22,710] {logging_mixin.py:109} INFO - [2021-09-20 02:02:22,710] {dag.py:1834} INFO - Sync 1 DAGs
[2021-09-20 02:02:22,724] {logging_mixin.py:109} INFO - [2021-09-20 02:02:22,724] {dag.py:2287} INFO - Setting next_dagrun for example_short_circuit_operator to 2021-09-18 00:00:00+00:00
[2021-09-20 02:02:22,739] {processor.py:170} INFO - Processing /home/wilson/Documentos/alura/datapipeline/env/lib/python3.8/site-packages/airflow/example_dags/example_short_circuit_operator.py took 0.072 seconds
[2021-09-20 02:02:57,587] {processor.py:162} INFO - Started process (PID=24416) to work on /home/wilson/Documentos/alura/datapipeline/env/lib/python3.8/site-packages/airflow/example_dags/example_short_circuit_operator.py
[2021-09-20 02:02:57,594] {processor.py:613} INFO - Processing file /home/wilson/Documentos/alura/datapipeline/env/lib/python3.8/site-packages/airflow/example_dags/example_short_circuit_operator.py for tasks to queue
[2021-09-20 02:02:57,595] {logging_mixin.py:109} INFO - [2021-09-20 02:02:57,595] {dagbag.py:496} INFO - Filling up the DagBag from /home/wilson/Documentos/alura/datapipeline/env/lib/python3.8/site-packages/airflow/example_dags/example_short_circuit_operator.py
[2021-09-20 02:02:57,635] {processor.py:623} INFO - DAG(s) dict_keys(['example_short_circuit_operator']) retrieved from /home/wilson/Documentos/alura/datapipeline/env/lib/python3.8/site-packages/airflow/example_dags/example_short_circuit_operator.py
[2021-09-20 02:02:57,686] {logging_mixin.py:109} INFO - [2021-09-20 02:02:57,685] {dag.py:1834} INFO - Sync 1 DAGs
[2021-09-20 02:02:57,720] {logging_mixin.py:109} INFO - [2021-09-20 02:02:57,719] {dag.py:2287} INFO - Setting next_dagrun for example_short_circuit_operator to 2021-09-18 00:00:00+00:00
[2021-09-20 02:02:57,762] {processor.py:170} INFO - Processing /home/wilson/Documentos/alura/datapipeline/env/lib/python3.8/site-packages/airflow/example_dags/example_short_circuit_operator.py took 0.186 seconds
[2021-09-20 02:03:39,234] {processor.py:162} INFO - Started process (PID=24572) to work on /home/wilson/Documentos/alura/datapipeline/env/lib/python3.8/site-packages/airflow/example_dags/example_short_circuit_operator.py
[2021-09-20 02:03:39,241] {processor.py:613} INFO - Processing file /home/wilson/Documentos/alura/datapipeline/env/lib/python3.8/site-packages/airflow/example_dags/example_short_circuit_operator.py for tasks to queue
[2021-09-20 02:03:39,242] {logging_mixin.py:109} INFO - [2021-09-20 02:03:39,242] {dagbag.py:496} INFO - Filling up the DagBag from /home/wilson/Documentos/alura/datapipeline/env/lib/python3.8/site-packages/airflow/example_dags/example_short_circuit_operator.py
[2021-09-20 02:03:39,260] {processor.py:623} INFO - DAG(s) dict_keys(['example_short_circuit_operator']) retrieved from /home/wilson/Documentos/alura/datapipeline/env/lib/python3.8/site-packages/airflow/example_dags/example_short_circuit_operator.py
[2021-09-20 02:03:39,294] {logging_mixin.py:109} INFO - [2021-09-20 02:03:39,294] {dag.py:1834} INFO - Sync 1 DAGs
[2021-09-20 02:03:39,328] {logging_mixin.py:109} INFO - [2021-09-20 02:03:39,327] {dag.py:2287} INFO - Setting next_dagrun for example_short_circuit_operator to 2021-09-18 00:00:00+00:00
[2021-09-20 02:03:39,357] {processor.py:170} INFO - Processing /home/wilson/Documentos/alura/datapipeline/env/lib/python3.8/site-packages/airflow/example_dags/example_short_circuit_operator.py took 0.127 seconds
[2021-09-20 02:04:20,041] {processor.py:162} INFO - Started process (PID=24724) to work on /home/wilson/Documentos/alura/datapipeline/env/lib/python3.8/site-packages/airflow/example_dags/example_short_circuit_operator.py
[2021-09-20 02:04:20,045] {processor.py:613} INFO - Processing file /home/wilson/Documentos/alura/datapipeline/env/lib/python3.8/site-packages/airflow/example_dags/example_short_circuit_operator.py for tasks to queue
[2021-09-20 02:04:20,053] {logging_mixin.py:109} INFO - [2021-09-20 02:04:20,053] {dagbag.py:496} INFO - Filling up the DagBag from /home/wilson/Documentos/alura/datapipeline/env/lib/python3.8/site-packages/airflow/example_dags/example_short_circuit_operator.py
[2021-09-20 02:04:20,081] {processor.py:623} INFO - DAG(s) dict_keys(['example_short_circuit_operator']) retrieved from /home/wilson/Documentos/alura/datapipeline/env/lib/python3.8/site-packages/airflow/example_dags/example_short_circuit_operator.py
[2021-09-20 02:04:20,128] {logging_mixin.py:109} INFO - [2021-09-20 02:04:20,128] {dag.py:1834} INFO - Sync 1 DAGs
[2021-09-20 02:04:20,150] {logging_mixin.py:109} INFO - [2021-09-20 02:04:20,150] {dag.py:2287} INFO - Setting next_dagrun for example_short_circuit_operator to 2021-09-18 00:00:00+00:00
[2021-09-20 02:04:20,184] {processor.py:170} INFO - Processing /home/wilson/Documentos/alura/datapipeline/env/lib/python3.8/site-packages/airflow/example_dags/example_short_circuit_operator.py took 0.156 seconds
[2021-09-20 02:04:57,663] {processor.py:162} INFO - Started process (PID=24870) to work on /home/wilson/Documentos/alura/datapipeline/env/lib/python3.8/site-packages/airflow/example_dags/example_short_circuit_operator.py
[2021-09-20 02:04:57,667] {processor.py:613} INFO - Processing file /home/wilson/Documentos/alura/datapipeline/env/lib/python3.8/site-packages/airflow/example_dags/example_short_circuit_operator.py for tasks to queue
[2021-09-20 02:04:57,668] {logging_mixin.py:109} INFO - [2021-09-20 02:04:57,668] {dagbag.py:496} INFO - Filling up the DagBag from /home/wilson/Documentos/alura/datapipeline/env/lib/python3.8/site-packages/airflow/example_dags/example_short_circuit_operator.py
[2021-09-20 02:04:57,784] {processor.py:623} INFO - DAG(s) dict_keys(['example_short_circuit_operator']) retrieved from /home/wilson/Documentos/alura/datapipeline/env/lib/python3.8/site-packages/airflow/example_dags/example_short_circuit_operator.py
[2021-09-20 02:04:57,858] {logging_mixin.py:109} INFO - [2021-09-20 02:04:57,858] {dag.py:1834} INFO - Sync 1 DAGs
[2021-09-20 02:04:57,891] {logging_mixin.py:109} INFO - [2021-09-20 02:04:57,891] {dag.py:2287} INFO - Setting next_dagrun for example_short_circuit_operator to 2021-09-18 00:00:00+00:00
[2021-09-20 02:04:57,932] {processor.py:170} INFO - Processing /home/wilson/Documentos/alura/datapipeline/env/lib/python3.8/site-packages/airflow/example_dags/example_short_circuit_operator.py took 0.286 seconds
[2021-09-20 02:05:43,062] {processor.py:162} INFO - Started process (PID=25015) to work on /home/wilson/Documentos/alura/datapipeline/env/lib/python3.8/site-packages/airflow/example_dags/example_short_circuit_operator.py
[2021-09-20 02:05:43,069] {processor.py:613} INFO - Processing file /home/wilson/Documentos/alura/datapipeline/env/lib/python3.8/site-packages/airflow/example_dags/example_short_circuit_operator.py for tasks to queue
[2021-09-20 02:05:43,070] {logging_mixin.py:109} INFO - [2021-09-20 02:05:43,070] {dagbag.py:496} INFO - Filling up the DagBag from /home/wilson/Documentos/alura/datapipeline/env/lib/python3.8/site-packages/airflow/example_dags/example_short_circuit_operator.py
[2021-09-20 02:05:43,131] {processor.py:623} INFO - DAG(s) dict_keys(['example_short_circuit_operator']) retrieved from /home/wilson/Documentos/alura/datapipeline/env/lib/python3.8/site-packages/airflow/example_dags/example_short_circuit_operator.py
[2021-09-20 02:05:43,196] {logging_mixin.py:109} INFO - [2021-09-20 02:05:43,184] {dag.py:1834} INFO - Sync 1 DAGs
[2021-09-20 02:05:43,247] {logging_mixin.py:109} INFO - [2021-09-20 02:05:43,247] {dag.py:2287} INFO - Setting next_dagrun for example_short_circuit_operator to 2021-09-18 00:00:00+00:00
[2021-09-20 02:05:43,291] {processor.py:170} INFO - Processing /home/wilson/Documentos/alura/datapipeline/env/lib/python3.8/site-packages/airflow/example_dags/example_short_circuit_operator.py took 0.241 seconds
[2021-09-20 02:06:19,012] {processor.py:162} INFO - Started process (PID=25158) to work on /home/wilson/Documentos/alura/datapipeline/env/lib/python3.8/site-packages/airflow/example_dags/example_short_circuit_operator.py
[2021-09-20 02:06:19,023] {processor.py:613} INFO - Processing file /home/wilson/Documentos/alura/datapipeline/env/lib/python3.8/site-packages/airflow/example_dags/example_short_circuit_operator.py for tasks to queue
[2021-09-20 02:06:19,024] {logging_mixin.py:109} INFO - [2021-09-20 02:06:19,024] {dagbag.py:496} INFO - Filling up the DagBag from /home/wilson/Documentos/alura/datapipeline/env/lib/python3.8/site-packages/airflow/example_dags/example_short_circuit_operator.py
[2021-09-20 02:06:19,061] {processor.py:623} INFO - DAG(s) dict_keys(['example_short_circuit_operator']) retrieved from /home/wilson/Documentos/alura/datapipeline/env/lib/python3.8/site-packages/airflow/example_dags/example_short_circuit_operator.py
[2021-09-20 02:06:19,081] {logging_mixin.py:109} INFO - [2021-09-20 02:06:19,081] {dag.py:1834} INFO - Sync 1 DAGs
[2021-09-20 02:06:19,094] {logging_mixin.py:109} INFO - [2021-09-20 02:06:19,094] {dag.py:2287} INFO - Setting next_dagrun for example_short_circuit_operator to 2021-09-18 00:00:00+00:00
[2021-09-20 02:06:19,110] {processor.py:170} INFO - Processing /home/wilson/Documentos/alura/datapipeline/env/lib/python3.8/site-packages/airflow/example_dags/example_short_circuit_operator.py took 0.108 seconds
[2021-09-20 02:07:12,891] {processor.py:162} INFO - Started process (PID=25355) to work on /home/wilson/Documentos/alura/datapipeline/env/lib/python3.8/site-packages/airflow/example_dags/example_short_circuit_operator.py
[2021-09-20 02:07:12,893] {processor.py:613} INFO - Processing file /home/wilson/Documentos/alura/datapipeline/env/lib/python3.8/site-packages/airflow/example_dags/example_short_circuit_operator.py for tasks to queue
[2021-09-20 02:07:12,894] {logging_mixin.py:109} INFO - [2021-09-20 02:07:12,894] {dagbag.py:496} INFO - Filling up the DagBag from /home/wilson/Documentos/alura/datapipeline/env/lib/python3.8/site-packages/airflow/example_dags/example_short_circuit_operator.py
[2021-09-20 02:07:12,911] {processor.py:623} INFO - DAG(s) dict_keys(['example_short_circuit_operator']) retrieved from /home/wilson/Documentos/alura/datapipeline/env/lib/python3.8/site-packages/airflow/example_dags/example_short_circuit_operator.py
[2021-09-20 02:07:12,930] {logging_mixin.py:109} INFO - [2021-09-20 02:07:12,930] {dag.py:1834} INFO - Sync 1 DAGs
[2021-09-20 02:07:12,941] {logging_mixin.py:109} INFO - [2021-09-20 02:07:12,941] {dag.py:2287} INFO - Setting next_dagrun for example_short_circuit_operator to 2021-09-18 00:00:00+00:00
[2021-09-20 02:07:12,956] {processor.py:170} INFO - Processing /home/wilson/Documentos/alura/datapipeline/env/lib/python3.8/site-packages/airflow/example_dags/example_short_circuit_operator.py took 0.069 seconds
[2021-09-20 02:07:51,488] {processor.py:162} INFO - Started process (PID=25507) to work on /home/wilson/Documentos/alura/datapipeline/env/lib/python3.8/site-packages/airflow/example_dags/example_short_circuit_operator.py
[2021-09-20 02:07:51,491] {processor.py:613} INFO - Processing file /home/wilson/Documentos/alura/datapipeline/env/lib/python3.8/site-packages/airflow/example_dags/example_short_circuit_operator.py for tasks to queue
[2021-09-20 02:07:51,491] {logging_mixin.py:109} INFO - [2021-09-20 02:07:51,491] {dagbag.py:496} INFO - Filling up the DagBag from /home/wilson/Documentos/alura/datapipeline/env/lib/python3.8/site-packages/airflow/example_dags/example_short_circuit_operator.py
[2021-09-20 02:07:51,525] {processor.py:623} INFO - DAG(s) dict_keys(['example_short_circuit_operator']) retrieved from /home/wilson/Documentos/alura/datapipeline/env/lib/python3.8/site-packages/airflow/example_dags/example_short_circuit_operator.py
[2021-09-20 02:07:51,554] {logging_mixin.py:109} INFO - [2021-09-20 02:07:51,554] {dag.py:1834} INFO - Sync 1 DAGs
[2021-09-20 02:07:51,578] {logging_mixin.py:109} INFO - [2021-09-20 02:07:51,578] {dag.py:2287} INFO - Setting next_dagrun for example_short_circuit_operator to 2021-09-18 00:00:00+00:00
[2021-09-20 02:07:51,600] {processor.py:170} INFO - Processing /home/wilson/Documentos/alura/datapipeline/env/lib/python3.8/site-packages/airflow/example_dags/example_short_circuit_operator.py took 0.138 seconds
[2021-09-20 02:08:28,856] {processor.py:162} INFO - Started process (PID=25670) to work on /home/wilson/Documentos/alura/datapipeline/env/lib/python3.8/site-packages/airflow/example_dags/example_short_circuit_operator.py
[2021-09-20 02:08:28,858] {processor.py:613} INFO - Processing file /home/wilson/Documentos/alura/datapipeline/env/lib/python3.8/site-packages/airflow/example_dags/example_short_circuit_operator.py for tasks to queue
[2021-09-20 02:08:28,859] {logging_mixin.py:109} INFO - [2021-09-20 02:08:28,859] {dagbag.py:496} INFO - Filling up the DagBag from /home/wilson/Documentos/alura/datapipeline/env/lib/python3.8/site-packages/airflow/example_dags/example_short_circuit_operator.py
[2021-09-20 02:08:28,875] {processor.py:623} INFO - DAG(s) dict_keys(['example_short_circuit_operator']) retrieved from /home/wilson/Documentos/alura/datapipeline/env/lib/python3.8/site-packages/airflow/example_dags/example_short_circuit_operator.py
[2021-09-20 02:08:28,894] {logging_mixin.py:109} INFO - [2021-09-20 02:08:28,893] {dag.py:1834} INFO - Sync 1 DAGs
[2021-09-20 02:08:28,905] {logging_mixin.py:109} INFO - [2021-09-20 02:08:28,905] {dag.py:2287} INFO - Setting next_dagrun for example_short_circuit_operator to 2021-09-18 00:00:00+00:00
[2021-09-20 02:08:28,920] {processor.py:170} INFO - Processing /home/wilson/Documentos/alura/datapipeline/env/lib/python3.8/site-packages/airflow/example_dags/example_short_circuit_operator.py took 0.068 seconds
[2021-09-20 02:09:05,539] {processor.py:162} INFO - Started process (PID=25893) to work on /home/wilson/Documentos/alura/datapipeline/env/lib/python3.8/site-packages/airflow/example_dags/example_short_circuit_operator.py
[2021-09-20 02:09:05,549] {processor.py:613} INFO - Processing file /home/wilson/Documentos/alura/datapipeline/env/lib/python3.8/site-packages/airflow/example_dags/example_short_circuit_operator.py for tasks to queue
[2021-09-20 02:09:05,550] {logging_mixin.py:109} INFO - [2021-09-20 02:09:05,550] {dagbag.py:496} INFO - Filling up the DagBag from /home/wilson/Documentos/alura/datapipeline/env/lib/python3.8/site-packages/airflow/example_dags/example_short_circuit_operator.py
[2021-09-20 02:09:05,610] {processor.py:623} INFO - DAG(s) dict_keys(['example_short_circuit_operator']) retrieved from /home/wilson/Documentos/alura/datapipeline/env/lib/python3.8/site-packages/airflow/example_dags/example_short_circuit_operator.py
[2021-09-20 02:09:05,666] {logging_mixin.py:109} INFO - [2021-09-20 02:09:05,666] {dag.py:1834} INFO - Sync 1 DAGs
[2021-09-20 02:09:05,703] {logging_mixin.py:109} INFO - [2021-09-20 02:09:05,702] {dag.py:2287} INFO - Setting next_dagrun for example_short_circuit_operator to 2021-09-18 00:00:00+00:00
[2021-09-20 02:09:05,740] {processor.py:170} INFO - Processing /home/wilson/Documentos/alura/datapipeline/env/lib/python3.8/site-packages/airflow/example_dags/example_short_circuit_operator.py took 0.215 seconds
