[2021-09-20 02:00:02,442] {processor.py:162} INFO - Started process (PID=23716) to work on /home/wilson/Documentos/alura/datapipeline/env/lib/python3.8/site-packages/airflow/example_dags/example_bash_operator.py
[2021-09-20 02:00:02,443] {processor.py:613} INFO - Processing file /home/wilson/Documentos/alura/datapipeline/env/lib/python3.8/site-packages/airflow/example_dags/example_bash_operator.py for tasks to queue
[2021-09-20 02:00:02,444] {logging_mixin.py:109} INFO - [2021-09-20 02:00:02,444] {dagbag.py:496} INFO - Filling up the DagBag from /home/wilson/Documentos/alura/datapipeline/env/lib/python3.8/site-packages/airflow/example_dags/example_bash_operator.py
[2021-09-20 02:00:02,475] {processor.py:623} INFO - DAG(s) dict_keys(['example_bash_operator']) retrieved from /home/wilson/Documentos/alura/datapipeline/env/lib/python3.8/site-packages/airflow/example_dags/example_bash_operator.py
[2021-09-20 02:00:02,503] {logging_mixin.py:109} INFO - [2021-09-20 02:00:02,503] {dag.py:1834} INFO - Sync 1 DAGs
[2021-09-20 02:00:02,532] {logging_mixin.py:109} INFO - [2021-09-20 02:00:02,532] {dag.py:2287} INFO - Setting next_dagrun for example_bash_operator to 2021-09-18 00:00:00+00:00
[2021-09-20 02:00:02,562] {processor.py:170} INFO - Processing /home/wilson/Documentos/alura/datapipeline/env/lib/python3.8/site-packages/airflow/example_dags/example_bash_operator.py took 0.136 seconds
[2021-09-20 02:00:43,977] {processor.py:162} INFO - Started process (PID=23880) to work on /home/wilson/Documentos/alura/datapipeline/env/lib/python3.8/site-packages/airflow/example_dags/example_bash_operator.py
[2021-09-20 02:00:43,979] {processor.py:613} INFO - Processing file /home/wilson/Documentos/alura/datapipeline/env/lib/python3.8/site-packages/airflow/example_dags/example_bash_operator.py for tasks to queue
[2021-09-20 02:00:43,980] {logging_mixin.py:109} INFO - [2021-09-20 02:00:43,980] {dagbag.py:496} INFO - Filling up the DagBag from /home/wilson/Documentos/alura/datapipeline/env/lib/python3.8/site-packages/airflow/example_dags/example_bash_operator.py
[2021-09-20 02:00:43,999] {processor.py:623} INFO - DAG(s) dict_keys(['example_bash_operator']) retrieved from /home/wilson/Documentos/alura/datapipeline/env/lib/python3.8/site-packages/airflow/example_dags/example_bash_operator.py
[2021-09-20 02:00:44,017] {logging_mixin.py:109} INFO - [2021-09-20 02:00:44,017] {dag.py:1834} INFO - Sync 1 DAGs
[2021-09-20 02:00:44,032] {logging_mixin.py:109} INFO - [2021-09-20 02:00:44,032] {dag.py:2287} INFO - Setting next_dagrun for example_bash_operator to 2021-09-18 00:00:00+00:00
[2021-09-20 02:00:44,048] {processor.py:170} INFO - Processing /home/wilson/Documentos/alura/datapipeline/env/lib/python3.8/site-packages/airflow/example_dags/example_bash_operator.py took 0.075 seconds
[2021-09-20 02:01:21,131] {processor.py:162} INFO - Started process (PID=24039) to work on /home/wilson/Documentos/alura/datapipeline/env/lib/python3.8/site-packages/airflow/example_dags/example_bash_operator.py
[2021-09-20 02:01:21,134] {processor.py:613} INFO - Processing file /home/wilson/Documentos/alura/datapipeline/env/lib/python3.8/site-packages/airflow/example_dags/example_bash_operator.py for tasks to queue
[2021-09-20 02:01:21,134] {logging_mixin.py:109} INFO - [2021-09-20 02:01:21,134] {dagbag.py:496} INFO - Filling up the DagBag from /home/wilson/Documentos/alura/datapipeline/env/lib/python3.8/site-packages/airflow/example_dags/example_bash_operator.py
[2021-09-20 02:01:21,150] {processor.py:623} INFO - DAG(s) dict_keys(['example_bash_operator']) retrieved from /home/wilson/Documentos/alura/datapipeline/env/lib/python3.8/site-packages/airflow/example_dags/example_bash_operator.py
[2021-09-20 02:01:21,166] {logging_mixin.py:109} INFO - [2021-09-20 02:01:21,166] {dag.py:1834} INFO - Sync 1 DAGs
[2021-09-20 02:01:21,182] {logging_mixin.py:109} INFO - [2021-09-20 02:01:21,182] {dag.py:2287} INFO - Setting next_dagrun for example_bash_operator to 2021-09-18 00:00:00+00:00
[2021-09-20 02:01:21,197] {processor.py:170} INFO - Processing /home/wilson/Documentos/alura/datapipeline/env/lib/python3.8/site-packages/airflow/example_dags/example_bash_operator.py took 0.070 seconds
[2021-09-20 02:02:34,005] {processor.py:162} INFO - Started process (PID=24317) to work on /home/wilson/Documentos/alura/datapipeline/env/lib/python3.8/site-packages/airflow/example_dags/example_bash_operator.py
[2021-09-20 02:02:34,007] {processor.py:613} INFO - Processing file /home/wilson/Documentos/alura/datapipeline/env/lib/python3.8/site-packages/airflow/example_dags/example_bash_operator.py for tasks to queue
[2021-09-20 02:02:34,008] {logging_mixin.py:109} INFO - [2021-09-20 02:02:34,008] {dagbag.py:496} INFO - Filling up the DagBag from /home/wilson/Documentos/alura/datapipeline/env/lib/python3.8/site-packages/airflow/example_dags/example_bash_operator.py
[2021-09-20 02:02:34,025] {processor.py:623} INFO - DAG(s) dict_keys(['example_bash_operator']) retrieved from /home/wilson/Documentos/alura/datapipeline/env/lib/python3.8/site-packages/airflow/example_dags/example_bash_operator.py
[2021-09-20 02:02:34,046] {logging_mixin.py:109} INFO - [2021-09-20 02:02:34,046] {dag.py:1834} INFO - Sync 1 DAGs
[2021-09-20 02:02:34,061] {logging_mixin.py:109} INFO - [2021-09-20 02:02:34,061] {dag.py:2287} INFO - Setting next_dagrun for example_bash_operator to 2021-09-18 00:00:00+00:00
[2021-09-20 02:02:34,077] {processor.py:170} INFO - Processing /home/wilson/Documentos/alura/datapipeline/env/lib/python3.8/site-packages/airflow/example_dags/example_bash_operator.py took 0.076 seconds
[2021-09-20 02:03:14,815] {processor.py:162} INFO - Started process (PID=24477) to work on /home/wilson/Documentos/alura/datapipeline/env/lib/python3.8/site-packages/airflow/example_dags/example_bash_operator.py
[2021-09-20 02:03:14,821] {processor.py:613} INFO - Processing file /home/wilson/Documentos/alura/datapipeline/env/lib/python3.8/site-packages/airflow/example_dags/example_bash_operator.py for tasks to queue
[2021-09-20 02:03:14,822] {logging_mixin.py:109} INFO - [2021-09-20 02:03:14,821] {dagbag.py:496} INFO - Filling up the DagBag from /home/wilson/Documentos/alura/datapipeline/env/lib/python3.8/site-packages/airflow/example_dags/example_bash_operator.py
[2021-09-20 02:03:14,841] {processor.py:623} INFO - DAG(s) dict_keys(['example_bash_operator']) retrieved from /home/wilson/Documentos/alura/datapipeline/env/lib/python3.8/site-packages/airflow/example_dags/example_bash_operator.py
[2021-09-20 02:03:14,866] {logging_mixin.py:109} INFO - [2021-09-20 02:03:14,866] {dag.py:1834} INFO - Sync 1 DAGs
[2021-09-20 02:03:14,888] {logging_mixin.py:109} INFO - [2021-09-20 02:03:14,888] {dag.py:2287} INFO - Setting next_dagrun for example_bash_operator to 2021-09-18 00:00:00+00:00
[2021-09-20 02:03:14,904] {processor.py:170} INFO - Processing /home/wilson/Documentos/alura/datapipeline/env/lib/python3.8/site-packages/airflow/example_dags/example_bash_operator.py took 0.094 seconds
[2021-09-20 02:03:58,126] {processor.py:162} INFO - Started process (PID=24638) to work on /home/wilson/Documentos/alura/datapipeline/env/lib/python3.8/site-packages/airflow/example_dags/example_bash_operator.py
[2021-09-20 02:03:58,127] {processor.py:613} INFO - Processing file /home/wilson/Documentos/alura/datapipeline/env/lib/python3.8/site-packages/airflow/example_dags/example_bash_operator.py for tasks to queue
[2021-09-20 02:03:58,128] {logging_mixin.py:109} INFO - [2021-09-20 02:03:58,128] {dagbag.py:496} INFO - Filling up the DagBag from /home/wilson/Documentos/alura/datapipeline/env/lib/python3.8/site-packages/airflow/example_dags/example_bash_operator.py
[2021-09-20 02:03:58,160] {processor.py:623} INFO - DAG(s) dict_keys(['example_bash_operator']) retrieved from /home/wilson/Documentos/alura/datapipeline/env/lib/python3.8/site-packages/airflow/example_dags/example_bash_operator.py
[2021-09-20 02:03:58,189] {logging_mixin.py:109} INFO - [2021-09-20 02:03:58,189] {dag.py:1834} INFO - Sync 1 DAGs
[2021-09-20 02:03:58,206] {logging_mixin.py:109} INFO - [2021-09-20 02:03:58,206] {dag.py:2287} INFO - Setting next_dagrun for example_bash_operator to 2021-09-18 00:00:00+00:00
[2021-09-20 02:03:58,224] {processor.py:170} INFO - Processing /home/wilson/Documentos/alura/datapipeline/env/lib/python3.8/site-packages/airflow/example_dags/example_bash_operator.py took 0.106 seconds
[2021-09-20 02:04:39,702] {processor.py:162} INFO - Started process (PID=24798) to work on /home/wilson/Documentos/alura/datapipeline/env/lib/python3.8/site-packages/airflow/example_dags/example_bash_operator.py
[2021-09-20 02:04:39,709] {processor.py:613} INFO - Processing file /home/wilson/Documentos/alura/datapipeline/env/lib/python3.8/site-packages/airflow/example_dags/example_bash_operator.py for tasks to queue
[2021-09-20 02:04:39,710] {logging_mixin.py:109} INFO - [2021-09-20 02:04:39,709] {dagbag.py:496} INFO - Filling up the DagBag from /home/wilson/Documentos/alura/datapipeline/env/lib/python3.8/site-packages/airflow/example_dags/example_bash_operator.py
[2021-09-20 02:04:39,751] {processor.py:623} INFO - DAG(s) dict_keys(['example_bash_operator']) retrieved from /home/wilson/Documentos/alura/datapipeline/env/lib/python3.8/site-packages/airflow/example_dags/example_bash_operator.py
[2021-09-20 02:04:39,794] {logging_mixin.py:109} INFO - [2021-09-20 02:04:39,793] {dag.py:1834} INFO - Sync 1 DAGs
[2021-09-20 02:04:39,831] {logging_mixin.py:109} INFO - [2021-09-20 02:04:39,830] {dag.py:2287} INFO - Setting next_dagrun for example_bash_operator to 2021-09-18 00:00:00+00:00
[2021-09-20 02:04:39,855] {processor.py:170} INFO - Processing /home/wilson/Documentos/alura/datapipeline/env/lib/python3.8/site-packages/airflow/example_dags/example_bash_operator.py took 0.175 seconds
[2021-09-20 02:05:34,568] {processor.py:162} INFO - Started process (PID=24986) to work on /home/wilson/Documentos/alura/datapipeline/env/lib/python3.8/site-packages/airflow/example_dags/example_bash_operator.py
[2021-09-20 02:05:34,572] {processor.py:613} INFO - Processing file /home/wilson/Documentos/alura/datapipeline/env/lib/python3.8/site-packages/airflow/example_dags/example_bash_operator.py for tasks to queue
[2021-09-20 02:05:34,574] {logging_mixin.py:109} INFO - [2021-09-20 02:05:34,573] {dagbag.py:496} INFO - Filling up the DagBag from /home/wilson/Documentos/alura/datapipeline/env/lib/python3.8/site-packages/airflow/example_dags/example_bash_operator.py
[2021-09-20 02:05:34,608] {processor.py:623} INFO - DAG(s) dict_keys(['example_bash_operator']) retrieved from /home/wilson/Documentos/alura/datapipeline/env/lib/python3.8/site-packages/airflow/example_dags/example_bash_operator.py
[2021-09-20 02:05:34,634] {logging_mixin.py:109} INFO - [2021-09-20 02:05:34,634] {dag.py:1834} INFO - Sync 1 DAGs
[2021-09-20 02:05:34,656] {logging_mixin.py:109} INFO - [2021-09-20 02:05:34,656] {dag.py:2287} INFO - Setting next_dagrun for example_bash_operator to 2021-09-18 00:00:00+00:00
[2021-09-20 02:05:34,676] {processor.py:170} INFO - Processing /home/wilson/Documentos/alura/datapipeline/env/lib/python3.8/site-packages/airflow/example_dags/example_bash_operator.py took 0.125 seconds
[2021-09-20 02:06:20,307] {processor.py:162} INFO - Started process (PID=25163) to work on /home/wilson/Documentos/alura/datapipeline/env/lib/python3.8/site-packages/airflow/example_dags/example_bash_operator.py
[2021-09-20 02:06:20,309] {processor.py:613} INFO - Processing file /home/wilson/Documentos/alura/datapipeline/env/lib/python3.8/site-packages/airflow/example_dags/example_bash_operator.py for tasks to queue
[2021-09-20 02:06:20,310] {logging_mixin.py:109} INFO - [2021-09-20 02:06:20,310] {dagbag.py:496} INFO - Filling up the DagBag from /home/wilson/Documentos/alura/datapipeline/env/lib/python3.8/site-packages/airflow/example_dags/example_bash_operator.py
[2021-09-20 02:06:20,328] {processor.py:623} INFO - DAG(s) dict_keys(['example_bash_operator']) retrieved from /home/wilson/Documentos/alura/datapipeline/env/lib/python3.8/site-packages/airflow/example_dags/example_bash_operator.py
[2021-09-20 02:06:20,348] {logging_mixin.py:109} INFO - [2021-09-20 02:06:20,348] {dag.py:1834} INFO - Sync 1 DAGs
[2021-09-20 02:06:20,363] {logging_mixin.py:109} INFO - [2021-09-20 02:06:20,362] {dag.py:2287} INFO - Setting next_dagrun for example_bash_operator to 2021-09-18 00:00:00+00:00
[2021-09-20 02:06:20,379] {processor.py:170} INFO - Processing /home/wilson/Documentos/alura/datapipeline/env/lib/python3.8/site-packages/airflow/example_dags/example_bash_operator.py took 0.078 seconds
[2021-09-20 02:07:26,373] {processor.py:162} INFO - Started process (PID=25407) to work on /home/wilson/Documentos/alura/datapipeline/env/lib/python3.8/site-packages/airflow/example_dags/example_bash_operator.py
[2021-09-20 02:07:26,378] {processor.py:613} INFO - Processing file /home/wilson/Documentos/alura/datapipeline/env/lib/python3.8/site-packages/airflow/example_dags/example_bash_operator.py for tasks to queue
[2021-09-20 02:07:26,379] {logging_mixin.py:109} INFO - [2021-09-20 02:07:26,379] {dagbag.py:496} INFO - Filling up the DagBag from /home/wilson/Documentos/alura/datapipeline/env/lib/python3.8/site-packages/airflow/example_dags/example_bash_operator.py
[2021-09-20 02:07:26,475] {processor.py:623} INFO - DAG(s) dict_keys(['example_bash_operator']) retrieved from /home/wilson/Documentos/alura/datapipeline/env/lib/python3.8/site-packages/airflow/example_dags/example_bash_operator.py
[2021-09-20 02:07:26,562] {logging_mixin.py:109} INFO - [2021-09-20 02:07:26,562] {dag.py:1834} INFO - Sync 1 DAGs
[2021-09-20 02:07:26,639] {logging_mixin.py:109} INFO - [2021-09-20 02:07:26,639] {dag.py:2287} INFO - Setting next_dagrun for example_bash_operator to 2021-09-18 00:00:00+00:00
[2021-09-20 02:07:26,686] {processor.py:170} INFO - Processing /home/wilson/Documentos/alura/datapipeline/env/lib/python3.8/site-packages/airflow/example_dags/example_bash_operator.py took 0.346 seconds
[2021-09-20 02:08:09,821] {processor.py:162} INFO - Started process (PID=25587) to work on /home/wilson/Documentos/alura/datapipeline/env/lib/python3.8/site-packages/airflow/example_dags/example_bash_operator.py
[2021-09-20 02:08:09,831] {processor.py:613} INFO - Processing file /home/wilson/Documentos/alura/datapipeline/env/lib/python3.8/site-packages/airflow/example_dags/example_bash_operator.py for tasks to queue
[2021-09-20 02:08:09,832] {logging_mixin.py:109} INFO - [2021-09-20 02:08:09,831] {dagbag.py:496} INFO - Filling up the DagBag from /home/wilson/Documentos/alura/datapipeline/env/lib/python3.8/site-packages/airflow/example_dags/example_bash_operator.py
[2021-09-20 02:08:09,878] {processor.py:623} INFO - DAG(s) dict_keys(['example_bash_operator']) retrieved from /home/wilson/Documentos/alura/datapipeline/env/lib/python3.8/site-packages/airflow/example_dags/example_bash_operator.py
[2021-09-20 02:08:09,911] {logging_mixin.py:109} INFO - [2021-09-20 02:08:09,911] {dag.py:1834} INFO - Sync 1 DAGs
[2021-09-20 02:08:09,938] {logging_mixin.py:109} INFO - [2021-09-20 02:08:09,938] {dag.py:2287} INFO - Setting next_dagrun for example_bash_operator to 2021-09-18 00:00:00+00:00
[2021-09-20 02:08:09,966] {processor.py:170} INFO - Processing /home/wilson/Documentos/alura/datapipeline/env/lib/python3.8/site-packages/airflow/example_dags/example_bash_operator.py took 0.154 seconds
[2021-09-20 02:08:49,491] {processor.py:162} INFO - Started process (PID=25804) to work on /home/wilson/Documentos/alura/datapipeline/env/lib/python3.8/site-packages/airflow/example_dags/example_bash_operator.py
[2021-09-20 02:08:49,493] {processor.py:613} INFO - Processing file /home/wilson/Documentos/alura/datapipeline/env/lib/python3.8/site-packages/airflow/example_dags/example_bash_operator.py for tasks to queue
[2021-09-20 02:08:49,494] {logging_mixin.py:109} INFO - [2021-09-20 02:08:49,494] {dagbag.py:496} INFO - Filling up the DagBag from /home/wilson/Documentos/alura/datapipeline/env/lib/python3.8/site-packages/airflow/example_dags/example_bash_operator.py
[2021-09-20 02:08:49,542] {processor.py:623} INFO - DAG(s) dict_keys(['example_bash_operator']) retrieved from /home/wilson/Documentos/alura/datapipeline/env/lib/python3.8/site-packages/airflow/example_dags/example_bash_operator.py
[2021-09-20 02:08:49,599] {logging_mixin.py:109} INFO - [2021-09-20 02:08:49,599] {dag.py:1834} INFO - Sync 1 DAGs
[2021-09-20 02:08:49,643] {logging_mixin.py:109} INFO - [2021-09-20 02:08:49,643] {dag.py:2287} INFO - Setting next_dagrun for example_bash_operator to 2021-09-18 00:00:00+00:00
[2021-09-20 02:08:49,682] {processor.py:170} INFO - Processing /home/wilson/Documentos/alura/datapipeline/env/lib/python3.8/site-packages/airflow/example_dags/example_bash_operator.py took 0.197 seconds
