[2021-09-20 01:59:43,544] {processor.py:162} INFO - Started process (PID=23635) to work on /home/wilson/Documentos/alura/datapipeline/env/lib/python3.8/site-packages/airflow/example_dags/example_latest_only_with_trigger.py
[2021-09-20 01:59:43,562] {processor.py:613} INFO - Processing file /home/wilson/Documentos/alura/datapipeline/env/lib/python3.8/site-packages/airflow/example_dags/example_latest_only_with_trigger.py for tasks to queue
[2021-09-20 01:59:43,562] {logging_mixin.py:109} INFO - [2021-09-20 01:59:43,562] {dagbag.py:496} INFO - Filling up the DagBag from /home/wilson/Documentos/alura/datapipeline/env/lib/python3.8/site-packages/airflow/example_dags/example_latest_only_with_trigger.py
[2021-09-20 01:59:43,612] {processor.py:623} INFO - DAG(s) dict_keys(['latest_only_with_trigger']) retrieved from /home/wilson/Documentos/alura/datapipeline/env/lib/python3.8/site-packages/airflow/example_dags/example_latest_only_with_trigger.py
[2021-09-20 01:59:43,692] {logging_mixin.py:109} INFO - [2021-09-20 01:59:43,691] {dag.py:1834} INFO - Sync 1 DAGs
[2021-09-20 01:59:43,779] {logging_mixin.py:109} INFO - [2021-09-20 01:59:43,779] {dag.py:2287} INFO - Setting next_dagrun for latest_only_with_trigger to 2021-09-18 00:00:00+00:00
[2021-09-20 01:59:43,828] {processor.py:170} INFO - Processing /home/wilson/Documentos/alura/datapipeline/env/lib/python3.8/site-packages/airflow/example_dags/example_latest_only_with_trigger.py took 0.300 seconds
[2021-09-20 02:00:26,521] {processor.py:162} INFO - Started process (PID=23814) to work on /home/wilson/Documentos/alura/datapipeline/env/lib/python3.8/site-packages/airflow/example_dags/example_latest_only_with_trigger.py
[2021-09-20 02:00:26,523] {processor.py:613} INFO - Processing file /home/wilson/Documentos/alura/datapipeline/env/lib/python3.8/site-packages/airflow/example_dags/example_latest_only_with_trigger.py for tasks to queue
[2021-09-20 02:00:26,524] {logging_mixin.py:109} INFO - [2021-09-20 02:00:26,524] {dagbag.py:496} INFO - Filling up the DagBag from /home/wilson/Documentos/alura/datapipeline/env/lib/python3.8/site-packages/airflow/example_dags/example_latest_only_with_trigger.py
[2021-09-20 02:00:26,546] {processor.py:623} INFO - DAG(s) dict_keys(['latest_only_with_trigger']) retrieved from /home/wilson/Documentos/alura/datapipeline/env/lib/python3.8/site-packages/airflow/example_dags/example_latest_only_with_trigger.py
[2021-09-20 02:00:26,568] {logging_mixin.py:109} INFO - [2021-09-20 02:00:26,568] {dag.py:1834} INFO - Sync 1 DAGs
[2021-09-20 02:00:26,602] {logging_mixin.py:109} INFO - [2021-09-20 02:00:26,600] {dag.py:2287} INFO - Setting next_dagrun for latest_only_with_trigger to 2021-09-18 00:00:00+00:00
[2021-09-20 02:00:26,631] {processor.py:170} INFO - Processing /home/wilson/Documentos/alura/datapipeline/env/lib/python3.8/site-packages/airflow/example_dags/example_latest_only_with_trigger.py took 0.114 seconds
[2021-09-20 02:01:06,536] {processor.py:162} INFO - Started process (PID=23972) to work on /home/wilson/Documentos/alura/datapipeline/env/lib/python3.8/site-packages/airflow/example_dags/example_latest_only_with_trigger.py
[2021-09-20 02:01:06,538] {processor.py:613} INFO - Processing file /home/wilson/Documentos/alura/datapipeline/env/lib/python3.8/site-packages/airflow/example_dags/example_latest_only_with_trigger.py for tasks to queue
[2021-09-20 02:01:06,539] {logging_mixin.py:109} INFO - [2021-09-20 02:01:06,539] {dagbag.py:496} INFO - Filling up the DagBag from /home/wilson/Documentos/alura/datapipeline/env/lib/python3.8/site-packages/airflow/example_dags/example_latest_only_with_trigger.py
[2021-09-20 02:01:06,552] {processor.py:623} INFO - DAG(s) dict_keys(['latest_only_with_trigger']) retrieved from /home/wilson/Documentos/alura/datapipeline/env/lib/python3.8/site-packages/airflow/example_dags/example_latest_only_with_trigger.py
[2021-09-20 02:01:06,569] {logging_mixin.py:109} INFO - [2021-09-20 02:01:06,569] {dag.py:1834} INFO - Sync 1 DAGs
[2021-09-20 02:01:06,582] {logging_mixin.py:109} INFO - [2021-09-20 02:01:06,582] {dag.py:2287} INFO - Setting next_dagrun for latest_only_with_trigger to 2021-09-18 00:00:00+00:00
[2021-09-20 02:01:06,597] {processor.py:170} INFO - Processing /home/wilson/Documentos/alura/datapipeline/env/lib/python3.8/site-packages/airflow/example_dags/example_latest_only_with_trigger.py took 0.064 seconds
[2021-09-20 02:01:44,474] {processor.py:162} INFO - Started process (PID=24130) to work on /home/wilson/Documentos/alura/datapipeline/env/lib/python3.8/site-packages/airflow/example_dags/example_latest_only_with_trigger.py
[2021-09-20 02:01:44,476] {processor.py:613} INFO - Processing file /home/wilson/Documentos/alura/datapipeline/env/lib/python3.8/site-packages/airflow/example_dags/example_latest_only_with_trigger.py for tasks to queue
[2021-09-20 02:01:44,485] {logging_mixin.py:109} INFO - [2021-09-20 02:01:44,485] {dagbag.py:496} INFO - Filling up the DagBag from /home/wilson/Documentos/alura/datapipeline/env/lib/python3.8/site-packages/airflow/example_dags/example_latest_only_with_trigger.py
[2021-09-20 02:01:44,515] {processor.py:623} INFO - DAG(s) dict_keys(['latest_only_with_trigger']) retrieved from /home/wilson/Documentos/alura/datapipeline/env/lib/python3.8/site-packages/airflow/example_dags/example_latest_only_with_trigger.py
[2021-09-20 02:01:44,555] {logging_mixin.py:109} INFO - [2021-09-20 02:01:44,555] {dag.py:1834} INFO - Sync 1 DAGs
[2021-09-20 02:01:44,587] {logging_mixin.py:109} INFO - [2021-09-20 02:01:44,587] {dag.py:2287} INFO - Setting next_dagrun for latest_only_with_trigger to 2021-09-18 00:00:00+00:00
[2021-09-20 02:01:44,613] {processor.py:170} INFO - Processing /home/wilson/Documentos/alura/datapipeline/env/lib/python3.8/site-packages/airflow/example_dags/example_latest_only_with_trigger.py took 0.150 seconds
[2021-09-20 02:02:39,173] {processor.py:162} INFO - Started process (PID=24341) to work on /home/wilson/Documentos/alura/datapipeline/env/lib/python3.8/site-packages/airflow/example_dags/example_latest_only_with_trigger.py
[2021-09-20 02:02:39,182] {processor.py:613} INFO - Processing file /home/wilson/Documentos/alura/datapipeline/env/lib/python3.8/site-packages/airflow/example_dags/example_latest_only_with_trigger.py for tasks to queue
[2021-09-20 02:02:39,182] {logging_mixin.py:109} INFO - [2021-09-20 02:02:39,182] {dagbag.py:496} INFO - Filling up the DagBag from /home/wilson/Documentos/alura/datapipeline/env/lib/python3.8/site-packages/airflow/example_dags/example_latest_only_with_trigger.py
[2021-09-20 02:02:39,204] {processor.py:623} INFO - DAG(s) dict_keys(['latest_only_with_trigger']) retrieved from /home/wilson/Documentos/alura/datapipeline/env/lib/python3.8/site-packages/airflow/example_dags/example_latest_only_with_trigger.py
[2021-09-20 02:02:39,244] {logging_mixin.py:109} INFO - [2021-09-20 02:02:39,244] {dag.py:1834} INFO - Sync 1 DAGs
[2021-09-20 02:02:39,266] {logging_mixin.py:109} INFO - [2021-09-20 02:02:39,266] {dag.py:2287} INFO - Setting next_dagrun for latest_only_with_trigger to 2021-09-18 00:00:00+00:00
[2021-09-20 02:02:39,305] {processor.py:170} INFO - Processing /home/wilson/Documentos/alura/datapipeline/env/lib/python3.8/site-packages/airflow/example_dags/example_latest_only_with_trigger.py took 0.139 seconds
[2021-09-20 02:03:10,215] {processor.py:162} INFO - Started process (PID=24460) to work on /home/wilson/Documentos/alura/datapipeline/env/lib/python3.8/site-packages/airflow/example_dags/example_latest_only_with_trigger.py
[2021-09-20 02:03:10,239] {processor.py:613} INFO - Processing file /home/wilson/Documentos/alura/datapipeline/env/lib/python3.8/site-packages/airflow/example_dags/example_latest_only_with_trigger.py for tasks to queue
[2021-09-20 02:03:10,240] {logging_mixin.py:109} INFO - [2021-09-20 02:03:10,240] {dagbag.py:496} INFO - Filling up the DagBag from /home/wilson/Documentos/alura/datapipeline/env/lib/python3.8/site-packages/airflow/example_dags/example_latest_only_with_trigger.py
[2021-09-20 02:03:10,255] {processor.py:623} INFO - DAG(s) dict_keys(['latest_only_with_trigger']) retrieved from /home/wilson/Documentos/alura/datapipeline/env/lib/python3.8/site-packages/airflow/example_dags/example_latest_only_with_trigger.py
[2021-09-20 02:03:10,297] {logging_mixin.py:109} INFO - [2021-09-20 02:03:10,297] {dag.py:1834} INFO - Sync 1 DAGs
[2021-09-20 02:03:10,338] {logging_mixin.py:109} INFO - [2021-09-20 02:03:10,337] {dag.py:2287} INFO - Setting next_dagrun for latest_only_with_trigger to 2021-09-18 00:00:00+00:00
[2021-09-20 02:03:10,443] {processor.py:170} INFO - Processing /home/wilson/Documentos/alura/datapipeline/env/lib/python3.8/site-packages/airflow/example_dags/example_latest_only_with_trigger.py took 0.232 seconds
[2021-09-20 02:03:52,101] {processor.py:162} INFO - Started process (PID=24616) to work on /home/wilson/Documentos/alura/datapipeline/env/lib/python3.8/site-packages/airflow/example_dags/example_latest_only_with_trigger.py
[2021-09-20 02:03:52,111] {processor.py:613} INFO - Processing file /home/wilson/Documentos/alura/datapipeline/env/lib/python3.8/site-packages/airflow/example_dags/example_latest_only_with_trigger.py for tasks to queue
[2021-09-20 02:03:52,121] {logging_mixin.py:109} INFO - [2021-09-20 02:03:52,121] {dagbag.py:496} INFO - Filling up the DagBag from /home/wilson/Documentos/alura/datapipeline/env/lib/python3.8/site-packages/airflow/example_dags/example_latest_only_with_trigger.py
[2021-09-20 02:03:52,175] {processor.py:623} INFO - DAG(s) dict_keys(['latest_only_with_trigger']) retrieved from /home/wilson/Documentos/alura/datapipeline/env/lib/python3.8/site-packages/airflow/example_dags/example_latest_only_with_trigger.py
[2021-09-20 02:03:52,264] {logging_mixin.py:109} INFO - [2021-09-20 02:03:52,264] {dag.py:1834} INFO - Sync 1 DAGs
[2021-09-20 02:03:52,306] {logging_mixin.py:109} INFO - [2021-09-20 02:03:52,306] {dag.py:2287} INFO - Setting next_dagrun for latest_only_with_trigger to 2021-09-18 00:00:00+00:00
[2021-09-20 02:03:52,358] {processor.py:170} INFO - Processing /home/wilson/Documentos/alura/datapipeline/env/lib/python3.8/site-packages/airflow/example_dags/example_latest_only_with_trigger.py took 0.278 seconds
[2021-09-20 02:04:34,392] {processor.py:162} INFO - Started process (PID=24776) to work on /home/wilson/Documentos/alura/datapipeline/env/lib/python3.8/site-packages/airflow/example_dags/example_latest_only_with_trigger.py
[2021-09-20 02:04:34,395] {processor.py:613} INFO - Processing file /home/wilson/Documentos/alura/datapipeline/env/lib/python3.8/site-packages/airflow/example_dags/example_latest_only_with_trigger.py for tasks to queue
[2021-09-20 02:04:34,396] {logging_mixin.py:109} INFO - [2021-09-20 02:04:34,396] {dagbag.py:496} INFO - Filling up the DagBag from /home/wilson/Documentos/alura/datapipeline/env/lib/python3.8/site-packages/airflow/example_dags/example_latest_only_with_trigger.py
[2021-09-20 02:04:34,414] {processor.py:623} INFO - DAG(s) dict_keys(['latest_only_with_trigger']) retrieved from /home/wilson/Documentos/alura/datapipeline/env/lib/python3.8/site-packages/airflow/example_dags/example_latest_only_with_trigger.py
[2021-09-20 02:04:34,430] {logging_mixin.py:109} INFO - [2021-09-20 02:04:34,430] {dag.py:1834} INFO - Sync 1 DAGs
[2021-09-20 02:04:34,440] {logging_mixin.py:109} INFO - [2021-09-20 02:04:34,440] {dag.py:2287} INFO - Setting next_dagrun for latest_only_with_trigger to 2021-09-18 00:00:00+00:00
[2021-09-20 02:04:34,461] {processor.py:170} INFO - Processing /home/wilson/Documentos/alura/datapipeline/env/lib/python3.8/site-packages/airflow/example_dags/example_latest_only_with_trigger.py took 0.073 seconds
[2021-09-20 02:05:13,762] {processor.py:162} INFO - Started process (PID=24924) to work on /home/wilson/Documentos/alura/datapipeline/env/lib/python3.8/site-packages/airflow/example_dags/example_latest_only_with_trigger.py
[2021-09-20 02:05:13,764] {processor.py:613} INFO - Processing file /home/wilson/Documentos/alura/datapipeline/env/lib/python3.8/site-packages/airflow/example_dags/example_latest_only_with_trigger.py for tasks to queue
[2021-09-20 02:05:13,766] {logging_mixin.py:109} INFO - [2021-09-20 02:05:13,764] {dagbag.py:496} INFO - Filling up the DagBag from /home/wilson/Documentos/alura/datapipeline/env/lib/python3.8/site-packages/airflow/example_dags/example_latest_only_with_trigger.py
[2021-09-20 02:05:13,796] {processor.py:623} INFO - DAG(s) dict_keys(['latest_only_with_trigger']) retrieved from /home/wilson/Documentos/alura/datapipeline/env/lib/python3.8/site-packages/airflow/example_dags/example_latest_only_with_trigger.py
[2021-09-20 02:05:13,820] {logging_mixin.py:109} INFO - [2021-09-20 02:05:13,819] {dag.py:1834} INFO - Sync 1 DAGs
[2021-09-20 02:05:13,834] {logging_mixin.py:109} INFO - [2021-09-20 02:05:13,834] {dag.py:2287} INFO - Setting next_dagrun for latest_only_with_trigger to 2021-09-18 00:00:00+00:00
[2021-09-20 02:05:13,861] {processor.py:170} INFO - Processing /home/wilson/Documentos/alura/datapipeline/env/lib/python3.8/site-packages/airflow/example_dags/example_latest_only_with_trigger.py took 0.103 seconds
[2021-09-20 02:05:59,427] {processor.py:162} INFO - Started process (PID=25077) to work on /home/wilson/Documentos/alura/datapipeline/env/lib/python3.8/site-packages/airflow/example_dags/example_latest_only_with_trigger.py
[2021-09-20 02:05:59,431] {processor.py:613} INFO - Processing file /home/wilson/Documentos/alura/datapipeline/env/lib/python3.8/site-packages/airflow/example_dags/example_latest_only_with_trigger.py for tasks to queue
[2021-09-20 02:05:59,432] {logging_mixin.py:109} INFO - [2021-09-20 02:05:59,432] {dagbag.py:496} INFO - Filling up the DagBag from /home/wilson/Documentos/alura/datapipeline/env/lib/python3.8/site-packages/airflow/example_dags/example_latest_only_with_trigger.py
[2021-09-20 02:05:59,456] {processor.py:623} INFO - DAG(s) dict_keys(['latest_only_with_trigger']) retrieved from /home/wilson/Documentos/alura/datapipeline/env/lib/python3.8/site-packages/airflow/example_dags/example_latest_only_with_trigger.py
[2021-09-20 02:05:59,475] {logging_mixin.py:109} INFO - [2021-09-20 02:05:59,475] {dag.py:1834} INFO - Sync 1 DAGs
[2021-09-20 02:05:59,489] {logging_mixin.py:109} INFO - [2021-09-20 02:05:59,489] {dag.py:2287} INFO - Setting next_dagrun for latest_only_with_trigger to 2021-09-18 00:00:00+00:00
[2021-09-20 02:05:59,512] {processor.py:170} INFO - Processing /home/wilson/Documentos/alura/datapipeline/env/lib/python3.8/site-packages/airflow/example_dags/example_latest_only_with_trigger.py took 0.090 seconds
[2021-09-20 02:06:38,370] {processor.py:162} INFO - Started process (PID=25237) to work on /home/wilson/Documentos/alura/datapipeline/env/lib/python3.8/site-packages/airflow/example_dags/example_latest_only_with_trigger.py
[2021-09-20 02:06:38,376] {processor.py:613} INFO - Processing file /home/wilson/Documentos/alura/datapipeline/env/lib/python3.8/site-packages/airflow/example_dags/example_latest_only_with_trigger.py for tasks to queue
[2021-09-20 02:06:38,379] {logging_mixin.py:109} INFO - [2021-09-20 02:06:38,378] {dagbag.py:496} INFO - Filling up the DagBag from /home/wilson/Documentos/alura/datapipeline/env/lib/python3.8/site-packages/airflow/example_dags/example_latest_only_with_trigger.py
[2021-09-20 02:06:38,392] {processor.py:623} INFO - DAG(s) dict_keys(['latest_only_with_trigger']) retrieved from /home/wilson/Documentos/alura/datapipeline/env/lib/python3.8/site-packages/airflow/example_dags/example_latest_only_with_trigger.py
[2021-09-20 02:06:38,411] {logging_mixin.py:109} INFO - [2021-09-20 02:06:38,411] {dag.py:1834} INFO - Sync 1 DAGs
[2021-09-20 02:06:38,422] {logging_mixin.py:109} INFO - [2021-09-20 02:06:38,422] {dag.py:2287} INFO - Setting next_dagrun for latest_only_with_trigger to 2021-09-18 00:00:00+00:00
[2021-09-20 02:06:38,441] {processor.py:170} INFO - Processing /home/wilson/Documentos/alura/datapipeline/env/lib/python3.8/site-packages/airflow/example_dags/example_latest_only_with_trigger.py took 0.075 seconds
[2021-09-20 02:07:35,467] {processor.py:162} INFO - Started process (PID=25444) to work on /home/wilson/Documentos/alura/datapipeline/env/lib/python3.8/site-packages/airflow/example_dags/example_latest_only_with_trigger.py
[2021-09-20 02:07:35,472] {processor.py:613} INFO - Processing file /home/wilson/Documentos/alura/datapipeline/env/lib/python3.8/site-packages/airflow/example_dags/example_latest_only_with_trigger.py for tasks to queue
[2021-09-20 02:07:35,481] {logging_mixin.py:109} INFO - [2021-09-20 02:07:35,472] {dagbag.py:496} INFO - Filling up the DagBag from /home/wilson/Documentos/alura/datapipeline/env/lib/python3.8/site-packages/airflow/example_dags/example_latest_only_with_trigger.py
[2021-09-20 02:07:35,521] {processor.py:623} INFO - DAG(s) dict_keys(['latest_only_with_trigger']) retrieved from /home/wilson/Documentos/alura/datapipeline/env/lib/python3.8/site-packages/airflow/example_dags/example_latest_only_with_trigger.py
[2021-09-20 02:07:35,559] {logging_mixin.py:109} INFO - [2021-09-20 02:07:35,559] {dag.py:1834} INFO - Sync 1 DAGs
[2021-09-20 02:07:35,599] {logging_mixin.py:109} INFO - [2021-09-20 02:07:35,599] {dag.py:2287} INFO - Setting next_dagrun for latest_only_with_trigger to 2021-09-18 00:00:00+00:00
[2021-09-20 02:07:35,633] {processor.py:170} INFO - Processing /home/wilson/Documentos/alura/datapipeline/env/lib/python3.8/site-packages/airflow/example_dags/example_latest_only_with_trigger.py took 0.175 seconds
[2021-09-20 02:08:09,222] {processor.py:162} INFO - Started process (PID=25584) to work on /home/wilson/Documentos/alura/datapipeline/env/lib/python3.8/site-packages/airflow/example_dags/example_latest_only_with_trigger.py
[2021-09-20 02:08:09,224] {processor.py:613} INFO - Processing file /home/wilson/Documentos/alura/datapipeline/env/lib/python3.8/site-packages/airflow/example_dags/example_latest_only_with_trigger.py for tasks to queue
[2021-09-20 02:08:09,225] {logging_mixin.py:109} INFO - [2021-09-20 02:08:09,224] {dagbag.py:496} INFO - Filling up the DagBag from /home/wilson/Documentos/alura/datapipeline/env/lib/python3.8/site-packages/airflow/example_dags/example_latest_only_with_trigger.py
[2021-09-20 02:08:09,279] {processor.py:623} INFO - DAG(s) dict_keys(['latest_only_with_trigger']) retrieved from /home/wilson/Documentos/alura/datapipeline/env/lib/python3.8/site-packages/airflow/example_dags/example_latest_only_with_trigger.py
[2021-09-20 02:08:09,340] {logging_mixin.py:109} INFO - [2021-09-20 02:08:09,340] {dag.py:1834} INFO - Sync 1 DAGs
[2021-09-20 02:08:09,391] {logging_mixin.py:109} INFO - [2021-09-20 02:08:09,391] {dag.py:2287} INFO - Setting next_dagrun for latest_only_with_trigger to 2021-09-18 00:00:00+00:00
[2021-09-20 02:08:09,433] {processor.py:170} INFO - Processing /home/wilson/Documentos/alura/datapipeline/env/lib/python3.8/site-packages/airflow/example_dags/example_latest_only_with_trigger.py took 0.229 seconds
[2021-09-20 02:08:42,249] {processor.py:162} INFO - Started process (PID=25738) to work on /home/wilson/Documentos/alura/datapipeline/env/lib/python3.8/site-packages/airflow/example_dags/example_latest_only_with_trigger.py
[2021-09-20 02:08:42,252] {processor.py:613} INFO - Processing file /home/wilson/Documentos/alura/datapipeline/env/lib/python3.8/site-packages/airflow/example_dags/example_latest_only_with_trigger.py for tasks to queue
[2021-09-20 02:08:42,253] {logging_mixin.py:109} INFO - [2021-09-20 02:08:42,253] {dagbag.py:496} INFO - Filling up the DagBag from /home/wilson/Documentos/alura/datapipeline/env/lib/python3.8/site-packages/airflow/example_dags/example_latest_only_with_trigger.py
[2021-09-20 02:08:42,285] {processor.py:623} INFO - DAG(s) dict_keys(['latest_only_with_trigger']) retrieved from /home/wilson/Documentos/alura/datapipeline/env/lib/python3.8/site-packages/airflow/example_dags/example_latest_only_with_trigger.py
[2021-09-20 02:08:42,356] {logging_mixin.py:109} INFO - [2021-09-20 02:08:42,356] {dag.py:1834} INFO - Sync 1 DAGs
[2021-09-20 02:08:42,465] {logging_mixin.py:109} INFO - [2021-09-20 02:08:42,452] {dag.py:2287} INFO - Setting next_dagrun for latest_only_with_trigger to 2021-09-18 00:00:00+00:00
[2021-09-20 02:08:42,525] {processor.py:170} INFO - Processing /home/wilson/Documentos/alura/datapipeline/env/lib/python3.8/site-packages/airflow/example_dags/example_latest_only_with_trigger.py took 0.284 seconds
