[2021-09-20 01:59:56,070] {processor.py:162} INFO - Started process (PID=23690) to work on /home/wilson/Documentos/alura/datapipeline/env/lib/python3.8/site-packages/airflow/example_dags/example_latest_only.py
[2021-09-20 01:59:56,072] {processor.py:613} INFO - Processing file /home/wilson/Documentos/alura/datapipeline/env/lib/python3.8/site-packages/airflow/example_dags/example_latest_only.py for tasks to queue
[2021-09-20 01:59:56,072] {logging_mixin.py:109} INFO - [2021-09-20 01:59:56,072] {dagbag.py:496} INFO - Filling up the DagBag from /home/wilson/Documentos/alura/datapipeline/env/lib/python3.8/site-packages/airflow/example_dags/example_latest_only.py
[2021-09-20 01:59:56,130] {processor.py:623} INFO - DAG(s) dict_keys(['latest_only']) retrieved from /home/wilson/Documentos/alura/datapipeline/env/lib/python3.8/site-packages/airflow/example_dags/example_latest_only.py
[2021-09-20 01:59:56,194] {logging_mixin.py:109} INFO - [2021-09-20 01:59:56,194] {dag.py:1834} INFO - Sync 1 DAGs
[2021-09-20 01:59:56,250] {logging_mixin.py:109} INFO - [2021-09-20 01:59:56,250] {dag.py:2287} INFO - Setting next_dagrun for latest_only to 2021-09-18 00:00:00+00:00
[2021-09-20 01:59:56,293] {processor.py:170} INFO - Processing /home/wilson/Documentos/alura/datapipeline/env/lib/python3.8/site-packages/airflow/example_dags/example_latest_only.py took 0.247 seconds
[2021-09-20 02:00:38,652] {processor.py:162} INFO - Started process (PID=23862) to work on /home/wilson/Documentos/alura/datapipeline/env/lib/python3.8/site-packages/airflow/example_dags/example_latest_only.py
[2021-09-20 02:00:38,654] {processor.py:613} INFO - Processing file /home/wilson/Documentos/alura/datapipeline/env/lib/python3.8/site-packages/airflow/example_dags/example_latest_only.py for tasks to queue
[2021-09-20 02:00:38,655] {logging_mixin.py:109} INFO - [2021-09-20 02:00:38,655] {dagbag.py:496} INFO - Filling up the DagBag from /home/wilson/Documentos/alura/datapipeline/env/lib/python3.8/site-packages/airflow/example_dags/example_latest_only.py
[2021-09-20 02:00:38,668] {processor.py:623} INFO - DAG(s) dict_keys(['latest_only']) retrieved from /home/wilson/Documentos/alura/datapipeline/env/lib/python3.8/site-packages/airflow/example_dags/example_latest_only.py
[2021-09-20 02:00:38,684] {logging_mixin.py:109} INFO - [2021-09-20 02:00:38,684] {dag.py:1834} INFO - Sync 1 DAGs
[2021-09-20 02:00:38,696] {logging_mixin.py:109} INFO - [2021-09-20 02:00:38,696] {dag.py:2287} INFO - Setting next_dagrun for latest_only to 2021-09-18 00:00:00+00:00
[2021-09-20 02:00:38,713] {processor.py:170} INFO - Processing /home/wilson/Documentos/alura/datapipeline/env/lib/python3.8/site-packages/airflow/example_dags/example_latest_only.py took 0.064 seconds
[2021-09-20 02:01:15,846] {processor.py:162} INFO - Started process (PID=24016) to work on /home/wilson/Documentos/alura/datapipeline/env/lib/python3.8/site-packages/airflow/example_dags/example_latest_only.py
[2021-09-20 02:01:15,849] {processor.py:613} INFO - Processing file /home/wilson/Documentos/alura/datapipeline/env/lib/python3.8/site-packages/airflow/example_dags/example_latest_only.py for tasks to queue
[2021-09-20 02:01:15,850] {logging_mixin.py:109} INFO - [2021-09-20 02:01:15,850] {dagbag.py:496} INFO - Filling up the DagBag from /home/wilson/Documentos/alura/datapipeline/env/lib/python3.8/site-packages/airflow/example_dags/example_latest_only.py
[2021-09-20 02:01:15,883] {processor.py:623} INFO - DAG(s) dict_keys(['latest_only']) retrieved from /home/wilson/Documentos/alura/datapipeline/env/lib/python3.8/site-packages/airflow/example_dags/example_latest_only.py
[2021-09-20 02:01:15,931] {logging_mixin.py:109} INFO - [2021-09-20 02:01:15,931] {dag.py:1834} INFO - Sync 1 DAGs
[2021-09-20 02:01:15,948] {logging_mixin.py:109} INFO - [2021-09-20 02:01:15,948] {dag.py:2287} INFO - Setting next_dagrun for latest_only to 2021-09-18 00:00:00+00:00
[2021-09-20 02:01:15,978] {processor.py:170} INFO - Processing /home/wilson/Documentos/alura/datapipeline/env/lib/python3.8/site-packages/airflow/example_dags/example_latest_only.py took 0.137 seconds
[2021-09-20 02:02:12,186] {processor.py:162} INFO - Started process (PID=24230) to work on /home/wilson/Documentos/alura/datapipeline/env/lib/python3.8/site-packages/airflow/example_dags/example_latest_only.py
[2021-09-20 02:02:12,198] {processor.py:613} INFO - Processing file /home/wilson/Documentos/alura/datapipeline/env/lib/python3.8/site-packages/airflow/example_dags/example_latest_only.py for tasks to queue
[2021-09-20 02:02:12,199] {logging_mixin.py:109} INFO - [2021-09-20 02:02:12,199] {dagbag.py:496} INFO - Filling up the DagBag from /home/wilson/Documentos/alura/datapipeline/env/lib/python3.8/site-packages/airflow/example_dags/example_latest_only.py
[2021-09-20 02:02:12,283] {processor.py:623} INFO - DAG(s) dict_keys(['latest_only']) retrieved from /home/wilson/Documentos/alura/datapipeline/env/lib/python3.8/site-packages/airflow/example_dags/example_latest_only.py
[2021-09-20 02:02:12,365] {logging_mixin.py:109} INFO - [2021-09-20 02:02:12,365] {dag.py:1834} INFO - Sync 1 DAGs
[2021-09-20 02:02:12,411] {logging_mixin.py:109} INFO - [2021-09-20 02:02:12,411] {dag.py:2287} INFO - Setting next_dagrun for latest_only to 2021-09-18 00:00:00+00:00
[2021-09-20 02:02:12,468] {processor.py:170} INFO - Processing /home/wilson/Documentos/alura/datapipeline/env/lib/python3.8/site-packages/airflow/example_dags/example_latest_only.py took 0.290 seconds
[2021-09-20 02:02:53,863] {processor.py:162} INFO - Started process (PID=24401) to work on /home/wilson/Documentos/alura/datapipeline/env/lib/python3.8/site-packages/airflow/example_dags/example_latest_only.py
[2021-09-20 02:02:53,865] {processor.py:613} INFO - Processing file /home/wilson/Documentos/alura/datapipeline/env/lib/python3.8/site-packages/airflow/example_dags/example_latest_only.py for tasks to queue
[2021-09-20 02:02:53,866] {logging_mixin.py:109} INFO - [2021-09-20 02:02:53,866] {dagbag.py:496} INFO - Filling up the DagBag from /home/wilson/Documentos/alura/datapipeline/env/lib/python3.8/site-packages/airflow/example_dags/example_latest_only.py
[2021-09-20 02:02:53,886] {processor.py:623} INFO - DAG(s) dict_keys(['latest_only']) retrieved from /home/wilson/Documentos/alura/datapipeline/env/lib/python3.8/site-packages/airflow/example_dags/example_latest_only.py
[2021-09-20 02:02:53,919] {logging_mixin.py:109} INFO - [2021-09-20 02:02:53,919] {dag.py:1834} INFO - Sync 1 DAGs
[2021-09-20 02:02:53,934] {logging_mixin.py:109} INFO - [2021-09-20 02:02:53,934] {dag.py:2287} INFO - Setting next_dagrun for latest_only to 2021-09-18 00:00:00+00:00
[2021-09-20 02:02:53,958] {processor.py:170} INFO - Processing /home/wilson/Documentos/alura/datapipeline/env/lib/python3.8/site-packages/airflow/example_dags/example_latest_only.py took 0.105 seconds
[2021-09-20 02:03:44,778] {processor.py:162} INFO - Started process (PID=24592) to work on /home/wilson/Documentos/alura/datapipeline/env/lib/python3.8/site-packages/airflow/example_dags/example_latest_only.py
[2021-09-20 02:03:44,782] {processor.py:613} INFO - Processing file /home/wilson/Documentos/alura/datapipeline/env/lib/python3.8/site-packages/airflow/example_dags/example_latest_only.py for tasks to queue
[2021-09-20 02:03:44,783] {logging_mixin.py:109} INFO - [2021-09-20 02:03:44,783] {dagbag.py:496} INFO - Filling up the DagBag from /home/wilson/Documentos/alura/datapipeline/env/lib/python3.8/site-packages/airflow/example_dags/example_latest_only.py
[2021-09-20 02:03:44,849] {processor.py:623} INFO - DAG(s) dict_keys(['latest_only']) retrieved from /home/wilson/Documentos/alura/datapipeline/env/lib/python3.8/site-packages/airflow/example_dags/example_latest_only.py
[2021-09-20 02:03:44,958] {logging_mixin.py:109} INFO - [2021-09-20 02:03:44,956] {dag.py:1834} INFO - Sync 1 DAGs
[2021-09-20 02:03:44,999] {logging_mixin.py:109} INFO - [2021-09-20 02:03:44,999] {dag.py:2287} INFO - Setting next_dagrun for latest_only to 2021-09-18 00:00:00+00:00
[2021-09-20 02:03:45,051] {processor.py:170} INFO - Processing /home/wilson/Documentos/alura/datapipeline/env/lib/python3.8/site-packages/airflow/example_dags/example_latest_only.py took 0.299 seconds
[2021-09-20 02:04:29,115] {processor.py:162} INFO - Started process (PID=24759) to work on /home/wilson/Documentos/alura/datapipeline/env/lib/python3.8/site-packages/airflow/example_dags/example_latest_only.py
[2021-09-20 02:04:29,122] {processor.py:613} INFO - Processing file /home/wilson/Documentos/alura/datapipeline/env/lib/python3.8/site-packages/airflow/example_dags/example_latest_only.py for tasks to queue
[2021-09-20 02:04:29,123] {logging_mixin.py:109} INFO - [2021-09-20 02:04:29,123] {dagbag.py:496} INFO - Filling up the DagBag from /home/wilson/Documentos/alura/datapipeline/env/lib/python3.8/site-packages/airflow/example_dags/example_latest_only.py
[2021-09-20 02:04:29,161] {processor.py:623} INFO - DAG(s) dict_keys(['latest_only']) retrieved from /home/wilson/Documentos/alura/datapipeline/env/lib/python3.8/site-packages/airflow/example_dags/example_latest_only.py
[2021-09-20 02:04:29,197] {logging_mixin.py:109} INFO - [2021-09-20 02:04:29,197] {dag.py:1834} INFO - Sync 1 DAGs
[2021-09-20 02:04:29,223] {logging_mixin.py:109} INFO - [2021-09-20 02:04:29,223] {dag.py:2287} INFO - Setting next_dagrun for latest_only to 2021-09-18 00:00:00+00:00
[2021-09-20 02:04:29,258] {processor.py:170} INFO - Processing /home/wilson/Documentos/alura/datapipeline/env/lib/python3.8/site-packages/airflow/example_dags/example_latest_only.py took 0.152 seconds
[2021-09-20 02:05:17,966] {processor.py:162} INFO - Started process (PID=24939) to work on /home/wilson/Documentos/alura/datapipeline/env/lib/python3.8/site-packages/airflow/example_dags/example_latest_only.py
[2021-09-20 02:05:17,971] {processor.py:613} INFO - Processing file /home/wilson/Documentos/alura/datapipeline/env/lib/python3.8/site-packages/airflow/example_dags/example_latest_only.py for tasks to queue
[2021-09-20 02:05:17,972] {logging_mixin.py:109} INFO - [2021-09-20 02:05:17,972] {dagbag.py:496} INFO - Filling up the DagBag from /home/wilson/Documentos/alura/datapipeline/env/lib/python3.8/site-packages/airflow/example_dags/example_latest_only.py
[2021-09-20 02:05:18,072] {processor.py:623} INFO - DAG(s) dict_keys(['latest_only']) retrieved from /home/wilson/Documentos/alura/datapipeline/env/lib/python3.8/site-packages/airflow/example_dags/example_latest_only.py
[2021-09-20 02:05:18,135] {logging_mixin.py:109} INFO - [2021-09-20 02:05:18,124] {dag.py:1834} INFO - Sync 1 DAGs
[2021-09-20 02:05:18,179] {logging_mixin.py:109} INFO - [2021-09-20 02:05:18,178] {dag.py:2287} INFO - Setting next_dagrun for latest_only to 2021-09-18 00:00:00+00:00
[2021-09-20 02:05:18,206] {processor.py:170} INFO - Processing /home/wilson/Documentos/alura/datapipeline/env/lib/python3.8/site-packages/airflow/example_dags/example_latest_only.py took 0.259 seconds
[2021-09-20 02:06:02,965] {processor.py:162} INFO - Started process (PID=25091) to work on /home/wilson/Documentos/alura/datapipeline/env/lib/python3.8/site-packages/airflow/example_dags/example_latest_only.py
[2021-09-20 02:06:02,969] {processor.py:613} INFO - Processing file /home/wilson/Documentos/alura/datapipeline/env/lib/python3.8/site-packages/airflow/example_dags/example_latest_only.py for tasks to queue
[2021-09-20 02:06:02,969] {logging_mixin.py:109} INFO - [2021-09-20 02:06:02,969] {dagbag.py:496} INFO - Filling up the DagBag from /home/wilson/Documentos/alura/datapipeline/env/lib/python3.8/site-packages/airflow/example_dags/example_latest_only.py
[2021-09-20 02:06:03,005] {processor.py:623} INFO - DAG(s) dict_keys(['latest_only']) retrieved from /home/wilson/Documentos/alura/datapipeline/env/lib/python3.8/site-packages/airflow/example_dags/example_latest_only.py
[2021-09-20 02:06:03,068] {logging_mixin.py:109} INFO - [2021-09-20 02:06:03,068] {dag.py:1834} INFO - Sync 1 DAGs
[2021-09-20 02:06:03,099] {logging_mixin.py:109} INFO - [2021-09-20 02:06:03,099] {dag.py:2287} INFO - Setting next_dagrun for latest_only to 2021-09-18 00:00:00+00:00
[2021-09-20 02:06:03,130] {processor.py:170} INFO - Processing /home/wilson/Documentos/alura/datapipeline/env/lib/python3.8/site-packages/airflow/example_dags/example_latest_only.py took 0.172 seconds
[2021-09-20 02:07:04,258] {processor.py:162} INFO - Started process (PID=25319) to work on /home/wilson/Documentos/alura/datapipeline/env/lib/python3.8/site-packages/airflow/example_dags/example_latest_only.py
[2021-09-20 02:07:04,267] {processor.py:613} INFO - Processing file /home/wilson/Documentos/alura/datapipeline/env/lib/python3.8/site-packages/airflow/example_dags/example_latest_only.py for tasks to queue
[2021-09-20 02:07:04,267] {logging_mixin.py:109} INFO - [2021-09-20 02:07:04,267] {dagbag.py:496} INFO - Filling up the DagBag from /home/wilson/Documentos/alura/datapipeline/env/lib/python3.8/site-packages/airflow/example_dags/example_latest_only.py
[2021-09-20 02:07:04,301] {processor.py:623} INFO - DAG(s) dict_keys(['latest_only']) retrieved from /home/wilson/Documentos/alura/datapipeline/env/lib/python3.8/site-packages/airflow/example_dags/example_latest_only.py
[2021-09-20 02:07:04,328] {logging_mixin.py:109} INFO - [2021-09-20 02:07:04,328] {dag.py:1834} INFO - Sync 1 DAGs
[2021-09-20 02:07:04,356] {logging_mixin.py:109} INFO - [2021-09-20 02:07:04,356] {dag.py:2287} INFO - Setting next_dagrun for latest_only to 2021-09-18 00:00:00+00:00
[2021-09-20 02:07:04,379] {processor.py:170} INFO - Processing /home/wilson/Documentos/alura/datapipeline/env/lib/python3.8/site-packages/airflow/example_dags/example_latest_only.py took 0.133 seconds
[2021-09-20 02:07:53,922] {processor.py:162} INFO - Started process (PID=25520) to work on /home/wilson/Documentos/alura/datapipeline/env/lib/python3.8/site-packages/airflow/example_dags/example_latest_only.py
[2021-09-20 02:07:53,924] {processor.py:613} INFO - Processing file /home/wilson/Documentos/alura/datapipeline/env/lib/python3.8/site-packages/airflow/example_dags/example_latest_only.py for tasks to queue
[2021-09-20 02:07:53,927] {logging_mixin.py:109} INFO - [2021-09-20 02:07:53,927] {dagbag.py:496} INFO - Filling up the DagBag from /home/wilson/Documentos/alura/datapipeline/env/lib/python3.8/site-packages/airflow/example_dags/example_latest_only.py
[2021-09-20 02:07:53,939] {processor.py:623} INFO - DAG(s) dict_keys(['latest_only']) retrieved from /home/wilson/Documentos/alura/datapipeline/env/lib/python3.8/site-packages/airflow/example_dags/example_latest_only.py
[2021-09-20 02:07:53,955] {logging_mixin.py:109} INFO - [2021-09-20 02:07:53,955] {dag.py:1834} INFO - Sync 1 DAGs
[2021-09-20 02:07:53,966] {logging_mixin.py:109} INFO - [2021-09-20 02:07:53,966] {dag.py:2287} INFO - Setting next_dagrun for latest_only to 2021-09-18 00:00:00+00:00
[2021-09-20 02:07:53,981] {processor.py:170} INFO - Processing /home/wilson/Documentos/alura/datapipeline/env/lib/python3.8/site-packages/airflow/example_dags/example_latest_only.py took 0.066 seconds
[2021-09-20 02:08:38,268] {processor.py:162} INFO - Started process (PID=25718) to work on /home/wilson/Documentos/alura/datapipeline/env/lib/python3.8/site-packages/airflow/example_dags/example_latest_only.py
[2021-09-20 02:08:38,288] {processor.py:613} INFO - Processing file /home/wilson/Documentos/alura/datapipeline/env/lib/python3.8/site-packages/airflow/example_dags/example_latest_only.py for tasks to queue
[2021-09-20 02:08:38,290] {logging_mixin.py:109} INFO - [2021-09-20 02:08:38,290] {dagbag.py:496} INFO - Filling up the DagBag from /home/wilson/Documentos/alura/datapipeline/env/lib/python3.8/site-packages/airflow/example_dags/example_latest_only.py
[2021-09-20 02:08:38,365] {processor.py:623} INFO - DAG(s) dict_keys(['latest_only']) retrieved from /home/wilson/Documentos/alura/datapipeline/env/lib/python3.8/site-packages/airflow/example_dags/example_latest_only.py
[2021-09-20 02:08:38,436] {logging_mixin.py:109} INFO - [2021-09-20 02:08:38,432] {dag.py:1834} INFO - Sync 1 DAGs
[2021-09-20 02:08:38,486] {logging_mixin.py:109} INFO - [2021-09-20 02:08:38,486] {dag.py:2287} INFO - Setting next_dagrun for latest_only to 2021-09-18 00:00:00+00:00
[2021-09-20 02:08:38,551] {processor.py:170} INFO - Processing /home/wilson/Documentos/alura/datapipeline/env/lib/python3.8/site-packages/airflow/example_dags/example_latest_only.py took 0.297 seconds
