[2021-09-20 01:59:57,506] {processor.py:162} INFO - Started process (PID=23697) to work on /home/wilson/Documentos/alura/datapipeline/env/lib/python3.8/site-packages/airflow/example_dags/example_branch_datetime_operator.py
[2021-09-20 01:59:57,507] {processor.py:613} INFO - Processing file /home/wilson/Documentos/alura/datapipeline/env/lib/python3.8/site-packages/airflow/example_dags/example_branch_datetime_operator.py for tasks to queue
[2021-09-20 01:59:57,508] {logging_mixin.py:109} INFO - [2021-09-20 01:59:57,508] {dagbag.py:496} INFO - Filling up the DagBag from /home/wilson/Documentos/alura/datapipeline/env/lib/python3.8/site-packages/airflow/example_dags/example_branch_datetime_operator.py
[2021-09-20 01:59:57,551] {processor.py:623} INFO - DAG(s) dict_keys(['example_branch_datetime_operator_2']) retrieved from /home/wilson/Documentos/alura/datapipeline/env/lib/python3.8/site-packages/airflow/example_dags/example_branch_datetime_operator.py
[2021-09-20 01:59:57,604] {logging_mixin.py:109} INFO - [2021-09-20 01:59:57,604] {dag.py:1834} INFO - Sync 1 DAGs
[2021-09-20 01:59:57,656] {logging_mixin.py:109} INFO - [2021-09-20 01:59:57,656] {dag.py:2287} INFO - Setting next_dagrun for example_branch_datetime_operator_2 to 2021-09-18 00:00:00+00:00
[2021-09-20 01:59:57,701] {processor.py:170} INFO - Processing /home/wilson/Documentos/alura/datapipeline/env/lib/python3.8/site-packages/airflow/example_dags/example_branch_datetime_operator.py took 0.217 seconds
[2021-09-20 02:00:39,144] {processor.py:162} INFO - Started process (PID=23866) to work on /home/wilson/Documentos/alura/datapipeline/env/lib/python3.8/site-packages/airflow/example_dags/example_branch_datetime_operator.py
[2021-09-20 02:00:39,148] {processor.py:613} INFO - Processing file /home/wilson/Documentos/alura/datapipeline/env/lib/python3.8/site-packages/airflow/example_dags/example_branch_datetime_operator.py for tasks to queue
[2021-09-20 02:00:39,149] {logging_mixin.py:109} INFO - [2021-09-20 02:00:39,149] {dagbag.py:496} INFO - Filling up the DagBag from /home/wilson/Documentos/alura/datapipeline/env/lib/python3.8/site-packages/airflow/example_dags/example_branch_datetime_operator.py
[2021-09-20 02:00:39,168] {processor.py:623} INFO - DAG(s) dict_keys(['example_branch_datetime_operator_2']) retrieved from /home/wilson/Documentos/alura/datapipeline/env/lib/python3.8/site-packages/airflow/example_dags/example_branch_datetime_operator.py
[2021-09-20 02:00:39,204] {logging_mixin.py:109} INFO - [2021-09-20 02:00:39,204] {dag.py:1834} INFO - Sync 1 DAGs
[2021-09-20 02:00:39,243] {logging_mixin.py:109} INFO - [2021-09-20 02:00:39,242] {dag.py:2287} INFO - Setting next_dagrun for example_branch_datetime_operator_2 to 2021-09-18 00:00:00+00:00
[2021-09-20 02:00:39,265] {processor.py:170} INFO - Processing /home/wilson/Documentos/alura/datapipeline/env/lib/python3.8/site-packages/airflow/example_dags/example_branch_datetime_operator.py took 0.125 seconds
[2021-09-20 02:01:17,140] {processor.py:162} INFO - Started process (PID=24020) to work on /home/wilson/Documentos/alura/datapipeline/env/lib/python3.8/site-packages/airflow/example_dags/example_branch_datetime_operator.py
[2021-09-20 02:01:17,146] {processor.py:613} INFO - Processing file /home/wilson/Documentos/alura/datapipeline/env/lib/python3.8/site-packages/airflow/example_dags/example_branch_datetime_operator.py for tasks to queue
[2021-09-20 02:01:17,146] {logging_mixin.py:109} INFO - [2021-09-20 02:01:17,146] {dagbag.py:496} INFO - Filling up the DagBag from /home/wilson/Documentos/alura/datapipeline/env/lib/python3.8/site-packages/airflow/example_dags/example_branch_datetime_operator.py
[2021-09-20 02:01:17,191] {processor.py:623} INFO - DAG(s) dict_keys(['example_branch_datetime_operator_2']) retrieved from /home/wilson/Documentos/alura/datapipeline/env/lib/python3.8/site-packages/airflow/example_dags/example_branch_datetime_operator.py
[2021-09-20 02:01:17,220] {logging_mixin.py:109} INFO - [2021-09-20 02:01:17,219] {dag.py:1834} INFO - Sync 1 DAGs
[2021-09-20 02:01:17,275] {logging_mixin.py:109} INFO - [2021-09-20 02:01:17,275] {dag.py:2287} INFO - Setting next_dagrun for example_branch_datetime_operator_2 to 2021-09-18 00:00:00+00:00
[2021-09-20 02:01:17,300] {processor.py:170} INFO - Processing /home/wilson/Documentos/alura/datapipeline/env/lib/python3.8/site-packages/airflow/example_dags/example_branch_datetime_operator.py took 0.163 seconds
[2021-09-20 02:02:30,269] {processor.py:162} INFO - Started process (PID=24300) to work on /home/wilson/Documentos/alura/datapipeline/env/lib/python3.8/site-packages/airflow/example_dags/example_branch_datetime_operator.py
[2021-09-20 02:02:30,295] {processor.py:613} INFO - Processing file /home/wilson/Documentos/alura/datapipeline/env/lib/python3.8/site-packages/airflow/example_dags/example_branch_datetime_operator.py for tasks to queue
[2021-09-20 02:02:30,296] {logging_mixin.py:109} INFO - [2021-09-20 02:02:30,296] {dagbag.py:496} INFO - Filling up the DagBag from /home/wilson/Documentos/alura/datapipeline/env/lib/python3.8/site-packages/airflow/example_dags/example_branch_datetime_operator.py
[2021-09-20 02:02:30,352] {processor.py:623} INFO - DAG(s) dict_keys(['example_branch_datetime_operator_2']) retrieved from /home/wilson/Documentos/alura/datapipeline/env/lib/python3.8/site-packages/airflow/example_dags/example_branch_datetime_operator.py
[2021-09-20 02:02:30,440] {logging_mixin.py:109} INFO - [2021-09-20 02:02:30,440] {dag.py:1834} INFO - Sync 1 DAGs
[2021-09-20 02:02:30,499] {logging_mixin.py:109} INFO - [2021-09-20 02:02:30,499] {dag.py:2287} INFO - Setting next_dagrun for example_branch_datetime_operator_2 to 2021-09-18 00:00:00+00:00
[2021-09-20 02:02:30,535] {processor.py:170} INFO - Processing /home/wilson/Documentos/alura/datapipeline/env/lib/python3.8/site-packages/airflow/example_dags/example_branch_datetime_operator.py took 0.270 seconds
[2021-09-20 02:03:08,931] {processor.py:162} INFO - Started process (PID=24455) to work on /home/wilson/Documentos/alura/datapipeline/env/lib/python3.8/site-packages/airflow/example_dags/example_branch_datetime_operator.py
[2021-09-20 02:03:08,938] {processor.py:613} INFO - Processing file /home/wilson/Documentos/alura/datapipeline/env/lib/python3.8/site-packages/airflow/example_dags/example_branch_datetime_operator.py for tasks to queue
[2021-09-20 02:03:08,939] {logging_mixin.py:109} INFO - [2021-09-20 02:03:08,938] {dagbag.py:496} INFO - Filling up the DagBag from /home/wilson/Documentos/alura/datapipeline/env/lib/python3.8/site-packages/airflow/example_dags/example_branch_datetime_operator.py
[2021-09-20 02:03:08,971] {processor.py:623} INFO - DAG(s) dict_keys(['example_branch_datetime_operator_2']) retrieved from /home/wilson/Documentos/alura/datapipeline/env/lib/python3.8/site-packages/airflow/example_dags/example_branch_datetime_operator.py
[2021-09-20 02:03:09,035] {logging_mixin.py:109} INFO - [2021-09-20 02:03:09,035] {dag.py:1834} INFO - Sync 1 DAGs
[2021-09-20 02:03:09,074] {logging_mixin.py:109} INFO - [2021-09-20 02:03:09,074] {dag.py:2287} INFO - Setting next_dagrun for example_branch_datetime_operator_2 to 2021-09-18 00:00:00+00:00
[2021-09-20 02:03:09,102] {processor.py:170} INFO - Processing /home/wilson/Documentos/alura/datapipeline/env/lib/python3.8/site-packages/airflow/example_dags/example_branch_datetime_operator.py took 0.179 seconds
[2021-09-20 02:03:53,502] {processor.py:162} INFO - Started process (PID=24621) to work on /home/wilson/Documentos/alura/datapipeline/env/lib/python3.8/site-packages/airflow/example_dags/example_branch_datetime_operator.py
[2021-09-20 02:03:53,510] {processor.py:613} INFO - Processing file /home/wilson/Documentos/alura/datapipeline/env/lib/python3.8/site-packages/airflow/example_dags/example_branch_datetime_operator.py for tasks to queue
[2021-09-20 02:03:53,516] {logging_mixin.py:109} INFO - [2021-09-20 02:03:53,515] {dagbag.py:496} INFO - Filling up the DagBag from /home/wilson/Documentos/alura/datapipeline/env/lib/python3.8/site-packages/airflow/example_dags/example_branch_datetime_operator.py
[2021-09-20 02:03:53,577] {processor.py:623} INFO - DAG(s) dict_keys(['example_branch_datetime_operator_2']) retrieved from /home/wilson/Documentos/alura/datapipeline/env/lib/python3.8/site-packages/airflow/example_dags/example_branch_datetime_operator.py
[2021-09-20 02:03:53,623] {logging_mixin.py:109} INFO - [2021-09-20 02:03:53,623] {dag.py:1834} INFO - Sync 1 DAGs
[2021-09-20 02:03:53,665] {logging_mixin.py:109} INFO - [2021-09-20 02:03:53,665] {dag.py:2287} INFO - Setting next_dagrun for example_branch_datetime_operator_2 to 2021-09-18 00:00:00+00:00
[2021-09-20 02:03:53,698] {processor.py:170} INFO - Processing /home/wilson/Documentos/alura/datapipeline/env/lib/python3.8/site-packages/airflow/example_dags/example_branch_datetime_operator.py took 0.212 seconds
[2021-09-20 02:04:35,576] {processor.py:162} INFO - Started process (PID=24781) to work on /home/wilson/Documentos/alura/datapipeline/env/lib/python3.8/site-packages/airflow/example_dags/example_branch_datetime_operator.py
[2021-09-20 02:04:35,578] {processor.py:613} INFO - Processing file /home/wilson/Documentos/alura/datapipeline/env/lib/python3.8/site-packages/airflow/example_dags/example_branch_datetime_operator.py for tasks to queue
[2021-09-20 02:04:35,588] {logging_mixin.py:109} INFO - [2021-09-20 02:04:35,588] {dagbag.py:496} INFO - Filling up the DagBag from /home/wilson/Documentos/alura/datapipeline/env/lib/python3.8/site-packages/airflow/example_dags/example_branch_datetime_operator.py
[2021-09-20 02:04:35,613] {processor.py:623} INFO - DAG(s) dict_keys(['example_branch_datetime_operator_2']) retrieved from /home/wilson/Documentos/alura/datapipeline/env/lib/python3.8/site-packages/airflow/example_dags/example_branch_datetime_operator.py
[2021-09-20 02:04:35,634] {logging_mixin.py:109} INFO - [2021-09-20 02:04:35,634] {dag.py:1834} INFO - Sync 1 DAGs
[2021-09-20 02:04:35,649] {logging_mixin.py:109} INFO - [2021-09-20 02:04:35,649] {dag.py:2287} INFO - Setting next_dagrun for example_branch_datetime_operator_2 to 2021-09-18 00:00:00+00:00
[2021-09-20 02:04:35,670] {processor.py:170} INFO - Processing /home/wilson/Documentos/alura/datapipeline/env/lib/python3.8/site-packages/airflow/example_dags/example_branch_datetime_operator.py took 0.105 seconds
[2021-09-20 02:05:29,399] {processor.py:162} INFO - Started process (PID=24973) to work on /home/wilson/Documentos/alura/datapipeline/env/lib/python3.8/site-packages/airflow/example_dags/example_branch_datetime_operator.py
[2021-09-20 02:05:29,406] {processor.py:613} INFO - Processing file /home/wilson/Documentos/alura/datapipeline/env/lib/python3.8/site-packages/airflow/example_dags/example_branch_datetime_operator.py for tasks to queue
[2021-09-20 02:05:29,409] {logging_mixin.py:109} INFO - [2021-09-20 02:05:29,409] {dagbag.py:496} INFO - Filling up the DagBag from /home/wilson/Documentos/alura/datapipeline/env/lib/python3.8/site-packages/airflow/example_dags/example_branch_datetime_operator.py
[2021-09-20 02:05:29,439] {processor.py:623} INFO - DAG(s) dict_keys(['example_branch_datetime_operator_2']) retrieved from /home/wilson/Documentos/alura/datapipeline/env/lib/python3.8/site-packages/airflow/example_dags/example_branch_datetime_operator.py
[2021-09-20 02:05:29,458] {logging_mixin.py:109} INFO - [2021-09-20 02:05:29,458] {dag.py:1834} INFO - Sync 1 DAGs
[2021-09-20 02:05:29,473] {logging_mixin.py:109} INFO - [2021-09-20 02:05:29,472] {dag.py:2287} INFO - Setting next_dagrun for example_branch_datetime_operator_2 to 2021-09-18 00:00:00+00:00
[2021-09-20 02:05:29,493] {processor.py:170} INFO - Processing /home/wilson/Documentos/alura/datapipeline/env/lib/python3.8/site-packages/airflow/example_dags/example_branch_datetime_operator.py took 0.100 seconds
[2021-09-20 02:06:09,266] {processor.py:162} INFO - Started process (PID=25121) to work on /home/wilson/Documentos/alura/datapipeline/env/lib/python3.8/site-packages/airflow/example_dags/example_branch_datetime_operator.py
[2021-09-20 02:06:09,270] {processor.py:613} INFO - Processing file /home/wilson/Documentos/alura/datapipeline/env/lib/python3.8/site-packages/airflow/example_dags/example_branch_datetime_operator.py for tasks to queue
[2021-09-20 02:06:09,279] {logging_mixin.py:109} INFO - [2021-09-20 02:06:09,279] {dagbag.py:496} INFO - Filling up the DagBag from /home/wilson/Documentos/alura/datapipeline/env/lib/python3.8/site-packages/airflow/example_dags/example_branch_datetime_operator.py
[2021-09-20 02:06:09,320] {processor.py:623} INFO - DAG(s) dict_keys(['example_branch_datetime_operator_2']) retrieved from /home/wilson/Documentos/alura/datapipeline/env/lib/python3.8/site-packages/airflow/example_dags/example_branch_datetime_operator.py
[2021-09-20 02:06:09,339] {logging_mixin.py:109} INFO - [2021-09-20 02:06:09,339] {dag.py:1834} INFO - Sync 1 DAGs
[2021-09-20 02:06:09,364] {logging_mixin.py:109} INFO - [2021-09-20 02:06:09,364] {dag.py:2287} INFO - Setting next_dagrun for example_branch_datetime_operator_2 to 2021-09-18 00:00:00+00:00
[2021-09-20 02:06:09,394] {processor.py:170} INFO - Processing /home/wilson/Documentos/alura/datapipeline/env/lib/python3.8/site-packages/airflow/example_dags/example_branch_datetime_operator.py took 0.132 seconds
[2021-09-20 02:07:05,557] {processor.py:162} INFO - Started process (PID=25324) to work on /home/wilson/Documentos/alura/datapipeline/env/lib/python3.8/site-packages/airflow/example_dags/example_branch_datetime_operator.py
[2021-09-20 02:07:05,559] {processor.py:613} INFO - Processing file /home/wilson/Documentos/alura/datapipeline/env/lib/python3.8/site-packages/airflow/example_dags/example_branch_datetime_operator.py for tasks to queue
[2021-09-20 02:07:05,559] {logging_mixin.py:109} INFO - [2021-09-20 02:07:05,559] {dagbag.py:496} INFO - Filling up the DagBag from /home/wilson/Documentos/alura/datapipeline/env/lib/python3.8/site-packages/airflow/example_dags/example_branch_datetime_operator.py
[2021-09-20 02:07:05,573] {processor.py:623} INFO - DAG(s) dict_keys(['example_branch_datetime_operator_2']) retrieved from /home/wilson/Documentos/alura/datapipeline/env/lib/python3.8/site-packages/airflow/example_dags/example_branch_datetime_operator.py
[2021-09-20 02:07:05,590] {logging_mixin.py:109} INFO - [2021-09-20 02:07:05,590] {dag.py:1834} INFO - Sync 1 DAGs
[2021-09-20 02:07:05,604] {logging_mixin.py:109} INFO - [2021-09-20 02:07:05,604] {dag.py:2287} INFO - Setting next_dagrun for example_branch_datetime_operator_2 to 2021-09-18 00:00:00+00:00
[2021-09-20 02:07:05,619] {processor.py:170} INFO - Processing /home/wilson/Documentos/alura/datapipeline/env/lib/python3.8/site-packages/airflow/example_dags/example_branch_datetime_operator.py took 0.066 seconds
[2021-09-20 02:07:54,598] {processor.py:162} INFO - Started process (PID=25524) to work on /home/wilson/Documentos/alura/datapipeline/env/lib/python3.8/site-packages/airflow/example_dags/example_branch_datetime_operator.py
[2021-09-20 02:07:54,600] {processor.py:613} INFO - Processing file /home/wilson/Documentos/alura/datapipeline/env/lib/python3.8/site-packages/airflow/example_dags/example_branch_datetime_operator.py for tasks to queue
[2021-09-20 02:07:54,601] {logging_mixin.py:109} INFO - [2021-09-20 02:07:54,600] {dagbag.py:496} INFO - Filling up the DagBag from /home/wilson/Documentos/alura/datapipeline/env/lib/python3.8/site-packages/airflow/example_dags/example_branch_datetime_operator.py
[2021-09-20 02:07:54,615] {processor.py:623} INFO - DAG(s) dict_keys(['example_branch_datetime_operator_2']) retrieved from /home/wilson/Documentos/alura/datapipeline/env/lib/python3.8/site-packages/airflow/example_dags/example_branch_datetime_operator.py
[2021-09-20 02:07:54,634] {logging_mixin.py:109} INFO - [2021-09-20 02:07:54,634] {dag.py:1834} INFO - Sync 1 DAGs
[2021-09-20 02:07:54,659] {logging_mixin.py:109} INFO - [2021-09-20 02:07:54,659] {dag.py:2287} INFO - Setting next_dagrun for example_branch_datetime_operator_2 to 2021-09-18 00:00:00+00:00
[2021-09-20 02:07:54,684] {processor.py:170} INFO - Processing /home/wilson/Documentos/alura/datapipeline/env/lib/python3.8/site-packages/airflow/example_dags/example_branch_datetime_operator.py took 0.089 seconds
[2021-09-20 02:08:39,811] {processor.py:162} INFO - Started process (PID=25725) to work on /home/wilson/Documentos/alura/datapipeline/env/lib/python3.8/site-packages/airflow/example_dags/example_branch_datetime_operator.py
[2021-09-20 02:08:39,814] {processor.py:613} INFO - Processing file /home/wilson/Documentos/alura/datapipeline/env/lib/python3.8/site-packages/airflow/example_dags/example_branch_datetime_operator.py for tasks to queue
[2021-09-20 02:08:39,815] {logging_mixin.py:109} INFO - [2021-09-20 02:08:39,815] {dagbag.py:496} INFO - Filling up the DagBag from /home/wilson/Documentos/alura/datapipeline/env/lib/python3.8/site-packages/airflow/example_dags/example_branch_datetime_operator.py
[2021-09-20 02:08:39,852] {processor.py:623} INFO - DAG(s) dict_keys(['example_branch_datetime_operator_2']) retrieved from /home/wilson/Documentos/alura/datapipeline/env/lib/python3.8/site-packages/airflow/example_dags/example_branch_datetime_operator.py
[2021-09-20 02:08:39,901] {logging_mixin.py:109} INFO - [2021-09-20 02:08:39,901] {dag.py:1834} INFO - Sync 1 DAGs
[2021-09-20 02:08:39,938] {logging_mixin.py:109} INFO - [2021-09-20 02:08:39,938] {dag.py:2287} INFO - Setting next_dagrun for example_branch_datetime_operator_2 to 2021-09-18 00:00:00+00:00
[2021-09-20 02:08:39,973] {processor.py:170} INFO - Processing /home/wilson/Documentos/alura/datapipeline/env/lib/python3.8/site-packages/airflow/example_dags/example_branch_datetime_operator.py took 0.170 seconds
