[2021-09-20 01:59:32,778] {processor.py:162} INFO - Started process (PID=23595) to work on /home/wilson/Documentos/alura/datapipeline/env/lib/python3.8/site-packages/airflow/example_dags/example_trigger_target_dag.py
[2021-09-20 01:59:32,780] {processor.py:613} INFO - Processing file /home/wilson/Documentos/alura/datapipeline/env/lib/python3.8/site-packages/airflow/example_dags/example_trigger_target_dag.py for tasks to queue
[2021-09-20 01:59:32,794] {logging_mixin.py:109} INFO - [2021-09-20 01:59:32,794] {dagbag.py:496} INFO - Filling up the DagBag from /home/wilson/Documentos/alura/datapipeline/env/lib/python3.8/site-packages/airflow/example_dags/example_trigger_target_dag.py
[2021-09-20 01:59:32,944] {processor.py:623} INFO - DAG(s) dict_keys(['example_trigger_target_dag']) retrieved from /home/wilson/Documentos/alura/datapipeline/env/lib/python3.8/site-packages/airflow/example_dags/example_trigger_target_dag.py
[2021-09-20 01:59:33,031] {logging_mixin.py:109} INFO - [2021-09-20 01:59:33,031] {dag.py:1834} INFO - Sync 1 DAGs
[2021-09-20 01:59:33,130] {logging_mixin.py:109} INFO - [2021-09-20 01:59:33,130] {dag.py:2287} INFO - Setting next_dagrun for example_trigger_target_dag to None
[2021-09-20 01:59:33,204] {processor.py:170} INFO - Processing /home/wilson/Documentos/alura/datapipeline/env/lib/python3.8/site-packages/airflow/example_dags/example_trigger_target_dag.py took 0.458 seconds
[2021-09-20 02:00:18,496] {processor.py:162} INFO - Started process (PID=23782) to work on /home/wilson/Documentos/alura/datapipeline/env/lib/python3.8/site-packages/airflow/example_dags/example_trigger_target_dag.py
[2021-09-20 02:00:18,506] {processor.py:613} INFO - Processing file /home/wilson/Documentos/alura/datapipeline/env/lib/python3.8/site-packages/airflow/example_dags/example_trigger_target_dag.py for tasks to queue
[2021-09-20 02:00:18,507] {logging_mixin.py:109} INFO - [2021-09-20 02:00:18,507] {dagbag.py:496} INFO - Filling up the DagBag from /home/wilson/Documentos/alura/datapipeline/env/lib/python3.8/site-packages/airflow/example_dags/example_trigger_target_dag.py
[2021-09-20 02:00:18,538] {processor.py:623} INFO - DAG(s) dict_keys(['example_trigger_target_dag']) retrieved from /home/wilson/Documentos/alura/datapipeline/env/lib/python3.8/site-packages/airflow/example_dags/example_trigger_target_dag.py
[2021-09-20 02:00:18,577] {logging_mixin.py:109} INFO - [2021-09-20 02:00:18,577] {dag.py:1834} INFO - Sync 1 DAGs
[2021-09-20 02:00:18,598] {logging_mixin.py:109} INFO - [2021-09-20 02:00:18,598] {dag.py:2287} INFO - Setting next_dagrun for example_trigger_target_dag to None
[2021-09-20 02:00:18,614] {processor.py:170} INFO - Processing /home/wilson/Documentos/alura/datapipeline/env/lib/python3.8/site-packages/airflow/example_dags/example_trigger_target_dag.py took 0.125 seconds
[2021-09-20 02:00:58,611] {processor.py:162} INFO - Started process (PID=23938) to work on /home/wilson/Documentos/alura/datapipeline/env/lib/python3.8/site-packages/airflow/example_dags/example_trigger_target_dag.py
[2021-09-20 02:00:58,613] {processor.py:613} INFO - Processing file /home/wilson/Documentos/alura/datapipeline/env/lib/python3.8/site-packages/airflow/example_dags/example_trigger_target_dag.py for tasks to queue
[2021-09-20 02:00:58,614] {logging_mixin.py:109} INFO - [2021-09-20 02:00:58,614] {dagbag.py:496} INFO - Filling up the DagBag from /home/wilson/Documentos/alura/datapipeline/env/lib/python3.8/site-packages/airflow/example_dags/example_trigger_target_dag.py
[2021-09-20 02:00:58,646] {processor.py:623} INFO - DAG(s) dict_keys(['example_trigger_target_dag']) retrieved from /home/wilson/Documentos/alura/datapipeline/env/lib/python3.8/site-packages/airflow/example_dags/example_trigger_target_dag.py
[2021-09-20 02:00:58,677] {logging_mixin.py:109} INFO - [2021-09-20 02:00:58,677] {dag.py:1834} INFO - Sync 1 DAGs
[2021-09-20 02:00:58,703] {logging_mixin.py:109} INFO - [2021-09-20 02:00:58,703] {dag.py:2287} INFO - Setting next_dagrun for example_trigger_target_dag to None
[2021-09-20 02:00:58,726] {processor.py:170} INFO - Processing /home/wilson/Documentos/alura/datapipeline/env/lib/python3.8/site-packages/airflow/example_dags/example_trigger_target_dag.py took 0.118 seconds
[2021-09-20 02:01:33,019] {processor.py:162} INFO - Started process (PID=24088) to work on /home/wilson/Documentos/alura/datapipeline/env/lib/python3.8/site-packages/airflow/example_dags/example_trigger_target_dag.py
[2021-09-20 02:01:33,027] {processor.py:613} INFO - Processing file /home/wilson/Documentos/alura/datapipeline/env/lib/python3.8/site-packages/airflow/example_dags/example_trigger_target_dag.py for tasks to queue
[2021-09-20 02:01:33,033] {logging_mixin.py:109} INFO - [2021-09-20 02:01:33,033] {dagbag.py:496} INFO - Filling up the DagBag from /home/wilson/Documentos/alura/datapipeline/env/lib/python3.8/site-packages/airflow/example_dags/example_trigger_target_dag.py
[2021-09-20 02:01:33,083] {processor.py:623} INFO - DAG(s) dict_keys(['example_trigger_target_dag']) retrieved from /home/wilson/Documentos/alura/datapipeline/env/lib/python3.8/site-packages/airflow/example_dags/example_trigger_target_dag.py
[2021-09-20 02:01:33,118] {logging_mixin.py:109} INFO - [2021-09-20 02:01:33,118] {dag.py:1834} INFO - Sync 1 DAGs
[2021-09-20 02:01:33,131] {logging_mixin.py:109} INFO - [2021-09-20 02:01:33,131] {dag.py:2287} INFO - Setting next_dagrun for example_trigger_target_dag to None
[2021-09-20 02:01:33,145] {processor.py:170} INFO - Processing /home/wilson/Documentos/alura/datapipeline/env/lib/python3.8/site-packages/airflow/example_dags/example_trigger_target_dag.py took 0.138 seconds
[2021-09-20 02:02:23,185] {processor.py:162} INFO - Started process (PID=24271) to work on /home/wilson/Documentos/alura/datapipeline/env/lib/python3.8/site-packages/airflow/example_dags/example_trigger_target_dag.py
[2021-09-20 02:02:23,194] {processor.py:613} INFO - Processing file /home/wilson/Documentos/alura/datapipeline/env/lib/python3.8/site-packages/airflow/example_dags/example_trigger_target_dag.py for tasks to queue
[2021-09-20 02:02:23,195] {logging_mixin.py:109} INFO - [2021-09-20 02:02:23,195] {dagbag.py:496} INFO - Filling up the DagBag from /home/wilson/Documentos/alura/datapipeline/env/lib/python3.8/site-packages/airflow/example_dags/example_trigger_target_dag.py
[2021-09-20 02:02:23,219] {processor.py:623} INFO - DAG(s) dict_keys(['example_trigger_target_dag']) retrieved from /home/wilson/Documentos/alura/datapipeline/env/lib/python3.8/site-packages/airflow/example_dags/example_trigger_target_dag.py
[2021-09-20 02:02:23,273] {logging_mixin.py:109} INFO - [2021-09-20 02:02:23,272] {dag.py:1834} INFO - Sync 1 DAGs
[2021-09-20 02:02:23,309] {logging_mixin.py:109} INFO - [2021-09-20 02:02:23,309] {dag.py:2287} INFO - Setting next_dagrun for example_trigger_target_dag to None
[2021-09-20 02:02:23,350] {processor.py:170} INFO - Processing /home/wilson/Documentos/alura/datapipeline/env/lib/python3.8/site-packages/airflow/example_dags/example_trigger_target_dag.py took 0.171 seconds
[2021-09-20 02:02:58,967] {processor.py:162} INFO - Started process (PID=24422) to work on /home/wilson/Documentos/alura/datapipeline/env/lib/python3.8/site-packages/airflow/example_dags/example_trigger_target_dag.py
[2021-09-20 02:02:58,970] {processor.py:613} INFO - Processing file /home/wilson/Documentos/alura/datapipeline/env/lib/python3.8/site-packages/airflow/example_dags/example_trigger_target_dag.py for tasks to queue
[2021-09-20 02:02:58,971] {logging_mixin.py:109} INFO - [2021-09-20 02:02:58,971] {dagbag.py:496} INFO - Filling up the DagBag from /home/wilson/Documentos/alura/datapipeline/env/lib/python3.8/site-packages/airflow/example_dags/example_trigger_target_dag.py
[2021-09-20 02:02:59,003] {processor.py:623} INFO - DAG(s) dict_keys(['example_trigger_target_dag']) retrieved from /home/wilson/Documentos/alura/datapipeline/env/lib/python3.8/site-packages/airflow/example_dags/example_trigger_target_dag.py
[2021-09-20 02:02:59,067] {logging_mixin.py:109} INFO - [2021-09-20 02:02:59,067] {dag.py:1834} INFO - Sync 1 DAGs
[2021-09-20 02:02:59,084] {logging_mixin.py:109} INFO - [2021-09-20 02:02:59,084] {dag.py:2287} INFO - Setting next_dagrun for example_trigger_target_dag to None
[2021-09-20 02:02:59,103] {processor.py:170} INFO - Processing /home/wilson/Documentos/alura/datapipeline/env/lib/python3.8/site-packages/airflow/example_dags/example_trigger_target_dag.py took 0.145 seconds
[2021-09-20 02:03:40,557] {processor.py:162} INFO - Started process (PID=24577) to work on /home/wilson/Documentos/alura/datapipeline/env/lib/python3.8/site-packages/airflow/example_dags/example_trigger_target_dag.py
[2021-09-20 02:03:40,559] {processor.py:613} INFO - Processing file /home/wilson/Documentos/alura/datapipeline/env/lib/python3.8/site-packages/airflow/example_dags/example_trigger_target_dag.py for tasks to queue
[2021-09-20 02:03:40,560] {logging_mixin.py:109} INFO - [2021-09-20 02:03:40,560] {dagbag.py:496} INFO - Filling up the DagBag from /home/wilson/Documentos/alura/datapipeline/env/lib/python3.8/site-packages/airflow/example_dags/example_trigger_target_dag.py
[2021-09-20 02:03:40,576] {processor.py:623} INFO - DAG(s) dict_keys(['example_trigger_target_dag']) retrieved from /home/wilson/Documentos/alura/datapipeline/env/lib/python3.8/site-packages/airflow/example_dags/example_trigger_target_dag.py
[2021-09-20 02:03:40,624] {logging_mixin.py:109} INFO - [2021-09-20 02:03:40,623] {dag.py:1834} INFO - Sync 1 DAGs
[2021-09-20 02:03:40,636] {logging_mixin.py:109} INFO - [2021-09-20 02:03:40,636] {dag.py:2287} INFO - Setting next_dagrun for example_trigger_target_dag to None
[2021-09-20 02:03:40,671] {processor.py:170} INFO - Processing /home/wilson/Documentos/alura/datapipeline/env/lib/python3.8/site-packages/airflow/example_dags/example_trigger_target_dag.py took 0.118 seconds
[2021-09-20 02:04:21,462] {processor.py:162} INFO - Started process (PID=24730) to work on /home/wilson/Documentos/alura/datapipeline/env/lib/python3.8/site-packages/airflow/example_dags/example_trigger_target_dag.py
[2021-09-20 02:04:21,470] {processor.py:613} INFO - Processing file /home/wilson/Documentos/alura/datapipeline/env/lib/python3.8/site-packages/airflow/example_dags/example_trigger_target_dag.py for tasks to queue
[2021-09-20 02:04:21,470] {logging_mixin.py:109} INFO - [2021-09-20 02:04:21,470] {dagbag.py:496} INFO - Filling up the DagBag from /home/wilson/Documentos/alura/datapipeline/env/lib/python3.8/site-packages/airflow/example_dags/example_trigger_target_dag.py
[2021-09-20 02:04:21,511] {processor.py:623} INFO - DAG(s) dict_keys(['example_trigger_target_dag']) retrieved from /home/wilson/Documentos/alura/datapipeline/env/lib/python3.8/site-packages/airflow/example_dags/example_trigger_target_dag.py
[2021-09-20 02:04:21,548] {logging_mixin.py:109} INFO - [2021-09-20 02:04:21,547] {dag.py:1834} INFO - Sync 1 DAGs
[2021-09-20 02:04:21,575] {logging_mixin.py:109} INFO - [2021-09-20 02:04:21,575] {dag.py:2287} INFO - Setting next_dagrun for example_trigger_target_dag to None
[2021-09-20 02:04:21,605] {processor.py:170} INFO - Processing /home/wilson/Documentos/alura/datapipeline/env/lib/python3.8/site-packages/airflow/example_dags/example_trigger_target_dag.py took 0.150 seconds
[2021-09-20 02:04:59,147] {processor.py:162} INFO - Started process (PID=24875) to work on /home/wilson/Documentos/alura/datapipeline/env/lib/python3.8/site-packages/airflow/example_dags/example_trigger_target_dag.py
[2021-09-20 02:04:59,159] {processor.py:613} INFO - Processing file /home/wilson/Documentos/alura/datapipeline/env/lib/python3.8/site-packages/airflow/example_dags/example_trigger_target_dag.py for tasks to queue
[2021-09-20 02:04:59,160] {logging_mixin.py:109} INFO - [2021-09-20 02:04:59,160] {dagbag.py:496} INFO - Filling up the DagBag from /home/wilson/Documentos/alura/datapipeline/env/lib/python3.8/site-packages/airflow/example_dags/example_trigger_target_dag.py
[2021-09-20 02:04:59,264] {processor.py:623} INFO - DAG(s) dict_keys(['example_trigger_target_dag']) retrieved from /home/wilson/Documentos/alura/datapipeline/env/lib/python3.8/site-packages/airflow/example_dags/example_trigger_target_dag.py
[2021-09-20 02:04:59,346] {logging_mixin.py:109} INFO - [2021-09-20 02:04:59,346] {dag.py:1834} INFO - Sync 1 DAGs
[2021-09-20 02:04:59,394] {logging_mixin.py:109} INFO - [2021-09-20 02:04:59,394] {dag.py:2287} INFO - Setting next_dagrun for example_trigger_target_dag to None
[2021-09-20 02:04:59,444] {processor.py:170} INFO - Processing /home/wilson/Documentos/alura/datapipeline/env/lib/python3.8/site-packages/airflow/example_dags/example_trigger_target_dag.py took 0.308 seconds
[2021-09-20 02:05:43,955] {processor.py:162} INFO - Started process (PID=25018) to work on /home/wilson/Documentos/alura/datapipeline/env/lib/python3.8/site-packages/airflow/example_dags/example_trigger_target_dag.py
[2021-09-20 02:05:43,957] {processor.py:613} INFO - Processing file /home/wilson/Documentos/alura/datapipeline/env/lib/python3.8/site-packages/airflow/example_dags/example_trigger_target_dag.py for tasks to queue
[2021-09-20 02:05:43,958] {logging_mixin.py:109} INFO - [2021-09-20 02:05:43,958] {dagbag.py:496} INFO - Filling up the DagBag from /home/wilson/Documentos/alura/datapipeline/env/lib/python3.8/site-packages/airflow/example_dags/example_trigger_target_dag.py
[2021-09-20 02:05:44,058] {processor.py:623} INFO - DAG(s) dict_keys(['example_trigger_target_dag']) retrieved from /home/wilson/Documentos/alura/datapipeline/env/lib/python3.8/site-packages/airflow/example_dags/example_trigger_target_dag.py
[2021-09-20 02:05:44,123] {logging_mixin.py:109} INFO - [2021-09-20 02:05:44,122] {dag.py:1834} INFO - Sync 1 DAGs
[2021-09-20 02:05:44,164] {logging_mixin.py:109} INFO - [2021-09-20 02:05:44,164] {dag.py:2287} INFO - Setting next_dagrun for example_trigger_target_dag to None
[2021-09-20 02:05:44,207] {processor.py:170} INFO - Processing /home/wilson/Documentos/alura/datapipeline/env/lib/python3.8/site-packages/airflow/example_dags/example_trigger_target_dag.py took 0.274 seconds
[2021-09-20 02:06:21,838] {processor.py:162} INFO - Started process (PID=25172) to work on /home/wilson/Documentos/alura/datapipeline/env/lib/python3.8/site-packages/airflow/example_dags/example_trigger_target_dag.py
[2021-09-20 02:06:21,849] {processor.py:613} INFO - Processing file /home/wilson/Documentos/alura/datapipeline/env/lib/python3.8/site-packages/airflow/example_dags/example_trigger_target_dag.py for tasks to queue
[2021-09-20 02:06:21,850] {logging_mixin.py:109} INFO - [2021-09-20 02:06:21,850] {dagbag.py:496} INFO - Filling up the DagBag from /home/wilson/Documentos/alura/datapipeline/env/lib/python3.8/site-packages/airflow/example_dags/example_trigger_target_dag.py
[2021-09-20 02:06:21,886] {processor.py:623} INFO - DAG(s) dict_keys(['example_trigger_target_dag']) retrieved from /home/wilson/Documentos/alura/datapipeline/env/lib/python3.8/site-packages/airflow/example_dags/example_trigger_target_dag.py
[2021-09-20 02:06:21,941] {logging_mixin.py:109} INFO - [2021-09-20 02:06:21,940] {dag.py:1834} INFO - Sync 1 DAGs
[2021-09-20 02:06:21,986] {logging_mixin.py:109} INFO - [2021-09-20 02:06:21,986] {dag.py:2287} INFO - Setting next_dagrun for example_trigger_target_dag to None
[2021-09-20 02:06:22,045] {processor.py:170} INFO - Processing /home/wilson/Documentos/alura/datapipeline/env/lib/python3.8/site-packages/airflow/example_dags/example_trigger_target_dag.py took 0.219 seconds
[2021-09-20 02:07:14,065] {processor.py:162} INFO - Started process (PID=25359) to work on /home/wilson/Documentos/alura/datapipeline/env/lib/python3.8/site-packages/airflow/example_dags/example_trigger_target_dag.py
[2021-09-20 02:07:14,070] {processor.py:613} INFO - Processing file /home/wilson/Documentos/alura/datapipeline/env/lib/python3.8/site-packages/airflow/example_dags/example_trigger_target_dag.py for tasks to queue
[2021-09-20 02:07:14,071] {logging_mixin.py:109} INFO - [2021-09-20 02:07:14,071] {dagbag.py:496} INFO - Filling up the DagBag from /home/wilson/Documentos/alura/datapipeline/env/lib/python3.8/site-packages/airflow/example_dags/example_trigger_target_dag.py
[2021-09-20 02:07:14,128] {processor.py:623} INFO - DAG(s) dict_keys(['example_trigger_target_dag']) retrieved from /home/wilson/Documentos/alura/datapipeline/env/lib/python3.8/site-packages/airflow/example_dags/example_trigger_target_dag.py
[2021-09-20 02:07:14,194] {logging_mixin.py:109} INFO - [2021-09-20 02:07:14,194] {dag.py:1834} INFO - Sync 1 DAGs
[2021-09-20 02:07:14,222] {logging_mixin.py:109} INFO - [2021-09-20 02:07:14,222] {dag.py:2287} INFO - Setting next_dagrun for example_trigger_target_dag to None
[2021-09-20 02:07:14,244] {processor.py:170} INFO - Processing /home/wilson/Documentos/alura/datapipeline/env/lib/python3.8/site-packages/airflow/example_dags/example_trigger_target_dag.py took 0.197 seconds
[2021-09-20 02:07:52,761] {processor.py:162} INFO - Started process (PID=25514) to work on /home/wilson/Documentos/alura/datapipeline/env/lib/python3.8/site-packages/airflow/example_dags/example_trigger_target_dag.py
[2021-09-20 02:07:52,763] {processor.py:613} INFO - Processing file /home/wilson/Documentos/alura/datapipeline/env/lib/python3.8/site-packages/airflow/example_dags/example_trigger_target_dag.py for tasks to queue
[2021-09-20 02:07:52,763] {logging_mixin.py:109} INFO - [2021-09-20 02:07:52,763] {dagbag.py:496} INFO - Filling up the DagBag from /home/wilson/Documentos/alura/datapipeline/env/lib/python3.8/site-packages/airflow/example_dags/example_trigger_target_dag.py
[2021-09-20 02:07:52,779] {processor.py:623} INFO - DAG(s) dict_keys(['example_trigger_target_dag']) retrieved from /home/wilson/Documentos/alura/datapipeline/env/lib/python3.8/site-packages/airflow/example_dags/example_trigger_target_dag.py
[2021-09-20 02:07:52,797] {logging_mixin.py:109} INFO - [2021-09-20 02:07:52,796] {dag.py:1834} INFO - Sync 1 DAGs
[2021-09-20 02:07:52,807] {logging_mixin.py:109} INFO - [2021-09-20 02:07:52,807] {dag.py:2287} INFO - Setting next_dagrun for example_trigger_target_dag to None
[2021-09-20 02:07:52,822] {processor.py:170} INFO - Processing /home/wilson/Documentos/alura/datapipeline/env/lib/python3.8/site-packages/airflow/example_dags/example_trigger_target_dag.py took 0.068 seconds
[2021-09-20 02:08:30,003] {processor.py:162} INFO - Started process (PID=25675) to work on /home/wilson/Documentos/alura/datapipeline/env/lib/python3.8/site-packages/airflow/example_dags/example_trigger_target_dag.py
[2021-09-20 02:08:30,005] {processor.py:613} INFO - Processing file /home/wilson/Documentos/alura/datapipeline/env/lib/python3.8/site-packages/airflow/example_dags/example_trigger_target_dag.py for tasks to queue
[2021-09-20 02:08:30,006] {logging_mixin.py:109} INFO - [2021-09-20 02:08:30,006] {dagbag.py:496} INFO - Filling up the DagBag from /home/wilson/Documentos/alura/datapipeline/env/lib/python3.8/site-packages/airflow/example_dags/example_trigger_target_dag.py
[2021-09-20 02:08:30,045] {processor.py:623} INFO - DAG(s) dict_keys(['example_trigger_target_dag']) retrieved from /home/wilson/Documentos/alura/datapipeline/env/lib/python3.8/site-packages/airflow/example_dags/example_trigger_target_dag.py
[2021-09-20 02:08:30,065] {logging_mixin.py:109} INFO - [2021-09-20 02:08:30,065] {dag.py:1834} INFO - Sync 1 DAGs
[2021-09-20 02:08:30,076] {logging_mixin.py:109} INFO - [2021-09-20 02:08:30,076] {dag.py:2287} INFO - Setting next_dagrun for example_trigger_target_dag to None
[2021-09-20 02:08:30,093] {processor.py:170} INFO - Processing /home/wilson/Documentos/alura/datapipeline/env/lib/python3.8/site-packages/airflow/example_dags/example_trigger_target_dag.py took 0.101 seconds
[2021-09-20 02:09:06,989] {processor.py:162} INFO - Started process (PID=25918) to work on /home/wilson/Documentos/alura/datapipeline/env/lib/python3.8/site-packages/airflow/example_dags/example_trigger_target_dag.py
[2021-09-20 02:09:06,996] {processor.py:613} INFO - Processing file /home/wilson/Documentos/alura/datapipeline/env/lib/python3.8/site-packages/airflow/example_dags/example_trigger_target_dag.py for tasks to queue
[2021-09-20 02:09:06,996] {logging_mixin.py:109} INFO - [2021-09-20 02:09:06,996] {dagbag.py:496} INFO - Filling up the DagBag from /home/wilson/Documentos/alura/datapipeline/env/lib/python3.8/site-packages/airflow/example_dags/example_trigger_target_dag.py
[2021-09-20 02:09:07,080] {processor.py:623} INFO - DAG(s) dict_keys(['example_trigger_target_dag']) retrieved from /home/wilson/Documentos/alura/datapipeline/env/lib/python3.8/site-packages/airflow/example_dags/example_trigger_target_dag.py
[2021-09-20 02:09:07,148] {logging_mixin.py:109} INFO - [2021-09-20 02:09:07,148] {dag.py:1834} INFO - Sync 1 DAGs
[2021-09-20 02:09:07,184] {logging_mixin.py:109} INFO - [2021-09-20 02:09:07,184] {dag.py:2287} INFO - Setting next_dagrun for example_trigger_target_dag to None
[2021-09-20 02:09:07,223] {processor.py:170} INFO - Processing /home/wilson/Documentos/alura/datapipeline/env/lib/python3.8/site-packages/airflow/example_dags/example_trigger_target_dag.py took 0.253 seconds
