[2021-09-20 01:59:27,860] {processor.py:162} INFO - Started process (PID=23576) to work on /home/wilson/Documentos/alura/datapipeline/env/lib/python3.8/site-packages/airflow/example_dags/example_skip_dag.py
[2021-09-20 01:59:27,869] {processor.py:613} INFO - Processing file /home/wilson/Documentos/alura/datapipeline/env/lib/python3.8/site-packages/airflow/example_dags/example_skip_dag.py for tasks to queue
[2021-09-20 01:59:27,870] {logging_mixin.py:109} INFO - [2021-09-20 01:59:27,870] {dagbag.py:496} INFO - Filling up the DagBag from /home/wilson/Documentos/alura/datapipeline/env/lib/python3.8/site-packages/airflow/example_dags/example_skip_dag.py
[2021-09-20 01:59:27,939] {processor.py:623} INFO - DAG(s) dict_keys(['example_skip_dag']) retrieved from /home/wilson/Documentos/alura/datapipeline/env/lib/python3.8/site-packages/airflow/example_dags/example_skip_dag.py
[2021-09-20 01:59:28,019] {logging_mixin.py:109} INFO - [2021-09-20 01:59:28,019] {dag.py:1834} INFO - Sync 1 DAGs
[2021-09-20 01:59:28,087] {logging_mixin.py:109} INFO - [2021-09-20 01:59:28,087] {dag.py:2287} INFO - Setting next_dagrun for example_skip_dag to 2021-09-18 00:00:00+00:00
[2021-09-20 01:59:28,122] {processor.py:170} INFO - Processing /home/wilson/Documentos/alura/datapipeline/env/lib/python3.8/site-packages/airflow/example_dags/example_skip_dag.py took 0.288 seconds
[2021-09-20 02:00:14,583] {processor.py:162} INFO - Started process (PID=23765) to work on /home/wilson/Documentos/alura/datapipeline/env/lib/python3.8/site-packages/airflow/example_dags/example_skip_dag.py
[2021-09-20 02:00:14,586] {processor.py:613} INFO - Processing file /home/wilson/Documentos/alura/datapipeline/env/lib/python3.8/site-packages/airflow/example_dags/example_skip_dag.py for tasks to queue
[2021-09-20 02:00:14,587] {logging_mixin.py:109} INFO - [2021-09-20 02:00:14,587] {dagbag.py:496} INFO - Filling up the DagBag from /home/wilson/Documentos/alura/datapipeline/env/lib/python3.8/site-packages/airflow/example_dags/example_skip_dag.py
[2021-09-20 02:00:14,600] {processor.py:623} INFO - DAG(s) dict_keys(['example_skip_dag']) retrieved from /home/wilson/Documentos/alura/datapipeline/env/lib/python3.8/site-packages/airflow/example_dags/example_skip_dag.py
[2021-09-20 02:00:14,616] {logging_mixin.py:109} INFO - [2021-09-20 02:00:14,616] {dag.py:1834} INFO - Sync 1 DAGs
[2021-09-20 02:00:14,628] {logging_mixin.py:109} INFO - [2021-09-20 02:00:14,628] {dag.py:2287} INFO - Setting next_dagrun for example_skip_dag to 2021-09-18 00:00:00+00:00
[2021-09-20 02:00:14,642] {processor.py:170} INFO - Processing /home/wilson/Documentos/alura/datapipeline/env/lib/python3.8/site-packages/airflow/example_dags/example_skip_dag.py took 0.063 seconds
[2021-09-20 02:00:52,039] {processor.py:162} INFO - Started process (PID=23914) to work on /home/wilson/Documentos/alura/datapipeline/env/lib/python3.8/site-packages/airflow/example_dags/example_skip_dag.py
[2021-09-20 02:00:52,044] {processor.py:613} INFO - Processing file /home/wilson/Documentos/alura/datapipeline/env/lib/python3.8/site-packages/airflow/example_dags/example_skip_dag.py for tasks to queue
[2021-09-20 02:00:52,045] {logging_mixin.py:109} INFO - [2021-09-20 02:00:52,045] {dagbag.py:496} INFO - Filling up the DagBag from /home/wilson/Documentos/alura/datapipeline/env/lib/python3.8/site-packages/airflow/example_dags/example_skip_dag.py
[2021-09-20 02:00:52,063] {processor.py:623} INFO - DAG(s) dict_keys(['example_skip_dag']) retrieved from /home/wilson/Documentos/alura/datapipeline/env/lib/python3.8/site-packages/airflow/example_dags/example_skip_dag.py
[2021-09-20 02:00:52,092] {logging_mixin.py:109} INFO - [2021-09-20 02:00:52,092] {dag.py:1834} INFO - Sync 1 DAGs
[2021-09-20 02:00:52,129] {logging_mixin.py:109} INFO - [2021-09-20 02:00:52,129] {dag.py:2287} INFO - Setting next_dagrun for example_skip_dag to 2021-09-18 00:00:00+00:00
[2021-09-20 02:00:52,159] {processor.py:170} INFO - Processing /home/wilson/Documentos/alura/datapipeline/env/lib/python3.8/site-packages/airflow/example_dags/example_skip_dag.py took 0.128 seconds
[2021-09-20 02:01:29,488] {processor.py:162} INFO - Started process (PID=24072) to work on /home/wilson/Documentos/alura/datapipeline/env/lib/python3.8/site-packages/airflow/example_dags/example_skip_dag.py
[2021-09-20 02:01:29,490] {processor.py:613} INFO - Processing file /home/wilson/Documentos/alura/datapipeline/env/lib/python3.8/site-packages/airflow/example_dags/example_skip_dag.py for tasks to queue
[2021-09-20 02:01:29,491] {logging_mixin.py:109} INFO - [2021-09-20 02:01:29,491] {dagbag.py:496} INFO - Filling up the DagBag from /home/wilson/Documentos/alura/datapipeline/env/lib/python3.8/site-packages/airflow/example_dags/example_skip_dag.py
[2021-09-20 02:01:29,504] {processor.py:623} INFO - DAG(s) dict_keys(['example_skip_dag']) retrieved from /home/wilson/Documentos/alura/datapipeline/env/lib/python3.8/site-packages/airflow/example_dags/example_skip_dag.py
[2021-09-20 02:01:29,521] {logging_mixin.py:109} INFO - [2021-09-20 02:01:29,520] {dag.py:1834} INFO - Sync 1 DAGs
[2021-09-20 02:01:29,533] {logging_mixin.py:109} INFO - [2021-09-20 02:01:29,533] {dag.py:2287} INFO - Setting next_dagrun for example_skip_dag to 2021-09-18 00:00:00+00:00
[2021-09-20 02:01:29,547] {processor.py:170} INFO - Processing /home/wilson/Documentos/alura/datapipeline/env/lib/python3.8/site-packages/airflow/example_dags/example_skip_dag.py took 0.063 seconds
[2021-09-20 02:02:20,380] {processor.py:162} INFO - Started process (PID=24257) to work on /home/wilson/Documentos/alura/datapipeline/env/lib/python3.8/site-packages/airflow/example_dags/example_skip_dag.py
[2021-09-20 02:02:20,384] {processor.py:613} INFO - Processing file /home/wilson/Documentos/alura/datapipeline/env/lib/python3.8/site-packages/airflow/example_dags/example_skip_dag.py for tasks to queue
[2021-09-20 02:02:20,386] {logging_mixin.py:109} INFO - [2021-09-20 02:02:20,386] {dagbag.py:496} INFO - Filling up the DagBag from /home/wilson/Documentos/alura/datapipeline/env/lib/python3.8/site-packages/airflow/example_dags/example_skip_dag.py
[2021-09-20 02:02:20,402] {processor.py:623} INFO - DAG(s) dict_keys(['example_skip_dag']) retrieved from /home/wilson/Documentos/alura/datapipeline/env/lib/python3.8/site-packages/airflow/example_dags/example_skip_dag.py
[2021-09-20 02:02:20,426] {logging_mixin.py:109} INFO - [2021-09-20 02:02:20,426] {dag.py:1834} INFO - Sync 1 DAGs
[2021-09-20 02:02:20,447] {logging_mixin.py:109} INFO - [2021-09-20 02:02:20,447] {dag.py:2287} INFO - Setting next_dagrun for example_skip_dag to 2021-09-18 00:00:00+00:00
[2021-09-20 02:02:20,468] {processor.py:170} INFO - Processing /home/wilson/Documentos/alura/datapipeline/env/lib/python3.8/site-packages/airflow/example_dags/example_skip_dag.py took 0.092 seconds
[2021-09-20 02:02:55,117] {processor.py:162} INFO - Started process (PID=24406) to work on /home/wilson/Documentos/alura/datapipeline/env/lib/python3.8/site-packages/airflow/example_dags/example_skip_dag.py
[2021-09-20 02:02:55,119] {processor.py:613} INFO - Processing file /home/wilson/Documentos/alura/datapipeline/env/lib/python3.8/site-packages/airflow/example_dags/example_skip_dag.py for tasks to queue
[2021-09-20 02:02:55,120] {logging_mixin.py:109} INFO - [2021-09-20 02:02:55,119] {dagbag.py:496} INFO - Filling up the DagBag from /home/wilson/Documentos/alura/datapipeline/env/lib/python3.8/site-packages/airflow/example_dags/example_skip_dag.py
[2021-09-20 02:02:55,134] {processor.py:623} INFO - DAG(s) dict_keys(['example_skip_dag']) retrieved from /home/wilson/Documentos/alura/datapipeline/env/lib/python3.8/site-packages/airflow/example_dags/example_skip_dag.py
[2021-09-20 02:02:55,156] {logging_mixin.py:109} INFO - [2021-09-20 02:02:55,156] {dag.py:1834} INFO - Sync 1 DAGs
[2021-09-20 02:02:55,168] {logging_mixin.py:109} INFO - [2021-09-20 02:02:55,168] {dag.py:2287} INFO - Setting next_dagrun for example_skip_dag to 2021-09-18 00:00:00+00:00
[2021-09-20 02:02:55,186] {processor.py:170} INFO - Processing /home/wilson/Documentos/alura/datapipeline/env/lib/python3.8/site-packages/airflow/example_dags/example_skip_dag.py took 0.072 seconds
[2021-09-20 02:03:36,910] {processor.py:162} INFO - Started process (PID=24562) to work on /home/wilson/Documentos/alura/datapipeline/env/lib/python3.8/site-packages/airflow/example_dags/example_skip_dag.py
[2021-09-20 02:03:36,912] {processor.py:613} INFO - Processing file /home/wilson/Documentos/alura/datapipeline/env/lib/python3.8/site-packages/airflow/example_dags/example_skip_dag.py for tasks to queue
[2021-09-20 02:03:36,913] {logging_mixin.py:109} INFO - [2021-09-20 02:03:36,913] {dagbag.py:496} INFO - Filling up the DagBag from /home/wilson/Documentos/alura/datapipeline/env/lib/python3.8/site-packages/airflow/example_dags/example_skip_dag.py
[2021-09-20 02:03:36,929] {processor.py:623} INFO - DAG(s) dict_keys(['example_skip_dag']) retrieved from /home/wilson/Documentos/alura/datapipeline/env/lib/python3.8/site-packages/airflow/example_dags/example_skip_dag.py
[2021-09-20 02:03:36,950] {logging_mixin.py:109} INFO - [2021-09-20 02:03:36,950] {dag.py:1834} INFO - Sync 1 DAGs
[2021-09-20 02:03:36,965] {logging_mixin.py:109} INFO - [2021-09-20 02:03:36,965] {dag.py:2287} INFO - Setting next_dagrun for example_skip_dag to 2021-09-18 00:00:00+00:00
[2021-09-20 02:03:36,980] {processor.py:170} INFO - Processing /home/wilson/Documentos/alura/datapipeline/env/lib/python3.8/site-packages/airflow/example_dags/example_skip_dag.py took 0.075 seconds
[2021-09-20 02:04:17,541] {processor.py:162} INFO - Started process (PID=24714) to work on /home/wilson/Documentos/alura/datapipeline/env/lib/python3.8/site-packages/airflow/example_dags/example_skip_dag.py
[2021-09-20 02:04:17,546] {processor.py:613} INFO - Processing file /home/wilson/Documentos/alura/datapipeline/env/lib/python3.8/site-packages/airflow/example_dags/example_skip_dag.py for tasks to queue
[2021-09-20 02:04:17,547] {logging_mixin.py:109} INFO - [2021-09-20 02:04:17,547] {dagbag.py:496} INFO - Filling up the DagBag from /home/wilson/Documentos/alura/datapipeline/env/lib/python3.8/site-packages/airflow/example_dags/example_skip_dag.py
[2021-09-20 02:04:17,560] {processor.py:623} INFO - DAG(s) dict_keys(['example_skip_dag']) retrieved from /home/wilson/Documentos/alura/datapipeline/env/lib/python3.8/site-packages/airflow/example_dags/example_skip_dag.py
[2021-09-20 02:04:17,583] {logging_mixin.py:109} INFO - [2021-09-20 02:04:17,582] {dag.py:1834} INFO - Sync 1 DAGs
[2021-09-20 02:04:17,595] {logging_mixin.py:109} INFO - [2021-09-20 02:04:17,594] {dag.py:2287} INFO - Setting next_dagrun for example_skip_dag to 2021-09-18 00:00:00+00:00
[2021-09-20 02:04:17,612] {processor.py:170} INFO - Processing /home/wilson/Documentos/alura/datapipeline/env/lib/python3.8/site-packages/airflow/example_dags/example_skip_dag.py took 0.075 seconds
[2021-09-20 02:04:55,274] {processor.py:162} INFO - Started process (PID=24859) to work on /home/wilson/Documentos/alura/datapipeline/env/lib/python3.8/site-packages/airflow/example_dags/example_skip_dag.py
[2021-09-20 02:04:55,276] {processor.py:613} INFO - Processing file /home/wilson/Documentos/alura/datapipeline/env/lib/python3.8/site-packages/airflow/example_dags/example_skip_dag.py for tasks to queue
[2021-09-20 02:04:55,276] {logging_mixin.py:109} INFO - [2021-09-20 02:04:55,276] {dagbag.py:496} INFO - Filling up the DagBag from /home/wilson/Documentos/alura/datapipeline/env/lib/python3.8/site-packages/airflow/example_dags/example_skip_dag.py
[2021-09-20 02:04:55,294] {processor.py:623} INFO - DAG(s) dict_keys(['example_skip_dag']) retrieved from /home/wilson/Documentos/alura/datapipeline/env/lib/python3.8/site-packages/airflow/example_dags/example_skip_dag.py
[2021-09-20 02:04:55,311] {logging_mixin.py:109} INFO - [2021-09-20 02:04:55,311] {dag.py:1834} INFO - Sync 1 DAGs
[2021-09-20 02:04:55,323] {logging_mixin.py:109} INFO - [2021-09-20 02:04:55,323] {dag.py:2287} INFO - Setting next_dagrun for example_skip_dag to 2021-09-18 00:00:00+00:00
[2021-09-20 02:04:55,340] {processor.py:170} INFO - Processing /home/wilson/Documentos/alura/datapipeline/env/lib/python3.8/site-packages/airflow/example_dags/example_skip_dag.py took 0.073 seconds
[2021-09-20 02:05:39,986] {processor.py:162} INFO - Started process (PID=25006) to work on /home/wilson/Documentos/alura/datapipeline/env/lib/python3.8/site-packages/airflow/example_dags/example_skip_dag.py
[2021-09-20 02:05:39,994] {processor.py:613} INFO - Processing file /home/wilson/Documentos/alura/datapipeline/env/lib/python3.8/site-packages/airflow/example_dags/example_skip_dag.py for tasks to queue
[2021-09-20 02:05:39,997] {logging_mixin.py:109} INFO - [2021-09-20 02:05:39,997] {dagbag.py:496} INFO - Filling up the DagBag from /home/wilson/Documentos/alura/datapipeline/env/lib/python3.8/site-packages/airflow/example_dags/example_skip_dag.py
[2021-09-20 02:05:40,120] {processor.py:623} INFO - DAG(s) dict_keys(['example_skip_dag']) retrieved from /home/wilson/Documentos/alura/datapipeline/env/lib/python3.8/site-packages/airflow/example_dags/example_skip_dag.py
[2021-09-20 02:05:40,214] {logging_mixin.py:109} INFO - [2021-09-20 02:05:40,214] {dag.py:1834} INFO - Sync 1 DAGs
[2021-09-20 02:05:40,252] {logging_mixin.py:109} INFO - [2021-09-20 02:05:40,252] {dag.py:2287} INFO - Setting next_dagrun for example_skip_dag to 2021-09-18 00:00:00+00:00
[2021-09-20 02:05:40,295] {processor.py:170} INFO - Processing /home/wilson/Documentos/alura/datapipeline/env/lib/python3.8/site-packages/airflow/example_dags/example_skip_dag.py took 0.345 seconds
[2021-09-20 02:06:16,478] {processor.py:162} INFO - Started process (PID=25146) to work on /home/wilson/Documentos/alura/datapipeline/env/lib/python3.8/site-packages/airflow/example_dags/example_skip_dag.py
[2021-09-20 02:06:16,489] {processor.py:613} INFO - Processing file /home/wilson/Documentos/alura/datapipeline/env/lib/python3.8/site-packages/airflow/example_dags/example_skip_dag.py for tasks to queue
[2021-09-20 02:06:16,490] {logging_mixin.py:109} INFO - [2021-09-20 02:06:16,490] {dagbag.py:496} INFO - Filling up the DagBag from /home/wilson/Documentos/alura/datapipeline/env/lib/python3.8/site-packages/airflow/example_dags/example_skip_dag.py
[2021-09-20 02:06:16,527] {processor.py:623} INFO - DAG(s) dict_keys(['example_skip_dag']) retrieved from /home/wilson/Documentos/alura/datapipeline/env/lib/python3.8/site-packages/airflow/example_dags/example_skip_dag.py
[2021-09-20 02:06:16,572] {logging_mixin.py:109} INFO - [2021-09-20 02:06:16,572] {dag.py:1834} INFO - Sync 1 DAGs
[2021-09-20 02:06:16,610] {logging_mixin.py:109} INFO - [2021-09-20 02:06:16,610] {dag.py:2287} INFO - Setting next_dagrun for example_skip_dag to 2021-09-18 00:00:00+00:00
[2021-09-20 02:06:16,648] {processor.py:170} INFO - Processing /home/wilson/Documentos/alura/datapipeline/env/lib/python3.8/site-packages/airflow/example_dags/example_skip_dag.py took 0.187 seconds
[2021-09-20 02:07:10,427] {processor.py:162} INFO - Started process (PID=25345) to work on /home/wilson/Documentos/alura/datapipeline/env/lib/python3.8/site-packages/airflow/example_dags/example_skip_dag.py
[2021-09-20 02:07:10,429] {processor.py:613} INFO - Processing file /home/wilson/Documentos/alura/datapipeline/env/lib/python3.8/site-packages/airflow/example_dags/example_skip_dag.py for tasks to queue
[2021-09-20 02:07:10,430] {logging_mixin.py:109} INFO - [2021-09-20 02:07:10,430] {dagbag.py:496} INFO - Filling up the DagBag from /home/wilson/Documentos/alura/datapipeline/env/lib/python3.8/site-packages/airflow/example_dags/example_skip_dag.py
[2021-09-20 02:07:10,442] {processor.py:623} INFO - DAG(s) dict_keys(['example_skip_dag']) retrieved from /home/wilson/Documentos/alura/datapipeline/env/lib/python3.8/site-packages/airflow/example_dags/example_skip_dag.py
[2021-09-20 02:07:10,478] {logging_mixin.py:109} INFO - [2021-09-20 02:07:10,477] {dag.py:1834} INFO - Sync 1 DAGs
[2021-09-20 02:07:10,488] {logging_mixin.py:109} INFO - [2021-09-20 02:07:10,488] {dag.py:2287} INFO - Setting next_dagrun for example_skip_dag to 2021-09-18 00:00:00+00:00
[2021-09-20 02:07:10,503] {processor.py:170} INFO - Processing /home/wilson/Documentos/alura/datapipeline/env/lib/python3.8/site-packages/airflow/example_dags/example_skip_dag.py took 0.080 seconds
[2021-09-20 02:07:48,827] {processor.py:162} INFO - Started process (PID=25498) to work on /home/wilson/Documentos/alura/datapipeline/env/lib/python3.8/site-packages/airflow/example_dags/example_skip_dag.py
[2021-09-20 02:07:48,834] {processor.py:613} INFO - Processing file /home/wilson/Documentos/alura/datapipeline/env/lib/python3.8/site-packages/airflow/example_dags/example_skip_dag.py for tasks to queue
[2021-09-20 02:07:48,835] {logging_mixin.py:109} INFO - [2021-09-20 02:07:48,835] {dagbag.py:496} INFO - Filling up the DagBag from /home/wilson/Documentos/alura/datapipeline/env/lib/python3.8/site-packages/airflow/example_dags/example_skip_dag.py
[2021-09-20 02:07:48,879] {processor.py:623} INFO - DAG(s) dict_keys(['example_skip_dag']) retrieved from /home/wilson/Documentos/alura/datapipeline/env/lib/python3.8/site-packages/airflow/example_dags/example_skip_dag.py
[2021-09-20 02:07:48,929] {logging_mixin.py:109} INFO - [2021-09-20 02:07:48,928] {dag.py:1834} INFO - Sync 1 DAGs
[2021-09-20 02:07:48,946] {logging_mixin.py:109} INFO - [2021-09-20 02:07:48,946] {dag.py:2287} INFO - Setting next_dagrun for example_skip_dag to 2021-09-18 00:00:00+00:00
[2021-09-20 02:07:48,963] {processor.py:170} INFO - Processing /home/wilson/Documentos/alura/datapipeline/env/lib/python3.8/site-packages/airflow/example_dags/example_skip_dag.py took 0.141 seconds
[2021-09-20 02:08:26,400] {processor.py:162} INFO - Started process (PID=25659) to work on /home/wilson/Documentos/alura/datapipeline/env/lib/python3.8/site-packages/airflow/example_dags/example_skip_dag.py
[2021-09-20 02:08:26,415] {processor.py:613} INFO - Processing file /home/wilson/Documentos/alura/datapipeline/env/lib/python3.8/site-packages/airflow/example_dags/example_skip_dag.py for tasks to queue
[2021-09-20 02:08:26,416] {logging_mixin.py:109} INFO - [2021-09-20 02:08:26,416] {dagbag.py:496} INFO - Filling up the DagBag from /home/wilson/Documentos/alura/datapipeline/env/lib/python3.8/site-packages/airflow/example_dags/example_skip_dag.py
[2021-09-20 02:08:26,461] {processor.py:623} INFO - DAG(s) dict_keys(['example_skip_dag']) retrieved from /home/wilson/Documentos/alura/datapipeline/env/lib/python3.8/site-packages/airflow/example_dags/example_skip_dag.py
[2021-09-20 02:08:26,509] {logging_mixin.py:109} INFO - [2021-09-20 02:08:26,509] {dag.py:1834} INFO - Sync 1 DAGs
[2021-09-20 02:08:26,528] {logging_mixin.py:109} INFO - [2021-09-20 02:08:26,528] {dag.py:2287} INFO - Setting next_dagrun for example_skip_dag to 2021-09-18 00:00:00+00:00
[2021-09-20 02:08:26,559] {processor.py:170} INFO - Processing /home/wilson/Documentos/alura/datapipeline/env/lib/python3.8/site-packages/airflow/example_dags/example_skip_dag.py took 0.169 seconds
[2021-09-20 02:09:03,214] {processor.py:162} INFO - Started process (PID=25882) to work on /home/wilson/Documentos/alura/datapipeline/env/lib/python3.8/site-packages/airflow/example_dags/example_skip_dag.py
[2021-09-20 02:09:03,216] {processor.py:613} INFO - Processing file /home/wilson/Documentos/alura/datapipeline/env/lib/python3.8/site-packages/airflow/example_dags/example_skip_dag.py for tasks to queue
[2021-09-20 02:09:03,218] {logging_mixin.py:109} INFO - [2021-09-20 02:09:03,218] {dagbag.py:496} INFO - Filling up the DagBag from /home/wilson/Documentos/alura/datapipeline/env/lib/python3.8/site-packages/airflow/example_dags/example_skip_dag.py
[2021-09-20 02:09:03,233] {processor.py:623} INFO - DAG(s) dict_keys(['example_skip_dag']) retrieved from /home/wilson/Documentos/alura/datapipeline/env/lib/python3.8/site-packages/airflow/example_dags/example_skip_dag.py
[2021-09-20 02:09:03,252] {logging_mixin.py:109} INFO - [2021-09-20 02:09:03,252] {dag.py:1834} INFO - Sync 1 DAGs
[2021-09-20 02:09:03,263] {logging_mixin.py:109} INFO - [2021-09-20 02:09:03,263] {dag.py:2287} INFO - Setting next_dagrun for example_skip_dag to 2021-09-18 00:00:00+00:00
[2021-09-20 02:09:03,278] {processor.py:170} INFO - Processing /home/wilson/Documentos/alura/datapipeline/env/lib/python3.8/site-packages/airflow/example_dags/example_skip_dag.py took 0.068 seconds
