[2021-09-20 01:59:54,670] {processor.py:162} INFO - Started process (PID=23684) to work on /home/wilson/Documentos/alura/datapipeline/env/lib/python3.8/site-packages/airflow/example_dags/example_kubernetes_executor.py
[2021-09-20 01:59:54,671] {processor.py:613} INFO - Processing file /home/wilson/Documentos/alura/datapipeline/env/lib/python3.8/site-packages/airflow/example_dags/example_kubernetes_executor.py for tasks to queue
[2021-09-20 01:59:54,672] {logging_mixin.py:109} INFO - [2021-09-20 01:59:54,672] {dagbag.py:496} INFO - Filling up the DagBag from /home/wilson/Documentos/alura/datapipeline/env/lib/python3.8/site-packages/airflow/example_dags/example_kubernetes_executor.py
[2021-09-20 01:59:54,726] {processor.py:623} INFO - DAG(s) dict_keys(['example_kubernetes_executor']) retrieved from /home/wilson/Documentos/alura/datapipeline/env/lib/python3.8/site-packages/airflow/example_dags/example_kubernetes_executor.py
[2021-09-20 01:59:54,799] {logging_mixin.py:109} INFO - [2021-09-20 01:59:54,799] {dag.py:1834} INFO - Sync 1 DAGs
[2021-09-20 01:59:54,843] {logging_mixin.py:109} INFO - [2021-09-20 01:59:54,843] {dag.py:2287} INFO - Setting next_dagrun for example_kubernetes_executor to None
[2021-09-20 01:59:54,892] {processor.py:170} INFO - Processing /home/wilson/Documentos/alura/datapipeline/env/lib/python3.8/site-packages/airflow/example_dags/example_kubernetes_executor.py took 0.238 seconds
[2021-09-20 02:00:37,250] {processor.py:162} INFO - Started process (PID=23855) to work on /home/wilson/Documentos/alura/datapipeline/env/lib/python3.8/site-packages/airflow/example_dags/example_kubernetes_executor.py
[2021-09-20 02:00:37,253] {processor.py:613} INFO - Processing file /home/wilson/Documentos/alura/datapipeline/env/lib/python3.8/site-packages/airflow/example_dags/example_kubernetes_executor.py for tasks to queue
[2021-09-20 02:00:37,254] {logging_mixin.py:109} INFO - [2021-09-20 02:00:37,254] {dagbag.py:496} INFO - Filling up the DagBag from /home/wilson/Documentos/alura/datapipeline/env/lib/python3.8/site-packages/airflow/example_dags/example_kubernetes_executor.py
[2021-09-20 02:00:37,270] {processor.py:623} INFO - DAG(s) dict_keys(['example_kubernetes_executor']) retrieved from /home/wilson/Documentos/alura/datapipeline/env/lib/python3.8/site-packages/airflow/example_dags/example_kubernetes_executor.py
[2021-09-20 02:00:37,299] {logging_mixin.py:109} INFO - [2021-09-20 02:00:37,298] {dag.py:1834} INFO - Sync 1 DAGs
[2021-09-20 02:00:37,315] {logging_mixin.py:109} INFO - [2021-09-20 02:00:37,315] {dag.py:2287} INFO - Setting next_dagrun for example_kubernetes_executor to None
[2021-09-20 02:00:37,336] {processor.py:170} INFO - Processing /home/wilson/Documentos/alura/datapipeline/env/lib/python3.8/site-packages/airflow/example_dags/example_kubernetes_executor.py took 0.096 seconds
[2021-09-20 02:01:14,673] {processor.py:162} INFO - Started process (PID=24009) to work on /home/wilson/Documentos/alura/datapipeline/env/lib/python3.8/site-packages/airflow/example_dags/example_kubernetes_executor.py
[2021-09-20 02:01:14,675] {processor.py:613} INFO - Processing file /home/wilson/Documentos/alura/datapipeline/env/lib/python3.8/site-packages/airflow/example_dags/example_kubernetes_executor.py for tasks to queue
[2021-09-20 02:01:14,676] {logging_mixin.py:109} INFO - [2021-09-20 02:01:14,676] {dagbag.py:496} INFO - Filling up the DagBag from /home/wilson/Documentos/alura/datapipeline/env/lib/python3.8/site-packages/airflow/example_dags/example_kubernetes_executor.py
[2021-09-20 02:01:14,691] {processor.py:623} INFO - DAG(s) dict_keys(['example_kubernetes_executor']) retrieved from /home/wilson/Documentos/alura/datapipeline/env/lib/python3.8/site-packages/airflow/example_dags/example_kubernetes_executor.py
[2021-09-20 02:01:14,707] {logging_mixin.py:109} INFO - [2021-09-20 02:01:14,707] {dag.py:1834} INFO - Sync 1 DAGs
[2021-09-20 02:01:14,720] {logging_mixin.py:109} INFO - [2021-09-20 02:01:14,720] {dag.py:2287} INFO - Setting next_dagrun for example_kubernetes_executor to None
[2021-09-20 02:01:14,735] {processor.py:170} INFO - Processing /home/wilson/Documentos/alura/datapipeline/env/lib/python3.8/site-packages/airflow/example_dags/example_kubernetes_executor.py took 0.065 seconds
[2021-09-20 02:02:05,729] {processor.py:162} INFO - Started process (PID=24209) to work on /home/wilson/Documentos/alura/datapipeline/env/lib/python3.8/site-packages/airflow/example_dags/example_kubernetes_executor.py
[2021-09-20 02:02:05,732] {processor.py:613} INFO - Processing file /home/wilson/Documentos/alura/datapipeline/env/lib/python3.8/site-packages/airflow/example_dags/example_kubernetes_executor.py for tasks to queue
[2021-09-20 02:02:05,735] {logging_mixin.py:109} INFO - [2021-09-20 02:02:05,735] {dagbag.py:496} INFO - Filling up the DagBag from /home/wilson/Documentos/alura/datapipeline/env/lib/python3.8/site-packages/airflow/example_dags/example_kubernetes_executor.py
[2021-09-20 02:02:05,820] {processor.py:623} INFO - DAG(s) dict_keys(['example_kubernetes_executor']) retrieved from /home/wilson/Documentos/alura/datapipeline/env/lib/python3.8/site-packages/airflow/example_dags/example_kubernetes_executor.py
[2021-09-20 02:02:05,952] {logging_mixin.py:109} INFO - [2021-09-20 02:02:05,952] {dag.py:1834} INFO - Sync 1 DAGs
[2021-09-20 02:02:06,004] {logging_mixin.py:109} INFO - [2021-09-20 02:02:06,004] {dag.py:2287} INFO - Setting next_dagrun for example_kubernetes_executor to None
[2021-09-20 02:02:06,063] {processor.py:170} INFO - Processing /home/wilson/Documentos/alura/datapipeline/env/lib/python3.8/site-packages/airflow/example_dags/example_kubernetes_executor.py took 0.367 seconds
[2021-09-20 02:02:47,991] {processor.py:162} INFO - Started process (PID=24379) to work on /home/wilson/Documentos/alura/datapipeline/env/lib/python3.8/site-packages/airflow/example_dags/example_kubernetes_executor.py
[2021-09-20 02:02:47,994] {processor.py:613} INFO - Processing file /home/wilson/Documentos/alura/datapipeline/env/lib/python3.8/site-packages/airflow/example_dags/example_kubernetes_executor.py for tasks to queue
[2021-09-20 02:02:47,995] {logging_mixin.py:109} INFO - [2021-09-20 02:02:47,994] {dagbag.py:496} INFO - Filling up the DagBag from /home/wilson/Documentos/alura/datapipeline/env/lib/python3.8/site-packages/airflow/example_dags/example_kubernetes_executor.py
[2021-09-20 02:02:48,009] {processor.py:623} INFO - DAG(s) dict_keys(['example_kubernetes_executor']) retrieved from /home/wilson/Documentos/alura/datapipeline/env/lib/python3.8/site-packages/airflow/example_dags/example_kubernetes_executor.py
[2021-09-20 02:02:48,046] {logging_mixin.py:109} INFO - [2021-09-20 02:02:48,046] {dag.py:1834} INFO - Sync 1 DAGs
[2021-09-20 02:02:48,070] {logging_mixin.py:109} INFO - [2021-09-20 02:02:48,070] {dag.py:2287} INFO - Setting next_dagrun for example_kubernetes_executor to None
[2021-09-20 02:02:48,092] {processor.py:170} INFO - Processing /home/wilson/Documentos/alura/datapipeline/env/lib/python3.8/site-packages/airflow/example_dags/example_kubernetes_executor.py took 0.104 seconds
[2021-09-20 02:03:32,700] {processor.py:162} INFO - Started process (PID=24545) to work on /home/wilson/Documentos/alura/datapipeline/env/lib/python3.8/site-packages/airflow/example_dags/example_kubernetes_executor.py
[2021-09-20 02:03:32,706] {processor.py:613} INFO - Processing file /home/wilson/Documentos/alura/datapipeline/env/lib/python3.8/site-packages/airflow/example_dags/example_kubernetes_executor.py for tasks to queue
[2021-09-20 02:03:32,707] {logging_mixin.py:109} INFO - [2021-09-20 02:03:32,707] {dagbag.py:496} INFO - Filling up the DagBag from /home/wilson/Documentos/alura/datapipeline/env/lib/python3.8/site-packages/airflow/example_dags/example_kubernetes_executor.py
[2021-09-20 02:03:32,739] {processor.py:623} INFO - DAG(s) dict_keys(['example_kubernetes_executor']) retrieved from /home/wilson/Documentos/alura/datapipeline/env/lib/python3.8/site-packages/airflow/example_dags/example_kubernetes_executor.py
[2021-09-20 02:03:32,796] {logging_mixin.py:109} INFO - [2021-09-20 02:03:32,793] {dag.py:1834} INFO - Sync 1 DAGs
[2021-09-20 02:03:32,816] {logging_mixin.py:109} INFO - [2021-09-20 02:03:32,816] {dag.py:2287} INFO - Setting next_dagrun for example_kubernetes_executor to None
[2021-09-20 02:03:32,849] {processor.py:170} INFO - Processing /home/wilson/Documentos/alura/datapipeline/env/lib/python3.8/site-packages/airflow/example_dags/example_kubernetes_executor.py took 0.149 seconds
[2021-09-20 02:04:27,582] {processor.py:162} INFO - Started process (PID=24752) to work on /home/wilson/Documentos/alura/datapipeline/env/lib/python3.8/site-packages/airflow/example_dags/example_kubernetes_executor.py
[2021-09-20 02:04:27,586] {processor.py:613} INFO - Processing file /home/wilson/Documentos/alura/datapipeline/env/lib/python3.8/site-packages/airflow/example_dags/example_kubernetes_executor.py for tasks to queue
[2021-09-20 02:04:27,587] {logging_mixin.py:109} INFO - [2021-09-20 02:04:27,587] {dagbag.py:496} INFO - Filling up the DagBag from /home/wilson/Documentos/alura/datapipeline/env/lib/python3.8/site-packages/airflow/example_dags/example_kubernetes_executor.py
[2021-09-20 02:04:27,673] {processor.py:623} INFO - DAG(s) dict_keys(['example_kubernetes_executor']) retrieved from /home/wilson/Documentos/alura/datapipeline/env/lib/python3.8/site-packages/airflow/example_dags/example_kubernetes_executor.py
[2021-09-20 02:04:27,762] {logging_mixin.py:109} INFO - [2021-09-20 02:04:27,761] {dag.py:1834} INFO - Sync 1 DAGs
[2021-09-20 02:04:27,796] {logging_mixin.py:109} INFO - [2021-09-20 02:04:27,796] {dag.py:2287} INFO - Setting next_dagrun for example_kubernetes_executor to None
[2021-09-20 02:04:27,846] {processor.py:170} INFO - Processing /home/wilson/Documentos/alura/datapipeline/env/lib/python3.8/site-packages/airflow/example_dags/example_kubernetes_executor.py took 0.272 seconds
[2021-09-20 02:05:16,301] {processor.py:162} INFO - Started process (PID=24933) to work on /home/wilson/Documentos/alura/datapipeline/env/lib/python3.8/site-packages/airflow/example_dags/example_kubernetes_executor.py
[2021-09-20 02:05:16,308] {processor.py:613} INFO - Processing file /home/wilson/Documentos/alura/datapipeline/env/lib/python3.8/site-packages/airflow/example_dags/example_kubernetes_executor.py for tasks to queue
[2021-09-20 02:05:16,310] {logging_mixin.py:109} INFO - [2021-09-20 02:05:16,310] {dagbag.py:496} INFO - Filling up the DagBag from /home/wilson/Documentos/alura/datapipeline/env/lib/python3.8/site-packages/airflow/example_dags/example_kubernetes_executor.py
[2021-09-20 02:05:16,386] {processor.py:623} INFO - DAG(s) dict_keys(['example_kubernetes_executor']) retrieved from /home/wilson/Documentos/alura/datapipeline/env/lib/python3.8/site-packages/airflow/example_dags/example_kubernetes_executor.py
[2021-09-20 02:05:16,460] {logging_mixin.py:109} INFO - [2021-09-20 02:05:16,453] {dag.py:1834} INFO - Sync 1 DAGs
[2021-09-20 02:05:16,517] {logging_mixin.py:109} INFO - [2021-09-20 02:05:16,517] {dag.py:2287} INFO - Setting next_dagrun for example_kubernetes_executor to None
[2021-09-20 02:05:16,589] {processor.py:170} INFO - Processing /home/wilson/Documentos/alura/datapipeline/env/lib/python3.8/site-packages/airflow/example_dags/example_kubernetes_executor.py took 0.308 seconds
[2021-09-20 02:06:01,689] {processor.py:162} INFO - Started process (PID=25087) to work on /home/wilson/Documentos/alura/datapipeline/env/lib/python3.8/site-packages/airflow/example_dags/example_kubernetes_executor.py
[2021-09-20 02:06:01,691] {processor.py:613} INFO - Processing file /home/wilson/Documentos/alura/datapipeline/env/lib/python3.8/site-packages/airflow/example_dags/example_kubernetes_executor.py for tasks to queue
[2021-09-20 02:06:01,692] {logging_mixin.py:109} INFO - [2021-09-20 02:06:01,691] {dagbag.py:496} INFO - Filling up the DagBag from /home/wilson/Documentos/alura/datapipeline/env/lib/python3.8/site-packages/airflow/example_dags/example_kubernetes_executor.py
[2021-09-20 02:06:01,733] {processor.py:623} INFO - DAG(s) dict_keys(['example_kubernetes_executor']) retrieved from /home/wilson/Documentos/alura/datapipeline/env/lib/python3.8/site-packages/airflow/example_dags/example_kubernetes_executor.py
[2021-09-20 02:06:01,765] {logging_mixin.py:109} INFO - [2021-09-20 02:06:01,761] {dag.py:1834} INFO - Sync 1 DAGs
[2021-09-20 02:06:01,790] {logging_mixin.py:109} INFO - [2021-09-20 02:06:01,790] {dag.py:2287} INFO - Setting next_dagrun for example_kubernetes_executor to None
[2021-09-20 02:06:01,813] {processor.py:170} INFO - Processing /home/wilson/Documentos/alura/datapipeline/env/lib/python3.8/site-packages/airflow/example_dags/example_kubernetes_executor.py took 0.143 seconds
[2021-09-20 02:06:59,155] {processor.py:162} INFO - Started process (PID=25300) to work on /home/wilson/Documentos/alura/datapipeline/env/lib/python3.8/site-packages/airflow/example_dags/example_kubernetes_executor.py
[2021-09-20 02:06:59,159] {processor.py:613} INFO - Processing file /home/wilson/Documentos/alura/datapipeline/env/lib/python3.8/site-packages/airflow/example_dags/example_kubernetes_executor.py for tasks to queue
[2021-09-20 02:06:59,160] {logging_mixin.py:109} INFO - [2021-09-20 02:06:59,160] {dagbag.py:496} INFO - Filling up the DagBag from /home/wilson/Documentos/alura/datapipeline/env/lib/python3.8/site-packages/airflow/example_dags/example_kubernetes_executor.py
[2021-09-20 02:06:59,199] {processor.py:623} INFO - DAG(s) dict_keys(['example_kubernetes_executor']) retrieved from /home/wilson/Documentos/alura/datapipeline/env/lib/python3.8/site-packages/airflow/example_dags/example_kubernetes_executor.py
[2021-09-20 02:06:59,238] {logging_mixin.py:109} INFO - [2021-09-20 02:06:59,238] {dag.py:1834} INFO - Sync 1 DAGs
[2021-09-20 02:06:59,271] {logging_mixin.py:109} INFO - [2021-09-20 02:06:59,271] {dag.py:2287} INFO - Setting next_dagrun for example_kubernetes_executor to None
[2021-09-20 02:06:59,308] {processor.py:170} INFO - Processing /home/wilson/Documentos/alura/datapipeline/env/lib/python3.8/site-packages/airflow/example_dags/example_kubernetes_executor.py took 0.162 seconds
[2021-09-20 02:07:43,365] {processor.py:162} INFO - Started process (PID=25478) to work on /home/wilson/Documentos/alura/datapipeline/env/lib/python3.8/site-packages/airflow/example_dags/example_kubernetes_executor.py
[2021-09-20 02:07:43,370] {processor.py:613} INFO - Processing file /home/wilson/Documentos/alura/datapipeline/env/lib/python3.8/site-packages/airflow/example_dags/example_kubernetes_executor.py for tasks to queue
[2021-09-20 02:07:43,371] {logging_mixin.py:109} INFO - [2021-09-20 02:07:43,371] {dagbag.py:496} INFO - Filling up the DagBag from /home/wilson/Documentos/alura/datapipeline/env/lib/python3.8/site-packages/airflow/example_dags/example_kubernetes_executor.py
[2021-09-20 02:07:43,385] {processor.py:623} INFO - DAG(s) dict_keys(['example_kubernetes_executor']) retrieved from /home/wilson/Documentos/alura/datapipeline/env/lib/python3.8/site-packages/airflow/example_dags/example_kubernetes_executor.py
[2021-09-20 02:07:43,402] {logging_mixin.py:109} INFO - [2021-09-20 02:07:43,402] {dag.py:1834} INFO - Sync 1 DAGs
[2021-09-20 02:07:43,414] {logging_mixin.py:109} INFO - [2021-09-20 02:07:43,414] {dag.py:2287} INFO - Setting next_dagrun for example_kubernetes_executor to None
[2021-09-20 02:07:43,429] {processor.py:170} INFO - Processing /home/wilson/Documentos/alura/datapipeline/env/lib/python3.8/site-packages/airflow/example_dags/example_kubernetes_executor.py took 0.067 seconds
[2021-09-20 02:08:23,574] {processor.py:162} INFO - Started process (PID=25646) to work on /home/wilson/Documentos/alura/datapipeline/env/lib/python3.8/site-packages/airflow/example_dags/example_kubernetes_executor.py
[2021-09-20 02:08:23,578] {processor.py:613} INFO - Processing file /home/wilson/Documentos/alura/datapipeline/env/lib/python3.8/site-packages/airflow/example_dags/example_kubernetes_executor.py for tasks to queue
[2021-09-20 02:08:23,579] {logging_mixin.py:109} INFO - [2021-09-20 02:08:23,578] {dagbag.py:496} INFO - Filling up the DagBag from /home/wilson/Documentos/alura/datapipeline/env/lib/python3.8/site-packages/airflow/example_dags/example_kubernetes_executor.py
[2021-09-20 02:08:23,595] {processor.py:623} INFO - DAG(s) dict_keys(['example_kubernetes_executor']) retrieved from /home/wilson/Documentos/alura/datapipeline/env/lib/python3.8/site-packages/airflow/example_dags/example_kubernetes_executor.py
[2021-09-20 02:08:23,613] {logging_mixin.py:109} INFO - [2021-09-20 02:08:23,612] {dag.py:1834} INFO - Sync 1 DAGs
[2021-09-20 02:08:23,624] {logging_mixin.py:109} INFO - [2021-09-20 02:08:23,624] {dag.py:2287} INFO - Setting next_dagrun for example_kubernetes_executor to None
[2021-09-20 02:08:23,642] {processor.py:170} INFO - Processing /home/wilson/Documentos/alura/datapipeline/env/lib/python3.8/site-packages/airflow/example_dags/example_kubernetes_executor.py took 0.072 seconds
