[2021-09-20 01:59:52,173] {processor.py:162} INFO - Started process (PID=23670) to work on /home/wilson/Documentos/alura/datapipeline/env/lib/python3.8/site-packages/airflow/example_dags/example_kubernetes_executor_config.py
[2021-09-20 01:59:52,180] {processor.py:613} INFO - Processing file /home/wilson/Documentos/alura/datapipeline/env/lib/python3.8/site-packages/airflow/example_dags/example_kubernetes_executor_config.py for tasks to queue
[2021-09-20 01:59:52,185] {logging_mixin.py:109} INFO - [2021-09-20 01:59:52,185] {dagbag.py:496} INFO - Filling up the DagBag from /home/wilson/Documentos/alura/datapipeline/env/lib/python3.8/site-packages/airflow/example_dags/example_kubernetes_executor_config.py
[2021-09-20 01:59:52,216] {logging_mixin.py:109} INFO - [2021-09-20 01:59:52,216] {example_kubernetes_executor_config.py:175} WARNING - Could not import DAGs in example_kubernetes_executor_config.py: No module named 'kubernetes'
[2021-09-20 01:59:52,216] {logging_mixin.py:109} INFO - [2021-09-20 01:59:52,216] {example_kubernetes_executor_config.py:176} WARNING - Install kubernetes dependencies with: pip install apache-airflow['cncf.kubernetes']
[2021-09-20 01:59:52,217] {processor.py:625} WARNING - No viable dags retrieved from /home/wilson/Documentos/alura/datapipeline/env/lib/python3.8/site-packages/airflow/example_dags/example_kubernetes_executor_config.py
[2021-09-20 01:59:52,273] {processor.py:170} INFO - Processing /home/wilson/Documentos/alura/datapipeline/env/lib/python3.8/site-packages/airflow/example_dags/example_kubernetes_executor_config.py took 0.141 seconds
[2021-09-20 02:00:34,601] {processor.py:162} INFO - Started process (PID=23848) to work on /home/wilson/Documentos/alura/datapipeline/env/lib/python3.8/site-packages/airflow/example_dags/example_kubernetes_executor_config.py
[2021-09-20 02:00:34,603] {processor.py:613} INFO - Processing file /home/wilson/Documentos/alura/datapipeline/env/lib/python3.8/site-packages/airflow/example_dags/example_kubernetes_executor_config.py for tasks to queue
[2021-09-20 02:00:34,604] {logging_mixin.py:109} INFO - [2021-09-20 02:00:34,604] {dagbag.py:496} INFO - Filling up the DagBag from /home/wilson/Documentos/alura/datapipeline/env/lib/python3.8/site-packages/airflow/example_dags/example_kubernetes_executor_config.py
[2021-09-20 02:00:34,618] {logging_mixin.py:109} INFO - [2021-09-20 02:00:34,618] {example_kubernetes_executor_config.py:175} WARNING - Could not import DAGs in example_kubernetes_executor_config.py: No module named 'kubernetes'
[2021-09-20 02:00:34,618] {logging_mixin.py:109} INFO - [2021-09-20 02:00:34,618] {example_kubernetes_executor_config.py:176} WARNING - Install kubernetes dependencies with: pip install apache-airflow['cncf.kubernetes']
[2021-09-20 02:00:34,619] {processor.py:625} WARNING - No viable dags retrieved from /home/wilson/Documentos/alura/datapipeline/env/lib/python3.8/site-packages/airflow/example_dags/example_kubernetes_executor_config.py
[2021-09-20 02:00:34,636] {processor.py:170} INFO - Processing /home/wilson/Documentos/alura/datapipeline/env/lib/python3.8/site-packages/airflow/example_dags/example_kubernetes_executor_config.py took 0.038 seconds
[2021-09-20 02:01:12,535] {processor.py:162} INFO - Started process (PID=24000) to work on /home/wilson/Documentos/alura/datapipeline/env/lib/python3.8/site-packages/airflow/example_dags/example_kubernetes_executor_config.py
[2021-09-20 02:01:12,537] {processor.py:613} INFO - Processing file /home/wilson/Documentos/alura/datapipeline/env/lib/python3.8/site-packages/airflow/example_dags/example_kubernetes_executor_config.py for tasks to queue
[2021-09-20 02:01:12,538] {logging_mixin.py:109} INFO - [2021-09-20 02:01:12,538] {dagbag.py:496} INFO - Filling up the DagBag from /home/wilson/Documentos/alura/datapipeline/env/lib/python3.8/site-packages/airflow/example_dags/example_kubernetes_executor_config.py
[2021-09-20 02:01:12,552] {logging_mixin.py:109} INFO - [2021-09-20 02:01:12,552] {example_kubernetes_executor_config.py:175} WARNING - Could not import DAGs in example_kubernetes_executor_config.py: No module named 'kubernetes'
[2021-09-20 02:01:12,553] {logging_mixin.py:109} INFO - [2021-09-20 02:01:12,553] {example_kubernetes_executor_config.py:176} WARNING - Install kubernetes dependencies with: pip install apache-airflow['cncf.kubernetes']
[2021-09-20 02:01:12,553] {processor.py:625} WARNING - No viable dags retrieved from /home/wilson/Documentos/alura/datapipeline/env/lib/python3.8/site-packages/airflow/example_dags/example_kubernetes_executor_config.py
[2021-09-20 02:01:12,574] {processor.py:170} INFO - Processing /home/wilson/Documentos/alura/datapipeline/env/lib/python3.8/site-packages/airflow/example_dags/example_kubernetes_executor_config.py took 0.044 seconds
[2021-09-20 02:01:51,873] {processor.py:162} INFO - Started process (PID=24162) to work on /home/wilson/Documentos/alura/datapipeline/env/lib/python3.8/site-packages/airflow/example_dags/example_kubernetes_executor_config.py
[2021-09-20 02:01:51,882] {processor.py:613} INFO - Processing file /home/wilson/Documentos/alura/datapipeline/env/lib/python3.8/site-packages/airflow/example_dags/example_kubernetes_executor_config.py for tasks to queue
[2021-09-20 02:01:51,885] {logging_mixin.py:109} INFO - [2021-09-20 02:01:51,885] {dagbag.py:496} INFO - Filling up the DagBag from /home/wilson/Documentos/alura/datapipeline/env/lib/python3.8/site-packages/airflow/example_dags/example_kubernetes_executor_config.py
[2021-09-20 02:01:51,916] {logging_mixin.py:109} INFO - [2021-09-20 02:01:51,916] {example_kubernetes_executor_config.py:175} WARNING - Could not import DAGs in example_kubernetes_executor_config.py: No module named 'kubernetes'
[2021-09-20 02:01:51,916] {logging_mixin.py:109} INFO - [2021-09-20 02:01:51,916] {example_kubernetes_executor_config.py:176} WARNING - Install kubernetes dependencies with: pip install apache-airflow['cncf.kubernetes']
[2021-09-20 02:01:51,916] {processor.py:625} WARNING - No viable dags retrieved from /home/wilson/Documentos/alura/datapipeline/env/lib/python3.8/site-packages/airflow/example_dags/example_kubernetes_executor_config.py
[2021-09-20 02:01:51,969] {processor.py:170} INFO - Processing /home/wilson/Documentos/alura/datapipeline/env/lib/python3.8/site-packages/airflow/example_dags/example_kubernetes_executor_config.py took 0.110 seconds
[2021-09-20 02:02:45,648] {processor.py:162} INFO - Started process (PID=24372) to work on /home/wilson/Documentos/alura/datapipeline/env/lib/python3.8/site-packages/airflow/example_dags/example_kubernetes_executor_config.py
[2021-09-20 02:02:45,652] {processor.py:613} INFO - Processing file /home/wilson/Documentos/alura/datapipeline/env/lib/python3.8/site-packages/airflow/example_dags/example_kubernetes_executor_config.py for tasks to queue
[2021-09-20 02:02:45,652] {logging_mixin.py:109} INFO - [2021-09-20 02:02:45,652] {dagbag.py:496} INFO - Filling up the DagBag from /home/wilson/Documentos/alura/datapipeline/env/lib/python3.8/site-packages/airflow/example_dags/example_kubernetes_executor_config.py
[2021-09-20 02:02:45,659] {logging_mixin.py:109} INFO - [2021-09-20 02:02:45,659] {example_kubernetes_executor_config.py:175} WARNING - Could not import DAGs in example_kubernetes_executor_config.py: No module named 'kubernetes'
[2021-09-20 02:02:45,660] {logging_mixin.py:109} INFO - [2021-09-20 02:02:45,660] {example_kubernetes_executor_config.py:176} WARNING - Install kubernetes dependencies with: pip install apache-airflow['cncf.kubernetes']
[2021-09-20 02:02:45,660] {processor.py:625} WARNING - No viable dags retrieved from /home/wilson/Documentos/alura/datapipeline/env/lib/python3.8/site-packages/airflow/example_dags/example_kubernetes_executor_config.py
[2021-09-20 02:02:45,669] {processor.py:170} INFO - Processing /home/wilson/Documentos/alura/datapipeline/env/lib/python3.8/site-packages/airflow/example_dags/example_kubernetes_executor_config.py took 0.026 seconds
[2021-09-20 02:03:30,263] {processor.py:162} INFO - Started process (PID=24537) to work on /home/wilson/Documentos/alura/datapipeline/env/lib/python3.8/site-packages/airflow/example_dags/example_kubernetes_executor_config.py
[2021-09-20 02:03:30,274] {processor.py:613} INFO - Processing file /home/wilson/Documentos/alura/datapipeline/env/lib/python3.8/site-packages/airflow/example_dags/example_kubernetes_executor_config.py for tasks to queue
[2021-09-20 02:03:30,275] {logging_mixin.py:109} INFO - [2021-09-20 02:03:30,275] {dagbag.py:496} INFO - Filling up the DagBag from /home/wilson/Documentos/alura/datapipeline/env/lib/python3.8/site-packages/airflow/example_dags/example_kubernetes_executor_config.py
[2021-09-20 02:03:30,307] {logging_mixin.py:109} INFO - [2021-09-20 02:03:30,306] {example_kubernetes_executor_config.py:175} WARNING - Could not import DAGs in example_kubernetes_executor_config.py: No module named 'kubernetes'
[2021-09-20 02:03:30,307] {logging_mixin.py:109} INFO - [2021-09-20 02:03:30,307] {example_kubernetes_executor_config.py:176} WARNING - Install kubernetes dependencies with: pip install apache-airflow['cncf.kubernetes']
[2021-09-20 02:03:30,307] {processor.py:625} WARNING - No viable dags retrieved from /home/wilson/Documentos/alura/datapipeline/env/lib/python3.8/site-packages/airflow/example_dags/example_kubernetes_executor_config.py
[2021-09-20 02:03:30,341] {processor.py:170} INFO - Processing /home/wilson/Documentos/alura/datapipeline/env/lib/python3.8/site-packages/airflow/example_dags/example_kubernetes_executor_config.py took 0.086 seconds
[2021-09-20 02:04:11,222] {processor.py:162} INFO - Started process (PID=24684) to work on /home/wilson/Documentos/alura/datapipeline/env/lib/python3.8/site-packages/airflow/example_dags/example_kubernetes_executor_config.py
[2021-09-20 02:04:11,224] {processor.py:613} INFO - Processing file /home/wilson/Documentos/alura/datapipeline/env/lib/python3.8/site-packages/airflow/example_dags/example_kubernetes_executor_config.py for tasks to queue
[2021-09-20 02:04:11,225] {logging_mixin.py:109} INFO - [2021-09-20 02:04:11,225] {dagbag.py:496} INFO - Filling up the DagBag from /home/wilson/Documentos/alura/datapipeline/env/lib/python3.8/site-packages/airflow/example_dags/example_kubernetes_executor_config.py
[2021-09-20 02:04:11,236] {logging_mixin.py:109} INFO - [2021-09-20 02:04:11,236] {example_kubernetes_executor_config.py:175} WARNING - Could not import DAGs in example_kubernetes_executor_config.py: No module named 'kubernetes'
[2021-09-20 02:04:11,236] {logging_mixin.py:109} INFO - [2021-09-20 02:04:11,236] {example_kubernetes_executor_config.py:176} WARNING - Install kubernetes dependencies with: pip install apache-airflow['cncf.kubernetes']
[2021-09-20 02:04:11,236] {processor.py:625} WARNING - No viable dags retrieved from /home/wilson/Documentos/alura/datapipeline/env/lib/python3.8/site-packages/airflow/example_dags/example_kubernetes_executor_config.py
[2021-09-20 02:04:11,245] {processor.py:170} INFO - Processing /home/wilson/Documentos/alura/datapipeline/env/lib/python3.8/site-packages/airflow/example_dags/example_kubernetes_executor_config.py took 0.027 seconds
[2021-09-20 02:04:51,458] {processor.py:162} INFO - Started process (PID=24845) to work on /home/wilson/Documentos/alura/datapipeline/env/lib/python3.8/site-packages/airflow/example_dags/example_kubernetes_executor_config.py
[2021-09-20 02:04:51,460] {processor.py:613} INFO - Processing file /home/wilson/Documentos/alura/datapipeline/env/lib/python3.8/site-packages/airflow/example_dags/example_kubernetes_executor_config.py for tasks to queue
[2021-09-20 02:04:51,461] {logging_mixin.py:109} INFO - [2021-09-20 02:04:51,461] {dagbag.py:496} INFO - Filling up the DagBag from /home/wilson/Documentos/alura/datapipeline/env/lib/python3.8/site-packages/airflow/example_dags/example_kubernetes_executor_config.py
[2021-09-20 02:04:51,475] {logging_mixin.py:109} INFO - [2021-09-20 02:04:51,474] {example_kubernetes_executor_config.py:175} WARNING - Could not import DAGs in example_kubernetes_executor_config.py: No module named 'kubernetes'
[2021-09-20 02:04:51,475] {logging_mixin.py:109} INFO - [2021-09-20 02:04:51,475] {example_kubernetes_executor_config.py:176} WARNING - Install kubernetes dependencies with: pip install apache-airflow['cncf.kubernetes']
[2021-09-20 02:04:51,475] {processor.py:625} WARNING - No viable dags retrieved from /home/wilson/Documentos/alura/datapipeline/env/lib/python3.8/site-packages/airflow/example_dags/example_kubernetes_executor_config.py
[2021-09-20 02:04:51,506] {processor.py:170} INFO - Processing /home/wilson/Documentos/alura/datapipeline/env/lib/python3.8/site-packages/airflow/example_dags/example_kubernetes_executor_config.py took 0.051 seconds
[2021-09-20 02:05:48,160] {processor.py:162} INFO - Started process (PID=25036) to work on /home/wilson/Documentos/alura/datapipeline/env/lib/python3.8/site-packages/airflow/example_dags/example_kubernetes_executor_config.py
[2021-09-20 02:05:48,167] {processor.py:613} INFO - Processing file /home/wilson/Documentos/alura/datapipeline/env/lib/python3.8/site-packages/airflow/example_dags/example_kubernetes_executor_config.py for tasks to queue
[2021-09-20 02:05:48,167] {logging_mixin.py:109} INFO - [2021-09-20 02:05:48,167] {dagbag.py:496} INFO - Filling up the DagBag from /home/wilson/Documentos/alura/datapipeline/env/lib/python3.8/site-packages/airflow/example_dags/example_kubernetes_executor_config.py
[2021-09-20 02:05:48,188] {logging_mixin.py:109} INFO - [2021-09-20 02:05:48,188] {example_kubernetes_executor_config.py:175} WARNING - Could not import DAGs in example_kubernetes_executor_config.py: No module named 'kubernetes'
[2021-09-20 02:05:48,188] {logging_mixin.py:109} INFO - [2021-09-20 02:05:48,188] {example_kubernetes_executor_config.py:176} WARNING - Install kubernetes dependencies with: pip install apache-airflow['cncf.kubernetes']
[2021-09-20 02:05:48,188] {processor.py:625} WARNING - No viable dags retrieved from /home/wilson/Documentos/alura/datapipeline/env/lib/python3.8/site-packages/airflow/example_dags/example_kubernetes_executor_config.py
[2021-09-20 02:05:48,198] {processor.py:170} INFO - Processing /home/wilson/Documentos/alura/datapipeline/env/lib/python3.8/site-packages/airflow/example_dags/example_kubernetes_executor_config.py took 0.044 seconds
[2021-09-20 02:06:26,306] {processor.py:162} INFO - Started process (PID=25190) to work on /home/wilson/Documentos/alura/datapipeline/env/lib/python3.8/site-packages/airflow/example_dags/example_kubernetes_executor_config.py
[2021-09-20 02:06:26,310] {processor.py:613} INFO - Processing file /home/wilson/Documentos/alura/datapipeline/env/lib/python3.8/site-packages/airflow/example_dags/example_kubernetes_executor_config.py for tasks to queue
[2021-09-20 02:06:26,311] {logging_mixin.py:109} INFO - [2021-09-20 02:06:26,311] {dagbag.py:496} INFO - Filling up the DagBag from /home/wilson/Documentos/alura/datapipeline/env/lib/python3.8/site-packages/airflow/example_dags/example_kubernetes_executor_config.py
[2021-09-20 02:06:26,341] {logging_mixin.py:109} INFO - [2021-09-20 02:06:26,341] {example_kubernetes_executor_config.py:175} WARNING - Could not import DAGs in example_kubernetes_executor_config.py: No module named 'kubernetes'
[2021-09-20 02:06:26,341] {logging_mixin.py:109} INFO - [2021-09-20 02:06:26,341] {example_kubernetes_executor_config.py:176} WARNING - Install kubernetes dependencies with: pip install apache-airflow['cncf.kubernetes']
[2021-09-20 02:06:26,342] {processor.py:625} WARNING - No viable dags retrieved from /home/wilson/Documentos/alura/datapipeline/env/lib/python3.8/site-packages/airflow/example_dags/example_kubernetes_executor_config.py
[2021-09-20 02:06:26,379] {processor.py:170} INFO - Processing /home/wilson/Documentos/alura/datapipeline/env/lib/python3.8/site-packages/airflow/example_dags/example_kubernetes_executor_config.py took 0.081 seconds
[2021-09-20 02:07:22,224] {processor.py:162} INFO - Started process (PID=25391) to work on /home/wilson/Documentos/alura/datapipeline/env/lib/python3.8/site-packages/airflow/example_dags/example_kubernetes_executor_config.py
[2021-09-20 02:07:22,231] {processor.py:613} INFO - Processing file /home/wilson/Documentos/alura/datapipeline/env/lib/python3.8/site-packages/airflow/example_dags/example_kubernetes_executor_config.py for tasks to queue
[2021-09-20 02:07:22,232] {logging_mixin.py:109} INFO - [2021-09-20 02:07:22,232] {dagbag.py:496} INFO - Filling up the DagBag from /home/wilson/Documentos/alura/datapipeline/env/lib/python3.8/site-packages/airflow/example_dags/example_kubernetes_executor_config.py
[2021-09-20 02:07:22,272] {logging_mixin.py:109} INFO - [2021-09-20 02:07:22,271] {example_kubernetes_executor_config.py:175} WARNING - Could not import DAGs in example_kubernetes_executor_config.py: No module named 'kubernetes'
[2021-09-20 02:07:22,272] {logging_mixin.py:109} INFO - [2021-09-20 02:07:22,272] {example_kubernetes_executor_config.py:176} WARNING - Install kubernetes dependencies with: pip install apache-airflow['cncf.kubernetes']
[2021-09-20 02:07:22,272] {processor.py:625} WARNING - No viable dags retrieved from /home/wilson/Documentos/alura/datapipeline/env/lib/python3.8/site-packages/airflow/example_dags/example_kubernetes_executor_config.py
[2021-09-20 02:07:22,310] {processor.py:170} INFO - Processing /home/wilson/Documentos/alura/datapipeline/env/lib/python3.8/site-packages/airflow/example_dags/example_kubernetes_executor_config.py took 0.098 seconds
[2021-09-20 02:08:02,550] {processor.py:162} INFO - Started process (PID=25557) to work on /home/wilson/Documentos/alura/datapipeline/env/lib/python3.8/site-packages/airflow/example_dags/example_kubernetes_executor_config.py
[2021-09-20 02:08:02,552] {processor.py:613} INFO - Processing file /home/wilson/Documentos/alura/datapipeline/env/lib/python3.8/site-packages/airflow/example_dags/example_kubernetes_executor_config.py for tasks to queue
[2021-09-20 02:08:02,553] {logging_mixin.py:109} INFO - [2021-09-20 02:08:02,553] {dagbag.py:496} INFO - Filling up the DagBag from /home/wilson/Documentos/alura/datapipeline/env/lib/python3.8/site-packages/airflow/example_dags/example_kubernetes_executor_config.py
[2021-09-20 02:08:02,560] {logging_mixin.py:109} INFO - [2021-09-20 02:08:02,560] {example_kubernetes_executor_config.py:175} WARNING - Could not import DAGs in example_kubernetes_executor_config.py: No module named 'kubernetes'
[2021-09-20 02:08:02,560] {logging_mixin.py:109} INFO - [2021-09-20 02:08:02,560] {example_kubernetes_executor_config.py:176} WARNING - Install kubernetes dependencies with: pip install apache-airflow['cncf.kubernetes']
[2021-09-20 02:08:02,561] {processor.py:625} WARNING - No viable dags retrieved from /home/wilson/Documentos/alura/datapipeline/env/lib/python3.8/site-packages/airflow/example_dags/example_kubernetes_executor_config.py
[2021-09-20 02:08:02,576] {processor.py:170} INFO - Processing /home/wilson/Documentos/alura/datapipeline/env/lib/python3.8/site-packages/airflow/example_dags/example_kubernetes_executor_config.py took 0.029 seconds
[2021-09-20 02:08:45,216] {processor.py:162} INFO - Started process (PID=25748) to work on /home/wilson/Documentos/alura/datapipeline/env/lib/python3.8/site-packages/airflow/example_dags/example_kubernetes_executor_config.py
[2021-09-20 02:08:45,222] {processor.py:613} INFO - Processing file /home/wilson/Documentos/alura/datapipeline/env/lib/python3.8/site-packages/airflow/example_dags/example_kubernetes_executor_config.py for tasks to queue
[2021-09-20 02:08:45,223] {logging_mixin.py:109} INFO - [2021-09-20 02:08:45,223] {dagbag.py:496} INFO - Filling up the DagBag from /home/wilson/Documentos/alura/datapipeline/env/lib/python3.8/site-packages/airflow/example_dags/example_kubernetes_executor_config.py
[2021-09-20 02:08:45,242] {logging_mixin.py:109} INFO - [2021-09-20 02:08:45,242] {example_kubernetes_executor_config.py:175} WARNING - Could not import DAGs in example_kubernetes_executor_config.py: No module named 'kubernetes'
[2021-09-20 02:08:45,242] {logging_mixin.py:109} INFO - [2021-09-20 02:08:45,242] {example_kubernetes_executor_config.py:176} WARNING - Install kubernetes dependencies with: pip install apache-airflow['cncf.kubernetes']
[2021-09-20 02:08:45,243] {processor.py:625} WARNING - No viable dags retrieved from /home/wilson/Documentos/alura/datapipeline/env/lib/python3.8/site-packages/airflow/example_dags/example_kubernetes_executor_config.py
[2021-09-20 02:08:45,258] {processor.py:170} INFO - Processing /home/wilson/Documentos/alura/datapipeline/env/lib/python3.8/site-packages/airflow/example_dags/example_kubernetes_executor_config.py took 0.050 seconds
