[2021-09-20 01:59:38,146] {processor.py:162} INFO - Started process (PID=23613) to work on /home/wilson/Documentos/alura/datapipeline/env/lib/python3.8/site-packages/airflow/example_dags/example_trigger_controller_dag.py
[2021-09-20 01:59:38,148] {processor.py:613} INFO - Processing file /home/wilson/Documentos/alura/datapipeline/env/lib/python3.8/site-packages/airflow/example_dags/example_trigger_controller_dag.py for tasks to queue
[2021-09-20 01:59:38,148] {logging_mixin.py:109} INFO - [2021-09-20 01:59:38,148] {dagbag.py:496} INFO - Filling up the DagBag from /home/wilson/Documentos/alura/datapipeline/env/lib/python3.8/site-packages/airflow/example_dags/example_trigger_controller_dag.py
[2021-09-20 01:59:38,245] {processor.py:623} INFO - DAG(s) dict_keys(['example_trigger_controller_dag']) retrieved from /home/wilson/Documentos/alura/datapipeline/env/lib/python3.8/site-packages/airflow/example_dags/example_trigger_controller_dag.py
[2021-09-20 01:59:38,332] {logging_mixin.py:109} INFO - [2021-09-20 01:59:38,332] {dag.py:1834} INFO - Sync 1 DAGs
[2021-09-20 01:59:38,397] {logging_mixin.py:109} INFO - [2021-09-20 01:59:38,396] {dag.py:2287} INFO - Setting next_dagrun for example_trigger_controller_dag to 2021-09-18 00:00:00+00:00
[2021-09-20 01:59:38,451] {processor.py:170} INFO - Processing /home/wilson/Documentos/alura/datapipeline/env/lib/python3.8/site-packages/airflow/example_dags/example_trigger_controller_dag.py took 0.317 seconds
[2021-09-20 02:00:22,675] {processor.py:162} INFO - Started process (PID=23797) to work on /home/wilson/Documentos/alura/datapipeline/env/lib/python3.8/site-packages/airflow/example_dags/example_trigger_controller_dag.py
[2021-09-20 02:00:22,680] {processor.py:613} INFO - Processing file /home/wilson/Documentos/alura/datapipeline/env/lib/python3.8/site-packages/airflow/example_dags/example_trigger_controller_dag.py for tasks to queue
[2021-09-20 02:00:22,685] {logging_mixin.py:109} INFO - [2021-09-20 02:00:22,685] {dagbag.py:496} INFO - Filling up the DagBag from /home/wilson/Documentos/alura/datapipeline/env/lib/python3.8/site-packages/airflow/example_dags/example_trigger_controller_dag.py
[2021-09-20 02:00:22,738] {processor.py:623} INFO - DAG(s) dict_keys(['example_trigger_controller_dag']) retrieved from /home/wilson/Documentos/alura/datapipeline/env/lib/python3.8/site-packages/airflow/example_dags/example_trigger_controller_dag.py
[2021-09-20 02:00:22,802] {logging_mixin.py:109} INFO - [2021-09-20 02:00:22,801] {dag.py:1834} INFO - Sync 1 DAGs
[2021-09-20 02:00:22,839] {logging_mixin.py:109} INFO - [2021-09-20 02:00:22,839] {dag.py:2287} INFO - Setting next_dagrun for example_trigger_controller_dag to 2021-09-18 00:00:00+00:00
[2021-09-20 02:00:22,879] {processor.py:170} INFO - Processing /home/wilson/Documentos/alura/datapipeline/env/lib/python3.8/site-packages/airflow/example_dags/example_trigger_controller_dag.py took 0.219 seconds
[2021-09-20 02:01:02,850] {processor.py:162} INFO - Started process (PID=23956) to work on /home/wilson/Documentos/alura/datapipeline/env/lib/python3.8/site-packages/airflow/example_dags/example_trigger_controller_dag.py
[2021-09-20 02:01:02,851] {processor.py:613} INFO - Processing file /home/wilson/Documentos/alura/datapipeline/env/lib/python3.8/site-packages/airflow/example_dags/example_trigger_controller_dag.py for tasks to queue
[2021-09-20 02:01:02,852] {logging_mixin.py:109} INFO - [2021-09-20 02:01:02,852] {dagbag.py:496} INFO - Filling up the DagBag from /home/wilson/Documentos/alura/datapipeline/env/lib/python3.8/site-packages/airflow/example_dags/example_trigger_controller_dag.py
[2021-09-20 02:01:02,865] {processor.py:623} INFO - DAG(s) dict_keys(['example_trigger_controller_dag']) retrieved from /home/wilson/Documentos/alura/datapipeline/env/lib/python3.8/site-packages/airflow/example_dags/example_trigger_controller_dag.py
[2021-09-20 02:01:02,882] {logging_mixin.py:109} INFO - [2021-09-20 02:01:02,882] {dag.py:1834} INFO - Sync 1 DAGs
[2021-09-20 02:01:02,895] {logging_mixin.py:109} INFO - [2021-09-20 02:01:02,895] {dag.py:2287} INFO - Setting next_dagrun for example_trigger_controller_dag to 2021-09-18 00:00:00+00:00
[2021-09-20 02:01:02,910] {processor.py:170} INFO - Processing /home/wilson/Documentos/alura/datapipeline/env/lib/python3.8/site-packages/airflow/example_dags/example_trigger_controller_dag.py took 0.064 seconds
[2021-09-20 02:01:40,520] {processor.py:162} INFO - Started process (PID=24113) to work on /home/wilson/Documentos/alura/datapipeline/env/lib/python3.8/site-packages/airflow/example_dags/example_trigger_controller_dag.py
[2021-09-20 02:01:40,545] {processor.py:613} INFO - Processing file /home/wilson/Documentos/alura/datapipeline/env/lib/python3.8/site-packages/airflow/example_dags/example_trigger_controller_dag.py for tasks to queue
[2021-09-20 02:01:40,550] {logging_mixin.py:109} INFO - [2021-09-20 02:01:40,550] {dagbag.py:496} INFO - Filling up the DagBag from /home/wilson/Documentos/alura/datapipeline/env/lib/python3.8/site-packages/airflow/example_dags/example_trigger_controller_dag.py
[2021-09-20 02:01:40,583] {processor.py:623} INFO - DAG(s) dict_keys(['example_trigger_controller_dag']) retrieved from /home/wilson/Documentos/alura/datapipeline/env/lib/python3.8/site-packages/airflow/example_dags/example_trigger_controller_dag.py
[2021-09-20 02:01:40,640] {logging_mixin.py:109} INFO - [2021-09-20 02:01:40,640] {dag.py:1834} INFO - Sync 1 DAGs
[2021-09-20 02:01:40,675] {logging_mixin.py:109} INFO - [2021-09-20 02:01:40,675] {dag.py:2287} INFO - Setting next_dagrun for example_trigger_controller_dag to 2021-09-18 00:00:00+00:00
[2021-09-20 02:01:40,694] {processor.py:170} INFO - Processing /home/wilson/Documentos/alura/datapipeline/env/lib/python3.8/site-packages/airflow/example_dags/example_trigger_controller_dag.py took 0.186 seconds
[2021-09-20 02:02:27,571] {processor.py:162} INFO - Started process (PID=24287) to work on /home/wilson/Documentos/alura/datapipeline/env/lib/python3.8/site-packages/airflow/example_dags/example_trigger_controller_dag.py
[2021-09-20 02:02:27,576] {processor.py:613} INFO - Processing file /home/wilson/Documentos/alura/datapipeline/env/lib/python3.8/site-packages/airflow/example_dags/example_trigger_controller_dag.py for tasks to queue
[2021-09-20 02:02:27,578] {logging_mixin.py:109} INFO - [2021-09-20 02:02:27,578] {dagbag.py:496} INFO - Filling up the DagBag from /home/wilson/Documentos/alura/datapipeline/env/lib/python3.8/site-packages/airflow/example_dags/example_trigger_controller_dag.py
[2021-09-20 02:02:27,589] {processor.py:623} INFO - DAG(s) dict_keys(['example_trigger_controller_dag']) retrieved from /home/wilson/Documentos/alura/datapipeline/env/lib/python3.8/site-packages/airflow/example_dags/example_trigger_controller_dag.py
[2021-09-20 02:02:27,604] {logging_mixin.py:109} INFO - [2021-09-20 02:02:27,604] {dag.py:1834} INFO - Sync 1 DAGs
[2021-09-20 02:02:27,618] {logging_mixin.py:109} INFO - [2021-09-20 02:02:27,617] {dag.py:2287} INFO - Setting next_dagrun for example_trigger_controller_dag to 2021-09-18 00:00:00+00:00
[2021-09-20 02:02:27,637] {processor.py:170} INFO - Processing /home/wilson/Documentos/alura/datapipeline/env/lib/python3.8/site-packages/airflow/example_dags/example_trigger_controller_dag.py took 0.070 seconds
[2021-09-20 02:03:04,231] {processor.py:162} INFO - Started process (PID=24438) to work on /home/wilson/Documentos/alura/datapipeline/env/lib/python3.8/site-packages/airflow/example_dags/example_trigger_controller_dag.py
[2021-09-20 02:03:04,239] {processor.py:613} INFO - Processing file /home/wilson/Documentos/alura/datapipeline/env/lib/python3.8/site-packages/airflow/example_dags/example_trigger_controller_dag.py for tasks to queue
[2021-09-20 02:03:04,243] {logging_mixin.py:109} INFO - [2021-09-20 02:03:04,240] {dagbag.py:496} INFO - Filling up the DagBag from /home/wilson/Documentos/alura/datapipeline/env/lib/python3.8/site-packages/airflow/example_dags/example_trigger_controller_dag.py
[2021-09-20 02:03:04,340] {processor.py:623} INFO - DAG(s) dict_keys(['example_trigger_controller_dag']) retrieved from /home/wilson/Documentos/alura/datapipeline/env/lib/python3.8/site-packages/airflow/example_dags/example_trigger_controller_dag.py
[2021-09-20 02:03:04,429] {logging_mixin.py:109} INFO - [2021-09-20 02:03:04,429] {dag.py:1834} INFO - Sync 1 DAGs
[2021-09-20 02:03:04,459] {logging_mixin.py:109} INFO - [2021-09-20 02:03:04,459] {dag.py:2287} INFO - Setting next_dagrun for example_trigger_controller_dag to 2021-09-18 00:00:00+00:00
[2021-09-20 02:03:04,535] {processor.py:170} INFO - Processing /home/wilson/Documentos/alura/datapipeline/env/lib/python3.8/site-packages/airflow/example_dags/example_trigger_controller_dag.py took 0.313 seconds
[2021-09-20 02:03:46,298] {processor.py:162} INFO - Started process (PID=24597) to work on /home/wilson/Documentos/alura/datapipeline/env/lib/python3.8/site-packages/airflow/example_dags/example_trigger_controller_dag.py
[2021-09-20 02:03:46,301] {processor.py:613} INFO - Processing file /home/wilson/Documentos/alura/datapipeline/env/lib/python3.8/site-packages/airflow/example_dags/example_trigger_controller_dag.py for tasks to queue
[2021-09-20 02:03:46,309] {logging_mixin.py:109} INFO - [2021-09-20 02:03:46,309] {dagbag.py:496} INFO - Filling up the DagBag from /home/wilson/Documentos/alura/datapipeline/env/lib/python3.8/site-packages/airflow/example_dags/example_trigger_controller_dag.py
[2021-09-20 02:03:46,377] {processor.py:623} INFO - DAG(s) dict_keys(['example_trigger_controller_dag']) retrieved from /home/wilson/Documentos/alura/datapipeline/env/lib/python3.8/site-packages/airflow/example_dags/example_trigger_controller_dag.py
[2021-09-20 02:03:46,489] {logging_mixin.py:109} INFO - [2021-09-20 02:03:46,489] {dag.py:1834} INFO - Sync 1 DAGs
[2021-09-20 02:03:46,578] {logging_mixin.py:109} INFO - [2021-09-20 02:03:46,577] {dag.py:2287} INFO - Setting next_dagrun for example_trigger_controller_dag to 2021-09-18 00:00:00+00:00
[2021-09-20 02:03:46,623] {processor.py:170} INFO - Processing /home/wilson/Documentos/alura/datapipeline/env/lib/python3.8/site-packages/airflow/example_dags/example_trigger_controller_dag.py took 0.361 seconds
[2021-09-20 02:04:30,404] {processor.py:162} INFO - Started process (PID=24764) to work on /home/wilson/Documentos/alura/datapipeline/env/lib/python3.8/site-packages/airflow/example_dags/example_trigger_controller_dag.py
[2021-09-20 02:04:30,409] {processor.py:613} INFO - Processing file /home/wilson/Documentos/alura/datapipeline/env/lib/python3.8/site-packages/airflow/example_dags/example_trigger_controller_dag.py for tasks to queue
[2021-09-20 02:04:30,410] {logging_mixin.py:109} INFO - [2021-09-20 02:04:30,410] {dagbag.py:496} INFO - Filling up the DagBag from /home/wilson/Documentos/alura/datapipeline/env/lib/python3.8/site-packages/airflow/example_dags/example_trigger_controller_dag.py
[2021-09-20 02:04:30,427] {processor.py:623} INFO - DAG(s) dict_keys(['example_trigger_controller_dag']) retrieved from /home/wilson/Documentos/alura/datapipeline/env/lib/python3.8/site-packages/airflow/example_dags/example_trigger_controller_dag.py
[2021-09-20 02:04:30,452] {logging_mixin.py:109} INFO - [2021-09-20 02:04:30,451] {dag.py:1834} INFO - Sync 1 DAGs
[2021-09-20 02:04:30,468] {logging_mixin.py:109} INFO - [2021-09-20 02:04:30,468] {dag.py:2287} INFO - Setting next_dagrun for example_trigger_controller_dag to 2021-09-18 00:00:00+00:00
[2021-09-20 02:04:30,500] {processor.py:170} INFO - Processing /home/wilson/Documentos/alura/datapipeline/env/lib/python3.8/site-packages/airflow/example_dags/example_trigger_controller_dag.py took 0.101 seconds
[2021-09-20 02:05:09,210] {processor.py:162} INFO - Started process (PID=24908) to work on /home/wilson/Documentos/alura/datapipeline/env/lib/python3.8/site-packages/airflow/example_dags/example_trigger_controller_dag.py
[2021-09-20 02:05:09,222] {processor.py:613} INFO - Processing file /home/wilson/Documentos/alura/datapipeline/env/lib/python3.8/site-packages/airflow/example_dags/example_trigger_controller_dag.py for tasks to queue
[2021-09-20 02:05:09,223] {logging_mixin.py:109} INFO - [2021-09-20 02:05:09,222] {dagbag.py:496} INFO - Filling up the DagBag from /home/wilson/Documentos/alura/datapipeline/env/lib/python3.8/site-packages/airflow/example_dags/example_trigger_controller_dag.py
[2021-09-20 02:05:09,305] {processor.py:623} INFO - DAG(s) dict_keys(['example_trigger_controller_dag']) retrieved from /home/wilson/Documentos/alura/datapipeline/env/lib/python3.8/site-packages/airflow/example_dags/example_trigger_controller_dag.py
[2021-09-20 02:05:09,393] {logging_mixin.py:109} INFO - [2021-09-20 02:05:09,381] {dag.py:1834} INFO - Sync 1 DAGs
[2021-09-20 02:05:09,443] {logging_mixin.py:109} INFO - [2021-09-20 02:05:09,442] {dag.py:2287} INFO - Setting next_dagrun for example_trigger_controller_dag to 2021-09-18 00:00:00+00:00
[2021-09-20 02:05:09,494] {processor.py:170} INFO - Processing /home/wilson/Documentos/alura/datapipeline/env/lib/python3.8/site-packages/airflow/example_dags/example_trigger_controller_dag.py took 0.311 seconds
[2021-09-20 02:05:54,820] {processor.py:162} INFO - Started process (PID=25063) to work on /home/wilson/Documentos/alura/datapipeline/env/lib/python3.8/site-packages/airflow/example_dags/example_trigger_controller_dag.py
[2021-09-20 02:05:54,831] {processor.py:613} INFO - Processing file /home/wilson/Documentos/alura/datapipeline/env/lib/python3.8/site-packages/airflow/example_dags/example_trigger_controller_dag.py for tasks to queue
[2021-09-20 02:05:54,831] {logging_mixin.py:109} INFO - [2021-09-20 02:05:54,831] {dagbag.py:496} INFO - Filling up the DagBag from /home/wilson/Documentos/alura/datapipeline/env/lib/python3.8/site-packages/airflow/example_dags/example_trigger_controller_dag.py
[2021-09-20 02:05:54,884] {processor.py:623} INFO - DAG(s) dict_keys(['example_trigger_controller_dag']) retrieved from /home/wilson/Documentos/alura/datapipeline/env/lib/python3.8/site-packages/airflow/example_dags/example_trigger_controller_dag.py
[2021-09-20 02:05:54,923] {logging_mixin.py:109} INFO - [2021-09-20 02:05:54,923] {dag.py:1834} INFO - Sync 1 DAGs
[2021-09-20 02:05:54,945] {logging_mixin.py:109} INFO - [2021-09-20 02:05:54,945] {dag.py:2287} INFO - Setting next_dagrun for example_trigger_controller_dag to 2021-09-18 00:00:00+00:00
[2021-09-20 02:05:54,984] {processor.py:170} INFO - Processing /home/wilson/Documentos/alura/datapipeline/env/lib/python3.8/site-packages/airflow/example_dags/example_trigger_controller_dag.py took 0.167 seconds
[2021-09-20 02:06:34,320] {processor.py:162} INFO - Started process (PID=25220) to work on /home/wilson/Documentos/alura/datapipeline/env/lib/python3.8/site-packages/airflow/example_dags/example_trigger_controller_dag.py
[2021-09-20 02:06:34,328] {processor.py:613} INFO - Processing file /home/wilson/Documentos/alura/datapipeline/env/lib/python3.8/site-packages/airflow/example_dags/example_trigger_controller_dag.py for tasks to queue
[2021-09-20 02:06:34,329] {logging_mixin.py:109} INFO - [2021-09-20 02:06:34,328] {dagbag.py:496} INFO - Filling up the DagBag from /home/wilson/Documentos/alura/datapipeline/env/lib/python3.8/site-packages/airflow/example_dags/example_trigger_controller_dag.py
[2021-09-20 02:06:34,346] {processor.py:623} INFO - DAG(s) dict_keys(['example_trigger_controller_dag']) retrieved from /home/wilson/Documentos/alura/datapipeline/env/lib/python3.8/site-packages/airflow/example_dags/example_trigger_controller_dag.py
[2021-09-20 02:06:34,365] {logging_mixin.py:109} INFO - [2021-09-20 02:06:34,365] {dag.py:1834} INFO - Sync 1 DAGs
[2021-09-20 02:06:34,391] {logging_mixin.py:109} INFO - [2021-09-20 02:06:34,391] {dag.py:2287} INFO - Setting next_dagrun for example_trigger_controller_dag to 2021-09-18 00:00:00+00:00
[2021-09-20 02:06:34,416] {processor.py:170} INFO - Processing /home/wilson/Documentos/alura/datapipeline/env/lib/python3.8/site-packages/airflow/example_dags/example_trigger_controller_dag.py took 0.101 seconds
[2021-09-20 02:07:18,384] {processor.py:162} INFO - Started process (PID=25375) to work on /home/wilson/Documentos/alura/datapipeline/env/lib/python3.8/site-packages/airflow/example_dags/example_trigger_controller_dag.py
[2021-09-20 02:07:18,386] {processor.py:613} INFO - Processing file /home/wilson/Documentos/alura/datapipeline/env/lib/python3.8/site-packages/airflow/example_dags/example_trigger_controller_dag.py for tasks to queue
[2021-09-20 02:07:18,387] {logging_mixin.py:109} INFO - [2021-09-20 02:07:18,387] {dagbag.py:496} INFO - Filling up the DagBag from /home/wilson/Documentos/alura/datapipeline/env/lib/python3.8/site-packages/airflow/example_dags/example_trigger_controller_dag.py
[2021-09-20 02:07:18,399] {processor.py:623} INFO - DAG(s) dict_keys(['example_trigger_controller_dag']) retrieved from /home/wilson/Documentos/alura/datapipeline/env/lib/python3.8/site-packages/airflow/example_dags/example_trigger_controller_dag.py
[2021-09-20 02:07:18,415] {logging_mixin.py:109} INFO - [2021-09-20 02:07:18,415] {dag.py:1834} INFO - Sync 1 DAGs
[2021-09-20 02:07:18,426] {logging_mixin.py:109} INFO - [2021-09-20 02:07:18,426] {dag.py:2287} INFO - Setting next_dagrun for example_trigger_controller_dag to 2021-09-18 00:00:00+00:00
[2021-09-20 02:07:18,458] {processor.py:170} INFO - Processing /home/wilson/Documentos/alura/datapipeline/env/lib/python3.8/site-packages/airflow/example_dags/example_trigger_controller_dag.py took 0.078 seconds
[2021-09-20 02:07:58,733] {processor.py:162} INFO - Started process (PID=25542) to work on /home/wilson/Documentos/alura/datapipeline/env/lib/python3.8/site-packages/airflow/example_dags/example_trigger_controller_dag.py
[2021-09-20 02:07:58,738] {processor.py:613} INFO - Processing file /home/wilson/Documentos/alura/datapipeline/env/lib/python3.8/site-packages/airflow/example_dags/example_trigger_controller_dag.py for tasks to queue
[2021-09-20 02:07:58,739] {logging_mixin.py:109} INFO - [2021-09-20 02:07:58,739] {dagbag.py:496} INFO - Filling up the DagBag from /home/wilson/Documentos/alura/datapipeline/env/lib/python3.8/site-packages/airflow/example_dags/example_trigger_controller_dag.py
[2021-09-20 02:07:58,763] {processor.py:623} INFO - DAG(s) dict_keys(['example_trigger_controller_dag']) retrieved from /home/wilson/Documentos/alura/datapipeline/env/lib/python3.8/site-packages/airflow/example_dags/example_trigger_controller_dag.py
[2021-09-20 02:07:58,791] {logging_mixin.py:109} INFO - [2021-09-20 02:07:58,791] {dag.py:1834} INFO - Sync 1 DAGs
[2021-09-20 02:07:58,810] {logging_mixin.py:109} INFO - [2021-09-20 02:07:58,810] {dag.py:2287} INFO - Setting next_dagrun for example_trigger_controller_dag to 2021-09-18 00:00:00+00:00
[2021-09-20 02:07:58,832] {processor.py:170} INFO - Processing /home/wilson/Documentos/alura/datapipeline/env/lib/python3.8/site-packages/airflow/example_dags/example_trigger_controller_dag.py took 0.122 seconds
[2021-09-20 02:08:33,957] {processor.py:162} INFO - Started process (PID=25692) to work on /home/wilson/Documentos/alura/datapipeline/env/lib/python3.8/site-packages/airflow/example_dags/example_trigger_controller_dag.py
[2021-09-20 02:08:33,960] {processor.py:613} INFO - Processing file /home/wilson/Documentos/alura/datapipeline/env/lib/python3.8/site-packages/airflow/example_dags/example_trigger_controller_dag.py for tasks to queue
[2021-09-20 02:08:33,961] {logging_mixin.py:109} INFO - [2021-09-20 02:08:33,960] {dagbag.py:496} INFO - Filling up the DagBag from /home/wilson/Documentos/alura/datapipeline/env/lib/python3.8/site-packages/airflow/example_dags/example_trigger_controller_dag.py
[2021-09-20 02:08:33,978] {processor.py:623} INFO - DAG(s) dict_keys(['example_trigger_controller_dag']) retrieved from /home/wilson/Documentos/alura/datapipeline/env/lib/python3.8/site-packages/airflow/example_dags/example_trigger_controller_dag.py
[2021-09-20 02:08:34,000] {logging_mixin.py:109} INFO - [2021-09-20 02:08:33,999] {dag.py:1834} INFO - Sync 1 DAGs
[2021-09-20 02:08:34,015] {logging_mixin.py:109} INFO - [2021-09-20 02:08:34,015] {dag.py:2287} INFO - Setting next_dagrun for example_trigger_controller_dag to 2021-09-18 00:00:00+00:00
[2021-09-20 02:08:34,040] {processor.py:170} INFO - Processing /home/wilson/Documentos/alura/datapipeline/env/lib/python3.8/site-packages/airflow/example_dags/example_trigger_controller_dag.py took 0.088 seconds
