[2021-09-20 02:00:03,773] {processor.py:162} INFO - Started process (PID=23722) to work on /home/wilson/Documentos/alura/datapipeline/env/lib/python3.8/site-packages/airflow/example_dags/example_branch_python_dop_operator_3.py
[2021-09-20 02:00:03,781] {processor.py:613} INFO - Processing file /home/wilson/Documentos/alura/datapipeline/env/lib/python3.8/site-packages/airflow/example_dags/example_branch_python_dop_operator_3.py for tasks to queue
[2021-09-20 02:00:03,794] {logging_mixin.py:109} INFO - [2021-09-20 02:00:03,792] {dagbag.py:496} INFO - Filling up the DagBag from /home/wilson/Documentos/alura/datapipeline/env/lib/python3.8/site-packages/airflow/example_dags/example_branch_python_dop_operator_3.py
[2021-09-20 02:00:03,902] {processor.py:623} INFO - DAG(s) dict_keys(['example_branch_dop_operator_v3']) retrieved from /home/wilson/Documentos/alura/datapipeline/env/lib/python3.8/site-packages/airflow/example_dags/example_branch_python_dop_operator_3.py
[2021-09-20 02:00:04,024] {logging_mixin.py:109} INFO - [2021-09-20 02:00:04,024] {dag.py:1834} INFO - Sync 1 DAGs
[2021-09-20 02:00:04,180] {logging_mixin.py:109} INFO - [2021-09-20 02:00:04,180] {dag.py:2287} INFO - Setting next_dagrun for example_branch_dop_operator_v3 to 2021-09-18 00:00:00+00:00
[2021-09-20 02:00:04,250] {processor.py:170} INFO - Processing /home/wilson/Documentos/alura/datapipeline/env/lib/python3.8/site-packages/airflow/example_dags/example_branch_python_dop_operator_3.py took 0.526 seconds
[2021-09-20 02:00:45,115] {processor.py:162} INFO - Started process (PID=23885) to work on /home/wilson/Documentos/alura/datapipeline/env/lib/python3.8/site-packages/airflow/example_dags/example_branch_python_dop_operator_3.py
[2021-09-20 02:00:45,117] {processor.py:613} INFO - Processing file /home/wilson/Documentos/alura/datapipeline/env/lib/python3.8/site-packages/airflow/example_dags/example_branch_python_dop_operator_3.py for tasks to queue
[2021-09-20 02:00:45,118] {logging_mixin.py:109} INFO - [2021-09-20 02:00:45,118] {dagbag.py:496} INFO - Filling up the DagBag from /home/wilson/Documentos/alura/datapipeline/env/lib/python3.8/site-packages/airflow/example_dags/example_branch_python_dop_operator_3.py
[2021-09-20 02:00:45,133] {processor.py:623} INFO - DAG(s) dict_keys(['example_branch_dop_operator_v3']) retrieved from /home/wilson/Documentos/alura/datapipeline/env/lib/python3.8/site-packages/airflow/example_dags/example_branch_python_dop_operator_3.py
[2021-09-20 02:00:45,150] {logging_mixin.py:109} INFO - [2021-09-20 02:00:45,150] {dag.py:1834} INFO - Sync 1 DAGs
[2021-09-20 02:00:45,173] {logging_mixin.py:109} INFO - [2021-09-20 02:00:45,173] {dag.py:2287} INFO - Setting next_dagrun for example_branch_dop_operator_v3 to 2021-09-18 00:00:00+00:00
[2021-09-20 02:00:45,188] {processor.py:170} INFO - Processing /home/wilson/Documentos/alura/datapipeline/env/lib/python3.8/site-packages/airflow/example_dags/example_branch_python_dop_operator_3.py took 0.076 seconds
[2021-09-20 02:01:22,270] {processor.py:162} INFO - Started process (PID=24044) to work on /home/wilson/Documentos/alura/datapipeline/env/lib/python3.8/site-packages/airflow/example_dags/example_branch_python_dop_operator_3.py
[2021-09-20 02:01:22,272] {processor.py:613} INFO - Processing file /home/wilson/Documentos/alura/datapipeline/env/lib/python3.8/site-packages/airflow/example_dags/example_branch_python_dop_operator_3.py for tasks to queue
[2021-09-20 02:01:22,273] {logging_mixin.py:109} INFO - [2021-09-20 02:01:22,272] {dagbag.py:496} INFO - Filling up the DagBag from /home/wilson/Documentos/alura/datapipeline/env/lib/python3.8/site-packages/airflow/example_dags/example_branch_python_dop_operator_3.py
[2021-09-20 02:01:22,288] {processor.py:623} INFO - DAG(s) dict_keys(['example_branch_dop_operator_v3']) retrieved from /home/wilson/Documentos/alura/datapipeline/env/lib/python3.8/site-packages/airflow/example_dags/example_branch_python_dop_operator_3.py
[2021-09-20 02:01:22,304] {logging_mixin.py:109} INFO - [2021-09-20 02:01:22,304] {dag.py:1834} INFO - Sync 1 DAGs
[2021-09-20 02:01:22,328] {logging_mixin.py:109} INFO - [2021-09-20 02:01:22,328] {dag.py:2287} INFO - Setting next_dagrun for example_branch_dop_operator_v3 to 2021-09-18 00:00:00+00:00
[2021-09-20 02:01:22,342] {processor.py:170} INFO - Processing /home/wilson/Documentos/alura/datapipeline/env/lib/python3.8/site-packages/airflow/example_dags/example_branch_python_dop_operator_3.py took 0.075 seconds
[2021-09-20 02:02:35,163] {processor.py:162} INFO - Started process (PID=24322) to work on /home/wilson/Documentos/alura/datapipeline/env/lib/python3.8/site-packages/airflow/example_dags/example_branch_python_dop_operator_3.py
[2021-09-20 02:02:35,166] {processor.py:613} INFO - Processing file /home/wilson/Documentos/alura/datapipeline/env/lib/python3.8/site-packages/airflow/example_dags/example_branch_python_dop_operator_3.py for tasks to queue
[2021-09-20 02:02:35,167] {logging_mixin.py:109} INFO - [2021-09-20 02:02:35,167] {dagbag.py:496} INFO - Filling up the DagBag from /home/wilson/Documentos/alura/datapipeline/env/lib/python3.8/site-packages/airflow/example_dags/example_branch_python_dop_operator_3.py
[2021-09-20 02:02:35,182] {processor.py:623} INFO - DAG(s) dict_keys(['example_branch_dop_operator_v3']) retrieved from /home/wilson/Documentos/alura/datapipeline/env/lib/python3.8/site-packages/airflow/example_dags/example_branch_python_dop_operator_3.py
[2021-09-20 02:02:35,202] {logging_mixin.py:109} INFO - [2021-09-20 02:02:35,202] {dag.py:1834} INFO - Sync 1 DAGs
[2021-09-20 02:02:35,223] {logging_mixin.py:109} INFO - [2021-09-20 02:02:35,223] {dag.py:2287} INFO - Setting next_dagrun for example_branch_dop_operator_v3 to 2021-09-18 00:00:00+00:00
[2021-09-20 02:02:35,237] {processor.py:170} INFO - Processing /home/wilson/Documentos/alura/datapipeline/env/lib/python3.8/site-packages/airflow/example_dags/example_branch_python_dop_operator_3.py took 0.078 seconds
[2021-09-20 02:03:15,943] {processor.py:162} INFO - Started process (PID=24481) to work on /home/wilson/Documentos/alura/datapipeline/env/lib/python3.8/site-packages/airflow/example_dags/example_branch_python_dop_operator_3.py
[2021-09-20 02:03:15,945] {processor.py:613} INFO - Processing file /home/wilson/Documentos/alura/datapipeline/env/lib/python3.8/site-packages/airflow/example_dags/example_branch_python_dop_operator_3.py for tasks to queue
[2021-09-20 02:03:15,946] {logging_mixin.py:109} INFO - [2021-09-20 02:03:15,946] {dagbag.py:496} INFO - Filling up the DagBag from /home/wilson/Documentos/alura/datapipeline/env/lib/python3.8/site-packages/airflow/example_dags/example_branch_python_dop_operator_3.py
[2021-09-20 02:03:15,976] {processor.py:623} INFO - DAG(s) dict_keys(['example_branch_dop_operator_v3']) retrieved from /home/wilson/Documentos/alura/datapipeline/env/lib/python3.8/site-packages/airflow/example_dags/example_branch_python_dop_operator_3.py
[2021-09-20 02:03:16,028] {logging_mixin.py:109} INFO - [2021-09-20 02:03:16,028] {dag.py:1834} INFO - Sync 1 DAGs
[2021-09-20 02:03:16,091] {logging_mixin.py:109} INFO - [2021-09-20 02:03:16,091] {dag.py:2287} INFO - Setting next_dagrun for example_branch_dop_operator_v3 to 2021-09-18 00:00:00+00:00
[2021-09-20 02:03:16,127] {processor.py:170} INFO - Processing /home/wilson/Documentos/alura/datapipeline/env/lib/python3.8/site-packages/airflow/example_dags/example_branch_python_dop_operator_3.py took 0.187 seconds
[2021-09-20 02:03:59,438] {processor.py:162} INFO - Started process (PID=24642) to work on /home/wilson/Documentos/alura/datapipeline/env/lib/python3.8/site-packages/airflow/example_dags/example_branch_python_dop_operator_3.py
[2021-09-20 02:03:59,442] {processor.py:613} INFO - Processing file /home/wilson/Documentos/alura/datapipeline/env/lib/python3.8/site-packages/airflow/example_dags/example_branch_python_dop_operator_3.py for tasks to queue
[2021-09-20 02:03:59,443] {logging_mixin.py:109} INFO - [2021-09-20 02:03:59,443] {dagbag.py:496} INFO - Filling up the DagBag from /home/wilson/Documentos/alura/datapipeline/env/lib/python3.8/site-packages/airflow/example_dags/example_branch_python_dop_operator_3.py
[2021-09-20 02:03:59,513] {processor.py:623} INFO - DAG(s) dict_keys(['example_branch_dop_operator_v3']) retrieved from /home/wilson/Documentos/alura/datapipeline/env/lib/python3.8/site-packages/airflow/example_dags/example_branch_python_dop_operator_3.py
[2021-09-20 02:03:59,564] {logging_mixin.py:109} INFO - [2021-09-20 02:03:59,564] {dag.py:1834} INFO - Sync 1 DAGs
[2021-09-20 02:03:59,619] {logging_mixin.py:109} INFO - [2021-09-20 02:03:59,619] {dag.py:2287} INFO - Setting next_dagrun for example_branch_dop_operator_v3 to 2021-09-18 00:00:00+00:00
[2021-09-20 02:03:59,655] {processor.py:170} INFO - Processing /home/wilson/Documentos/alura/datapipeline/env/lib/python3.8/site-packages/airflow/example_dags/example_branch_python_dop_operator_3.py took 0.237 seconds
[2021-09-20 02:04:41,014] {processor.py:162} INFO - Started process (PID=24804) to work on /home/wilson/Documentos/alura/datapipeline/env/lib/python3.8/site-packages/airflow/example_dags/example_branch_python_dop_operator_3.py
[2021-09-20 02:04:41,017] {processor.py:613} INFO - Processing file /home/wilson/Documentos/alura/datapipeline/env/lib/python3.8/site-packages/airflow/example_dags/example_branch_python_dop_operator_3.py for tasks to queue
[2021-09-20 02:04:41,019] {logging_mixin.py:109} INFO - [2021-09-20 02:04:41,019] {dagbag.py:496} INFO - Filling up the DagBag from /home/wilson/Documentos/alura/datapipeline/env/lib/python3.8/site-packages/airflow/example_dags/example_branch_python_dop_operator_3.py
[2021-09-20 02:04:41,041] {processor.py:623} INFO - DAG(s) dict_keys(['example_branch_dop_operator_v3']) retrieved from /home/wilson/Documentos/alura/datapipeline/env/lib/python3.8/site-packages/airflow/example_dags/example_branch_python_dop_operator_3.py
[2021-09-20 02:04:41,059] {logging_mixin.py:109} INFO - [2021-09-20 02:04:41,059] {dag.py:1834} INFO - Sync 1 DAGs
[2021-09-20 02:04:41,083] {logging_mixin.py:109} INFO - [2021-09-20 02:04:41,082] {dag.py:2287} INFO - Setting next_dagrun for example_branch_dop_operator_v3 to 2021-09-18 00:00:00+00:00
[2021-09-20 02:04:41,110] {processor.py:170} INFO - Processing /home/wilson/Documentos/alura/datapipeline/env/lib/python3.8/site-packages/airflow/example_dags/example_branch_python_dop_operator_3.py took 0.101 seconds
[2021-09-20 02:05:35,875] {processor.py:162} INFO - Started process (PID=24993) to work on /home/wilson/Documentos/alura/datapipeline/env/lib/python3.8/site-packages/airflow/example_dags/example_branch_python_dop_operator_3.py
[2021-09-20 02:05:35,883] {processor.py:613} INFO - Processing file /home/wilson/Documentos/alura/datapipeline/env/lib/python3.8/site-packages/airflow/example_dags/example_branch_python_dop_operator_3.py for tasks to queue
[2021-09-20 02:05:35,884] {logging_mixin.py:109} INFO - [2021-09-20 02:05:35,884] {dagbag.py:496} INFO - Filling up the DagBag from /home/wilson/Documentos/alura/datapipeline/env/lib/python3.8/site-packages/airflow/example_dags/example_branch_python_dop_operator_3.py
[2021-09-20 02:05:35,955] {processor.py:623} INFO - DAG(s) dict_keys(['example_branch_dop_operator_v3']) retrieved from /home/wilson/Documentos/alura/datapipeline/env/lib/python3.8/site-packages/airflow/example_dags/example_branch_python_dop_operator_3.py
[2021-09-20 02:05:36,011] {logging_mixin.py:109} INFO - [2021-09-20 02:05:36,011] {dag.py:1834} INFO - Sync 1 DAGs
[2021-09-20 02:05:36,076] {logging_mixin.py:109} INFO - [2021-09-20 02:05:36,075] {dag.py:2287} INFO - Setting next_dagrun for example_branch_dop_operator_v3 to 2021-09-18 00:00:00+00:00
[2021-09-20 02:05:36,112] {processor.py:170} INFO - Processing /home/wilson/Documentos/alura/datapipeline/env/lib/python3.8/site-packages/airflow/example_dags/example_branch_python_dop_operator_3.py took 0.249 seconds
[2021-09-20 02:06:21,451] {processor.py:162} INFO - Started process (PID=25168) to work on /home/wilson/Documentos/alura/datapipeline/env/lib/python3.8/site-packages/airflow/example_dags/example_branch_python_dop_operator_3.py
[2021-09-20 02:06:21,454] {processor.py:613} INFO - Processing file /home/wilson/Documentos/alura/datapipeline/env/lib/python3.8/site-packages/airflow/example_dags/example_branch_python_dop_operator_3.py for tasks to queue
[2021-09-20 02:06:21,455] {logging_mixin.py:109} INFO - [2021-09-20 02:06:21,455] {dagbag.py:496} INFO - Filling up the DagBag from /home/wilson/Documentos/alura/datapipeline/env/lib/python3.8/site-packages/airflow/example_dags/example_branch_python_dop_operator_3.py
[2021-09-20 02:06:21,479] {processor.py:623} INFO - DAG(s) dict_keys(['example_branch_dop_operator_v3']) retrieved from /home/wilson/Documentos/alura/datapipeline/env/lib/python3.8/site-packages/airflow/example_dags/example_branch_python_dop_operator_3.py
[2021-09-20 02:06:21,499] {logging_mixin.py:109} INFO - [2021-09-20 02:06:21,499] {dag.py:1834} INFO - Sync 1 DAGs
[2021-09-20 02:06:21,527] {logging_mixin.py:109} INFO - [2021-09-20 02:06:21,527] {dag.py:2287} INFO - Setting next_dagrun for example_branch_dop_operator_v3 to 2021-09-18 00:00:00+00:00
[2021-09-20 02:06:21,546] {processor.py:170} INFO - Processing /home/wilson/Documentos/alura/datapipeline/env/lib/python3.8/site-packages/airflow/example_dags/example_branch_python_dop_operator_3.py took 0.098 seconds
[2021-09-20 02:07:27,860] {processor.py:162} INFO - Started process (PID=25412) to work on /home/wilson/Documentos/alura/datapipeline/env/lib/python3.8/site-packages/airflow/example_dags/example_branch_python_dop_operator_3.py
[2021-09-20 02:07:27,862] {processor.py:613} INFO - Processing file /home/wilson/Documentos/alura/datapipeline/env/lib/python3.8/site-packages/airflow/example_dags/example_branch_python_dop_operator_3.py for tasks to queue
[2021-09-20 02:07:27,863] {logging_mixin.py:109} INFO - [2021-09-20 02:07:27,863] {dagbag.py:496} INFO - Filling up the DagBag from /home/wilson/Documentos/alura/datapipeline/env/lib/python3.8/site-packages/airflow/example_dags/example_branch_python_dop_operator_3.py
[2021-09-20 02:07:27,878] {processor.py:623} INFO - DAG(s) dict_keys(['example_branch_dop_operator_v3']) retrieved from /home/wilson/Documentos/alura/datapipeline/env/lib/python3.8/site-packages/airflow/example_dags/example_branch_python_dop_operator_3.py
[2021-09-20 02:07:27,895] {logging_mixin.py:109} INFO - [2021-09-20 02:07:27,895] {dag.py:1834} INFO - Sync 1 DAGs
[2021-09-20 02:07:27,916] {logging_mixin.py:109} INFO - [2021-09-20 02:07:27,916] {dag.py:2287} INFO - Setting next_dagrun for example_branch_dop_operator_v3 to 2021-09-18 00:00:00+00:00
[2021-09-20 02:07:27,931] {processor.py:170} INFO - Processing /home/wilson/Documentos/alura/datapipeline/env/lib/python3.8/site-packages/airflow/example_dags/example_branch_python_dop_operator_3.py took 0.075 seconds
[2021-09-20 02:08:11,092] {processor.py:162} INFO - Started process (PID=25595) to work on /home/wilson/Documentos/alura/datapipeline/env/lib/python3.8/site-packages/airflow/example_dags/example_branch_python_dop_operator_3.py
[2021-09-20 02:08:11,095] {processor.py:613} INFO - Processing file /home/wilson/Documentos/alura/datapipeline/env/lib/python3.8/site-packages/airflow/example_dags/example_branch_python_dop_operator_3.py for tasks to queue
[2021-09-20 02:08:11,096] {logging_mixin.py:109} INFO - [2021-09-20 02:08:11,096] {dagbag.py:496} INFO - Filling up the DagBag from /home/wilson/Documentos/alura/datapipeline/env/lib/python3.8/site-packages/airflow/example_dags/example_branch_python_dop_operator_3.py
[2021-09-20 02:08:11,112] {processor.py:623} INFO - DAG(s) dict_keys(['example_branch_dop_operator_v3']) retrieved from /home/wilson/Documentos/alura/datapipeline/env/lib/python3.8/site-packages/airflow/example_dags/example_branch_python_dop_operator_3.py
[2021-09-20 02:08:11,128] {logging_mixin.py:109} INFO - [2021-09-20 02:08:11,128] {dag.py:1834} INFO - Sync 1 DAGs
[2021-09-20 02:08:11,149] {logging_mixin.py:109} INFO - [2021-09-20 02:08:11,149] {dag.py:2287} INFO - Setting next_dagrun for example_branch_dop_operator_v3 to 2021-09-18 00:00:00+00:00
[2021-09-20 02:08:11,164] {processor.py:170} INFO - Processing /home/wilson/Documentos/alura/datapipeline/env/lib/python3.8/site-packages/airflow/example_dags/example_branch_python_dop_operator_3.py took 0.075 seconds
[2021-09-20 02:08:55,886] {processor.py:162} INFO - Started process (PID=25836) to work on /home/wilson/Documentos/alura/datapipeline/env/lib/python3.8/site-packages/airflow/example_dags/example_branch_python_dop_operator_3.py
[2021-09-20 02:08:55,888] {processor.py:613} INFO - Processing file /home/wilson/Documentos/alura/datapipeline/env/lib/python3.8/site-packages/airflow/example_dags/example_branch_python_dop_operator_3.py for tasks to queue
[2021-09-20 02:08:55,901] {logging_mixin.py:109} INFO - [2021-09-20 02:08:55,901] {dagbag.py:496} INFO - Filling up the DagBag from /home/wilson/Documentos/alura/datapipeline/env/lib/python3.8/site-packages/airflow/example_dags/example_branch_python_dop_operator_3.py
[2021-09-20 02:08:55,936] {processor.py:623} INFO - DAG(s) dict_keys(['example_branch_dop_operator_v3']) retrieved from /home/wilson/Documentos/alura/datapipeline/env/lib/python3.8/site-packages/airflow/example_dags/example_branch_python_dop_operator_3.py
[2021-09-20 02:08:55,966] {logging_mixin.py:109} INFO - [2021-09-20 02:08:55,966] {dag.py:1834} INFO - Sync 1 DAGs
[2021-09-20 02:08:56,009] {logging_mixin.py:109} INFO - [2021-09-20 02:08:56,009] {dag.py:2287} INFO - Setting next_dagrun for example_branch_dop_operator_v3 to 2021-09-18 00:00:00+00:00
[2021-09-20 02:08:56,057] {processor.py:170} INFO - Processing /home/wilson/Documentos/alura/datapipeline/env/lib/python3.8/site-packages/airflow/example_dags/example_branch_python_dop_operator_3.py took 0.174 seconds
