[2021-09-20 02:00:06,414] {processor.py:162} INFO - Started process (PID=23736) to work on /home/wilson/Documentos/alura/datapipeline/env/lib/python3.8/site-packages/airflow/example_dags/example_branch_day_of_week_operator.py
[2021-09-20 02:00:06,416] {processor.py:613} INFO - Processing file /home/wilson/Documentos/alura/datapipeline/env/lib/python3.8/site-packages/airflow/example_dags/example_branch_day_of_week_operator.py for tasks to queue
[2021-09-20 02:00:06,433] {logging_mixin.py:109} INFO - [2021-09-20 02:00:06,433] {dagbag.py:496} INFO - Filling up the DagBag from /home/wilson/Documentos/alura/datapipeline/env/lib/python3.8/site-packages/airflow/example_dags/example_branch_day_of_week_operator.py
[2021-09-20 02:00:06,532] {processor.py:623} INFO - DAG(s) dict_keys(['example_weekday_branch_operator']) retrieved from /home/wilson/Documentos/alura/datapipeline/env/lib/python3.8/site-packages/airflow/example_dags/example_branch_day_of_week_operator.py
[2021-09-20 02:00:06,613] {logging_mixin.py:109} INFO - [2021-09-20 02:00:06,612] {dag.py:1834} INFO - Sync 1 DAGs
[2021-09-20 02:00:06,678] {logging_mixin.py:109} INFO - [2021-09-20 02:00:06,678] {dag.py:2287} INFO - Setting next_dagrun for example_weekday_branch_operator to 2021-09-18 00:00:00+00:00
[2021-09-20 02:00:06,745] {processor.py:170} INFO - Processing /home/wilson/Documentos/alura/datapipeline/env/lib/python3.8/site-packages/airflow/example_dags/example_branch_day_of_week_operator.py took 0.383 seconds
[2021-09-20 02:00:56,021] {processor.py:162} INFO - Started process (PID=23928) to work on /home/wilson/Documentos/alura/datapipeline/env/lib/python3.8/site-packages/airflow/example_dags/example_branch_day_of_week_operator.py
[2021-09-20 02:00:56,026] {processor.py:613} INFO - Processing file /home/wilson/Documentos/alura/datapipeline/env/lib/python3.8/site-packages/airflow/example_dags/example_branch_day_of_week_operator.py for tasks to queue
[2021-09-20 02:00:56,027] {logging_mixin.py:109} INFO - [2021-09-20 02:00:56,026] {dagbag.py:496} INFO - Filling up the DagBag from /home/wilson/Documentos/alura/datapipeline/env/lib/python3.8/site-packages/airflow/example_dags/example_branch_day_of_week_operator.py
[2021-09-20 02:00:56,107] {processor.py:623} INFO - DAG(s) dict_keys(['example_weekday_branch_operator']) retrieved from /home/wilson/Documentos/alura/datapipeline/env/lib/python3.8/site-packages/airflow/example_dags/example_branch_day_of_week_operator.py
[2021-09-20 02:00:56,162] {logging_mixin.py:109} INFO - [2021-09-20 02:00:56,162] {dag.py:1834} INFO - Sync 1 DAGs
[2021-09-20 02:00:56,211] {logging_mixin.py:109} INFO - [2021-09-20 02:00:56,211] {dag.py:2287} INFO - Setting next_dagrun for example_weekday_branch_operator to 2021-09-18 00:00:00+00:00
[2021-09-20 02:00:56,240] {processor.py:170} INFO - Processing /home/wilson/Documentos/alura/datapipeline/env/lib/python3.8/site-packages/airflow/example_dags/example_branch_day_of_week_operator.py took 0.234 seconds
[2021-09-20 02:01:35,654] {processor.py:162} INFO - Started process (PID=24096) to work on /home/wilson/Documentos/alura/datapipeline/env/lib/python3.8/site-packages/airflow/example_dags/example_branch_day_of_week_operator.py
[2021-09-20 02:01:35,655] {processor.py:613} INFO - Processing file /home/wilson/Documentos/alura/datapipeline/env/lib/python3.8/site-packages/airflow/example_dags/example_branch_day_of_week_operator.py for tasks to queue
[2021-09-20 02:01:35,662] {logging_mixin.py:109} INFO - [2021-09-20 02:01:35,662] {dagbag.py:496} INFO - Filling up the DagBag from /home/wilson/Documentos/alura/datapipeline/env/lib/python3.8/site-packages/airflow/example_dags/example_branch_day_of_week_operator.py
[2021-09-20 02:01:35,692] {processor.py:623} INFO - DAG(s) dict_keys(['example_weekday_branch_operator']) retrieved from /home/wilson/Documentos/alura/datapipeline/env/lib/python3.8/site-packages/airflow/example_dags/example_branch_day_of_week_operator.py
[2021-09-20 02:01:35,734] {logging_mixin.py:109} INFO - [2021-09-20 02:01:35,733] {dag.py:1834} INFO - Sync 1 DAGs
[2021-09-20 02:01:35,794] {logging_mixin.py:109} INFO - [2021-09-20 02:01:35,793] {dag.py:2287} INFO - Setting next_dagrun for example_weekday_branch_operator to 2021-09-18 00:00:00+00:00
[2021-09-20 02:01:35,826] {processor.py:170} INFO - Processing /home/wilson/Documentos/alura/datapipeline/env/lib/python3.8/site-packages/airflow/example_dags/example_branch_day_of_week_operator.py took 0.187 seconds
[2021-09-20 02:02:37,637] {processor.py:162} INFO - Started process (PID=24332) to work on /home/wilson/Documentos/alura/datapipeline/env/lib/python3.8/site-packages/airflow/example_dags/example_branch_day_of_week_operator.py
[2021-09-20 02:02:37,639] {processor.py:613} INFO - Processing file /home/wilson/Documentos/alura/datapipeline/env/lib/python3.8/site-packages/airflow/example_dags/example_branch_day_of_week_operator.py for tasks to queue
[2021-09-20 02:02:37,641] {logging_mixin.py:109} INFO - [2021-09-20 02:02:37,640] {dagbag.py:496} INFO - Filling up the DagBag from /home/wilson/Documentos/alura/datapipeline/env/lib/python3.8/site-packages/airflow/example_dags/example_branch_day_of_week_operator.py
[2021-09-20 02:02:37,656] {processor.py:623} INFO - DAG(s) dict_keys(['example_weekday_branch_operator']) retrieved from /home/wilson/Documentos/alura/datapipeline/env/lib/python3.8/site-packages/airflow/example_dags/example_branch_day_of_week_operator.py
[2021-09-20 02:02:37,673] {logging_mixin.py:109} INFO - [2021-09-20 02:02:37,673] {dag.py:1834} INFO - Sync 1 DAGs
[2021-09-20 02:02:37,687] {logging_mixin.py:109} INFO - [2021-09-20 02:02:37,687] {dag.py:2287} INFO - Setting next_dagrun for example_weekday_branch_operator to 2021-09-18 00:00:00+00:00
[2021-09-20 02:02:37,703] {processor.py:170} INFO - Processing /home/wilson/Documentos/alura/datapipeline/env/lib/python3.8/site-packages/airflow/example_dags/example_branch_day_of_week_operator.py took 0.071 seconds
[2021-09-20 02:03:18,543] {processor.py:162} INFO - Started process (PID=24492) to work on /home/wilson/Documentos/alura/datapipeline/env/lib/python3.8/site-packages/airflow/example_dags/example_branch_day_of_week_operator.py
[2021-09-20 02:03:18,545] {processor.py:613} INFO - Processing file /home/wilson/Documentos/alura/datapipeline/env/lib/python3.8/site-packages/airflow/example_dags/example_branch_day_of_week_operator.py for tasks to queue
[2021-09-20 02:03:18,546] {logging_mixin.py:109} INFO - [2021-09-20 02:03:18,546] {dagbag.py:496} INFO - Filling up the DagBag from /home/wilson/Documentos/alura/datapipeline/env/lib/python3.8/site-packages/airflow/example_dags/example_branch_day_of_week_operator.py
[2021-09-20 02:03:18,580] {processor.py:623} INFO - DAG(s) dict_keys(['example_weekday_branch_operator']) retrieved from /home/wilson/Documentos/alura/datapipeline/env/lib/python3.8/site-packages/airflow/example_dags/example_branch_day_of_week_operator.py
[2021-09-20 02:03:18,633] {logging_mixin.py:109} INFO - [2021-09-20 02:03:18,633] {dag.py:1834} INFO - Sync 1 DAGs
[2021-09-20 02:03:18,672] {logging_mixin.py:109} INFO - [2021-09-20 02:03:18,672] {dag.py:2287} INFO - Setting next_dagrun for example_weekday_branch_operator to 2021-09-18 00:00:00+00:00
[2021-09-20 02:03:18,708] {processor.py:170} INFO - Processing /home/wilson/Documentos/alura/datapipeline/env/lib/python3.8/site-packages/airflow/example_dags/example_branch_day_of_week_operator.py took 0.172 seconds
[2021-09-20 02:04:13,554] {processor.py:162} INFO - Started process (PID=24693) to work on /home/wilson/Documentos/alura/datapipeline/env/lib/python3.8/site-packages/airflow/example_dags/example_branch_day_of_week_operator.py
[2021-09-20 02:04:13,555] {processor.py:613} INFO - Processing file /home/wilson/Documentos/alura/datapipeline/env/lib/python3.8/site-packages/airflow/example_dags/example_branch_day_of_week_operator.py for tasks to queue
[2021-09-20 02:04:13,557] {logging_mixin.py:109} INFO - [2021-09-20 02:04:13,557] {dagbag.py:496} INFO - Filling up the DagBag from /home/wilson/Documentos/alura/datapipeline/env/lib/python3.8/site-packages/airflow/example_dags/example_branch_day_of_week_operator.py
[2021-09-20 02:04:13,575] {processor.py:623} INFO - DAG(s) dict_keys(['example_weekday_branch_operator']) retrieved from /home/wilson/Documentos/alura/datapipeline/env/lib/python3.8/site-packages/airflow/example_dags/example_branch_day_of_week_operator.py
[2021-09-20 02:04:13,593] {logging_mixin.py:109} INFO - [2021-09-20 02:04:13,593] {dag.py:1834} INFO - Sync 1 DAGs
[2021-09-20 02:04:13,610] {logging_mixin.py:109} INFO - [2021-09-20 02:04:13,610] {dag.py:2287} INFO - Setting next_dagrun for example_weekday_branch_operator to 2021-09-18 00:00:00+00:00
[2021-09-20 02:04:13,625] {processor.py:170} INFO - Processing /home/wilson/Documentos/alura/datapipeline/env/lib/python3.8/site-packages/airflow/example_dags/example_branch_day_of_week_operator.py took 0.076 seconds
[2021-09-20 02:05:02,353] {processor.py:162} INFO - Started process (PID=24888) to work on /home/wilson/Documentos/alura/datapipeline/env/lib/python3.8/site-packages/airflow/example_dags/example_branch_day_of_week_operator.py
[2021-09-20 02:05:02,361] {processor.py:613} INFO - Processing file /home/wilson/Documentos/alura/datapipeline/env/lib/python3.8/site-packages/airflow/example_dags/example_branch_day_of_week_operator.py for tasks to queue
[2021-09-20 02:05:02,362] {logging_mixin.py:109} INFO - [2021-09-20 02:05:02,362] {dagbag.py:496} INFO - Filling up the DagBag from /home/wilson/Documentos/alura/datapipeline/env/lib/python3.8/site-packages/airflow/example_dags/example_branch_day_of_week_operator.py
[2021-09-20 02:05:02,417] {processor.py:623} INFO - DAG(s) dict_keys(['example_weekday_branch_operator']) retrieved from /home/wilson/Documentos/alura/datapipeline/env/lib/python3.8/site-packages/airflow/example_dags/example_branch_day_of_week_operator.py
[2021-09-20 02:05:02,485] {logging_mixin.py:109} INFO - [2021-09-20 02:05:02,485] {dag.py:1834} INFO - Sync 1 DAGs
[2021-09-20 02:05:02,530] {logging_mixin.py:109} INFO - [2021-09-20 02:05:02,530] {dag.py:2287} INFO - Setting next_dagrun for example_weekday_branch_operator to 2021-09-18 00:00:00+00:00
[2021-09-20 02:05:02,570] {processor.py:170} INFO - Processing /home/wilson/Documentos/alura/datapipeline/env/lib/python3.8/site-packages/airflow/example_dags/example_branch_day_of_week_operator.py took 0.226 seconds
[2021-09-20 02:05:49,450] {processor.py:162} INFO - Started process (PID=25043) to work on /home/wilson/Documentos/alura/datapipeline/env/lib/python3.8/site-packages/airflow/example_dags/example_branch_day_of_week_operator.py
[2021-09-20 02:05:49,457] {processor.py:613} INFO - Processing file /home/wilson/Documentos/alura/datapipeline/env/lib/python3.8/site-packages/airflow/example_dags/example_branch_day_of_week_operator.py for tasks to queue
[2021-09-20 02:05:49,457] {logging_mixin.py:109} INFO - [2021-09-20 02:05:49,457] {dagbag.py:496} INFO - Filling up the DagBag from /home/wilson/Documentos/alura/datapipeline/env/lib/python3.8/site-packages/airflow/example_dags/example_branch_day_of_week_operator.py
[2021-09-20 02:05:49,480] {processor.py:623} INFO - DAG(s) dict_keys(['example_weekday_branch_operator']) retrieved from /home/wilson/Documentos/alura/datapipeline/env/lib/python3.8/site-packages/airflow/example_dags/example_branch_day_of_week_operator.py
[2021-09-20 02:05:49,503] {logging_mixin.py:109} INFO - [2021-09-20 02:05:49,503] {dag.py:1834} INFO - Sync 1 DAGs
[2021-09-20 02:05:49,528] {logging_mixin.py:109} INFO - [2021-09-20 02:05:49,528] {dag.py:2287} INFO - Setting next_dagrun for example_weekday_branch_operator to 2021-09-18 00:00:00+00:00
[2021-09-20 02:05:49,558] {processor.py:170} INFO - Processing /home/wilson/Documentos/alura/datapipeline/env/lib/python3.8/site-packages/airflow/example_dags/example_branch_day_of_week_operator.py took 0.113 seconds
[2021-09-20 02:06:28,699] {processor.py:162} INFO - Started process (PID=25199) to work on /home/wilson/Documentos/alura/datapipeline/env/lib/python3.8/site-packages/airflow/example_dags/example_branch_day_of_week_operator.py
[2021-09-20 02:06:28,708] {processor.py:613} INFO - Processing file /home/wilson/Documentos/alura/datapipeline/env/lib/python3.8/site-packages/airflow/example_dags/example_branch_day_of_week_operator.py for tasks to queue
[2021-09-20 02:06:28,719] {logging_mixin.py:109} INFO - [2021-09-20 02:06:28,719] {dagbag.py:496} INFO - Filling up the DagBag from /home/wilson/Documentos/alura/datapipeline/env/lib/python3.8/site-packages/airflow/example_dags/example_branch_day_of_week_operator.py
[2021-09-20 02:06:28,810] {processor.py:623} INFO - DAG(s) dict_keys(['example_weekday_branch_operator']) retrieved from /home/wilson/Documentos/alura/datapipeline/env/lib/python3.8/site-packages/airflow/example_dags/example_branch_day_of_week_operator.py
[2021-09-20 02:06:28,856] {logging_mixin.py:109} INFO - [2021-09-20 02:06:28,856] {dag.py:1834} INFO - Sync 1 DAGs
[2021-09-20 02:06:28,925] {logging_mixin.py:109} INFO - [2021-09-20 02:06:28,925] {dag.py:2287} INFO - Setting next_dagrun for example_weekday_branch_operator to 2021-09-18 00:00:00+00:00
[2021-09-20 02:06:28,961] {processor.py:170} INFO - Processing /home/wilson/Documentos/alura/datapipeline/env/lib/python3.8/site-packages/airflow/example_dags/example_branch_day_of_week_operator.py took 0.272 seconds
[2021-09-20 02:07:30,170] {processor.py:162} INFO - Started process (PID=25422) to work on /home/wilson/Documentos/alura/datapipeline/env/lib/python3.8/site-packages/airflow/example_dags/example_branch_day_of_week_operator.py
[2021-09-20 02:07:30,172] {processor.py:613} INFO - Processing file /home/wilson/Documentos/alura/datapipeline/env/lib/python3.8/site-packages/airflow/example_dags/example_branch_day_of_week_operator.py for tasks to queue
[2021-09-20 02:07:30,172] {logging_mixin.py:109} INFO - [2021-09-20 02:07:30,172] {dagbag.py:496} INFO - Filling up the DagBag from /home/wilson/Documentos/alura/datapipeline/env/lib/python3.8/site-packages/airflow/example_dags/example_branch_day_of_week_operator.py
[2021-09-20 02:07:30,186] {processor.py:623} INFO - DAG(s) dict_keys(['example_weekday_branch_operator']) retrieved from /home/wilson/Documentos/alura/datapipeline/env/lib/python3.8/site-packages/airflow/example_dags/example_branch_day_of_week_operator.py
[2021-09-20 02:07:30,201] {logging_mixin.py:109} INFO - [2021-09-20 02:07:30,201] {dag.py:1834} INFO - Sync 1 DAGs
[2021-09-20 02:07:30,214] {logging_mixin.py:109} INFO - [2021-09-20 02:07:30,214] {dag.py:2287} INFO - Setting next_dagrun for example_weekday_branch_operator to 2021-09-18 00:00:00+00:00
[2021-09-20 02:07:30,230] {processor.py:170} INFO - Processing /home/wilson/Documentos/alura/datapipeline/env/lib/python3.8/site-packages/airflow/example_dags/example_branch_day_of_week_operator.py took 0.064 seconds
[2021-09-20 02:08:13,206] {processor.py:162} INFO - Started process (PID=25604) to work on /home/wilson/Documentos/alura/datapipeline/env/lib/python3.8/site-packages/airflow/example_dags/example_branch_day_of_week_operator.py
[2021-09-20 02:08:13,210] {processor.py:613} INFO - Processing file /home/wilson/Documentos/alura/datapipeline/env/lib/python3.8/site-packages/airflow/example_dags/example_branch_day_of_week_operator.py for tasks to queue
[2021-09-20 02:08:13,210] {logging_mixin.py:109} INFO - [2021-09-20 02:08:13,210] {dagbag.py:496} INFO - Filling up the DagBag from /home/wilson/Documentos/alura/datapipeline/env/lib/python3.8/site-packages/airflow/example_dags/example_branch_day_of_week_operator.py
[2021-09-20 02:08:13,225] {processor.py:623} INFO - DAG(s) dict_keys(['example_weekday_branch_operator']) retrieved from /home/wilson/Documentos/alura/datapipeline/env/lib/python3.8/site-packages/airflow/example_dags/example_branch_day_of_week_operator.py
[2021-09-20 02:08:13,254] {logging_mixin.py:109} INFO - [2021-09-20 02:08:13,254] {dag.py:1834} INFO - Sync 1 DAGs
[2021-09-20 02:08:13,281] {logging_mixin.py:109} INFO - [2021-09-20 02:08:13,281] {dag.py:2287} INFO - Setting next_dagrun for example_weekday_branch_operator to 2021-09-18 00:00:00+00:00
[2021-09-20 02:08:13,308] {processor.py:170} INFO - Processing /home/wilson/Documentos/alura/datapipeline/env/lib/python3.8/site-packages/airflow/example_dags/example_branch_day_of_week_operator.py took 0.105 seconds
[2021-09-20 02:08:58,478] {processor.py:162} INFO - Started process (PID=25847) to work on /home/wilson/Documentos/alura/datapipeline/env/lib/python3.8/site-packages/airflow/example_dags/example_branch_day_of_week_operator.py
[2021-09-20 02:08:58,480] {processor.py:613} INFO - Processing file /home/wilson/Documentos/alura/datapipeline/env/lib/python3.8/site-packages/airflow/example_dags/example_branch_day_of_week_operator.py for tasks to queue
[2021-09-20 02:08:58,482] {logging_mixin.py:109} INFO - [2021-09-20 02:08:58,482] {dagbag.py:496} INFO - Filling up the DagBag from /home/wilson/Documentos/alura/datapipeline/env/lib/python3.8/site-packages/airflow/example_dags/example_branch_day_of_week_operator.py
[2021-09-20 02:08:58,496] {processor.py:623} INFO - DAG(s) dict_keys(['example_weekday_branch_operator']) retrieved from /home/wilson/Documentos/alura/datapipeline/env/lib/python3.8/site-packages/airflow/example_dags/example_branch_day_of_week_operator.py
[2021-09-20 02:08:58,514] {logging_mixin.py:109} INFO - [2021-09-20 02:08:58,514] {dag.py:1834} INFO - Sync 1 DAGs
[2021-09-20 02:08:58,536] {logging_mixin.py:109} INFO - [2021-09-20 02:08:58,536] {dag.py:2287} INFO - Setting next_dagrun for example_weekday_branch_operator to 2021-09-18 00:00:00+00:00
[2021-09-20 02:08:58,554] {processor.py:170} INFO - Processing /home/wilson/Documentos/alura/datapipeline/env/lib/python3.8/site-packages/airflow/example_dags/example_branch_day_of_week_operator.py took 0.080 seconds
