[2021-09-20 01:59:39,724] {processor.py:162} INFO - Started process (PID=23622) to work on /home/wilson/Documentos/alura/datapipeline/env/lib/python3.8/site-packages/airflow/example_dags/example_task_group_decorator.py
[2021-09-20 01:59:39,734] {processor.py:613} INFO - Processing file /home/wilson/Documentos/alura/datapipeline/env/lib/python3.8/site-packages/airflow/example_dags/example_task_group_decorator.py for tasks to queue
[2021-09-20 01:59:39,734] {logging_mixin.py:109} INFO - [2021-09-20 01:59:39,734] {dagbag.py:496} INFO - Filling up the DagBag from /home/wilson/Documentos/alura/datapipeline/env/lib/python3.8/site-packages/airflow/example_dags/example_task_group_decorator.py
[2021-09-20 01:59:39,860] {processor.py:623} INFO - DAG(s) dict_keys(['example_task_group_decorator']) retrieved from /home/wilson/Documentos/alura/datapipeline/env/lib/python3.8/site-packages/airflow/example_dags/example_task_group_decorator.py
[2021-09-20 01:59:40,738] {logging_mixin.py:109} INFO - [2021-09-20 01:59:40,738] {dag.py:1834} INFO - Sync 1 DAGs
[2021-09-20 01:59:40,779] {logging_mixin.py:109} INFO - [2021-09-20 01:59:40,779] {dag.py:2287} INFO - Setting next_dagrun for example_task_group_decorator to 2021-09-18 00:00:00+00:00
[2021-09-20 01:59:40,824] {processor.py:170} INFO - Processing /home/wilson/Documentos/alura/datapipeline/env/lib/python3.8/site-packages/airflow/example_dags/example_task_group_decorator.py took 1.121 seconds
[2021-09-20 02:00:23,175] {processor.py:162} INFO - Started process (PID=23800) to work on /home/wilson/Documentos/alura/datapipeline/env/lib/python3.8/site-packages/airflow/example_dags/example_task_group_decorator.py
[2021-09-20 02:00:23,182] {processor.py:613} INFO - Processing file /home/wilson/Documentos/alura/datapipeline/env/lib/python3.8/site-packages/airflow/example_dags/example_task_group_decorator.py for tasks to queue
[2021-09-20 02:00:23,183] {logging_mixin.py:109} INFO - [2021-09-20 02:00:23,183] {dagbag.py:496} INFO - Filling up the DagBag from /home/wilson/Documentos/alura/datapipeline/env/lib/python3.8/site-packages/airflow/example_dags/example_task_group_decorator.py
[2021-09-20 02:00:23,245] {processor.py:623} INFO - DAG(s) dict_keys(['example_task_group_decorator']) retrieved from /home/wilson/Documentos/alura/datapipeline/env/lib/python3.8/site-packages/airflow/example_dags/example_task_group_decorator.py
[2021-09-20 02:00:23,780] {logging_mixin.py:109} INFO - [2021-09-20 02:00:23,779] {dag.py:1834} INFO - Sync 1 DAGs
[2021-09-20 02:00:23,811] {logging_mixin.py:109} INFO - [2021-09-20 02:00:23,811] {dag.py:2287} INFO - Setting next_dagrun for example_task_group_decorator to 2021-09-18 00:00:00+00:00
[2021-09-20 02:00:23,860] {processor.py:170} INFO - Processing /home/wilson/Documentos/alura/datapipeline/env/lib/python3.8/site-packages/airflow/example_dags/example_task_group_decorator.py took 0.693 seconds
[2021-09-20 02:01:03,927] {processor.py:162} INFO - Started process (PID=23961) to work on /home/wilson/Documentos/alura/datapipeline/env/lib/python3.8/site-packages/airflow/example_dags/example_task_group_decorator.py
[2021-09-20 02:01:03,929] {processor.py:613} INFO - Processing file /home/wilson/Documentos/alura/datapipeline/env/lib/python3.8/site-packages/airflow/example_dags/example_task_group_decorator.py for tasks to queue
[2021-09-20 02:01:03,930] {logging_mixin.py:109} INFO - [2021-09-20 02:01:03,930] {dagbag.py:496} INFO - Filling up the DagBag from /home/wilson/Documentos/alura/datapipeline/env/lib/python3.8/site-packages/airflow/example_dags/example_task_group_decorator.py
[2021-09-20 02:01:03,958] {processor.py:623} INFO - DAG(s) dict_keys(['example_task_group_decorator']) retrieved from /home/wilson/Documentos/alura/datapipeline/env/lib/python3.8/site-packages/airflow/example_dags/example_task_group_decorator.py
[2021-09-20 02:01:04,245] {logging_mixin.py:109} INFO - [2021-09-20 02:01:04,245] {dag.py:1834} INFO - Sync 1 DAGs
[2021-09-20 02:01:04,253] {logging_mixin.py:109} INFO - [2021-09-20 02:01:04,253] {dag.py:2287} INFO - Setting next_dagrun for example_task_group_decorator to 2021-09-18 00:00:00+00:00
[2021-09-20 02:01:04,268] {processor.py:170} INFO - Processing /home/wilson/Documentos/alura/datapipeline/env/lib/python3.8/site-packages/airflow/example_dags/example_task_group_decorator.py took 0.345 seconds
[2021-09-20 02:01:40,980] {processor.py:162} INFO - Started process (PID=24117) to work on /home/wilson/Documentos/alura/datapipeline/env/lib/python3.8/site-packages/airflow/example_dags/example_task_group_decorator.py
[2021-09-20 02:01:40,986] {processor.py:613} INFO - Processing file /home/wilson/Documentos/alura/datapipeline/env/lib/python3.8/site-packages/airflow/example_dags/example_task_group_decorator.py for tasks to queue
[2021-09-20 02:01:40,987] {logging_mixin.py:109} INFO - [2021-09-20 02:01:40,987] {dagbag.py:496} INFO - Filling up the DagBag from /home/wilson/Documentos/alura/datapipeline/env/lib/python3.8/site-packages/airflow/example_dags/example_task_group_decorator.py
[2021-09-20 02:01:41,070] {processor.py:623} INFO - DAG(s) dict_keys(['example_task_group_decorator']) retrieved from /home/wilson/Documentos/alura/datapipeline/env/lib/python3.8/site-packages/airflow/example_dags/example_task_group_decorator.py
[2021-09-20 02:01:41,858] {logging_mixin.py:109} INFO - [2021-09-20 02:01:41,858] {dag.py:1834} INFO - Sync 1 DAGs
[2021-09-20 02:01:41,881] {logging_mixin.py:109} INFO - [2021-09-20 02:01:41,881] {dag.py:2287} INFO - Setting next_dagrun for example_task_group_decorator to 2021-09-18 00:00:00+00:00
[2021-09-20 02:01:41,903] {processor.py:170} INFO - Processing /home/wilson/Documentos/alura/datapipeline/env/lib/python3.8/site-packages/airflow/example_dags/example_task_group_decorator.py took 0.931 seconds
[2021-09-20 02:02:28,530] {processor.py:162} INFO - Started process (PID=24292) to work on /home/wilson/Documentos/alura/datapipeline/env/lib/python3.8/site-packages/airflow/example_dags/example_task_group_decorator.py
[2021-09-20 02:02:28,532] {processor.py:613} INFO - Processing file /home/wilson/Documentos/alura/datapipeline/env/lib/python3.8/site-packages/airflow/example_dags/example_task_group_decorator.py for tasks to queue
[2021-09-20 02:02:28,534] {logging_mixin.py:109} INFO - [2021-09-20 02:02:28,533] {dagbag.py:496} INFO - Filling up the DagBag from /home/wilson/Documentos/alura/datapipeline/env/lib/python3.8/site-packages/airflow/example_dags/example_task_group_decorator.py
[2021-09-20 02:02:28,564] {processor.py:623} INFO - DAG(s) dict_keys(['example_task_group_decorator']) retrieved from /home/wilson/Documentos/alura/datapipeline/env/lib/python3.8/site-packages/airflow/example_dags/example_task_group_decorator.py
[2021-09-20 02:02:28,865] {logging_mixin.py:109} INFO - [2021-09-20 02:02:28,864] {dag.py:1834} INFO - Sync 1 DAGs
[2021-09-20 02:02:28,872] {logging_mixin.py:109} INFO - [2021-09-20 02:02:28,872] {dag.py:2287} INFO - Setting next_dagrun for example_task_group_decorator to 2021-09-18 00:00:00+00:00
[2021-09-20 02:02:28,891] {processor.py:170} INFO - Processing /home/wilson/Documentos/alura/datapipeline/env/lib/python3.8/site-packages/airflow/example_dags/example_task_group_decorator.py took 0.364 seconds
[2021-09-20 02:03:05,796] {processor.py:162} INFO - Started process (PID=24444) to work on /home/wilson/Documentos/alura/datapipeline/env/lib/python3.8/site-packages/airflow/example_dags/example_task_group_decorator.py
[2021-09-20 02:03:05,799] {processor.py:613} INFO - Processing file /home/wilson/Documentos/alura/datapipeline/env/lib/python3.8/site-packages/airflow/example_dags/example_task_group_decorator.py for tasks to queue
[2021-09-20 02:03:05,800] {logging_mixin.py:109} INFO - [2021-09-20 02:03:05,800] {dagbag.py:496} INFO - Filling up the DagBag from /home/wilson/Documentos/alura/datapipeline/env/lib/python3.8/site-packages/airflow/example_dags/example_task_group_decorator.py
[2021-09-20 02:03:05,833] {processor.py:623} INFO - DAG(s) dict_keys(['example_task_group_decorator']) retrieved from /home/wilson/Documentos/alura/datapipeline/env/lib/python3.8/site-packages/airflow/example_dags/example_task_group_decorator.py
[2021-09-20 02:03:06,243] {logging_mixin.py:109} INFO - [2021-09-20 02:03:06,243] {dag.py:1834} INFO - Sync 1 DAGs
[2021-09-20 02:03:06,251] {logging_mixin.py:109} INFO - [2021-09-20 02:03:06,251] {dag.py:2287} INFO - Setting next_dagrun for example_task_group_decorator to 2021-09-18 00:00:00+00:00
[2021-09-20 02:03:06,302] {processor.py:170} INFO - Processing /home/wilson/Documentos/alura/datapipeline/env/lib/python3.8/site-packages/airflow/example_dags/example_task_group_decorator.py took 0.514 seconds
[2021-09-20 02:03:47,956] {processor.py:162} INFO - Started process (PID=24603) to work on /home/wilson/Documentos/alura/datapipeline/env/lib/python3.8/site-packages/airflow/example_dags/example_task_group_decorator.py
[2021-09-20 02:03:47,961] {processor.py:613} INFO - Processing file /home/wilson/Documentos/alura/datapipeline/env/lib/python3.8/site-packages/airflow/example_dags/example_task_group_decorator.py for tasks to queue
[2021-09-20 02:03:47,962] {logging_mixin.py:109} INFO - [2021-09-20 02:03:47,962] {dagbag.py:496} INFO - Filling up the DagBag from /home/wilson/Documentos/alura/datapipeline/env/lib/python3.8/site-packages/airflow/example_dags/example_task_group_decorator.py
[2021-09-20 02:03:48,038] {processor.py:623} INFO - DAG(s) dict_keys(['example_task_group_decorator']) retrieved from /home/wilson/Documentos/alura/datapipeline/env/lib/python3.8/site-packages/airflow/example_dags/example_task_group_decorator.py
[2021-09-20 02:03:49,245] {logging_mixin.py:109} INFO - [2021-09-20 02:03:49,245] {dag.py:1834} INFO - Sync 1 DAGs
[2021-09-20 02:03:49,268] {logging_mixin.py:109} INFO - [2021-09-20 02:03:49,268] {dag.py:2287} INFO - Setting next_dagrun for example_task_group_decorator to 2021-09-18 00:00:00+00:00
[2021-09-20 02:03:49,303] {processor.py:170} INFO - Processing /home/wilson/Documentos/alura/datapipeline/env/lib/python3.8/site-packages/airflow/example_dags/example_task_group_decorator.py took 1.355 seconds
[2021-09-20 02:04:31,805] {processor.py:162} INFO - Started process (PID=24768) to work on /home/wilson/Documentos/alura/datapipeline/env/lib/python3.8/site-packages/airflow/example_dags/example_task_group_decorator.py
[2021-09-20 02:04:31,817] {processor.py:613} INFO - Processing file /home/wilson/Documentos/alura/datapipeline/env/lib/python3.8/site-packages/airflow/example_dags/example_task_group_decorator.py for tasks to queue
[2021-09-20 02:04:31,818] {logging_mixin.py:109} INFO - [2021-09-20 02:04:31,818] {dagbag.py:496} INFO - Filling up the DagBag from /home/wilson/Documentos/alura/datapipeline/env/lib/python3.8/site-packages/airflow/example_dags/example_task_group_decorator.py
[2021-09-20 02:04:31,946] {processor.py:623} INFO - DAG(s) dict_keys(['example_task_group_decorator']) retrieved from /home/wilson/Documentos/alura/datapipeline/env/lib/python3.8/site-packages/airflow/example_dags/example_task_group_decorator.py
[2021-09-20 02:04:32,462] {logging_mixin.py:109} INFO - [2021-09-20 02:04:32,462] {dag.py:1834} INFO - Sync 1 DAGs
[2021-09-20 02:04:32,471] {logging_mixin.py:109} INFO - [2021-09-20 02:04:32,471] {dag.py:2287} INFO - Setting next_dagrun for example_task_group_decorator to 2021-09-18 00:00:00+00:00
[2021-09-20 02:04:32,494] {processor.py:170} INFO - Processing /home/wilson/Documentos/alura/datapipeline/env/lib/python3.8/site-packages/airflow/example_dags/example_task_group_decorator.py took 0.698 seconds
[2021-09-20 02:05:10,471] {processor.py:162} INFO - Started process (PID=24914) to work on /home/wilson/Documentos/alura/datapipeline/env/lib/python3.8/site-packages/airflow/example_dags/example_task_group_decorator.py
[2021-09-20 02:05:10,480] {processor.py:613} INFO - Processing file /home/wilson/Documentos/alura/datapipeline/env/lib/python3.8/site-packages/airflow/example_dags/example_task_group_decorator.py for tasks to queue
[2021-09-20 02:05:10,484] {logging_mixin.py:109} INFO - [2021-09-20 02:05:10,484] {dagbag.py:496} INFO - Filling up the DagBag from /home/wilson/Documentos/alura/datapipeline/env/lib/python3.8/site-packages/airflow/example_dags/example_task_group_decorator.py
[2021-09-20 02:05:10,595] {processor.py:623} INFO - DAG(s) dict_keys(['example_task_group_decorator']) retrieved from /home/wilson/Documentos/alura/datapipeline/env/lib/python3.8/site-packages/airflow/example_dags/example_task_group_decorator.py
[2021-09-20 02:05:11,122] {logging_mixin.py:109} INFO - [2021-09-20 02:05:11,121] {dag.py:1834} INFO - Sync 1 DAGs
[2021-09-20 02:05:11,129] {logging_mixin.py:109} INFO - [2021-09-20 02:05:11,129] {dag.py:2287} INFO - Setting next_dagrun for example_task_group_decorator to 2021-09-18 00:00:00+00:00
[2021-09-20 02:05:11,150] {processor.py:170} INFO - Processing /home/wilson/Documentos/alura/datapipeline/env/lib/python3.8/site-packages/airflow/example_dags/example_task_group_decorator.py took 0.688 seconds
[2021-09-20 02:05:56,213] {processor.py:162} INFO - Started process (PID=25066) to work on /home/wilson/Documentos/alura/datapipeline/env/lib/python3.8/site-packages/airflow/example_dags/example_task_group_decorator.py
[2021-09-20 02:05:56,215] {processor.py:613} INFO - Processing file /home/wilson/Documentos/alura/datapipeline/env/lib/python3.8/site-packages/airflow/example_dags/example_task_group_decorator.py for tasks to queue
[2021-09-20 02:05:56,216] {logging_mixin.py:109} INFO - [2021-09-20 02:05:56,216] {dagbag.py:496} INFO - Filling up the DagBag from /home/wilson/Documentos/alura/datapipeline/env/lib/python3.8/site-packages/airflow/example_dags/example_task_group_decorator.py
[2021-09-20 02:05:56,284] {processor.py:623} INFO - DAG(s) dict_keys(['example_task_group_decorator']) retrieved from /home/wilson/Documentos/alura/datapipeline/env/lib/python3.8/site-packages/airflow/example_dags/example_task_group_decorator.py
[2021-09-20 02:05:57,138] {logging_mixin.py:109} INFO - [2021-09-20 02:05:57,138] {dag.py:1834} INFO - Sync 1 DAGs
[2021-09-20 02:05:57,150] {logging_mixin.py:109} INFO - [2021-09-20 02:05:57,149] {dag.py:2287} INFO - Setting next_dagrun for example_task_group_decorator to 2021-09-18 00:00:00+00:00
[2021-09-20 02:05:57,164] {processor.py:170} INFO - Processing /home/wilson/Documentos/alura/datapipeline/env/lib/python3.8/site-packages/airflow/example_dags/example_task_group_decorator.py took 0.959 seconds
[2021-09-20 02:06:35,683] {processor.py:162} INFO - Started process (PID=25226) to work on /home/wilson/Documentos/alura/datapipeline/env/lib/python3.8/site-packages/airflow/example_dags/example_task_group_decorator.py
[2021-09-20 02:06:35,690] {processor.py:613} INFO - Processing file /home/wilson/Documentos/alura/datapipeline/env/lib/python3.8/site-packages/airflow/example_dags/example_task_group_decorator.py for tasks to queue
[2021-09-20 02:06:35,691] {logging_mixin.py:109} INFO - [2021-09-20 02:06:35,691] {dagbag.py:496} INFO - Filling up the DagBag from /home/wilson/Documentos/alura/datapipeline/env/lib/python3.8/site-packages/airflow/example_dags/example_task_group_decorator.py
[2021-09-20 02:06:35,719] {processor.py:623} INFO - DAG(s) dict_keys(['example_task_group_decorator']) retrieved from /home/wilson/Documentos/alura/datapipeline/env/lib/python3.8/site-packages/airflow/example_dags/example_task_group_decorator.py
[2021-09-20 02:06:36,085] {logging_mixin.py:109} INFO - [2021-09-20 02:06:36,085] {dag.py:1834} INFO - Sync 1 DAGs
[2021-09-20 02:06:36,094] {logging_mixin.py:109} INFO - [2021-09-20 02:06:36,094] {dag.py:2287} INFO - Setting next_dagrun for example_task_group_decorator to 2021-09-18 00:00:00+00:00
[2021-09-20 02:06:36,112] {processor.py:170} INFO - Processing /home/wilson/Documentos/alura/datapipeline/env/lib/python3.8/site-packages/airflow/example_dags/example_task_group_decorator.py took 0.433 seconds
[2021-09-20 02:07:19,482] {processor.py:162} INFO - Started process (PID=25380) to work on /home/wilson/Documentos/alura/datapipeline/env/lib/python3.8/site-packages/airflow/example_dags/example_task_group_decorator.py
[2021-09-20 02:07:19,484] {processor.py:613} INFO - Processing file /home/wilson/Documentos/alura/datapipeline/env/lib/python3.8/site-packages/airflow/example_dags/example_task_group_decorator.py for tasks to queue
[2021-09-20 02:07:19,484] {logging_mixin.py:109} INFO - [2021-09-20 02:07:19,484] {dagbag.py:496} INFO - Filling up the DagBag from /home/wilson/Documentos/alura/datapipeline/env/lib/python3.8/site-packages/airflow/example_dags/example_task_group_decorator.py
[2021-09-20 02:07:19,509] {processor.py:623} INFO - DAG(s) dict_keys(['example_task_group_decorator']) retrieved from /home/wilson/Documentos/alura/datapipeline/env/lib/python3.8/site-packages/airflow/example_dags/example_task_group_decorator.py
[2021-09-20 02:07:19,824] {logging_mixin.py:109} INFO - [2021-09-20 02:07:19,824] {dag.py:1834} INFO - Sync 1 DAGs
[2021-09-20 02:07:19,832] {logging_mixin.py:109} INFO - [2021-09-20 02:07:19,832] {dag.py:2287} INFO - Setting next_dagrun for example_task_group_decorator to 2021-09-18 00:00:00+00:00
[2021-09-20 02:07:19,855] {processor.py:170} INFO - Processing /home/wilson/Documentos/alura/datapipeline/env/lib/python3.8/site-packages/airflow/example_dags/example_task_group_decorator.py took 0.377 seconds
[2021-09-20 02:07:59,960] {processor.py:162} INFO - Started process (PID=25547) to work on /home/wilson/Documentos/alura/datapipeline/env/lib/python3.8/site-packages/airflow/example_dags/example_task_group_decorator.py
[2021-09-20 02:07:59,962] {processor.py:613} INFO - Processing file /home/wilson/Documentos/alura/datapipeline/env/lib/python3.8/site-packages/airflow/example_dags/example_task_group_decorator.py for tasks to queue
[2021-09-20 02:07:59,963] {logging_mixin.py:109} INFO - [2021-09-20 02:07:59,963] {dagbag.py:496} INFO - Filling up the DagBag from /home/wilson/Documentos/alura/datapipeline/env/lib/python3.8/site-packages/airflow/example_dags/example_task_group_decorator.py
[2021-09-20 02:07:59,988] {processor.py:623} INFO - DAG(s) dict_keys(['example_task_group_decorator']) retrieved from /home/wilson/Documentos/alura/datapipeline/env/lib/python3.8/site-packages/airflow/example_dags/example_task_group_decorator.py
[2021-09-20 02:08:00,283] {logging_mixin.py:109} INFO - [2021-09-20 02:08:00,283] {dag.py:1834} INFO - Sync 1 DAGs
[2021-09-20 02:08:00,296] {logging_mixin.py:109} INFO - [2021-09-20 02:08:00,296] {dag.py:2287} INFO - Setting next_dagrun for example_task_group_decorator to 2021-09-18 00:00:00+00:00
[2021-09-20 02:08:00,316] {processor.py:170} INFO - Processing /home/wilson/Documentos/alura/datapipeline/env/lib/python3.8/site-packages/airflow/example_dags/example_task_group_decorator.py took 0.359 seconds
[2021-09-20 02:08:35,128] {processor.py:162} INFO - Started process (PID=25696) to work on /home/wilson/Documentos/alura/datapipeline/env/lib/python3.8/site-packages/airflow/example_dags/example_task_group_decorator.py
[2021-09-20 02:08:35,130] {processor.py:613} INFO - Processing file /home/wilson/Documentos/alura/datapipeline/env/lib/python3.8/site-packages/airflow/example_dags/example_task_group_decorator.py for tasks to queue
[2021-09-20 02:08:35,131] {logging_mixin.py:109} INFO - [2021-09-20 02:08:35,131] {dagbag.py:496} INFO - Filling up the DagBag from /home/wilson/Documentos/alura/datapipeline/env/lib/python3.8/site-packages/airflow/example_dags/example_task_group_decorator.py
[2021-09-20 02:08:35,232] {processor.py:623} INFO - DAG(s) dict_keys(['example_task_group_decorator']) retrieved from /home/wilson/Documentos/alura/datapipeline/env/lib/python3.8/site-packages/airflow/example_dags/example_task_group_decorator.py
[2021-09-20 02:08:36,850] {logging_mixin.py:109} INFO - [2021-09-20 02:08:36,850] {dag.py:1834} INFO - Sync 1 DAGs
[2021-09-20 02:08:36,892] {logging_mixin.py:109} INFO - [2021-09-20 02:08:36,892] {dag.py:2287} INFO - Setting next_dagrun for example_task_group_decorator to 2021-09-18 00:00:00+00:00
[2021-09-20 02:08:36,968] {processor.py:170} INFO - Processing /home/wilson/Documentos/alura/datapipeline/env/lib/python3.8/site-packages/airflow/example_dags/example_task_group_decorator.py took 1.852 seconds
