[2021-09-20 01:59:53,117] {processor.py:162} INFO - Started process (PID=23676) to work on /home/wilson/Documentos/alura/datapipeline/env/lib/python3.8/site-packages/airflow/example_dags/example_branch_operator.py
[2021-09-20 01:59:53,118] {processor.py:613} INFO - Processing file /home/wilson/Documentos/alura/datapipeline/env/lib/python3.8/site-packages/airflow/example_dags/example_branch_operator.py for tasks to queue
[2021-09-20 01:59:53,119] {logging_mixin.py:109} INFO - [2021-09-20 01:59:53,119] {dagbag.py:496} INFO - Filling up the DagBag from /home/wilson/Documentos/alura/datapipeline/env/lib/python3.8/site-packages/airflow/example_dags/example_branch_operator.py
[2021-09-20 01:59:53,200] {processor.py:623} INFO - DAG(s) dict_keys(['example_branch_operator']) retrieved from /home/wilson/Documentos/alura/datapipeline/env/lib/python3.8/site-packages/airflow/example_dags/example_branch_operator.py
[2021-09-20 01:59:53,295] {logging_mixin.py:109} INFO - [2021-09-20 01:59:53,295] {dag.py:1834} INFO - Sync 1 DAGs
[2021-09-20 01:59:53,368] {logging_mixin.py:109} INFO - [2021-09-20 01:59:53,368] {dag.py:2287} INFO - Setting next_dagrun for example_branch_operator to 2021-09-18 00:00:00+00:00
[2021-09-20 01:59:53,423] {processor.py:170} INFO - Processing /home/wilson/Documentos/alura/datapipeline/env/lib/python3.8/site-packages/airflow/example_dags/example_branch_operator.py took 0.325 seconds
[2021-09-20 02:00:35,804] {processor.py:162} INFO - Started process (PID=23852) to work on /home/wilson/Documentos/alura/datapipeline/env/lib/python3.8/site-packages/airflow/example_dags/example_branch_operator.py
[2021-09-20 02:00:35,806] {processor.py:613} INFO - Processing file /home/wilson/Documentos/alura/datapipeline/env/lib/python3.8/site-packages/airflow/example_dags/example_branch_operator.py for tasks to queue
[2021-09-20 02:00:35,814] {logging_mixin.py:109} INFO - [2021-09-20 02:00:35,807] {dagbag.py:496} INFO - Filling up the DagBag from /home/wilson/Documentos/alura/datapipeline/env/lib/python3.8/site-packages/airflow/example_dags/example_branch_operator.py
[2021-09-20 02:00:35,865] {processor.py:623} INFO - DAG(s) dict_keys(['example_branch_operator']) retrieved from /home/wilson/Documentos/alura/datapipeline/env/lib/python3.8/site-packages/airflow/example_dags/example_branch_operator.py
[2021-09-20 02:00:35,936] {logging_mixin.py:109} INFO - [2021-09-20 02:00:35,936] {dag.py:1834} INFO - Sync 1 DAGs
[2021-09-20 02:00:36,008] {logging_mixin.py:109} INFO - [2021-09-20 02:00:36,008] {dag.py:2287} INFO - Setting next_dagrun for example_branch_operator to 2021-09-18 00:00:00+00:00
[2021-09-20 02:00:36,053] {processor.py:170} INFO - Processing /home/wilson/Documentos/alura/datapipeline/env/lib/python3.8/site-packages/airflow/example_dags/example_branch_operator.py took 0.257 seconds
[2021-09-20 02:01:13,722] {processor.py:162} INFO - Started process (PID=24005) to work on /home/wilson/Documentos/alura/datapipeline/env/lib/python3.8/site-packages/airflow/example_dags/example_branch_operator.py
[2021-09-20 02:01:13,730] {processor.py:613} INFO - Processing file /home/wilson/Documentos/alura/datapipeline/env/lib/python3.8/site-packages/airflow/example_dags/example_branch_operator.py for tasks to queue
[2021-09-20 02:01:13,730] {logging_mixin.py:109} INFO - [2021-09-20 02:01:13,730] {dagbag.py:496} INFO - Filling up the DagBag from /home/wilson/Documentos/alura/datapipeline/env/lib/python3.8/site-packages/airflow/example_dags/example_branch_operator.py
[2021-09-20 02:01:13,755] {processor.py:623} INFO - DAG(s) dict_keys(['example_branch_operator']) retrieved from /home/wilson/Documentos/alura/datapipeline/env/lib/python3.8/site-packages/airflow/example_dags/example_branch_operator.py
[2021-09-20 02:01:13,774] {logging_mixin.py:109} INFO - [2021-09-20 02:01:13,774] {dag.py:1834} INFO - Sync 1 DAGs
[2021-09-20 02:01:13,787] {logging_mixin.py:109} INFO - [2021-09-20 02:01:13,787] {dag.py:2287} INFO - Setting next_dagrun for example_branch_operator to 2021-09-18 00:00:00+00:00
[2021-09-20 02:01:13,802] {processor.py:170} INFO - Processing /home/wilson/Documentos/alura/datapipeline/env/lib/python3.8/site-packages/airflow/example_dags/example_branch_operator.py took 0.087 seconds
[2021-09-20 02:01:58,392] {processor.py:162} INFO - Started process (PID=24185) to work on /home/wilson/Documentos/alura/datapipeline/env/lib/python3.8/site-packages/airflow/example_dags/example_branch_operator.py
[2021-09-20 02:01:58,398] {processor.py:613} INFO - Processing file /home/wilson/Documentos/alura/datapipeline/env/lib/python3.8/site-packages/airflow/example_dags/example_branch_operator.py for tasks to queue
[2021-09-20 02:01:58,398] {logging_mixin.py:109} INFO - [2021-09-20 02:01:58,398] {dagbag.py:496} INFO - Filling up the DagBag from /home/wilson/Documentos/alura/datapipeline/env/lib/python3.8/site-packages/airflow/example_dags/example_branch_operator.py
[2021-09-20 02:01:58,459] {processor.py:623} INFO - DAG(s) dict_keys(['example_branch_operator']) retrieved from /home/wilson/Documentos/alura/datapipeline/env/lib/python3.8/site-packages/airflow/example_dags/example_branch_operator.py
[2021-09-20 02:01:58,556] {logging_mixin.py:109} INFO - [2021-09-20 02:01:58,556] {dag.py:1834} INFO - Sync 1 DAGs
[2021-09-20 02:01:58,608] {logging_mixin.py:109} INFO - [2021-09-20 02:01:58,608] {dag.py:2287} INFO - Setting next_dagrun for example_branch_operator to 2021-09-18 00:00:00+00:00
[2021-09-20 02:01:58,638] {processor.py:170} INFO - Processing /home/wilson/Documentos/alura/datapipeline/env/lib/python3.8/site-packages/airflow/example_dags/example_branch_operator.py took 0.260 seconds
[2021-09-20 02:02:46,839] {processor.py:162} INFO - Started process (PID=24375) to work on /home/wilson/Documentos/alura/datapipeline/env/lib/python3.8/site-packages/airflow/example_dags/example_branch_operator.py
[2021-09-20 02:02:46,841] {processor.py:613} INFO - Processing file /home/wilson/Documentos/alura/datapipeline/env/lib/python3.8/site-packages/airflow/example_dags/example_branch_operator.py for tasks to queue
[2021-09-20 02:02:46,842] {logging_mixin.py:109} INFO - [2021-09-20 02:02:46,842] {dagbag.py:496} INFO - Filling up the DagBag from /home/wilson/Documentos/alura/datapipeline/env/lib/python3.8/site-packages/airflow/example_dags/example_branch_operator.py
[2021-09-20 02:02:46,860] {processor.py:623} INFO - DAG(s) dict_keys(['example_branch_operator']) retrieved from /home/wilson/Documentos/alura/datapipeline/env/lib/python3.8/site-packages/airflow/example_dags/example_branch_operator.py
[2021-09-20 02:02:46,879] {logging_mixin.py:109} INFO - [2021-09-20 02:02:46,879] {dag.py:1834} INFO - Sync 1 DAGs
[2021-09-20 02:02:46,893] {logging_mixin.py:109} INFO - [2021-09-20 02:02:46,893] {dag.py:2287} INFO - Setting next_dagrun for example_branch_operator to 2021-09-18 00:00:00+00:00
[2021-09-20 02:02:46,910] {processor.py:170} INFO - Processing /home/wilson/Documentos/alura/datapipeline/env/lib/python3.8/site-packages/airflow/example_dags/example_branch_operator.py took 0.075 seconds
[2021-09-20 02:03:31,303] {processor.py:162} INFO - Started process (PID=24540) to work on /home/wilson/Documentos/alura/datapipeline/env/lib/python3.8/site-packages/airflow/example_dags/example_branch_operator.py
[2021-09-20 02:03:31,308] {processor.py:613} INFO - Processing file /home/wilson/Documentos/alura/datapipeline/env/lib/python3.8/site-packages/airflow/example_dags/example_branch_operator.py for tasks to queue
[2021-09-20 02:03:31,311] {logging_mixin.py:109} INFO - [2021-09-20 02:03:31,311] {dagbag.py:496} INFO - Filling up the DagBag from /home/wilson/Documentos/alura/datapipeline/env/lib/python3.8/site-packages/airflow/example_dags/example_branch_operator.py
[2021-09-20 02:03:31,375] {processor.py:623} INFO - DAG(s) dict_keys(['example_branch_operator']) retrieved from /home/wilson/Documentos/alura/datapipeline/env/lib/python3.8/site-packages/airflow/example_dags/example_branch_operator.py
[2021-09-20 02:03:31,449] {logging_mixin.py:109} INFO - [2021-09-20 02:03:31,449] {dag.py:1834} INFO - Sync 1 DAGs
[2021-09-20 02:03:31,494] {logging_mixin.py:109} INFO - [2021-09-20 02:03:31,494] {dag.py:2287} INFO - Setting next_dagrun for example_branch_operator to 2021-09-18 00:00:00+00:00
[2021-09-20 02:03:31,518] {processor.py:170} INFO - Processing /home/wilson/Documentos/alura/datapipeline/env/lib/python3.8/site-packages/airflow/example_dags/example_branch_operator.py took 0.226 seconds
[2021-09-20 02:04:26,027] {processor.py:162} INFO - Started process (PID=24747) to work on /home/wilson/Documentos/alura/datapipeline/env/lib/python3.8/site-packages/airflow/example_dags/example_branch_operator.py
[2021-09-20 02:04:26,042] {processor.py:613} INFO - Processing file /home/wilson/Documentos/alura/datapipeline/env/lib/python3.8/site-packages/airflow/example_dags/example_branch_operator.py for tasks to queue
[2021-09-20 02:04:26,043] {logging_mixin.py:109} INFO - [2021-09-20 02:04:26,042] {dagbag.py:496} INFO - Filling up the DagBag from /home/wilson/Documentos/alura/datapipeline/env/lib/python3.8/site-packages/airflow/example_dags/example_branch_operator.py
[2021-09-20 02:04:26,130] {processor.py:623} INFO - DAG(s) dict_keys(['example_branch_operator']) retrieved from /home/wilson/Documentos/alura/datapipeline/env/lib/python3.8/site-packages/airflow/example_dags/example_branch_operator.py
[2021-09-20 02:04:26,229] {logging_mixin.py:109} INFO - [2021-09-20 02:04:26,229] {dag.py:1834} INFO - Sync 1 DAGs
[2021-09-20 02:04:26,310] {logging_mixin.py:109} INFO - [2021-09-20 02:04:26,310] {dag.py:2287} INFO - Setting next_dagrun for example_branch_operator to 2021-09-18 00:00:00+00:00
[2021-09-20 02:04:26,375] {processor.py:170} INFO - Processing /home/wilson/Documentos/alura/datapipeline/env/lib/python3.8/site-packages/airflow/example_dags/example_branch_operator.py took 0.359 seconds
[2021-09-20 02:05:15,121] {processor.py:162} INFO - Started process (PID=24928) to work on /home/wilson/Documentos/alura/datapipeline/env/lib/python3.8/site-packages/airflow/example_dags/example_branch_operator.py
[2021-09-20 02:05:15,126] {processor.py:613} INFO - Processing file /home/wilson/Documentos/alura/datapipeline/env/lib/python3.8/site-packages/airflow/example_dags/example_branch_operator.py for tasks to queue
[2021-09-20 02:05:15,127] {logging_mixin.py:109} INFO - [2021-09-20 02:05:15,127] {dagbag.py:496} INFO - Filling up the DagBag from /home/wilson/Documentos/alura/datapipeline/env/lib/python3.8/site-packages/airflow/example_dags/example_branch_operator.py
[2021-09-20 02:05:15,170] {processor.py:623} INFO - DAG(s) dict_keys(['example_branch_operator']) retrieved from /home/wilson/Documentos/alura/datapipeline/env/lib/python3.8/site-packages/airflow/example_dags/example_branch_operator.py
[2021-09-20 02:05:15,220] {logging_mixin.py:109} INFO - [2021-09-20 02:05:15,220] {dag.py:1834} INFO - Sync 1 DAGs
[2021-09-20 02:05:15,263] {logging_mixin.py:109} INFO - [2021-09-20 02:05:15,263] {dag.py:2287} INFO - Setting next_dagrun for example_branch_operator to 2021-09-18 00:00:00+00:00
[2021-09-20 02:05:15,298] {processor.py:170} INFO - Processing /home/wilson/Documentos/alura/datapipeline/env/lib/python3.8/site-packages/airflow/example_dags/example_branch_operator.py took 0.186 seconds
[2021-09-20 02:06:00,207] {processor.py:162} INFO - Started process (PID=25081) to work on /home/wilson/Documentos/alura/datapipeline/env/lib/python3.8/site-packages/airflow/example_dags/example_branch_operator.py
[2021-09-20 02:06:00,210] {processor.py:613} INFO - Processing file /home/wilson/Documentos/alura/datapipeline/env/lib/python3.8/site-packages/airflow/example_dags/example_branch_operator.py for tasks to queue
[2021-09-20 02:06:00,211] {logging_mixin.py:109} INFO - [2021-09-20 02:06:00,211] {dagbag.py:496} INFO - Filling up the DagBag from /home/wilson/Documentos/alura/datapipeline/env/lib/python3.8/site-packages/airflow/example_dags/example_branch_operator.py
[2021-09-20 02:06:00,244] {processor.py:623} INFO - DAG(s) dict_keys(['example_branch_operator']) retrieved from /home/wilson/Documentos/alura/datapipeline/env/lib/python3.8/site-packages/airflow/example_dags/example_branch_operator.py
[2021-09-20 02:06:00,265] {logging_mixin.py:109} INFO - [2021-09-20 02:06:00,265] {dag.py:1834} INFO - Sync 1 DAGs
[2021-09-20 02:06:00,280] {logging_mixin.py:109} INFO - [2021-09-20 02:06:00,279] {dag.py:2287} INFO - Setting next_dagrun for example_branch_operator to 2021-09-18 00:00:00+00:00
[2021-09-20 02:06:00,298] {processor.py:170} INFO - Processing /home/wilson/Documentos/alura/datapipeline/env/lib/python3.8/site-packages/airflow/example_dags/example_branch_operator.py took 0.098 seconds
[2021-09-20 02:06:39,542] {processor.py:162} INFO - Started process (PID=25242) to work on /home/wilson/Documentos/alura/datapipeline/env/lib/python3.8/site-packages/airflow/example_dags/example_branch_operator.py
[2021-09-20 02:06:39,552] {processor.py:613} INFO - Processing file /home/wilson/Documentos/alura/datapipeline/env/lib/python3.8/site-packages/airflow/example_dags/example_branch_operator.py for tasks to queue
[2021-09-20 02:06:39,553] {logging_mixin.py:109} INFO - [2021-09-20 02:06:39,552] {dagbag.py:496} INFO - Filling up the DagBag from /home/wilson/Documentos/alura/datapipeline/env/lib/python3.8/site-packages/airflow/example_dags/example_branch_operator.py
[2021-09-20 02:06:39,589] {processor.py:623} INFO - DAG(s) dict_keys(['example_branch_operator']) retrieved from /home/wilson/Documentos/alura/datapipeline/env/lib/python3.8/site-packages/airflow/example_dags/example_branch_operator.py
[2021-09-20 02:06:39,639] {logging_mixin.py:109} INFO - [2021-09-20 02:06:39,639] {dag.py:1834} INFO - Sync 1 DAGs
[2021-09-20 02:06:39,686] {logging_mixin.py:109} INFO - [2021-09-20 02:06:39,686] {dag.py:2287} INFO - Setting next_dagrun for example_branch_operator to 2021-09-18 00:00:00+00:00
[2021-09-20 02:06:39,719] {processor.py:170} INFO - Processing /home/wilson/Documentos/alura/datapipeline/env/lib/python3.8/site-packages/airflow/example_dags/example_branch_operator.py took 0.182 seconds
[2021-09-20 02:07:42,102] {processor.py:162} INFO - Started process (PID=25472) to work on /home/wilson/Documentos/alura/datapipeline/env/lib/python3.8/site-packages/airflow/example_dags/example_branch_operator.py
[2021-09-20 02:07:42,107] {processor.py:613} INFO - Processing file /home/wilson/Documentos/alura/datapipeline/env/lib/python3.8/site-packages/airflow/example_dags/example_branch_operator.py for tasks to queue
[2021-09-20 02:07:42,107] {logging_mixin.py:109} INFO - [2021-09-20 02:07:42,107] {dagbag.py:496} INFO - Filling up the DagBag from /home/wilson/Documentos/alura/datapipeline/env/lib/python3.8/site-packages/airflow/example_dags/example_branch_operator.py
[2021-09-20 02:07:42,139] {processor.py:623} INFO - DAG(s) dict_keys(['example_branch_operator']) retrieved from /home/wilson/Documentos/alura/datapipeline/env/lib/python3.8/site-packages/airflow/example_dags/example_branch_operator.py
[2021-09-20 02:07:42,172] {logging_mixin.py:109} INFO - [2021-09-20 02:07:42,172] {dag.py:1834} INFO - Sync 1 DAGs
[2021-09-20 02:07:42,205] {logging_mixin.py:109} INFO - [2021-09-20 02:07:42,204] {dag.py:2287} INFO - Setting next_dagrun for example_branch_operator to 2021-09-18 00:00:00+00:00
[2021-09-20 02:07:42,230] {processor.py:170} INFO - Processing /home/wilson/Documentos/alura/datapipeline/env/lib/python3.8/site-packages/airflow/example_dags/example_branch_operator.py took 0.136 seconds
[2021-09-20 02:08:22,316] {processor.py:162} INFO - Started process (PID=25641) to work on /home/wilson/Documentos/alura/datapipeline/env/lib/python3.8/site-packages/airflow/example_dags/example_branch_operator.py
[2021-09-20 02:08:22,323] {processor.py:613} INFO - Processing file /home/wilson/Documentos/alura/datapipeline/env/lib/python3.8/site-packages/airflow/example_dags/example_branch_operator.py for tasks to queue
[2021-09-20 02:08:22,324] {logging_mixin.py:109} INFO - [2021-09-20 02:08:22,324] {dagbag.py:496} INFO - Filling up the DagBag from /home/wilson/Documentos/alura/datapipeline/env/lib/python3.8/site-packages/airflow/example_dags/example_branch_operator.py
[2021-09-20 02:08:22,370] {processor.py:623} INFO - DAG(s) dict_keys(['example_branch_operator']) retrieved from /home/wilson/Documentos/alura/datapipeline/env/lib/python3.8/site-packages/airflow/example_dags/example_branch_operator.py
[2021-09-20 02:08:22,402] {logging_mixin.py:109} INFO - [2021-09-20 02:08:22,401] {dag.py:1834} INFO - Sync 1 DAGs
[2021-09-20 02:08:22,420] {logging_mixin.py:109} INFO - [2021-09-20 02:08:22,420] {dag.py:2287} INFO - Setting next_dagrun for example_branch_operator to 2021-09-18 00:00:00+00:00
[2021-09-20 02:08:22,441] {processor.py:170} INFO - Processing /home/wilson/Documentos/alura/datapipeline/env/lib/python3.8/site-packages/airflow/example_dags/example_branch_operator.py took 0.139 seconds
