[2021-09-20 01:59:49,130] {processor.py:162} INFO - Started process (PID=23659) to work on /home/wilson/Documentos/alura/datapipeline/env/lib/python3.8/site-packages/airflow/example_dags/example_subdag_operator.py
[2021-09-20 01:59:49,132] {processor.py:613} INFO - Processing file /home/wilson/Documentos/alura/datapipeline/env/lib/python3.8/site-packages/airflow/example_dags/example_subdag_operator.py for tasks to queue
[2021-09-20 01:59:49,139] {logging_mixin.py:109} INFO - [2021-09-20 01:59:49,132] {dagbag.py:496} INFO - Filling up the DagBag from /home/wilson/Documentos/alura/datapipeline/env/lib/python3.8/site-packages/airflow/example_dags/example_subdag_operator.py
[2021-09-20 01:59:49,248] {processor.py:623} INFO - DAG(s) dict_keys(['example_subdag_operator.section-1', 'example_subdag_operator.section-2', 'example_subdag_operator']) retrieved from /home/wilson/Documentos/alura/datapipeline/env/lib/python3.8/site-packages/airflow/example_dags/example_subdag_operator.py
[2021-09-20 01:59:49,284] {logging_mixin.py:109} INFO - [2021-09-20 01:59:49,284] {dag.py:1834} INFO - Sync 3 DAGs
[2021-09-20 01:59:49,356] {logging_mixin.py:109} INFO - [2021-09-20 01:59:49,356] {dag.py:2287} INFO - Setting next_dagrun for example_subdag_operator to 2021-09-18 00:00:00+00:00
[2021-09-20 01:59:49,357] {logging_mixin.py:109} INFO - [2021-09-20 01:59:49,357] {dag.py:2287} INFO - Setting next_dagrun for example_subdag_operator.section-1 to None
[2021-09-20 01:59:49,357] {logging_mixin.py:109} INFO - [2021-09-20 01:59:49,357] {dag.py:2287} INFO - Setting next_dagrun for example_subdag_operator.section-2 to None
[2021-09-20 01:59:49,401] {logging_mixin.py:109} INFO - [2021-09-20 01:59:49,401] {dag.py:1834} INFO - Sync 2 DAGs
[2021-09-20 01:59:49,425] {logging_mixin.py:109} INFO - [2021-09-20 01:59:49,421] {dag.py:2287} INFO - Setting next_dagrun for example_subdag_operator.section-1 to None
[2021-09-20 01:59:49,426] {logging_mixin.py:109} INFO - [2021-09-20 01:59:49,426] {dag.py:2287} INFO - Setting next_dagrun for example_subdag_operator.section-2 to None
[2021-09-20 01:59:49,448] {processor.py:170} INFO - Processing /home/wilson/Documentos/alura/datapipeline/env/lib/python3.8/site-packages/airflow/example_dags/example_subdag_operator.py took 0.338 seconds
[2021-09-20 02:00:31,883] {processor.py:162} INFO - Started process (PID=23837) to work on /home/wilson/Documentos/alura/datapipeline/env/lib/python3.8/site-packages/airflow/example_dags/example_subdag_operator.py
[2021-09-20 02:00:31,886] {processor.py:613} INFO - Processing file /home/wilson/Documentos/alura/datapipeline/env/lib/python3.8/site-packages/airflow/example_dags/example_subdag_operator.py for tasks to queue
[2021-09-20 02:00:31,893] {logging_mixin.py:109} INFO - [2021-09-20 02:00:31,888] {dagbag.py:496} INFO - Filling up the DagBag from /home/wilson/Documentos/alura/datapipeline/env/lib/python3.8/site-packages/airflow/example_dags/example_subdag_operator.py
[2021-09-20 02:00:31,932] {processor.py:623} INFO - DAG(s) dict_keys(['example_subdag_operator.section-1', 'example_subdag_operator.section-2', 'example_subdag_operator']) retrieved from /home/wilson/Documentos/alura/datapipeline/env/lib/python3.8/site-packages/airflow/example_dags/example_subdag_operator.py
[2021-09-20 02:00:31,952] {logging_mixin.py:109} INFO - [2021-09-20 02:00:31,952] {dag.py:1834} INFO - Sync 3 DAGs
[2021-09-20 02:00:31,974] {logging_mixin.py:109} INFO - [2021-09-20 02:00:31,974] {dag.py:2287} INFO - Setting next_dagrun for example_subdag_operator to 2021-09-18 00:00:00+00:00
[2021-09-20 02:00:31,975] {logging_mixin.py:109} INFO - [2021-09-20 02:00:31,975] {dag.py:2287} INFO - Setting next_dagrun for example_subdag_operator.section-1 to None
[2021-09-20 02:00:31,975] {logging_mixin.py:109} INFO - [2021-09-20 02:00:31,975] {dag.py:2287} INFO - Setting next_dagrun for example_subdag_operator.section-2 to None
[2021-09-20 02:00:31,994] {logging_mixin.py:109} INFO - [2021-09-20 02:00:31,991] {dag.py:1834} INFO - Sync 2 DAGs
[2021-09-20 02:00:32,015] {logging_mixin.py:109} INFO - [2021-09-20 02:00:32,015] {dag.py:2287} INFO - Setting next_dagrun for example_subdag_operator.section-1 to None
[2021-09-20 02:00:32,016] {logging_mixin.py:109} INFO - [2021-09-20 02:00:32,015] {dag.py:2287} INFO - Setting next_dagrun for example_subdag_operator.section-2 to None
[2021-09-20 02:00:32,058] {processor.py:170} INFO - Processing /home/wilson/Documentos/alura/datapipeline/env/lib/python3.8/site-packages/airflow/example_dags/example_subdag_operator.py took 0.179 seconds
[2021-09-20 02:01:10,006] {processor.py:162} INFO - Started process (PID=23989) to work on /home/wilson/Documentos/alura/datapipeline/env/lib/python3.8/site-packages/airflow/example_dags/example_subdag_operator.py
[2021-09-20 02:01:10,012] {processor.py:613} INFO - Processing file /home/wilson/Documentos/alura/datapipeline/env/lib/python3.8/site-packages/airflow/example_dags/example_subdag_operator.py for tasks to queue
[2021-09-20 02:01:10,016] {logging_mixin.py:109} INFO - [2021-09-20 02:01:10,016] {dagbag.py:496} INFO - Filling up the DagBag from /home/wilson/Documentos/alura/datapipeline/env/lib/python3.8/site-packages/airflow/example_dags/example_subdag_operator.py
[2021-09-20 02:01:10,076] {processor.py:623} INFO - DAG(s) dict_keys(['example_subdag_operator.section-1', 'example_subdag_operator.section-2', 'example_subdag_operator']) retrieved from /home/wilson/Documentos/alura/datapipeline/env/lib/python3.8/site-packages/airflow/example_dags/example_subdag_operator.py
[2021-09-20 02:01:10,102] {logging_mixin.py:109} INFO - [2021-09-20 02:01:10,102] {dag.py:1834} INFO - Sync 3 DAGs
[2021-09-20 02:01:10,131] {logging_mixin.py:109} INFO - [2021-09-20 02:01:10,131] {dag.py:2287} INFO - Setting next_dagrun for example_subdag_operator to 2021-09-18 00:00:00+00:00
[2021-09-20 02:01:10,132] {logging_mixin.py:109} INFO - [2021-09-20 02:01:10,132] {dag.py:2287} INFO - Setting next_dagrun for example_subdag_operator.section-1 to None
[2021-09-20 02:01:10,132] {logging_mixin.py:109} INFO - [2021-09-20 02:01:10,132] {dag.py:2287} INFO - Setting next_dagrun for example_subdag_operator.section-2 to None
[2021-09-20 02:01:10,154] {logging_mixin.py:109} INFO - [2021-09-20 02:01:10,154] {dag.py:1834} INFO - Sync 2 DAGs
[2021-09-20 02:01:10,164] {logging_mixin.py:109} INFO - [2021-09-20 02:01:10,164] {dag.py:2287} INFO - Setting next_dagrun for example_subdag_operator.section-1 to None
[2021-09-20 02:01:10,164] {logging_mixin.py:109} INFO - [2021-09-20 02:01:10,164] {dag.py:2287} INFO - Setting next_dagrun for example_subdag_operator.section-2 to None
[2021-09-20 02:01:10,187] {processor.py:170} INFO - Processing /home/wilson/Documentos/alura/datapipeline/env/lib/python3.8/site-packages/airflow/example_dags/example_subdag_operator.py took 0.191 seconds
[2021-09-20 02:01:49,387] {processor.py:162} INFO - Started process (PID=24151) to work on /home/wilson/Documentos/alura/datapipeline/env/lib/python3.8/site-packages/airflow/example_dags/example_subdag_operator.py
[2021-09-20 02:01:49,391] {processor.py:613} INFO - Processing file /home/wilson/Documentos/alura/datapipeline/env/lib/python3.8/site-packages/airflow/example_dags/example_subdag_operator.py for tasks to queue
[2021-09-20 02:01:49,391] {logging_mixin.py:109} INFO - [2021-09-20 02:01:49,391] {dagbag.py:496} INFO - Filling up the DagBag from /home/wilson/Documentos/alura/datapipeline/env/lib/python3.8/site-packages/airflow/example_dags/example_subdag_operator.py
[2021-09-20 02:01:49,433] {processor.py:623} INFO - DAG(s) dict_keys(['example_subdag_operator.section-1', 'example_subdag_operator.section-2', 'example_subdag_operator']) retrieved from /home/wilson/Documentos/alura/datapipeline/env/lib/python3.8/site-packages/airflow/example_dags/example_subdag_operator.py
[2021-09-20 02:01:49,454] {logging_mixin.py:109} INFO - [2021-09-20 02:01:49,453] {dag.py:1834} INFO - Sync 3 DAGs
[2021-09-20 02:01:49,493] {logging_mixin.py:109} INFO - [2021-09-20 02:01:49,493] {dag.py:2287} INFO - Setting next_dagrun for example_subdag_operator to 2021-09-18 00:00:00+00:00
[2021-09-20 02:01:49,496] {logging_mixin.py:109} INFO - [2021-09-20 02:01:49,496] {dag.py:2287} INFO - Setting next_dagrun for example_subdag_operator.section-1 to None
[2021-09-20 02:01:49,496] {logging_mixin.py:109} INFO - [2021-09-20 02:01:49,496] {dag.py:2287} INFO - Setting next_dagrun for example_subdag_operator.section-2 to None
[2021-09-20 02:01:49,519] {logging_mixin.py:109} INFO - [2021-09-20 02:01:49,519] {dag.py:1834} INFO - Sync 2 DAGs
[2021-09-20 02:01:49,533] {logging_mixin.py:109} INFO - [2021-09-20 02:01:49,532] {dag.py:2287} INFO - Setting next_dagrun for example_subdag_operator.section-1 to None
[2021-09-20 02:01:49,537] {logging_mixin.py:109} INFO - [2021-09-20 02:01:49,537] {dag.py:2287} INFO - Setting next_dagrun for example_subdag_operator.section-2 to None
[2021-09-20 02:01:49,571] {processor.py:170} INFO - Processing /home/wilson/Documentos/alura/datapipeline/env/lib/python3.8/site-packages/airflow/example_dags/example_subdag_operator.py took 0.193 seconds
[2021-09-20 02:02:44,077] {processor.py:162} INFO - Started process (PID=24363) to work on /home/wilson/Documentos/alura/datapipeline/env/lib/python3.8/site-packages/airflow/example_dags/example_subdag_operator.py
[2021-09-20 02:02:44,079] {processor.py:613} INFO - Processing file /home/wilson/Documentos/alura/datapipeline/env/lib/python3.8/site-packages/airflow/example_dags/example_subdag_operator.py for tasks to queue
[2021-09-20 02:02:44,080] {logging_mixin.py:109} INFO - [2021-09-20 02:02:44,080] {dagbag.py:496} INFO - Filling up the DagBag from /home/wilson/Documentos/alura/datapipeline/env/lib/python3.8/site-packages/airflow/example_dags/example_subdag_operator.py
[2021-09-20 02:02:44,107] {processor.py:623} INFO - DAG(s) dict_keys(['example_subdag_operator.section-1', 'example_subdag_operator.section-2', 'example_subdag_operator']) retrieved from /home/wilson/Documentos/alura/datapipeline/env/lib/python3.8/site-packages/airflow/example_dags/example_subdag_operator.py
[2021-09-20 02:02:44,121] {logging_mixin.py:109} INFO - [2021-09-20 02:02:44,121] {dag.py:1834} INFO - Sync 3 DAGs
[2021-09-20 02:02:44,133] {logging_mixin.py:109} INFO - [2021-09-20 02:02:44,133] {dag.py:2287} INFO - Setting next_dagrun for example_subdag_operator to 2021-09-18 00:00:00+00:00
[2021-09-20 02:02:44,134] {logging_mixin.py:109} INFO - [2021-09-20 02:02:44,134] {dag.py:2287} INFO - Setting next_dagrun for example_subdag_operator.section-1 to None
[2021-09-20 02:02:44,134] {logging_mixin.py:109} INFO - [2021-09-20 02:02:44,134] {dag.py:2287} INFO - Setting next_dagrun for example_subdag_operator.section-2 to None
[2021-09-20 02:02:44,146] {logging_mixin.py:109} INFO - [2021-09-20 02:02:44,145] {dag.py:1834} INFO - Sync 2 DAGs
[2021-09-20 02:02:44,151] {logging_mixin.py:109} INFO - [2021-09-20 02:02:44,151] {dag.py:2287} INFO - Setting next_dagrun for example_subdag_operator.section-1 to None
[2021-09-20 02:02:44,151] {logging_mixin.py:109} INFO - [2021-09-20 02:02:44,151] {dag.py:2287} INFO - Setting next_dagrun for example_subdag_operator.section-2 to None
[2021-09-20 02:02:44,163] {processor.py:170} INFO - Processing /home/wilson/Documentos/alura/datapipeline/env/lib/python3.8/site-packages/airflow/example_dags/example_subdag_operator.py took 0.090 seconds
[2021-09-20 02:03:27,619] {processor.py:162} INFO - Started process (PID=24527) to work on /home/wilson/Documentos/alura/datapipeline/env/lib/python3.8/site-packages/airflow/example_dags/example_subdag_operator.py
[2021-09-20 02:03:27,621] {processor.py:613} INFO - Processing file /home/wilson/Documentos/alura/datapipeline/env/lib/python3.8/site-packages/airflow/example_dags/example_subdag_operator.py for tasks to queue
[2021-09-20 02:03:27,622] {logging_mixin.py:109} INFO - [2021-09-20 02:03:27,622] {dagbag.py:496} INFO - Filling up the DagBag from /home/wilson/Documentos/alura/datapipeline/env/lib/python3.8/site-packages/airflow/example_dags/example_subdag_operator.py
[2021-09-20 02:03:27,654] {processor.py:623} INFO - DAG(s) dict_keys(['example_subdag_operator.section-1', 'example_subdag_operator.section-2', 'example_subdag_operator']) retrieved from /home/wilson/Documentos/alura/datapipeline/env/lib/python3.8/site-packages/airflow/example_dags/example_subdag_operator.py
[2021-09-20 02:03:27,669] {logging_mixin.py:109} INFO - [2021-09-20 02:03:27,669] {dag.py:1834} INFO - Sync 3 DAGs
[2021-09-20 02:03:27,681] {logging_mixin.py:109} INFO - [2021-09-20 02:03:27,680] {dag.py:2287} INFO - Setting next_dagrun for example_subdag_operator to 2021-09-18 00:00:00+00:00
[2021-09-20 02:03:27,684] {logging_mixin.py:109} INFO - [2021-09-20 02:03:27,684] {dag.py:2287} INFO - Setting next_dagrun for example_subdag_operator.section-1 to None
[2021-09-20 02:03:27,685] {logging_mixin.py:109} INFO - [2021-09-20 02:03:27,685] {dag.py:2287} INFO - Setting next_dagrun for example_subdag_operator.section-2 to None
[2021-09-20 02:03:27,697] {logging_mixin.py:109} INFO - [2021-09-20 02:03:27,696] {dag.py:1834} INFO - Sync 2 DAGs
[2021-09-20 02:03:27,702] {logging_mixin.py:109} INFO - [2021-09-20 02:03:27,702] {dag.py:2287} INFO - Setting next_dagrun for example_subdag_operator.section-1 to None
[2021-09-20 02:03:27,702] {logging_mixin.py:109} INFO - [2021-09-20 02:03:27,702] {dag.py:2287} INFO - Setting next_dagrun for example_subdag_operator.section-2 to None
[2021-09-20 02:03:27,717] {processor.py:170} INFO - Processing /home/wilson/Documentos/alura/datapipeline/env/lib/python3.8/site-packages/airflow/example_dags/example_subdag_operator.py took 0.104 seconds
[2021-09-20 02:04:08,454] {processor.py:162} INFO - Started process (PID=24675) to work on /home/wilson/Documentos/alura/datapipeline/env/lib/python3.8/site-packages/airflow/example_dags/example_subdag_operator.py
[2021-09-20 02:04:08,457] {processor.py:613} INFO - Processing file /home/wilson/Documentos/alura/datapipeline/env/lib/python3.8/site-packages/airflow/example_dags/example_subdag_operator.py for tasks to queue
[2021-09-20 02:04:08,464] {logging_mixin.py:109} INFO - [2021-09-20 02:04:08,464] {dagbag.py:496} INFO - Filling up the DagBag from /home/wilson/Documentos/alura/datapipeline/env/lib/python3.8/site-packages/airflow/example_dags/example_subdag_operator.py
[2021-09-20 02:04:08,563] {processor.py:623} INFO - DAG(s) dict_keys(['example_subdag_operator.section-1', 'example_subdag_operator.section-2', 'example_subdag_operator']) retrieved from /home/wilson/Documentos/alura/datapipeline/env/lib/python3.8/site-packages/airflow/example_dags/example_subdag_operator.py
[2021-09-20 02:04:08,604] {logging_mixin.py:109} INFO - [2021-09-20 02:04:08,604] {dag.py:1834} INFO - Sync 3 DAGs
[2021-09-20 02:04:08,632] {logging_mixin.py:109} INFO - [2021-09-20 02:04:08,632] {dag.py:2287} INFO - Setting next_dagrun for example_subdag_operator to 2021-09-18 00:00:00+00:00
[2021-09-20 02:04:08,637] {logging_mixin.py:109} INFO - [2021-09-20 02:04:08,637] {dag.py:2287} INFO - Setting next_dagrun for example_subdag_operator.section-1 to None
[2021-09-20 02:04:08,637] {logging_mixin.py:109} INFO - [2021-09-20 02:04:08,637] {dag.py:2287} INFO - Setting next_dagrun for example_subdag_operator.section-2 to None
[2021-09-20 02:04:08,658] {logging_mixin.py:109} INFO - [2021-09-20 02:04:08,658] {dag.py:1834} INFO - Sync 2 DAGs
[2021-09-20 02:04:08,668] {logging_mixin.py:109} INFO - [2021-09-20 02:04:08,668] {dag.py:2287} INFO - Setting next_dagrun for example_subdag_operator.section-1 to None
[2021-09-20 02:04:08,668] {logging_mixin.py:109} INFO - [2021-09-20 02:04:08,668] {dag.py:2287} INFO - Setting next_dagrun for example_subdag_operator.section-2 to None
[2021-09-20 02:04:08,688] {processor.py:170} INFO - Processing /home/wilson/Documentos/alura/datapipeline/env/lib/python3.8/site-packages/airflow/example_dags/example_subdag_operator.py took 0.248 seconds
[2021-09-20 02:04:48,760] {processor.py:162} INFO - Started process (PID=24835) to work on /home/wilson/Documentos/alura/datapipeline/env/lib/python3.8/site-packages/airflow/example_dags/example_subdag_operator.py
[2021-09-20 02:04:48,762] {processor.py:613} INFO - Processing file /home/wilson/Documentos/alura/datapipeline/env/lib/python3.8/site-packages/airflow/example_dags/example_subdag_operator.py for tasks to queue
[2021-09-20 02:04:48,763] {logging_mixin.py:109} INFO - [2021-09-20 02:04:48,763] {dagbag.py:496} INFO - Filling up the DagBag from /home/wilson/Documentos/alura/datapipeline/env/lib/python3.8/site-packages/airflow/example_dags/example_subdag_operator.py
[2021-09-20 02:04:48,797] {processor.py:623} INFO - DAG(s) dict_keys(['example_subdag_operator.section-1', 'example_subdag_operator.section-2', 'example_subdag_operator']) retrieved from /home/wilson/Documentos/alura/datapipeline/env/lib/python3.8/site-packages/airflow/example_dags/example_subdag_operator.py
[2021-09-20 02:04:48,808] {logging_mixin.py:109} INFO - [2021-09-20 02:04:48,808] {dag.py:1834} INFO - Sync 3 DAGs
[2021-09-20 02:04:48,823] {logging_mixin.py:109} INFO - [2021-09-20 02:04:48,823] {dag.py:2287} INFO - Setting next_dagrun for example_subdag_operator to 2021-09-18 00:00:00+00:00
[2021-09-20 02:04:48,824] {logging_mixin.py:109} INFO - [2021-09-20 02:04:48,824] {dag.py:2287} INFO - Setting next_dagrun for example_subdag_operator.section-1 to None
[2021-09-20 02:04:48,824] {logging_mixin.py:109} INFO - [2021-09-20 02:04:48,824] {dag.py:2287} INFO - Setting next_dagrun for example_subdag_operator.section-2 to None
[2021-09-20 02:04:48,837] {logging_mixin.py:109} INFO - [2021-09-20 02:04:48,836] {dag.py:1834} INFO - Sync 2 DAGs
[2021-09-20 02:04:48,842] {logging_mixin.py:109} INFO - [2021-09-20 02:04:48,842] {dag.py:2287} INFO - Setting next_dagrun for example_subdag_operator.section-1 to None
[2021-09-20 02:04:48,842] {logging_mixin.py:109} INFO - [2021-09-20 02:04:48,842] {dag.py:2287} INFO - Setting next_dagrun for example_subdag_operator.section-2 to None
[2021-09-20 02:04:48,856] {processor.py:170} INFO - Processing /home/wilson/Documentos/alura/datapipeline/env/lib/python3.8/site-packages/airflow/example_dags/example_subdag_operator.py took 0.102 seconds
[2021-09-20 02:05:27,523] {processor.py:162} INFO - Started process (PID=24966) to work on /home/wilson/Documentos/alura/datapipeline/env/lib/python3.8/site-packages/airflow/example_dags/example_subdag_operator.py
[2021-09-20 02:05:27,533] {processor.py:613} INFO - Processing file /home/wilson/Documentos/alura/datapipeline/env/lib/python3.8/site-packages/airflow/example_dags/example_subdag_operator.py for tasks to queue
[2021-09-20 02:05:27,534] {logging_mixin.py:109} INFO - [2021-09-20 02:05:27,534] {dagbag.py:496} INFO - Filling up the DagBag from /home/wilson/Documentos/alura/datapipeline/env/lib/python3.8/site-packages/airflow/example_dags/example_subdag_operator.py
[2021-09-20 02:05:27,808] {processor.py:623} INFO - DAG(s) dict_keys(['example_subdag_operator.section-1', 'example_subdag_operator.section-2', 'example_subdag_operator']) retrieved from /home/wilson/Documentos/alura/datapipeline/env/lib/python3.8/site-packages/airflow/example_dags/example_subdag_operator.py
[2021-09-20 02:05:27,865] {logging_mixin.py:109} INFO - [2021-09-20 02:05:27,865] {dag.py:1834} INFO - Sync 3 DAGs
[2021-09-20 02:05:27,935] {logging_mixin.py:109} INFO - [2021-09-20 02:05:27,935] {dag.py:2287} INFO - Setting next_dagrun for example_subdag_operator to 2021-09-18 00:00:00+00:00
[2021-09-20 02:05:27,936] {logging_mixin.py:109} INFO - [2021-09-20 02:05:27,936] {dag.py:2287} INFO - Setting next_dagrun for example_subdag_operator.section-1 to None
[2021-09-20 02:05:27,937] {logging_mixin.py:109} INFO - [2021-09-20 02:05:27,936] {dag.py:2287} INFO - Setting next_dagrun for example_subdag_operator.section-2 to None
[2021-09-20 02:05:28,002] {logging_mixin.py:109} INFO - [2021-09-20 02:05:28,001] {dag.py:1834} INFO - Sync 2 DAGs
[2021-09-20 02:05:28,024] {logging_mixin.py:109} INFO - [2021-09-20 02:05:28,024] {dag.py:2287} INFO - Setting next_dagrun for example_subdag_operator.section-1 to None
[2021-09-20 02:05:28,024] {logging_mixin.py:109} INFO - [2021-09-20 02:05:28,024] {dag.py:2287} INFO - Setting next_dagrun for example_subdag_operator.section-2 to None
[2021-09-20 02:05:28,063] {processor.py:170} INFO - Processing /home/wilson/Documentos/alura/datapipeline/env/lib/python3.8/site-packages/airflow/example_dags/example_subdag_operator.py took 0.559 seconds
[2021-09-20 02:06:07,984] {processor.py:162} INFO - Started process (PID=25116) to work on /home/wilson/Documentos/alura/datapipeline/env/lib/python3.8/site-packages/airflow/example_dags/example_subdag_operator.py
[2021-09-20 02:06:07,990] {processor.py:613} INFO - Processing file /home/wilson/Documentos/alura/datapipeline/env/lib/python3.8/site-packages/airflow/example_dags/example_subdag_operator.py for tasks to queue
[2021-09-20 02:06:07,991] {logging_mixin.py:109} INFO - [2021-09-20 02:06:07,991] {dagbag.py:496} INFO - Filling up the DagBag from /home/wilson/Documentos/alura/datapipeline/env/lib/python3.8/site-packages/airflow/example_dags/example_subdag_operator.py
[2021-09-20 02:06:08,043] {processor.py:623} INFO - DAG(s) dict_keys(['example_subdag_operator.section-1', 'example_subdag_operator.section-2', 'example_subdag_operator']) retrieved from /home/wilson/Documentos/alura/datapipeline/env/lib/python3.8/site-packages/airflow/example_dags/example_subdag_operator.py
[2021-09-20 02:06:08,058] {logging_mixin.py:109} INFO - [2021-09-20 02:06:08,058] {dag.py:1834} INFO - Sync 3 DAGs
[2021-09-20 02:06:08,068] {logging_mixin.py:109} INFO - [2021-09-20 02:06:08,068] {dag.py:2287} INFO - Setting next_dagrun for example_subdag_operator to 2021-09-18 00:00:00+00:00
[2021-09-20 02:06:08,070] {logging_mixin.py:109} INFO - [2021-09-20 02:06:08,069] {dag.py:2287} INFO - Setting next_dagrun for example_subdag_operator.section-1 to None
[2021-09-20 02:06:08,070] {logging_mixin.py:109} INFO - [2021-09-20 02:06:08,070] {dag.py:2287} INFO - Setting next_dagrun for example_subdag_operator.section-2 to None
[2021-09-20 02:06:08,090] {logging_mixin.py:109} INFO - [2021-09-20 02:06:08,090] {dag.py:1834} INFO - Sync 2 DAGs
[2021-09-20 02:06:08,096] {logging_mixin.py:109} INFO - [2021-09-20 02:06:08,096] {dag.py:2287} INFO - Setting next_dagrun for example_subdag_operator.section-1 to None
[2021-09-20 02:06:08,096] {logging_mixin.py:109} INFO - [2021-09-20 02:06:08,096] {dag.py:2287} INFO - Setting next_dagrun for example_subdag_operator.section-2 to None
[2021-09-20 02:06:08,111] {processor.py:170} INFO - Processing /home/wilson/Documentos/alura/datapipeline/env/lib/python3.8/site-packages/airflow/example_dags/example_subdag_operator.py took 0.141 seconds
[2021-09-20 02:06:53,295] {processor.py:162} INFO - Started process (PID=25282) to work on /home/wilson/Documentos/alura/datapipeline/env/lib/python3.8/site-packages/airflow/example_dags/example_subdag_operator.py
[2021-09-20 02:06:53,319] {processor.py:613} INFO - Processing file /home/wilson/Documentos/alura/datapipeline/env/lib/python3.8/site-packages/airflow/example_dags/example_subdag_operator.py for tasks to queue
[2021-09-20 02:06:53,320] {logging_mixin.py:109} INFO - [2021-09-20 02:06:53,320] {dagbag.py:496} INFO - Filling up the DagBag from /home/wilson/Documentos/alura/datapipeline/env/lib/python3.8/site-packages/airflow/example_dags/example_subdag_operator.py
[2021-09-20 02:06:53,482] {processor.py:623} INFO - DAG(s) dict_keys(['example_subdag_operator.section-1', 'example_subdag_operator.section-2', 'example_subdag_operator']) retrieved from /home/wilson/Documentos/alura/datapipeline/env/lib/python3.8/site-packages/airflow/example_dags/example_subdag_operator.py
[2021-09-20 02:06:53,524] {logging_mixin.py:109} INFO - [2021-09-20 02:06:53,524] {dag.py:1834} INFO - Sync 3 DAGs
[2021-09-20 02:06:53,569] {logging_mixin.py:109} INFO - [2021-09-20 02:06:53,569] {dag.py:2287} INFO - Setting next_dagrun for example_subdag_operator to 2021-09-18 00:00:00+00:00
[2021-09-20 02:06:53,570] {logging_mixin.py:109} INFO - [2021-09-20 02:06:53,570] {dag.py:2287} INFO - Setting next_dagrun for example_subdag_operator.section-1 to None
[2021-09-20 02:06:53,570] {logging_mixin.py:109} INFO - [2021-09-20 02:06:53,570] {dag.py:2287} INFO - Setting next_dagrun for example_subdag_operator.section-2 to None
[2021-09-20 02:06:53,615] {logging_mixin.py:109} INFO - [2021-09-20 02:06:53,612] {dag.py:1834} INFO - Sync 2 DAGs
[2021-09-20 02:06:53,643] {logging_mixin.py:109} INFO - [2021-09-20 02:06:53,643] {dag.py:2287} INFO - Setting next_dagrun for example_subdag_operator.section-1 to None
[2021-09-20 02:06:53,643] {logging_mixin.py:109} INFO - [2021-09-20 02:06:53,643] {dag.py:2287} INFO - Setting next_dagrun for example_subdag_operator.section-2 to None
[2021-09-20 02:06:53,677] {processor.py:170} INFO - Processing /home/wilson/Documentos/alura/datapipeline/env/lib/python3.8/site-packages/airflow/example_dags/example_subdag_operator.py took 0.393 seconds
[2021-09-20 02:07:40,652] {processor.py:162} INFO - Started process (PID=25466) to work on /home/wilson/Documentos/alura/datapipeline/env/lib/python3.8/site-packages/airflow/example_dags/example_subdag_operator.py
[2021-09-20 02:07:40,657] {processor.py:613} INFO - Processing file /home/wilson/Documentos/alura/datapipeline/env/lib/python3.8/site-packages/airflow/example_dags/example_subdag_operator.py for tasks to queue
[2021-09-20 02:07:40,658] {logging_mixin.py:109} INFO - [2021-09-20 02:07:40,658] {dagbag.py:496} INFO - Filling up the DagBag from /home/wilson/Documentos/alura/datapipeline/env/lib/python3.8/site-packages/airflow/example_dags/example_subdag_operator.py
[2021-09-20 02:07:40,744] {processor.py:623} INFO - DAG(s) dict_keys(['example_subdag_operator.section-1', 'example_subdag_operator.section-2', 'example_subdag_operator']) retrieved from /home/wilson/Documentos/alura/datapipeline/env/lib/python3.8/site-packages/airflow/example_dags/example_subdag_operator.py
[2021-09-20 02:07:40,794] {logging_mixin.py:109} INFO - [2021-09-20 02:07:40,794] {dag.py:1834} INFO - Sync 3 DAGs
[2021-09-20 02:07:40,828] {logging_mixin.py:109} INFO - [2021-09-20 02:07:40,828] {dag.py:2287} INFO - Setting next_dagrun for example_subdag_operator to 2021-09-18 00:00:00+00:00
[2021-09-20 02:07:40,837] {logging_mixin.py:109} INFO - [2021-09-20 02:07:40,837] {dag.py:2287} INFO - Setting next_dagrun for example_subdag_operator.section-1 to None
[2021-09-20 02:07:40,838] {logging_mixin.py:109} INFO - [2021-09-20 02:07:40,837] {dag.py:2287} INFO - Setting next_dagrun for example_subdag_operator.section-2 to None
[2021-09-20 02:07:40,865] {logging_mixin.py:109} INFO - [2021-09-20 02:07:40,865] {dag.py:1834} INFO - Sync 2 DAGs
[2021-09-20 02:07:40,876] {logging_mixin.py:109} INFO - [2021-09-20 02:07:40,876] {dag.py:2287} INFO - Setting next_dagrun for example_subdag_operator.section-1 to None
[2021-09-20 02:07:40,881] {logging_mixin.py:109} INFO - [2021-09-20 02:07:40,881] {dag.py:2287} INFO - Setting next_dagrun for example_subdag_operator.section-2 to None
[2021-09-20 02:07:40,910] {processor.py:170} INFO - Processing /home/wilson/Documentos/alura/datapipeline/env/lib/python3.8/site-packages/airflow/example_dags/example_subdag_operator.py took 0.270 seconds
[2021-09-20 02:08:21,018] {processor.py:162} INFO - Started process (PID=25636) to work on /home/wilson/Documentos/alura/datapipeline/env/lib/python3.8/site-packages/airflow/example_dags/example_subdag_operator.py
[2021-09-20 02:08:21,020] {processor.py:613} INFO - Processing file /home/wilson/Documentos/alura/datapipeline/env/lib/python3.8/site-packages/airflow/example_dags/example_subdag_operator.py for tasks to queue
[2021-09-20 02:08:21,022] {logging_mixin.py:109} INFO - [2021-09-20 02:08:21,022] {dagbag.py:496} INFO - Filling up the DagBag from /home/wilson/Documentos/alura/datapipeline/env/lib/python3.8/site-packages/airflow/example_dags/example_subdag_operator.py
[2021-09-20 02:08:21,054] {processor.py:623} INFO - DAG(s) dict_keys(['example_subdag_operator.section-1', 'example_subdag_operator.section-2', 'example_subdag_operator']) retrieved from /home/wilson/Documentos/alura/datapipeline/env/lib/python3.8/site-packages/airflow/example_dags/example_subdag_operator.py
[2021-09-20 02:08:21,067] {logging_mixin.py:109} INFO - [2021-09-20 02:08:21,067] {dag.py:1834} INFO - Sync 3 DAGs
[2021-09-20 02:08:21,078] {logging_mixin.py:109} INFO - [2021-09-20 02:08:21,078] {dag.py:2287} INFO - Setting next_dagrun for example_subdag_operator to 2021-09-18 00:00:00+00:00
[2021-09-20 02:08:21,079] {logging_mixin.py:109} INFO - [2021-09-20 02:08:21,079] {dag.py:2287} INFO - Setting next_dagrun for example_subdag_operator.section-1 to None
[2021-09-20 02:08:21,079] {logging_mixin.py:109} INFO - [2021-09-20 02:08:21,079] {dag.py:2287} INFO - Setting next_dagrun for example_subdag_operator.section-2 to None
[2021-09-20 02:08:21,092] {logging_mixin.py:109} INFO - [2021-09-20 02:08:21,092] {dag.py:1834} INFO - Sync 2 DAGs
[2021-09-20 02:08:21,098] {logging_mixin.py:109} INFO - [2021-09-20 02:08:21,098] {dag.py:2287} INFO - Setting next_dagrun for example_subdag_operator.section-1 to None
[2021-09-20 02:08:21,098] {logging_mixin.py:109} INFO - [2021-09-20 02:08:21,098] {dag.py:2287} INFO - Setting next_dagrun for example_subdag_operator.section-2 to None
[2021-09-20 02:08:21,113] {processor.py:170} INFO - Processing /home/wilson/Documentos/alura/datapipeline/env/lib/python3.8/site-packages/airflow/example_dags/example_subdag_operator.py took 0.099 seconds
[2021-09-20 02:09:08,401] {processor.py:162} INFO - Started process (PID=25924) to work on /home/wilson/Documentos/alura/datapipeline/env/lib/python3.8/site-packages/airflow/example_dags/example_subdag_operator.py
[2021-09-20 02:09:08,406] {processor.py:613} INFO - Processing file /home/wilson/Documentos/alura/datapipeline/env/lib/python3.8/site-packages/airflow/example_dags/example_subdag_operator.py for tasks to queue
[2021-09-20 02:09:08,407] {logging_mixin.py:109} INFO - [2021-09-20 02:09:08,406] {dagbag.py:496} INFO - Filling up the DagBag from /home/wilson/Documentos/alura/datapipeline/env/lib/python3.8/site-packages/airflow/example_dags/example_subdag_operator.py
[2021-09-20 02:09:08,477] {processor.py:623} INFO - DAG(s) dict_keys(['example_subdag_operator.section-1', 'example_subdag_operator.section-2', 'example_subdag_operator']) retrieved from /home/wilson/Documentos/alura/datapipeline/env/lib/python3.8/site-packages/airflow/example_dags/example_subdag_operator.py
[2021-09-20 02:09:08,502] {logging_mixin.py:109} INFO - [2021-09-20 02:09:08,502] {dag.py:1834} INFO - Sync 3 DAGs
[2021-09-20 02:09:08,523] {logging_mixin.py:109} INFO - [2021-09-20 02:09:08,523] {dag.py:2287} INFO - Setting next_dagrun for example_subdag_operator to 2021-09-18 00:00:00+00:00
[2021-09-20 02:09:08,529] {logging_mixin.py:109} INFO - [2021-09-20 02:09:08,524] {dag.py:2287} INFO - Setting next_dagrun for example_subdag_operator.section-1 to None
[2021-09-20 02:09:08,529] {logging_mixin.py:109} INFO - [2021-09-20 02:09:08,529] {dag.py:2287} INFO - Setting next_dagrun for example_subdag_operator.section-2 to None
[2021-09-20 02:09:08,547] {logging_mixin.py:109} INFO - [2021-09-20 02:09:08,547] {dag.py:1834} INFO - Sync 2 DAGs
[2021-09-20 02:09:08,562] {logging_mixin.py:109} INFO - [2021-09-20 02:09:08,562] {dag.py:2287} INFO - Setting next_dagrun for example_subdag_operator.section-1 to None
[2021-09-20 02:09:08,562] {logging_mixin.py:109} INFO - [2021-09-20 02:09:08,562] {dag.py:2287} INFO - Setting next_dagrun for example_subdag_operator.section-2 to None
[2021-09-20 02:09:08,574] {processor.py:170} INFO - Processing /home/wilson/Documentos/alura/datapipeline/env/lib/python3.8/site-packages/airflow/example_dags/example_subdag_operator.py took 0.187 seconds
