[2021-09-20 01:59:20,359] {processor.py:162} INFO - Started process (PID=23530) to work on /home/wilson/Documentos/alura/datapipeline/env/lib/python3.8/site-packages/airflow/example_dags/tutorial_taskflow_api_etl_virtualenv.py
[2021-09-20 01:59:20,361] {processor.py:613} INFO - Processing file /home/wilson/Documentos/alura/datapipeline/env/lib/python3.8/site-packages/airflow/example_dags/tutorial_taskflow_api_etl_virtualenv.py for tasks to queue
[2021-09-20 01:59:20,362] {logging_mixin.py:109} INFO - [2021-09-20 01:59:20,362] {dagbag.py:496} INFO - Filling up the DagBag from /home/wilson/Documentos/alura/datapipeline/env/lib/python3.8/site-packages/airflow/example_dags/tutorial_taskflow_api_etl_virtualenv.py
[2021-09-20 01:59:20,428] {processor.py:623} INFO - DAG(s) dict_keys(['tutorial_taskflow_api_etl_virtualenv']) retrieved from /home/wilson/Documentos/alura/datapipeline/env/lib/python3.8/site-packages/airflow/example_dags/tutorial_taskflow_api_etl_virtualenv.py
[2021-09-20 01:59:21,557] {logging_mixin.py:109} INFO - [2021-09-20 01:59:21,557] {dag.py:1834} INFO - Sync 1 DAGs
[2021-09-20 01:59:21,590] {logging_mixin.py:109} INFO - [2021-09-20 01:59:21,590] {dag.py:2287} INFO - Setting next_dagrun for tutorial_taskflow_api_etl_virtualenv to None
[2021-09-20 01:59:21,620] {processor.py:170} INFO - Processing /home/wilson/Documentos/alura/datapipeline/env/lib/python3.8/site-packages/airflow/example_dags/tutorial_taskflow_api_etl_virtualenv.py took 1.284 seconds
[2021-09-20 02:00:09,178] {processor.py:162} INFO - Started process (PID=23748) to work on /home/wilson/Documentos/alura/datapipeline/env/lib/python3.8/site-packages/airflow/example_dags/tutorial_taskflow_api_etl_virtualenv.py
[2021-09-20 02:00:09,191] {processor.py:613} INFO - Processing file /home/wilson/Documentos/alura/datapipeline/env/lib/python3.8/site-packages/airflow/example_dags/tutorial_taskflow_api_etl_virtualenv.py for tasks to queue
[2021-09-20 02:00:09,192] {logging_mixin.py:109} INFO - [2021-09-20 02:00:09,192] {dagbag.py:496} INFO - Filling up the DagBag from /home/wilson/Documentos/alura/datapipeline/env/lib/python3.8/site-packages/airflow/example_dags/tutorial_taskflow_api_etl_virtualenv.py
[2021-09-20 02:00:09,236] {processor.py:623} INFO - DAG(s) dict_keys(['tutorial_taskflow_api_etl_virtualenv']) retrieved from /home/wilson/Documentos/alura/datapipeline/env/lib/python3.8/site-packages/airflow/example_dags/tutorial_taskflow_api_etl_virtualenv.py
[2021-09-20 02:00:09,720] {logging_mixin.py:109} INFO - [2021-09-20 02:00:09,720] {dag.py:1834} INFO - Sync 1 DAGs
[2021-09-20 02:00:09,737] {logging_mixin.py:109} INFO - [2021-09-20 02:00:09,737] {dag.py:2287} INFO - Setting next_dagrun for tutorial_taskflow_api_etl_virtualenv to None
[2021-09-20 02:00:09,773] {processor.py:170} INFO - Processing /home/wilson/Documentos/alura/datapipeline/env/lib/python3.8/site-packages/airflow/example_dags/tutorial_taskflow_api_etl_virtualenv.py took 0.609 seconds
[2021-09-20 02:00:47,408] {processor.py:162} INFO - Started process (PID=23895) to work on /home/wilson/Documentos/alura/datapipeline/env/lib/python3.8/site-packages/airflow/example_dags/tutorial_taskflow_api_etl_virtualenv.py
[2021-09-20 02:00:47,410] {processor.py:613} INFO - Processing file /home/wilson/Documentos/alura/datapipeline/env/lib/python3.8/site-packages/airflow/example_dags/tutorial_taskflow_api_etl_virtualenv.py for tasks to queue
[2021-09-20 02:00:47,411] {logging_mixin.py:109} INFO - [2021-09-20 02:00:47,411] {dagbag.py:496} INFO - Filling up the DagBag from /home/wilson/Documentos/alura/datapipeline/env/lib/python3.8/site-packages/airflow/example_dags/tutorial_taskflow_api_etl_virtualenv.py
[2021-09-20 02:00:47,430] {processor.py:623} INFO - DAG(s) dict_keys(['tutorial_taskflow_api_etl_virtualenv']) retrieved from /home/wilson/Documentos/alura/datapipeline/env/lib/python3.8/site-packages/airflow/example_dags/tutorial_taskflow_api_etl_virtualenv.py
[2021-09-20 02:00:47,715] {logging_mixin.py:109} INFO - [2021-09-20 02:00:47,715] {dag.py:1834} INFO - Sync 1 DAGs
[2021-09-20 02:00:47,728] {logging_mixin.py:109} INFO - [2021-09-20 02:00:47,728] {dag.py:2287} INFO - Setting next_dagrun for tutorial_taskflow_api_etl_virtualenv to None
[2021-09-20 02:00:47,747] {processor.py:170} INFO - Processing /home/wilson/Documentos/alura/datapipeline/env/lib/python3.8/site-packages/airflow/example_dags/tutorial_taskflow_api_etl_virtualenv.py took 0.342 seconds
[2021-09-20 02:01:24,597] {processor.py:162} INFO - Started process (PID=24054) to work on /home/wilson/Documentos/alura/datapipeline/env/lib/python3.8/site-packages/airflow/example_dags/tutorial_taskflow_api_etl_virtualenv.py
[2021-09-20 02:01:24,599] {processor.py:613} INFO - Processing file /home/wilson/Documentos/alura/datapipeline/env/lib/python3.8/site-packages/airflow/example_dags/tutorial_taskflow_api_etl_virtualenv.py for tasks to queue
[2021-09-20 02:01:24,600] {logging_mixin.py:109} INFO - [2021-09-20 02:01:24,599] {dagbag.py:496} INFO - Filling up the DagBag from /home/wilson/Documentos/alura/datapipeline/env/lib/python3.8/site-packages/airflow/example_dags/tutorial_taskflow_api_etl_virtualenv.py
[2021-09-20 02:01:24,617] {processor.py:623} INFO - DAG(s) dict_keys(['tutorial_taskflow_api_etl_virtualenv']) retrieved from /home/wilson/Documentos/alura/datapipeline/env/lib/python3.8/site-packages/airflow/example_dags/tutorial_taskflow_api_etl_virtualenv.py
[2021-09-20 02:01:24,988] {logging_mixin.py:109} INFO - [2021-09-20 02:01:24,988] {dag.py:1834} INFO - Sync 1 DAGs
[2021-09-20 02:01:24,995] {logging_mixin.py:109} INFO - [2021-09-20 02:01:24,995] {dag.py:2287} INFO - Setting next_dagrun for tutorial_taskflow_api_etl_virtualenv to None
[2021-09-20 02:01:25,014] {processor.py:170} INFO - Processing /home/wilson/Documentos/alura/datapipeline/env/lib/python3.8/site-packages/airflow/example_dags/tutorial_taskflow_api_etl_virtualenv.py took 0.421 seconds
[2021-09-20 02:02:13,402] {processor.py:162} INFO - Started process (PID=24235) to work on /home/wilson/Documentos/alura/datapipeline/env/lib/python3.8/site-packages/airflow/example_dags/tutorial_taskflow_api_etl_virtualenv.py
[2021-09-20 02:02:13,404] {processor.py:613} INFO - Processing file /home/wilson/Documentos/alura/datapipeline/env/lib/python3.8/site-packages/airflow/example_dags/tutorial_taskflow_api_etl_virtualenv.py for tasks to queue
[2021-09-20 02:02:13,416] {logging_mixin.py:109} INFO - [2021-09-20 02:02:13,416] {dagbag.py:496} INFO - Filling up the DagBag from /home/wilson/Documentos/alura/datapipeline/env/lib/python3.8/site-packages/airflow/example_dags/tutorial_taskflow_api_etl_virtualenv.py
[2021-09-20 02:02:13,517] {processor.py:623} INFO - DAG(s) dict_keys(['tutorial_taskflow_api_etl_virtualenv']) retrieved from /home/wilson/Documentos/alura/datapipeline/env/lib/python3.8/site-packages/airflow/example_dags/tutorial_taskflow_api_etl_virtualenv.py
[2021-09-20 02:02:15,001] {logging_mixin.py:109} INFO - [2021-09-20 02:02:15,001] {dag.py:1834} INFO - Sync 1 DAGs
[2021-09-20 02:02:15,011] {logging_mixin.py:109} INFO - [2021-09-20 02:02:15,011] {dag.py:2287} INFO - Setting next_dagrun for tutorial_taskflow_api_etl_virtualenv to None
[2021-09-20 02:02:15,033] {processor.py:170} INFO - Processing /home/wilson/Documentos/alura/datapipeline/env/lib/python3.8/site-packages/airflow/example_dags/tutorial_taskflow_api_etl_virtualenv.py took 1.643 seconds
[2021-09-20 02:02:49,297] {processor.py:162} INFO - Started process (PID=24385) to work on /home/wilson/Documentos/alura/datapipeline/env/lib/python3.8/site-packages/airflow/example_dags/tutorial_taskflow_api_etl_virtualenv.py
[2021-09-20 02:02:49,303] {processor.py:613} INFO - Processing file /home/wilson/Documentos/alura/datapipeline/env/lib/python3.8/site-packages/airflow/example_dags/tutorial_taskflow_api_etl_virtualenv.py for tasks to queue
[2021-09-20 02:02:49,304] {logging_mixin.py:109} INFO - [2021-09-20 02:02:49,303] {dagbag.py:496} INFO - Filling up the DagBag from /home/wilson/Documentos/alura/datapipeline/env/lib/python3.8/site-packages/airflow/example_dags/tutorial_taskflow_api_etl_virtualenv.py
[2021-09-20 02:02:49,335] {processor.py:623} INFO - DAG(s) dict_keys(['tutorial_taskflow_api_etl_virtualenv']) retrieved from /home/wilson/Documentos/alura/datapipeline/env/lib/python3.8/site-packages/airflow/example_dags/tutorial_taskflow_api_etl_virtualenv.py
[2021-09-20 02:02:49,654] {logging_mixin.py:109} INFO - [2021-09-20 02:02:49,654] {dag.py:1834} INFO - Sync 1 DAGs
[2021-09-20 02:02:49,661] {logging_mixin.py:109} INFO - [2021-09-20 02:02:49,661] {dag.py:2287} INFO - Setting next_dagrun for tutorial_taskflow_api_etl_virtualenv to None
[2021-09-20 02:02:49,677] {processor.py:170} INFO - Processing /home/wilson/Documentos/alura/datapipeline/env/lib/python3.8/site-packages/airflow/example_dags/tutorial_taskflow_api_etl_virtualenv.py took 0.385 seconds
[2021-09-20 02:03:21,007] {processor.py:162} INFO - Started process (PID=24502) to work on /home/wilson/Documentos/alura/datapipeline/env/lib/python3.8/site-packages/airflow/example_dags/tutorial_taskflow_api_etl_virtualenv.py
[2021-09-20 02:03:21,014] {processor.py:613} INFO - Processing file /home/wilson/Documentos/alura/datapipeline/env/lib/python3.8/site-packages/airflow/example_dags/tutorial_taskflow_api_etl_virtualenv.py for tasks to queue
[2021-09-20 02:03:21,014] {logging_mixin.py:109} INFO - [2021-09-20 02:03:21,014] {dagbag.py:496} INFO - Filling up the DagBag from /home/wilson/Documentos/alura/datapipeline/env/lib/python3.8/site-packages/airflow/example_dags/tutorial_taskflow_api_etl_virtualenv.py
[2021-09-20 02:03:21,068] {processor.py:623} INFO - DAG(s) dict_keys(['tutorial_taskflow_api_etl_virtualenv']) retrieved from /home/wilson/Documentos/alura/datapipeline/env/lib/python3.8/site-packages/airflow/example_dags/tutorial_taskflow_api_etl_virtualenv.py
[2021-09-20 02:03:21,751] {logging_mixin.py:109} INFO - [2021-09-20 02:03:21,751] {dag.py:1834} INFO - Sync 1 DAGs
[2021-09-20 02:03:21,763] {logging_mixin.py:109} INFO - [2021-09-20 02:03:21,762] {dag.py:2287} INFO - Setting next_dagrun for tutorial_taskflow_api_etl_virtualenv to None
[2021-09-20 02:03:22,092] {processor.py:170} INFO - Processing /home/wilson/Documentos/alura/datapipeline/env/lib/python3.8/site-packages/airflow/example_dags/tutorial_taskflow_api_etl_virtualenv.py took 1.094 seconds
[2021-09-20 02:04:00,816] {processor.py:162} INFO - Started process (PID=24648) to work on /home/wilson/Documentos/alura/datapipeline/env/lib/python3.8/site-packages/airflow/example_dags/tutorial_taskflow_api_etl_virtualenv.py
[2021-09-20 02:04:00,822] {processor.py:613} INFO - Processing file /home/wilson/Documentos/alura/datapipeline/env/lib/python3.8/site-packages/airflow/example_dags/tutorial_taskflow_api_etl_virtualenv.py for tasks to queue
[2021-09-20 02:04:00,823] {logging_mixin.py:109} INFO - [2021-09-20 02:04:00,823] {dagbag.py:496} INFO - Filling up the DagBag from /home/wilson/Documentos/alura/datapipeline/env/lib/python3.8/site-packages/airflow/example_dags/tutorial_taskflow_api_etl_virtualenv.py
[2021-09-20 02:04:00,870] {processor.py:623} INFO - DAG(s) dict_keys(['tutorial_taskflow_api_etl_virtualenv']) retrieved from /home/wilson/Documentos/alura/datapipeline/env/lib/python3.8/site-packages/airflow/example_dags/tutorial_taskflow_api_etl_virtualenv.py
[2021-09-20 02:04:01,652] {logging_mixin.py:109} INFO - [2021-09-20 02:04:01,651] {dag.py:1834} INFO - Sync 1 DAGs
[2021-09-20 02:04:01,682] {logging_mixin.py:109} INFO - [2021-09-20 02:04:01,682] {dag.py:2287} INFO - Setting next_dagrun for tutorial_taskflow_api_etl_virtualenv to None
[2021-09-20 02:04:01,715] {processor.py:170} INFO - Processing /home/wilson/Documentos/alura/datapipeline/env/lib/python3.8/site-packages/airflow/example_dags/tutorial_taskflow_api_etl_virtualenv.py took 0.902 seconds
[2021-09-20 02:04:42,276] {processor.py:162} INFO - Started process (PID=24809) to work on /home/wilson/Documentos/alura/datapipeline/env/lib/python3.8/site-packages/airflow/example_dags/tutorial_taskflow_api_etl_virtualenv.py
[2021-09-20 02:04:42,278] {processor.py:613} INFO - Processing file /home/wilson/Documentos/alura/datapipeline/env/lib/python3.8/site-packages/airflow/example_dags/tutorial_taskflow_api_etl_virtualenv.py for tasks to queue
[2021-09-20 02:04:42,279] {logging_mixin.py:109} INFO - [2021-09-20 02:04:42,279] {dagbag.py:496} INFO - Filling up the DagBag from /home/wilson/Documentos/alura/datapipeline/env/lib/python3.8/site-packages/airflow/example_dags/tutorial_taskflow_api_etl_virtualenv.py
[2021-09-20 02:04:42,300] {processor.py:623} INFO - DAG(s) dict_keys(['tutorial_taskflow_api_etl_virtualenv']) retrieved from /home/wilson/Documentos/alura/datapipeline/env/lib/python3.8/site-packages/airflow/example_dags/tutorial_taskflow_api_etl_virtualenv.py
[2021-09-20 02:04:42,682] {logging_mixin.py:109} INFO - [2021-09-20 02:04:42,682] {dag.py:1834} INFO - Sync 1 DAGs
[2021-09-20 02:04:42,691] {logging_mixin.py:109} INFO - [2021-09-20 02:04:42,691] {dag.py:2287} INFO - Setting next_dagrun for tutorial_taskflow_api_etl_virtualenv to None
[2021-09-20 02:04:42,711] {processor.py:170} INFO - Processing /home/wilson/Documentos/alura/datapipeline/env/lib/python3.8/site-packages/airflow/example_dags/tutorial_taskflow_api_etl_virtualenv.py took 0.439 seconds
[2021-09-20 02:05:19,462] {processor.py:162} INFO - Started process (PID=24943) to work on /home/wilson/Documentos/alura/datapipeline/env/lib/python3.8/site-packages/airflow/example_dags/tutorial_taskflow_api_etl_virtualenv.py
[2021-09-20 02:05:19,482] {processor.py:613} INFO - Processing file /home/wilson/Documentos/alura/datapipeline/env/lib/python3.8/site-packages/airflow/example_dags/tutorial_taskflow_api_etl_virtualenv.py for tasks to queue
[2021-09-20 02:05:19,483] {logging_mixin.py:109} INFO - [2021-09-20 02:05:19,483] {dagbag.py:496} INFO - Filling up the DagBag from /home/wilson/Documentos/alura/datapipeline/env/lib/python3.8/site-packages/airflow/example_dags/tutorial_taskflow_api_etl_virtualenv.py
[2021-09-20 02:05:19,599] {processor.py:623} INFO - DAG(s) dict_keys(['tutorial_taskflow_api_etl_virtualenv']) retrieved from /home/wilson/Documentos/alura/datapipeline/env/lib/python3.8/site-packages/airflow/example_dags/tutorial_taskflow_api_etl_virtualenv.py
[2021-09-20 02:05:21,137] {logging_mixin.py:109} INFO - [2021-09-20 02:05:21,137] {dag.py:1834} INFO - Sync 1 DAGs
[2021-09-20 02:05:21,164] {logging_mixin.py:109} INFO - [2021-09-20 02:05:21,164] {dag.py:2287} INFO - Setting next_dagrun for tutorial_taskflow_api_etl_virtualenv to None
[2021-09-20 02:05:21,212] {processor.py:170} INFO - Processing /home/wilson/Documentos/alura/datapipeline/env/lib/python3.8/site-packages/airflow/example_dags/tutorial_taskflow_api_etl_virtualenv.py took 1.767 seconds
[2021-09-20 02:05:51,980] {processor.py:162} INFO - Started process (PID=25054) to work on /home/wilson/Documentos/alura/datapipeline/env/lib/python3.8/site-packages/airflow/example_dags/tutorial_taskflow_api_etl_virtualenv.py
[2021-09-20 02:05:51,987] {processor.py:613} INFO - Processing file /home/wilson/Documentos/alura/datapipeline/env/lib/python3.8/site-packages/airflow/example_dags/tutorial_taskflow_api_etl_virtualenv.py for tasks to queue
[2021-09-20 02:05:51,989] {logging_mixin.py:109} INFO - [2021-09-20 02:05:51,989] {dagbag.py:496} INFO - Filling up the DagBag from /home/wilson/Documentos/alura/datapipeline/env/lib/python3.8/site-packages/airflow/example_dags/tutorial_taskflow_api_etl_virtualenv.py
[2021-09-20 02:05:52,029] {processor.py:623} INFO - DAG(s) dict_keys(['tutorial_taskflow_api_etl_virtualenv']) retrieved from /home/wilson/Documentos/alura/datapipeline/env/lib/python3.8/site-packages/airflow/example_dags/tutorial_taskflow_api_etl_virtualenv.py
[2021-09-20 02:05:52,561] {logging_mixin.py:109} INFO - [2021-09-20 02:05:52,561] {dag.py:1834} INFO - Sync 1 DAGs
[2021-09-20 02:05:52,570] {logging_mixin.py:109} INFO - [2021-09-20 02:05:52,570] {dag.py:2287} INFO - Setting next_dagrun for tutorial_taskflow_api_etl_virtualenv to None
[2021-09-20 02:05:52,591] {processor.py:170} INFO - Processing /home/wilson/Documentos/alura/datapipeline/env/lib/python3.8/site-packages/airflow/example_dags/tutorial_taskflow_api_etl_virtualenv.py took 0.616 seconds
[2021-09-20 02:06:31,296] {processor.py:162} INFO - Started process (PID=25210) to work on /home/wilson/Documentos/alura/datapipeline/env/lib/python3.8/site-packages/airflow/example_dags/tutorial_taskflow_api_etl_virtualenv.py
[2021-09-20 02:06:31,302] {processor.py:613} INFO - Processing file /home/wilson/Documentos/alura/datapipeline/env/lib/python3.8/site-packages/airflow/example_dags/tutorial_taskflow_api_etl_virtualenv.py for tasks to queue
[2021-09-20 02:06:31,303] {logging_mixin.py:109} INFO - [2021-09-20 02:06:31,303] {dagbag.py:496} INFO - Filling up the DagBag from /home/wilson/Documentos/alura/datapipeline/env/lib/python3.8/site-packages/airflow/example_dags/tutorial_taskflow_api_etl_virtualenv.py
[2021-09-20 02:06:31,349] {processor.py:623} INFO - DAG(s) dict_keys(['tutorial_taskflow_api_etl_virtualenv']) retrieved from /home/wilson/Documentos/alura/datapipeline/env/lib/python3.8/site-packages/airflow/example_dags/tutorial_taskflow_api_etl_virtualenv.py
[2021-09-20 02:06:31,735] {logging_mixin.py:109} INFO - [2021-09-20 02:06:31,735] {dag.py:1834} INFO - Sync 1 DAGs
[2021-09-20 02:06:31,744] {logging_mixin.py:109} INFO - [2021-09-20 02:06:31,744] {dag.py:2287} INFO - Setting next_dagrun for tutorial_taskflow_api_etl_virtualenv to None
[2021-09-20 02:06:31,783] {processor.py:170} INFO - Processing /home/wilson/Documentos/alura/datapipeline/env/lib/python3.8/site-packages/airflow/example_dags/tutorial_taskflow_api_etl_virtualenv.py took 0.495 seconds
[2021-09-20 02:07:06,699] {processor.py:162} INFO - Started process (PID=25329) to work on /home/wilson/Documentos/alura/datapipeline/env/lib/python3.8/site-packages/airflow/example_dags/tutorial_taskflow_api_etl_virtualenv.py
[2021-09-20 02:07:06,702] {processor.py:613} INFO - Processing file /home/wilson/Documentos/alura/datapipeline/env/lib/python3.8/site-packages/airflow/example_dags/tutorial_taskflow_api_etl_virtualenv.py for tasks to queue
[2021-09-20 02:07:06,703] {logging_mixin.py:109} INFO - [2021-09-20 02:07:06,703] {dagbag.py:496} INFO - Filling up the DagBag from /home/wilson/Documentos/alura/datapipeline/env/lib/python3.8/site-packages/airflow/example_dags/tutorial_taskflow_api_etl_virtualenv.py
[2021-09-20 02:07:06,720] {processor.py:623} INFO - DAG(s) dict_keys(['tutorial_taskflow_api_etl_virtualenv']) retrieved from /home/wilson/Documentos/alura/datapipeline/env/lib/python3.8/site-packages/airflow/example_dags/tutorial_taskflow_api_etl_virtualenv.py
[2021-09-20 02:07:07,005] {logging_mixin.py:109} INFO - [2021-09-20 02:07:07,005] {dag.py:1834} INFO - Sync 1 DAGs
[2021-09-20 02:07:07,013] {logging_mixin.py:109} INFO - [2021-09-20 02:07:07,012] {dag.py:2287} INFO - Setting next_dagrun for tutorial_taskflow_api_etl_virtualenv to None
[2021-09-20 02:07:07,028] {processor.py:170} INFO - Processing /home/wilson/Documentos/alura/datapipeline/env/lib/python3.8/site-packages/airflow/example_dags/tutorial_taskflow_api_etl_virtualenv.py took 0.332 seconds
[2021-09-20 02:07:44,528] {processor.py:162} INFO - Started process (PID=25483) to work on /home/wilson/Documentos/alura/datapipeline/env/lib/python3.8/site-packages/airflow/example_dags/tutorial_taskflow_api_etl_virtualenv.py
[2021-09-20 02:07:44,532] {processor.py:613} INFO - Processing file /home/wilson/Documentos/alura/datapipeline/env/lib/python3.8/site-packages/airflow/example_dags/tutorial_taskflow_api_etl_virtualenv.py for tasks to queue
[2021-09-20 02:07:44,532] {logging_mixin.py:109} INFO - [2021-09-20 02:07:44,532] {dagbag.py:496} INFO - Filling up the DagBag from /home/wilson/Documentos/alura/datapipeline/env/lib/python3.8/site-packages/airflow/example_dags/tutorial_taskflow_api_etl_virtualenv.py
[2021-09-20 02:07:44,550] {processor.py:623} INFO - DAG(s) dict_keys(['tutorial_taskflow_api_etl_virtualenv']) retrieved from /home/wilson/Documentos/alura/datapipeline/env/lib/python3.8/site-packages/airflow/example_dags/tutorial_taskflow_api_etl_virtualenv.py
[2021-09-20 02:07:44,840] {logging_mixin.py:109} INFO - [2021-09-20 02:07:44,840] {dag.py:1834} INFO - Sync 1 DAGs
[2021-09-20 02:07:44,848] {logging_mixin.py:109} INFO - [2021-09-20 02:07:44,848] {dag.py:2287} INFO - Setting next_dagrun for tutorial_taskflow_api_etl_virtualenv to None
[2021-09-20 02:07:44,867] {processor.py:170} INFO - Processing /home/wilson/Documentos/alura/datapipeline/env/lib/python3.8/site-packages/airflow/example_dags/tutorial_taskflow_api_etl_virtualenv.py took 0.343 seconds
[2021-09-20 02:08:15,644] {processor.py:162} INFO - Started process (PID=25614) to work on /home/wilson/Documentos/alura/datapipeline/env/lib/python3.8/site-packages/airflow/example_dags/tutorial_taskflow_api_etl_virtualenv.py
[2021-09-20 02:08:15,646] {processor.py:613} INFO - Processing file /home/wilson/Documentos/alura/datapipeline/env/lib/python3.8/site-packages/airflow/example_dags/tutorial_taskflow_api_etl_virtualenv.py for tasks to queue
[2021-09-20 02:08:15,647] {logging_mixin.py:109} INFO - [2021-09-20 02:08:15,647] {dagbag.py:496} INFO - Filling up the DagBag from /home/wilson/Documentos/alura/datapipeline/env/lib/python3.8/site-packages/airflow/example_dags/tutorial_taskflow_api_etl_virtualenv.py
[2021-09-20 02:08:15,664] {processor.py:623} INFO - DAG(s) dict_keys(['tutorial_taskflow_api_etl_virtualenv']) retrieved from /home/wilson/Documentos/alura/datapipeline/env/lib/python3.8/site-packages/airflow/example_dags/tutorial_taskflow_api_etl_virtualenv.py
[2021-09-20 02:08:16,531] {logging_mixin.py:109} INFO - [2021-09-20 02:08:16,531] {dag.py:1834} INFO - Sync 1 DAGs
[2021-09-20 02:08:16,545] {logging_mixin.py:109} INFO - [2021-09-20 02:08:16,545] {dag.py:2287} INFO - Setting next_dagrun for tutorial_taskflow_api_etl_virtualenv to None
[2021-09-20 02:08:16,569] {processor.py:170} INFO - Processing /home/wilson/Documentos/alura/datapipeline/env/lib/python3.8/site-packages/airflow/example_dags/tutorial_taskflow_api_etl_virtualenv.py took 0.929 seconds
[2021-09-20 02:08:50,867] {processor.py:162} INFO - Started process (PID=25817) to work on /home/wilson/Documentos/alura/datapipeline/env/lib/python3.8/site-packages/airflow/example_dags/tutorial_taskflow_api_etl_virtualenv.py
[2021-09-20 02:08:50,870] {processor.py:613} INFO - Processing file /home/wilson/Documentos/alura/datapipeline/env/lib/python3.8/site-packages/airflow/example_dags/tutorial_taskflow_api_etl_virtualenv.py for tasks to queue
[2021-09-20 02:08:50,871] {logging_mixin.py:109} INFO - [2021-09-20 02:08:50,871] {dagbag.py:496} INFO - Filling up the DagBag from /home/wilson/Documentos/alura/datapipeline/env/lib/python3.8/site-packages/airflow/example_dags/tutorial_taskflow_api_etl_virtualenv.py
[2021-09-20 02:08:50,932] {processor.py:623} INFO - DAG(s) dict_keys(['tutorial_taskflow_api_etl_virtualenv']) retrieved from /home/wilson/Documentos/alura/datapipeline/env/lib/python3.8/site-packages/airflow/example_dags/tutorial_taskflow_api_etl_virtualenv.py
[2021-09-20 02:08:50,994] {logging_mixin.py:109} INFO - [2021-09-20 02:08:50,994] {dag.py:1834} INFO - Sync 1 DAGs
[2021-09-20 02:08:51,029] {logging_mixin.py:109} INFO - [2021-09-20 02:08:51,029] {dag.py:2287} INFO - Setting next_dagrun for tutorial_taskflow_api_etl_virtualenv to None
[2021-09-20 02:08:51,058] {processor.py:170} INFO - Processing /home/wilson/Documentos/alura/datapipeline/env/lib/python3.8/site-packages/airflow/example_dags/tutorial_taskflow_api_etl_virtualenv.py took 0.211 seconds
