[2021-09-20 01:59:22,991] {processor.py:162} INFO - Started process (PID=23556) to work on /home/wilson/Documentos/alura/datapipeline/env/lib/python3.8/site-packages/airflow/example_dags/tutorial_etl_dag.py
[2021-09-20 01:59:22,992] {processor.py:613} INFO - Processing file /home/wilson/Documentos/alura/datapipeline/env/lib/python3.8/site-packages/airflow/example_dags/tutorial_etl_dag.py for tasks to queue
[2021-09-20 01:59:22,999] {logging_mixin.py:109} INFO - [2021-09-20 01:59:22,999] {dagbag.py:496} INFO - Filling up the DagBag from /home/wilson/Documentos/alura/datapipeline/env/lib/python3.8/site-packages/airflow/example_dags/tutorial_etl_dag.py
[2021-09-20 01:59:23,036] {processor.py:623} INFO - DAG(s) dict_keys(['tutorial_etl_dag']) retrieved from /home/wilson/Documentos/alura/datapipeline/env/lib/python3.8/site-packages/airflow/example_dags/tutorial_etl_dag.py
[2021-09-20 01:59:23,089] {logging_mixin.py:109} INFO - [2021-09-20 01:59:23,084] {dag.py:1834} INFO - Sync 1 DAGs
[2021-09-20 01:59:23,137] {logging_mixin.py:109} INFO - [2021-09-20 01:59:23,137] {dag.py:2287} INFO - Setting next_dagrun for tutorial_etl_dag to None
[2021-09-20 01:59:23,200] {processor.py:170} INFO - Processing /home/wilson/Documentos/alura/datapipeline/env/lib/python3.8/site-packages/airflow/example_dags/tutorial_etl_dag.py took 0.218 seconds
[2021-09-20 02:00:10,359] {processor.py:162} INFO - Started process (PID=23752) to work on /home/wilson/Documentos/alura/datapipeline/env/lib/python3.8/site-packages/airflow/example_dags/tutorial_etl_dag.py
[2021-09-20 02:00:10,362] {processor.py:613} INFO - Processing file /home/wilson/Documentos/alura/datapipeline/env/lib/python3.8/site-packages/airflow/example_dags/tutorial_etl_dag.py for tasks to queue
[2021-09-20 02:00:10,363] {logging_mixin.py:109} INFO - [2021-09-20 02:00:10,363] {dagbag.py:496} INFO - Filling up the DagBag from /home/wilson/Documentos/alura/datapipeline/env/lib/python3.8/site-packages/airflow/example_dags/tutorial_etl_dag.py
[2021-09-20 02:00:10,389] {processor.py:623} INFO - DAG(s) dict_keys(['tutorial_etl_dag']) retrieved from /home/wilson/Documentos/alura/datapipeline/env/lib/python3.8/site-packages/airflow/example_dags/tutorial_etl_dag.py
[2021-09-20 02:00:10,407] {logging_mixin.py:109} INFO - [2021-09-20 02:00:10,407] {dag.py:1834} INFO - Sync 1 DAGs
[2021-09-20 02:00:10,427] {logging_mixin.py:109} INFO - [2021-09-20 02:00:10,427] {dag.py:2287} INFO - Setting next_dagrun for tutorial_etl_dag to None
[2021-09-20 02:00:10,442] {processor.py:170} INFO - Processing /home/wilson/Documentos/alura/datapipeline/env/lib/python3.8/site-packages/airflow/example_dags/tutorial_etl_dag.py took 0.086 seconds
[2021-09-20 02:00:47,984] {processor.py:162} INFO - Started process (PID=23897) to work on /home/wilson/Documentos/alura/datapipeline/env/lib/python3.8/site-packages/airflow/example_dags/tutorial_etl_dag.py
[2021-09-20 02:00:47,990] {processor.py:613} INFO - Processing file /home/wilson/Documentos/alura/datapipeline/env/lib/python3.8/site-packages/airflow/example_dags/tutorial_etl_dag.py for tasks to queue
[2021-09-20 02:00:47,991] {logging_mixin.py:109} INFO - [2021-09-20 02:00:47,990] {dagbag.py:496} INFO - Filling up the DagBag from /home/wilson/Documentos/alura/datapipeline/env/lib/python3.8/site-packages/airflow/example_dags/tutorial_etl_dag.py
[2021-09-20 02:00:48,026] {processor.py:623} INFO - DAG(s) dict_keys(['tutorial_etl_dag']) retrieved from /home/wilson/Documentos/alura/datapipeline/env/lib/python3.8/site-packages/airflow/example_dags/tutorial_etl_dag.py
[2021-09-20 02:00:48,054] {logging_mixin.py:109} INFO - [2021-09-20 02:00:48,054] {dag.py:1834} INFO - Sync 1 DAGs
[2021-09-20 02:00:48,079] {logging_mixin.py:109} INFO - [2021-09-20 02:00:48,079] {dag.py:2287} INFO - Setting next_dagrun for tutorial_etl_dag to None
[2021-09-20 02:00:48,102] {processor.py:170} INFO - Processing /home/wilson/Documentos/alura/datapipeline/env/lib/python3.8/site-packages/airflow/example_dags/tutorial_etl_dag.py took 0.121 seconds
[2021-09-20 02:01:25,409] {processor.py:162} INFO - Started process (PID=24057) to work on /home/wilson/Documentos/alura/datapipeline/env/lib/python3.8/site-packages/airflow/example_dags/tutorial_etl_dag.py
[2021-09-20 02:01:25,410] {processor.py:613} INFO - Processing file /home/wilson/Documentos/alura/datapipeline/env/lib/python3.8/site-packages/airflow/example_dags/tutorial_etl_dag.py for tasks to queue
[2021-09-20 02:01:25,411] {logging_mixin.py:109} INFO - [2021-09-20 02:01:25,411] {dagbag.py:496} INFO - Filling up the DagBag from /home/wilson/Documentos/alura/datapipeline/env/lib/python3.8/site-packages/airflow/example_dags/tutorial_etl_dag.py
[2021-09-20 02:01:25,440] {processor.py:623} INFO - DAG(s) dict_keys(['tutorial_etl_dag']) retrieved from /home/wilson/Documentos/alura/datapipeline/env/lib/python3.8/site-packages/airflow/example_dags/tutorial_etl_dag.py
[2021-09-20 02:01:25,474] {logging_mixin.py:109} INFO - [2021-09-20 02:01:25,474] {dag.py:1834} INFO - Sync 1 DAGs
[2021-09-20 02:01:25,507] {logging_mixin.py:109} INFO - [2021-09-20 02:01:25,507] {dag.py:2287} INFO - Setting next_dagrun for tutorial_etl_dag to None
[2021-09-20 02:01:25,531] {processor.py:170} INFO - Processing /home/wilson/Documentos/alura/datapipeline/env/lib/python3.8/site-packages/airflow/example_dags/tutorial_etl_dag.py took 0.130 seconds
[2021-09-20 02:02:16,272] {processor.py:162} INFO - Started process (PID=24242) to work on /home/wilson/Documentos/alura/datapipeline/env/lib/python3.8/site-packages/airflow/example_dags/tutorial_etl_dag.py
[2021-09-20 02:02:16,289] {processor.py:613} INFO - Processing file /home/wilson/Documentos/alura/datapipeline/env/lib/python3.8/site-packages/airflow/example_dags/tutorial_etl_dag.py for tasks to queue
[2021-09-20 02:02:16,290] {logging_mixin.py:109} INFO - [2021-09-20 02:02:16,290] {dagbag.py:496} INFO - Filling up the DagBag from /home/wilson/Documentos/alura/datapipeline/env/lib/python3.8/site-packages/airflow/example_dags/tutorial_etl_dag.py
[2021-09-20 02:02:16,342] {processor.py:623} INFO - DAG(s) dict_keys(['tutorial_etl_dag']) retrieved from /home/wilson/Documentos/alura/datapipeline/env/lib/python3.8/site-packages/airflow/example_dags/tutorial_etl_dag.py
[2021-09-20 02:02:16,421] {logging_mixin.py:109} INFO - [2021-09-20 02:02:16,421] {dag.py:1834} INFO - Sync 1 DAGs
[2021-09-20 02:02:16,456] {logging_mixin.py:109} INFO - [2021-09-20 02:02:16,455] {dag.py:2287} INFO - Setting next_dagrun for tutorial_etl_dag to None
[2021-09-20 02:02:16,492] {processor.py:170} INFO - Processing /home/wilson/Documentos/alura/datapipeline/env/lib/python3.8/site-packages/airflow/example_dags/tutorial_etl_dag.py took 0.235 seconds
[2021-09-20 02:02:49,838] {processor.py:162} INFO - Started process (PID=24387) to work on /home/wilson/Documentos/alura/datapipeline/env/lib/python3.8/site-packages/airflow/example_dags/tutorial_etl_dag.py
[2021-09-20 02:02:49,842] {processor.py:613} INFO - Processing file /home/wilson/Documentos/alura/datapipeline/env/lib/python3.8/site-packages/airflow/example_dags/tutorial_etl_dag.py for tasks to queue
[2021-09-20 02:02:49,843] {logging_mixin.py:109} INFO - [2021-09-20 02:02:49,842] {dagbag.py:496} INFO - Filling up the DagBag from /home/wilson/Documentos/alura/datapipeline/env/lib/python3.8/site-packages/airflow/example_dags/tutorial_etl_dag.py
[2021-09-20 02:02:49,882] {processor.py:623} INFO - DAG(s) dict_keys(['tutorial_etl_dag']) retrieved from /home/wilson/Documentos/alura/datapipeline/env/lib/python3.8/site-packages/airflow/example_dags/tutorial_etl_dag.py
[2021-09-20 02:02:49,929] {logging_mixin.py:109} INFO - [2021-09-20 02:02:49,928] {dag.py:1834} INFO - Sync 1 DAGs
[2021-09-20 02:02:49,956] {logging_mixin.py:109} INFO - [2021-09-20 02:02:49,956] {dag.py:2287} INFO - Setting next_dagrun for tutorial_etl_dag to None
[2021-09-20 02:02:49,980] {processor.py:170} INFO - Processing /home/wilson/Documentos/alura/datapipeline/env/lib/python3.8/site-packages/airflow/example_dags/tutorial_etl_dag.py took 0.154 seconds
[2021-09-20 02:03:22,554] {processor.py:162} INFO - Started process (PID=24505) to work on /home/wilson/Documentos/alura/datapipeline/env/lib/python3.8/site-packages/airflow/example_dags/tutorial_etl_dag.py
[2021-09-20 02:03:22,558] {processor.py:613} INFO - Processing file /home/wilson/Documentos/alura/datapipeline/env/lib/python3.8/site-packages/airflow/example_dags/tutorial_etl_dag.py for tasks to queue
[2021-09-20 02:03:22,558] {logging_mixin.py:109} INFO - [2021-09-20 02:03:22,558] {dagbag.py:496} INFO - Filling up the DagBag from /home/wilson/Documentos/alura/datapipeline/env/lib/python3.8/site-packages/airflow/example_dags/tutorial_etl_dag.py
[2021-09-20 02:03:22,597] {processor.py:623} INFO - DAG(s) dict_keys(['tutorial_etl_dag']) retrieved from /home/wilson/Documentos/alura/datapipeline/env/lib/python3.8/site-packages/airflow/example_dags/tutorial_etl_dag.py
[2021-09-20 02:03:22,638] {logging_mixin.py:109} INFO - [2021-09-20 02:03:22,637] {dag.py:1834} INFO - Sync 1 DAGs
[2021-09-20 02:03:22,669] {logging_mixin.py:109} INFO - [2021-09-20 02:03:22,669] {dag.py:2287} INFO - Setting next_dagrun for tutorial_etl_dag to None
[2021-09-20 02:03:22,695] {processor.py:170} INFO - Processing /home/wilson/Documentos/alura/datapipeline/env/lib/python3.8/site-packages/airflow/example_dags/tutorial_etl_dag.py took 0.157 seconds
[2021-09-20 02:04:03,167] {processor.py:162} INFO - Started process (PID=24653) to work on /home/wilson/Documentos/alura/datapipeline/env/lib/python3.8/site-packages/airflow/example_dags/tutorial_etl_dag.py
[2021-09-20 02:04:03,177] {processor.py:613} INFO - Processing file /home/wilson/Documentos/alura/datapipeline/env/lib/python3.8/site-packages/airflow/example_dags/tutorial_etl_dag.py for tasks to queue
[2021-09-20 02:04:03,190] {logging_mixin.py:109} INFO - [2021-09-20 02:04:03,189] {dagbag.py:496} INFO - Filling up the DagBag from /home/wilson/Documentos/alura/datapipeline/env/lib/python3.8/site-packages/airflow/example_dags/tutorial_etl_dag.py
[2021-09-20 02:04:03,246] {processor.py:623} INFO - DAG(s) dict_keys(['tutorial_etl_dag']) retrieved from /home/wilson/Documentos/alura/datapipeline/env/lib/python3.8/site-packages/airflow/example_dags/tutorial_etl_dag.py
[2021-09-20 02:04:03,325] {logging_mixin.py:109} INFO - [2021-09-20 02:04:03,325] {dag.py:1834} INFO - Sync 1 DAGs
[2021-09-20 02:04:03,360] {logging_mixin.py:109} INFO - [2021-09-20 02:04:03,360] {dag.py:2287} INFO - Setting next_dagrun for tutorial_etl_dag to None
[2021-09-20 02:04:03,414] {processor.py:170} INFO - Processing /home/wilson/Documentos/alura/datapipeline/env/lib/python3.8/site-packages/airflow/example_dags/tutorial_etl_dag.py took 0.259 seconds
[2021-09-20 02:04:43,682] {processor.py:162} INFO - Started process (PID=24813) to work on /home/wilson/Documentos/alura/datapipeline/env/lib/python3.8/site-packages/airflow/example_dags/tutorial_etl_dag.py
[2021-09-20 02:04:43,683] {processor.py:613} INFO - Processing file /home/wilson/Documentos/alura/datapipeline/env/lib/python3.8/site-packages/airflow/example_dags/tutorial_etl_dag.py for tasks to queue
[2021-09-20 02:04:43,684] {logging_mixin.py:109} INFO - [2021-09-20 02:04:43,684] {dagbag.py:496} INFO - Filling up the DagBag from /home/wilson/Documentos/alura/datapipeline/env/lib/python3.8/site-packages/airflow/example_dags/tutorial_etl_dag.py
[2021-09-20 02:04:43,701] {processor.py:623} INFO - DAG(s) dict_keys(['tutorial_etl_dag']) retrieved from /home/wilson/Documentos/alura/datapipeline/env/lib/python3.8/site-packages/airflow/example_dags/tutorial_etl_dag.py
[2021-09-20 02:04:43,726] {logging_mixin.py:109} INFO - [2021-09-20 02:04:43,726] {dag.py:1834} INFO - Sync 1 DAGs
[2021-09-20 02:04:43,740] {logging_mixin.py:109} INFO - [2021-09-20 02:04:43,739] {dag.py:2287} INFO - Setting next_dagrun for tutorial_etl_dag to None
[2021-09-20 02:04:43,759] {processor.py:170} INFO - Processing /home/wilson/Documentos/alura/datapipeline/env/lib/python3.8/site-packages/airflow/example_dags/tutorial_etl_dag.py took 0.081 seconds
[2021-09-20 02:05:21,896] {processor.py:162} INFO - Started process (PID=24950) to work on /home/wilson/Documentos/alura/datapipeline/env/lib/python3.8/site-packages/airflow/example_dags/tutorial_etl_dag.py
[2021-09-20 02:05:21,907] {processor.py:613} INFO - Processing file /home/wilson/Documentos/alura/datapipeline/env/lib/python3.8/site-packages/airflow/example_dags/tutorial_etl_dag.py for tasks to queue
[2021-09-20 02:05:21,908] {logging_mixin.py:109} INFO - [2021-09-20 02:05:21,908] {dagbag.py:496} INFO - Filling up the DagBag from /home/wilson/Documentos/alura/datapipeline/env/lib/python3.8/site-packages/airflow/example_dags/tutorial_etl_dag.py
[2021-09-20 02:05:21,980] {processor.py:623} INFO - DAG(s) dict_keys(['tutorial_etl_dag']) retrieved from /home/wilson/Documentos/alura/datapipeline/env/lib/python3.8/site-packages/airflow/example_dags/tutorial_etl_dag.py
[2021-09-20 02:05:22,050] {logging_mixin.py:109} INFO - [2021-09-20 02:05:22,050] {dag.py:1834} INFO - Sync 1 DAGs
[2021-09-20 02:05:22,099] {logging_mixin.py:109} INFO - [2021-09-20 02:05:22,099] {dag.py:2287} INFO - Setting next_dagrun for tutorial_etl_dag to None
[2021-09-20 02:05:22,163] {processor.py:170} INFO - Processing /home/wilson/Documentos/alura/datapipeline/env/lib/python3.8/site-packages/airflow/example_dags/tutorial_etl_dag.py took 0.287 seconds
[2021-09-20 02:06:03,839] {processor.py:162} INFO - Started process (PID=25097) to work on /home/wilson/Documentos/alura/datapipeline/env/lib/python3.8/site-packages/airflow/example_dags/tutorial_etl_dag.py
[2021-09-20 02:06:03,842] {processor.py:613} INFO - Processing file /home/wilson/Documentos/alura/datapipeline/env/lib/python3.8/site-packages/airflow/example_dags/tutorial_etl_dag.py for tasks to queue
[2021-09-20 02:06:03,843] {logging_mixin.py:109} INFO - [2021-09-20 02:06:03,843] {dagbag.py:496} INFO - Filling up the DagBag from /home/wilson/Documentos/alura/datapipeline/env/lib/python3.8/site-packages/airflow/example_dags/tutorial_etl_dag.py
[2021-09-20 02:06:03,862] {processor.py:623} INFO - DAG(s) dict_keys(['tutorial_etl_dag']) retrieved from /home/wilson/Documentos/alura/datapipeline/env/lib/python3.8/site-packages/airflow/example_dags/tutorial_etl_dag.py
[2021-09-20 02:06:03,881] {logging_mixin.py:109} INFO - [2021-09-20 02:06:03,881] {dag.py:1834} INFO - Sync 1 DAGs
[2021-09-20 02:06:03,900] {logging_mixin.py:109} INFO - [2021-09-20 02:06:03,900] {dag.py:2287} INFO - Setting next_dagrun for tutorial_etl_dag to None
[2021-09-20 02:06:03,915] {processor.py:170} INFO - Processing /home/wilson/Documentos/alura/datapipeline/env/lib/python3.8/site-packages/airflow/example_dags/tutorial_etl_dag.py took 0.079 seconds
[2021-09-20 02:06:40,886] {processor.py:162} INFO - Started process (PID=25248) to work on /home/wilson/Documentos/alura/datapipeline/env/lib/python3.8/site-packages/airflow/example_dags/tutorial_etl_dag.py
[2021-09-20 02:06:40,903] {processor.py:613} INFO - Processing file /home/wilson/Documentos/alura/datapipeline/env/lib/python3.8/site-packages/airflow/example_dags/tutorial_etl_dag.py for tasks to queue
[2021-09-20 02:06:40,904] {logging_mixin.py:109} INFO - [2021-09-20 02:06:40,904] {dagbag.py:496} INFO - Filling up the DagBag from /home/wilson/Documentos/alura/datapipeline/env/lib/python3.8/site-packages/airflow/example_dags/tutorial_etl_dag.py
[2021-09-20 02:06:40,961] {processor.py:623} INFO - DAG(s) dict_keys(['tutorial_etl_dag']) retrieved from /home/wilson/Documentos/alura/datapipeline/env/lib/python3.8/site-packages/airflow/example_dags/tutorial_etl_dag.py
[2021-09-20 02:06:41,011] {logging_mixin.py:109} INFO - [2021-09-20 02:06:41,010] {dag.py:1834} INFO - Sync 1 DAGs
[2021-09-20 02:06:41,030] {logging_mixin.py:109} INFO - [2021-09-20 02:06:41,030] {dag.py:2287} INFO - Setting next_dagrun for tutorial_etl_dag to None
[2021-09-20 02:06:41,048] {processor.py:170} INFO - Processing /home/wilson/Documentos/alura/datapipeline/env/lib/python3.8/site-packages/airflow/example_dags/tutorial_etl_dag.py took 0.177 seconds
[2021-09-20 02:07:32,805] {processor.py:162} INFO - Started process (PID=25434) to work on /home/wilson/Documentos/alura/datapipeline/env/lib/python3.8/site-packages/airflow/example_dags/tutorial_etl_dag.py
[2021-09-20 02:07:32,814] {processor.py:613} INFO - Processing file /home/wilson/Documentos/alura/datapipeline/env/lib/python3.8/site-packages/airflow/example_dags/tutorial_etl_dag.py for tasks to queue
[2021-09-20 02:07:32,815] {logging_mixin.py:109} INFO - [2021-09-20 02:07:32,815] {dagbag.py:496} INFO - Filling up the DagBag from /home/wilson/Documentos/alura/datapipeline/env/lib/python3.8/site-packages/airflow/example_dags/tutorial_etl_dag.py
[2021-09-20 02:07:32,865] {processor.py:623} INFO - DAG(s) dict_keys(['tutorial_etl_dag']) retrieved from /home/wilson/Documentos/alura/datapipeline/env/lib/python3.8/site-packages/airflow/example_dags/tutorial_etl_dag.py
[2021-09-20 02:07:32,925] {logging_mixin.py:109} INFO - [2021-09-20 02:07:32,925] {dag.py:1834} INFO - Sync 1 DAGs
[2021-09-20 02:07:32,966] {logging_mixin.py:109} INFO - [2021-09-20 02:07:32,966] {dag.py:2287} INFO - Setting next_dagrun for tutorial_etl_dag to None
[2021-09-20 02:07:33,010] {processor.py:170} INFO - Processing /home/wilson/Documentos/alura/datapipeline/env/lib/python3.8/site-packages/airflow/example_dags/tutorial_etl_dag.py took 0.231 seconds
[2021-09-20 02:08:06,705] {processor.py:162} INFO - Started process (PID=25573) to work on /home/wilson/Documentos/alura/datapipeline/env/lib/python3.8/site-packages/airflow/example_dags/tutorial_etl_dag.py
[2021-09-20 02:08:06,707] {processor.py:613} INFO - Processing file /home/wilson/Documentos/alura/datapipeline/env/lib/python3.8/site-packages/airflow/example_dags/tutorial_etl_dag.py for tasks to queue
[2021-09-20 02:08:06,708] {logging_mixin.py:109} INFO - [2021-09-20 02:08:06,708] {dagbag.py:496} INFO - Filling up the DagBag from /home/wilson/Documentos/alura/datapipeline/env/lib/python3.8/site-packages/airflow/example_dags/tutorial_etl_dag.py
[2021-09-20 02:08:06,721] {processor.py:623} INFO - DAG(s) dict_keys(['tutorial_etl_dag']) retrieved from /home/wilson/Documentos/alura/datapipeline/env/lib/python3.8/site-packages/airflow/example_dags/tutorial_etl_dag.py
[2021-09-20 02:08:06,738] {logging_mixin.py:109} INFO - [2021-09-20 02:08:06,737] {dag.py:1834} INFO - Sync 1 DAGs
[2021-09-20 02:08:06,748] {logging_mixin.py:109} INFO - [2021-09-20 02:08:06,747] {dag.py:2287} INFO - Setting next_dagrun for tutorial_etl_dag to None
[2021-09-20 02:08:06,763] {processor.py:170} INFO - Processing /home/wilson/Documentos/alura/datapipeline/env/lib/python3.8/site-packages/airflow/example_dags/tutorial_etl_dag.py took 0.061 seconds
[2021-09-20 02:08:40,412] {processor.py:162} INFO - Started process (PID=25728) to work on /home/wilson/Documentos/alura/datapipeline/env/lib/python3.8/site-packages/airflow/example_dags/tutorial_etl_dag.py
[2021-09-20 02:08:40,425] {processor.py:613} INFO - Processing file /home/wilson/Documentos/alura/datapipeline/env/lib/python3.8/site-packages/airflow/example_dags/tutorial_etl_dag.py for tasks to queue
[2021-09-20 02:08:40,427] {logging_mixin.py:109} INFO - [2021-09-20 02:08:40,426] {dagbag.py:496} INFO - Filling up the DagBag from /home/wilson/Documentos/alura/datapipeline/env/lib/python3.8/site-packages/airflow/example_dags/tutorial_etl_dag.py
[2021-09-20 02:08:40,570] {processor.py:623} INFO - DAG(s) dict_keys(['tutorial_etl_dag']) retrieved from /home/wilson/Documentos/alura/datapipeline/env/lib/python3.8/site-packages/airflow/example_dags/tutorial_etl_dag.py
[2021-09-20 02:08:40,631] {logging_mixin.py:109} INFO - [2021-09-20 02:08:40,631] {dag.py:1834} INFO - Sync 1 DAGs
[2021-09-20 02:08:40,656] {logging_mixin.py:109} INFO - [2021-09-20 02:08:40,656] {dag.py:2287} INFO - Setting next_dagrun for tutorial_etl_dag to None
[2021-09-20 02:08:40,712] {processor.py:170} INFO - Processing /home/wilson/Documentos/alura/datapipeline/env/lib/python3.8/site-packages/airflow/example_dags/tutorial_etl_dag.py took 0.322 seconds
