[2021-09-20 01:59:24,411] {processor.py:162} INFO - Started process (PID=23563) to work on /home/wilson/Documentos/alura/datapipeline/env/lib/python3.8/site-packages/airflow/example_dags/tutorial_taskflow_api_etl.py
[2021-09-20 01:59:24,412] {processor.py:613} INFO - Processing file /home/wilson/Documentos/alura/datapipeline/env/lib/python3.8/site-packages/airflow/example_dags/tutorial_taskflow_api_etl.py for tasks to queue
[2021-09-20 01:59:24,421] {logging_mixin.py:109} INFO - [2021-09-20 01:59:24,421] {dagbag.py:496} INFO - Filling up the DagBag from /home/wilson/Documentos/alura/datapipeline/env/lib/python3.8/site-packages/airflow/example_dags/tutorial_taskflow_api_etl.py
[2021-09-20 01:59:24,522] {processor.py:623} INFO - DAG(s) dict_keys(['tutorial_taskflow_api_etl']) retrieved from /home/wilson/Documentos/alura/datapipeline/env/lib/python3.8/site-packages/airflow/example_dags/tutorial_taskflow_api_etl.py
[2021-09-20 01:59:25,158] {logging_mixin.py:109} INFO - [2021-09-20 01:59:25,158] {dag.py:1834} INFO - Sync 1 DAGs
[2021-09-20 01:59:25,183] {logging_mixin.py:109} INFO - [2021-09-20 01:59:25,183] {dag.py:2287} INFO - Setting next_dagrun for tutorial_taskflow_api_etl to None
[2021-09-20 01:59:25,204] {processor.py:170} INFO - Processing /home/wilson/Documentos/alura/datapipeline/env/lib/python3.8/site-packages/airflow/example_dags/tutorial_taskflow_api_etl.py took 0.819 seconds
[2021-09-20 02:00:11,555] {processor.py:162} INFO - Started process (PID=23756) to work on /home/wilson/Documentos/alura/datapipeline/env/lib/python3.8/site-packages/airflow/example_dags/tutorial_taskflow_api_etl.py
[2021-09-20 02:00:11,558] {processor.py:613} INFO - Processing file /home/wilson/Documentos/alura/datapipeline/env/lib/python3.8/site-packages/airflow/example_dags/tutorial_taskflow_api_etl.py for tasks to queue
[2021-09-20 02:00:11,558] {logging_mixin.py:109} INFO - [2021-09-20 02:00:11,558] {dagbag.py:496} INFO - Filling up the DagBag from /home/wilson/Documentos/alura/datapipeline/env/lib/python3.8/site-packages/airflow/example_dags/tutorial_taskflow_api_etl.py
[2021-09-20 02:00:11,590] {processor.py:623} INFO - DAG(s) dict_keys(['tutorial_taskflow_api_etl']) retrieved from /home/wilson/Documentos/alura/datapipeline/env/lib/python3.8/site-packages/airflow/example_dags/tutorial_taskflow_api_etl.py
[2021-09-20 02:00:12,178] {logging_mixin.py:109} INFO - [2021-09-20 02:00:12,177] {dag.py:1834} INFO - Sync 1 DAGs
[2021-09-20 02:00:12,204] {logging_mixin.py:109} INFO - [2021-09-20 02:00:12,204] {dag.py:2287} INFO - Setting next_dagrun for tutorial_taskflow_api_etl to None
[2021-09-20 02:00:12,232] {processor.py:170} INFO - Processing /home/wilson/Documentos/alura/datapipeline/env/lib/python3.8/site-packages/airflow/example_dags/tutorial_taskflow_api_etl.py took 0.689 seconds
[2021-09-20 02:00:49,307] {processor.py:162} INFO - Started process (PID=23905) to work on /home/wilson/Documentos/alura/datapipeline/env/lib/python3.8/site-packages/airflow/example_dags/tutorial_taskflow_api_etl.py
[2021-09-20 02:00:49,318] {processor.py:613} INFO - Processing file /home/wilson/Documentos/alura/datapipeline/env/lib/python3.8/site-packages/airflow/example_dags/tutorial_taskflow_api_etl.py for tasks to queue
[2021-09-20 02:00:49,318] {logging_mixin.py:109} INFO - [2021-09-20 02:00:49,318] {dagbag.py:496} INFO - Filling up the DagBag from /home/wilson/Documentos/alura/datapipeline/env/lib/python3.8/site-packages/airflow/example_dags/tutorial_taskflow_api_etl.py
[2021-09-20 02:00:49,367] {processor.py:623} INFO - DAG(s) dict_keys(['tutorial_taskflow_api_etl']) retrieved from /home/wilson/Documentos/alura/datapipeline/env/lib/python3.8/site-packages/airflow/example_dags/tutorial_taskflow_api_etl.py
[2021-09-20 02:00:49,722] {logging_mixin.py:109} INFO - [2021-09-20 02:00:49,722] {dag.py:1834} INFO - Sync 1 DAGs
[2021-09-20 02:00:49,730] {logging_mixin.py:109} INFO - [2021-09-20 02:00:49,730] {dag.py:2287} INFO - Setting next_dagrun for tutorial_taskflow_api_etl to None
[2021-09-20 02:00:49,745] {processor.py:170} INFO - Processing /home/wilson/Documentos/alura/datapipeline/env/lib/python3.8/site-packages/airflow/example_dags/tutorial_taskflow_api_etl.py took 0.445 seconds
[2021-09-20 02:01:26,684] {processor.py:162} INFO - Started process (PID=24062) to work on /home/wilson/Documentos/alura/datapipeline/env/lib/python3.8/site-packages/airflow/example_dags/tutorial_taskflow_api_etl.py
[2021-09-20 02:01:26,686] {processor.py:613} INFO - Processing file /home/wilson/Documentos/alura/datapipeline/env/lib/python3.8/site-packages/airflow/example_dags/tutorial_taskflow_api_etl.py for tasks to queue
[2021-09-20 02:01:26,686] {logging_mixin.py:109} INFO - [2021-09-20 02:01:26,686] {dagbag.py:496} INFO - Filling up the DagBag from /home/wilson/Documentos/alura/datapipeline/env/lib/python3.8/site-packages/airflow/example_dags/tutorial_taskflow_api_etl.py
[2021-09-20 02:01:26,707] {processor.py:623} INFO - DAG(s) dict_keys(['tutorial_taskflow_api_etl']) retrieved from /home/wilson/Documentos/alura/datapipeline/env/lib/python3.8/site-packages/airflow/example_dags/tutorial_taskflow_api_etl.py
[2021-09-20 02:01:27,060] {logging_mixin.py:109} INFO - [2021-09-20 02:01:27,059] {dag.py:1834} INFO - Sync 1 DAGs
[2021-09-20 02:01:27,067] {logging_mixin.py:109} INFO - [2021-09-20 02:01:27,067] {dag.py:2287} INFO - Setting next_dagrun for tutorial_taskflow_api_etl to None
[2021-09-20 02:01:27,082] {processor.py:170} INFO - Processing /home/wilson/Documentos/alura/datapipeline/env/lib/python3.8/site-packages/airflow/example_dags/tutorial_taskflow_api_etl.py took 0.402 seconds
[2021-09-20 02:02:17,168] {processor.py:162} INFO - Started process (PID=24246) to work on /home/wilson/Documentos/alura/datapipeline/env/lib/python3.8/site-packages/airflow/example_dags/tutorial_taskflow_api_etl.py
[2021-09-20 02:02:17,189] {processor.py:613} INFO - Processing file /home/wilson/Documentos/alura/datapipeline/env/lib/python3.8/site-packages/airflow/example_dags/tutorial_taskflow_api_etl.py for tasks to queue
[2021-09-20 02:02:17,190] {logging_mixin.py:109} INFO - [2021-09-20 02:02:17,190] {dagbag.py:496} INFO - Filling up the DagBag from /home/wilson/Documentos/alura/datapipeline/env/lib/python3.8/site-packages/airflow/example_dags/tutorial_taskflow_api_etl.py
[2021-09-20 02:02:17,263] {processor.py:623} INFO - DAG(s) dict_keys(['tutorial_taskflow_api_etl']) retrieved from /home/wilson/Documentos/alura/datapipeline/env/lib/python3.8/site-packages/airflow/example_dags/tutorial_taskflow_api_etl.py
[2021-09-20 02:02:17,958] {logging_mixin.py:109} INFO - [2021-09-20 02:02:17,958] {dag.py:1834} INFO - Sync 1 DAGs
[2021-09-20 02:02:17,966] {logging_mixin.py:109} INFO - [2021-09-20 02:02:17,966] {dag.py:2287} INFO - Setting next_dagrun for tutorial_taskflow_api_etl to None
[2021-09-20 02:02:17,983] {processor.py:170} INFO - Processing /home/wilson/Documentos/alura/datapipeline/env/lib/python3.8/site-packages/airflow/example_dags/tutorial_taskflow_api_etl.py took 0.827 seconds
[2021-09-20 02:02:51,116] {processor.py:162} INFO - Started process (PID=24392) to work on /home/wilson/Documentos/alura/datapipeline/env/lib/python3.8/site-packages/airflow/example_dags/tutorial_taskflow_api_etl.py
[2021-09-20 02:02:51,119] {processor.py:613} INFO - Processing file /home/wilson/Documentos/alura/datapipeline/env/lib/python3.8/site-packages/airflow/example_dags/tutorial_taskflow_api_etl.py for tasks to queue
[2021-09-20 02:02:51,121] {logging_mixin.py:109} INFO - [2021-09-20 02:02:51,120] {dagbag.py:496} INFO - Filling up the DagBag from /home/wilson/Documentos/alura/datapipeline/env/lib/python3.8/site-packages/airflow/example_dags/tutorial_taskflow_api_etl.py
[2021-09-20 02:02:51,143] {processor.py:623} INFO - DAG(s) dict_keys(['tutorial_taskflow_api_etl']) retrieved from /home/wilson/Documentos/alura/datapipeline/env/lib/python3.8/site-packages/airflow/example_dags/tutorial_taskflow_api_etl.py
[2021-09-20 02:02:51,522] {logging_mixin.py:109} INFO - [2021-09-20 02:02:51,522] {dag.py:1834} INFO - Sync 1 DAGs
[2021-09-20 02:02:51,529] {logging_mixin.py:109} INFO - [2021-09-20 02:02:51,529] {dag.py:2287} INFO - Setting next_dagrun for tutorial_taskflow_api_etl to None
[2021-09-20 02:02:51,548] {processor.py:170} INFO - Processing /home/wilson/Documentos/alura/datapipeline/env/lib/python3.8/site-packages/airflow/example_dags/tutorial_taskflow_api_etl.py took 0.436 seconds
[2021-09-20 02:03:34,064] {processor.py:162} INFO - Started process (PID=24553) to work on /home/wilson/Documentos/alura/datapipeline/env/lib/python3.8/site-packages/airflow/example_dags/tutorial_taskflow_api_etl.py
[2021-09-20 02:03:34,070] {processor.py:613} INFO - Processing file /home/wilson/Documentos/alura/datapipeline/env/lib/python3.8/site-packages/airflow/example_dags/tutorial_taskflow_api_etl.py for tasks to queue
[2021-09-20 02:03:34,071] {logging_mixin.py:109} INFO - [2021-09-20 02:03:34,071] {dagbag.py:496} INFO - Filling up the DagBag from /home/wilson/Documentos/alura/datapipeline/env/lib/python3.8/site-packages/airflow/example_dags/tutorial_taskflow_api_etl.py
[2021-09-20 02:03:34,115] {processor.py:623} INFO - DAG(s) dict_keys(['tutorial_taskflow_api_etl']) retrieved from /home/wilson/Documentos/alura/datapipeline/env/lib/python3.8/site-packages/airflow/example_dags/tutorial_taskflow_api_etl.py
[2021-09-20 02:03:34,554] {logging_mixin.py:109} INFO - [2021-09-20 02:03:34,554] {dag.py:1834} INFO - Sync 1 DAGs
[2021-09-20 02:03:34,566] {logging_mixin.py:109} INFO - [2021-09-20 02:03:34,566] {dag.py:2287} INFO - Setting next_dagrun for tutorial_taskflow_api_etl to None
[2021-09-20 02:03:34,582] {processor.py:170} INFO - Processing /home/wilson/Documentos/alura/datapipeline/env/lib/python3.8/site-packages/airflow/example_dags/tutorial_taskflow_api_etl.py took 0.528 seconds
[2021-09-20 02:04:15,943] {processor.py:162} INFO - Started process (PID=24707) to work on /home/wilson/Documentos/alura/datapipeline/env/lib/python3.8/site-packages/airflow/example_dags/tutorial_taskflow_api_etl.py
[2021-09-20 02:04:15,950] {processor.py:613} INFO - Processing file /home/wilson/Documentos/alura/datapipeline/env/lib/python3.8/site-packages/airflow/example_dags/tutorial_taskflow_api_etl.py for tasks to queue
[2021-09-20 02:04:15,951] {logging_mixin.py:109} INFO - [2021-09-20 02:04:15,950] {dagbag.py:496} INFO - Filling up the DagBag from /home/wilson/Documentos/alura/datapipeline/env/lib/python3.8/site-packages/airflow/example_dags/tutorial_taskflow_api_etl.py
[2021-09-20 02:04:16,039] {processor.py:623} INFO - DAG(s) dict_keys(['tutorial_taskflow_api_etl']) retrieved from /home/wilson/Documentos/alura/datapipeline/env/lib/python3.8/site-packages/airflow/example_dags/tutorial_taskflow_api_etl.py
[2021-09-20 02:04:16,691] {logging_mixin.py:109} INFO - [2021-09-20 02:04:16,691] {dag.py:1834} INFO - Sync 1 DAGs
[2021-09-20 02:04:16,717] {logging_mixin.py:109} INFO - [2021-09-20 02:04:16,717] {dag.py:2287} INFO - Setting next_dagrun for tutorial_taskflow_api_etl to None
[2021-09-20 02:04:16,743] {processor.py:170} INFO - Processing /home/wilson/Documentos/alura/datapipeline/env/lib/python3.8/site-packages/airflow/example_dags/tutorial_taskflow_api_etl.py took 0.817 seconds
[2021-09-20 02:04:52,712] {processor.py:162} INFO - Started process (PID=24850) to work on /home/wilson/Documentos/alura/datapipeline/env/lib/python3.8/site-packages/airflow/example_dags/tutorial_taskflow_api_etl.py
[2021-09-20 02:04:52,716] {processor.py:613} INFO - Processing file /home/wilson/Documentos/alura/datapipeline/env/lib/python3.8/site-packages/airflow/example_dags/tutorial_taskflow_api_etl.py for tasks to queue
[2021-09-20 02:04:52,718] {logging_mixin.py:109} INFO - [2021-09-20 02:04:52,718] {dagbag.py:496} INFO - Filling up the DagBag from /home/wilson/Documentos/alura/datapipeline/env/lib/python3.8/site-packages/airflow/example_dags/tutorial_taskflow_api_etl.py
[2021-09-20 02:04:52,750] {processor.py:623} INFO - DAG(s) dict_keys(['tutorial_taskflow_api_etl']) retrieved from /home/wilson/Documentos/alura/datapipeline/env/lib/python3.8/site-packages/airflow/example_dags/tutorial_taskflow_api_etl.py
[2021-09-20 02:04:53,151] {logging_mixin.py:109} INFO - [2021-09-20 02:04:53,151] {dag.py:1834} INFO - Sync 1 DAGs
[2021-09-20 02:04:53,159] {logging_mixin.py:109} INFO - [2021-09-20 02:04:53,159] {dag.py:2287} INFO - Setting next_dagrun for tutorial_taskflow_api_etl to None
[2021-09-20 02:04:53,176] {processor.py:170} INFO - Processing /home/wilson/Documentos/alura/datapipeline/env/lib/python3.8/site-packages/airflow/example_dags/tutorial_taskflow_api_etl.py took 0.468 seconds
[2021-09-20 02:05:37,328] {processor.py:162} INFO - Started process (PID=24999) to work on /home/wilson/Documentos/alura/datapipeline/env/lib/python3.8/site-packages/airflow/example_dags/tutorial_taskflow_api_etl.py
[2021-09-20 02:05:37,334] {processor.py:613} INFO - Processing file /home/wilson/Documentos/alura/datapipeline/env/lib/python3.8/site-packages/airflow/example_dags/tutorial_taskflow_api_etl.py for tasks to queue
[2021-09-20 02:05:37,335] {logging_mixin.py:109} INFO - [2021-09-20 02:05:37,335] {dagbag.py:496} INFO - Filling up the DagBag from /home/wilson/Documentos/alura/datapipeline/env/lib/python3.8/site-packages/airflow/example_dags/tutorial_taskflow_api_etl.py
[2021-09-20 02:05:37,387] {processor.py:623} INFO - DAG(s) dict_keys(['tutorial_taskflow_api_etl']) retrieved from /home/wilson/Documentos/alura/datapipeline/env/lib/python3.8/site-packages/airflow/example_dags/tutorial_taskflow_api_etl.py
[2021-09-20 02:05:37,980] {logging_mixin.py:109} INFO - [2021-09-20 02:05:37,980] {dag.py:1834} INFO - Sync 1 DAGs
[2021-09-20 02:05:38,006] {logging_mixin.py:109} INFO - [2021-09-20 02:05:38,006] {dag.py:2287} INFO - Setting next_dagrun for tutorial_taskflow_api_etl to None
[2021-09-20 02:05:38,046] {processor.py:170} INFO - Processing /home/wilson/Documentos/alura/datapipeline/env/lib/python3.8/site-packages/airflow/example_dags/tutorial_taskflow_api_etl.py took 0.723 seconds
[2021-09-20 02:06:14,287] {processor.py:162} INFO - Started process (PID=25136) to work on /home/wilson/Documentos/alura/datapipeline/env/lib/python3.8/site-packages/airflow/example_dags/tutorial_taskflow_api_etl.py
[2021-09-20 02:06:14,291] {processor.py:613} INFO - Processing file /home/wilson/Documentos/alura/datapipeline/env/lib/python3.8/site-packages/airflow/example_dags/tutorial_taskflow_api_etl.py for tasks to queue
[2021-09-20 02:06:14,291] {logging_mixin.py:109} INFO - [2021-09-20 02:06:14,291] {dagbag.py:496} INFO - Filling up the DagBag from /home/wilson/Documentos/alura/datapipeline/env/lib/python3.8/site-packages/airflow/example_dags/tutorial_taskflow_api_etl.py
[2021-09-20 02:06:14,350] {processor.py:623} INFO - DAG(s) dict_keys(['tutorial_taskflow_api_etl']) retrieved from /home/wilson/Documentos/alura/datapipeline/env/lib/python3.8/site-packages/airflow/example_dags/tutorial_taskflow_api_etl.py
[2021-09-20 02:06:14,739] {logging_mixin.py:109} INFO - [2021-09-20 02:06:14,739] {dag.py:1834} INFO - Sync 1 DAGs
[2021-09-20 02:06:14,755] {logging_mixin.py:109} INFO - [2021-09-20 02:06:14,755] {dag.py:2287} INFO - Setting next_dagrun for tutorial_taskflow_api_etl to None
[2021-09-20 02:06:14,774] {processor.py:170} INFO - Processing /home/wilson/Documentos/alura/datapipeline/env/lib/python3.8/site-packages/airflow/example_dags/tutorial_taskflow_api_etl.py took 0.496 seconds
[2021-09-20 02:07:08,162] {processor.py:162} INFO - Started process (PID=25335) to work on /home/wilson/Documentos/alura/datapipeline/env/lib/python3.8/site-packages/airflow/example_dags/tutorial_taskflow_api_etl.py
[2021-09-20 02:07:08,164] {processor.py:613} INFO - Processing file /home/wilson/Documentos/alura/datapipeline/env/lib/python3.8/site-packages/airflow/example_dags/tutorial_taskflow_api_etl.py for tasks to queue
[2021-09-20 02:07:08,164] {logging_mixin.py:109} INFO - [2021-09-20 02:07:08,164] {dagbag.py:496} INFO - Filling up the DagBag from /home/wilson/Documentos/alura/datapipeline/env/lib/python3.8/site-packages/airflow/example_dags/tutorial_taskflow_api_etl.py
[2021-09-20 02:07:08,182] {processor.py:623} INFO - DAG(s) dict_keys(['tutorial_taskflow_api_etl']) retrieved from /home/wilson/Documentos/alura/datapipeline/env/lib/python3.8/site-packages/airflow/example_dags/tutorial_taskflow_api_etl.py
[2021-09-20 02:07:08,494] {logging_mixin.py:109} INFO - [2021-09-20 02:07:08,494] {dag.py:1834} INFO - Sync 1 DAGs
[2021-09-20 02:07:08,501] {logging_mixin.py:109} INFO - [2021-09-20 02:07:08,501] {dag.py:2287} INFO - Setting next_dagrun for tutorial_taskflow_api_etl to None
[2021-09-20 02:07:08,519] {processor.py:170} INFO - Processing /home/wilson/Documentos/alura/datapipeline/env/lib/python3.8/site-packages/airflow/example_dags/tutorial_taskflow_api_etl.py took 0.361 seconds
[2021-09-20 02:07:46,000] {processor.py:162} INFO - Started process (PID=25488) to work on /home/wilson/Documentos/alura/datapipeline/env/lib/python3.8/site-packages/airflow/example_dags/tutorial_taskflow_api_etl.py
[2021-09-20 02:07:46,002] {processor.py:613} INFO - Processing file /home/wilson/Documentos/alura/datapipeline/env/lib/python3.8/site-packages/airflow/example_dags/tutorial_taskflow_api_etl.py for tasks to queue
[2021-09-20 02:07:46,002] {logging_mixin.py:109} INFO - [2021-09-20 02:07:46,002] {dagbag.py:496} INFO - Filling up the DagBag from /home/wilson/Documentos/alura/datapipeline/env/lib/python3.8/site-packages/airflow/example_dags/tutorial_taskflow_api_etl.py
[2021-09-20 02:07:46,027] {processor.py:623} INFO - DAG(s) dict_keys(['tutorial_taskflow_api_etl']) retrieved from /home/wilson/Documentos/alura/datapipeline/env/lib/python3.8/site-packages/airflow/example_dags/tutorial_taskflow_api_etl.py
[2021-09-20 02:07:46,402] {logging_mixin.py:109} INFO - [2021-09-20 02:07:46,402] {dag.py:1834} INFO - Sync 1 DAGs
[2021-09-20 02:07:46,409] {logging_mixin.py:109} INFO - [2021-09-20 02:07:46,409] {dag.py:2287} INFO - Setting next_dagrun for tutorial_taskflow_api_etl to None
[2021-09-20 02:07:46,424] {processor.py:170} INFO - Processing /home/wilson/Documentos/alura/datapipeline/env/lib/python3.8/site-packages/airflow/example_dags/tutorial_taskflow_api_etl.py took 0.431 seconds
[2021-09-20 02:08:23,846] {processor.py:162} INFO - Started process (PID=25648) to work on /home/wilson/Documentos/alura/datapipeline/env/lib/python3.8/site-packages/airflow/example_dags/tutorial_taskflow_api_etl.py
[2021-09-20 02:08:23,849] {processor.py:613} INFO - Processing file /home/wilson/Documentos/alura/datapipeline/env/lib/python3.8/site-packages/airflow/example_dags/tutorial_taskflow_api_etl.py for tasks to queue
[2021-09-20 02:08:23,850] {logging_mixin.py:109} INFO - [2021-09-20 02:08:23,850] {dagbag.py:496} INFO - Filling up the DagBag from /home/wilson/Documentos/alura/datapipeline/env/lib/python3.8/site-packages/airflow/example_dags/tutorial_taskflow_api_etl.py
[2021-09-20 02:08:23,932] {processor.py:623} INFO - DAG(s) dict_keys(['tutorial_taskflow_api_etl']) retrieved from /home/wilson/Documentos/alura/datapipeline/env/lib/python3.8/site-packages/airflow/example_dags/tutorial_taskflow_api_etl.py
[2021-09-20 02:08:24,895] {logging_mixin.py:109} INFO - [2021-09-20 02:08:24,895] {dag.py:1834} INFO - Sync 1 DAGs
[2021-09-20 02:08:24,912] {logging_mixin.py:109} INFO - [2021-09-20 02:08:24,911] {dag.py:2287} INFO - Setting next_dagrun for tutorial_taskflow_api_etl to None
[2021-09-20 02:08:24,940] {processor.py:170} INFO - Processing /home/wilson/Documentos/alura/datapipeline/env/lib/python3.8/site-packages/airflow/example_dags/tutorial_taskflow_api_etl.py took 1.104 seconds
[2021-09-20 02:09:00,248] {processor.py:162} INFO - Started process (PID=25857) to work on /home/wilson/Documentos/alura/datapipeline/env/lib/python3.8/site-packages/airflow/example_dags/tutorial_taskflow_api_etl.py
[2021-09-20 02:09:00,250] {processor.py:613} INFO - Processing file /home/wilson/Documentos/alura/datapipeline/env/lib/python3.8/site-packages/airflow/example_dags/tutorial_taskflow_api_etl.py for tasks to queue
[2021-09-20 02:09:00,251] {logging_mixin.py:109} INFO - [2021-09-20 02:09:00,251] {dagbag.py:496} INFO - Filling up the DagBag from /home/wilson/Documentos/alura/datapipeline/env/lib/python3.8/site-packages/airflow/example_dags/tutorial_taskflow_api_etl.py
[2021-09-20 02:09:00,269] {processor.py:623} INFO - DAG(s) dict_keys(['tutorial_taskflow_api_etl']) retrieved from /home/wilson/Documentos/alura/datapipeline/env/lib/python3.8/site-packages/airflow/example_dags/tutorial_taskflow_api_etl.py
[2021-09-20 02:09:00,644] {logging_mixin.py:109} INFO - [2021-09-20 02:09:00,644] {dag.py:1834} INFO - Sync 1 DAGs
[2021-09-20 02:09:00,652] {logging_mixin.py:109} INFO - [2021-09-20 02:09:00,652] {dag.py:2287} INFO - Setting next_dagrun for tutorial_taskflow_api_etl to None
[2021-09-20 02:09:00,666] {processor.py:170} INFO - Processing /home/wilson/Documentos/alura/datapipeline/env/lib/python3.8/site-packages/airflow/example_dags/tutorial_taskflow_api_etl.py took 0.421 seconds
