[2021-09-20 01:59:26,526] {processor.py:162} INFO - Started process (PID=23569) to work on /home/wilson/Documentos/alura/datapipeline/env/lib/python3.8/site-packages/airflow/example_dags/subdags/subdag.py
[2021-09-20 01:59:26,527] {processor.py:613} INFO - Processing file /home/wilson/Documentos/alura/datapipeline/env/lib/python3.8/site-packages/airflow/example_dags/subdags/subdag.py for tasks to queue
[2021-09-20 01:59:26,528] {logging_mixin.py:109} INFO - [2021-09-20 01:59:26,528] {dagbag.py:496} INFO - Filling up the DagBag from /home/wilson/Documentos/alura/datapipeline/env/lib/python3.8/site-packages/airflow/example_dags/subdags/subdag.py
[2021-09-20 01:59:26,562] {processor.py:625} WARNING - No viable dags retrieved from /home/wilson/Documentos/alura/datapipeline/env/lib/python3.8/site-packages/airflow/example_dags/subdags/subdag.py
[2021-09-20 01:59:26,603] {processor.py:170} INFO - Processing /home/wilson/Documentos/alura/datapipeline/env/lib/python3.8/site-packages/airflow/example_dags/subdags/subdag.py took 0.111 seconds
[2021-09-20 02:00:13,398] {processor.py:162} INFO - Started process (PID=23760) to work on /home/wilson/Documentos/alura/datapipeline/env/lib/python3.8/site-packages/airflow/example_dags/subdags/subdag.py
[2021-09-20 02:00:13,403] {processor.py:613} INFO - Processing file /home/wilson/Documentos/alura/datapipeline/env/lib/python3.8/site-packages/airflow/example_dags/subdags/subdag.py for tasks to queue
[2021-09-20 02:00:13,404] {logging_mixin.py:109} INFO - [2021-09-20 02:00:13,404] {dagbag.py:496} INFO - Filling up the DagBag from /home/wilson/Documentos/alura/datapipeline/env/lib/python3.8/site-packages/airflow/example_dags/subdags/subdag.py
[2021-09-20 02:00:13,411] {processor.py:625} WARNING - No viable dags retrieved from /home/wilson/Documentos/alura/datapipeline/env/lib/python3.8/site-packages/airflow/example_dags/subdags/subdag.py
[2021-09-20 02:00:13,427] {processor.py:170} INFO - Processing /home/wilson/Documentos/alura/datapipeline/env/lib/python3.8/site-packages/airflow/example_dags/subdags/subdag.py took 0.032 seconds
[2021-09-20 02:00:50,856] {processor.py:162} INFO - Started process (PID=23909) to work on /home/wilson/Documentos/alura/datapipeline/env/lib/python3.8/site-packages/airflow/example_dags/subdags/subdag.py
[2021-09-20 02:00:50,858] {processor.py:613} INFO - Processing file /home/wilson/Documentos/alura/datapipeline/env/lib/python3.8/site-packages/airflow/example_dags/subdags/subdag.py for tasks to queue
[2021-09-20 02:00:50,865] {logging_mixin.py:109} INFO - [2021-09-20 02:00:50,865] {dagbag.py:496} INFO - Filling up the DagBag from /home/wilson/Documentos/alura/datapipeline/env/lib/python3.8/site-packages/airflow/example_dags/subdags/subdag.py
[2021-09-20 02:00:50,868] {processor.py:625} WARNING - No viable dags retrieved from /home/wilson/Documentos/alura/datapipeline/env/lib/python3.8/site-packages/airflow/example_dags/subdags/subdag.py
[2021-09-20 02:00:50,884] {processor.py:170} INFO - Processing /home/wilson/Documentos/alura/datapipeline/env/lib/python3.8/site-packages/airflow/example_dags/subdags/subdag.py took 0.031 seconds
[2021-09-20 02:01:28,316] {processor.py:162} INFO - Started process (PID=24069) to work on /home/wilson/Documentos/alura/datapipeline/env/lib/python3.8/site-packages/airflow/example_dags/subdags/subdag.py
[2021-09-20 02:01:28,318] {processor.py:613} INFO - Processing file /home/wilson/Documentos/alura/datapipeline/env/lib/python3.8/site-packages/airflow/example_dags/subdags/subdag.py for tasks to queue
[2021-09-20 02:01:28,318] {logging_mixin.py:109} INFO - [2021-09-20 02:01:28,318] {dagbag.py:496} INFO - Filling up the DagBag from /home/wilson/Documentos/alura/datapipeline/env/lib/python3.8/site-packages/airflow/example_dags/subdags/subdag.py
[2021-09-20 02:01:28,322] {processor.py:625} WARNING - No viable dags retrieved from /home/wilson/Documentos/alura/datapipeline/env/lib/python3.8/site-packages/airflow/example_dags/subdags/subdag.py
[2021-09-20 02:01:28,332] {processor.py:170} INFO - Processing /home/wilson/Documentos/alura/datapipeline/env/lib/python3.8/site-packages/airflow/example_dags/subdags/subdag.py took 0.019 seconds
[2021-09-20 02:02:19,174] {processor.py:162} INFO - Started process (PID=24253) to work on /home/wilson/Documentos/alura/datapipeline/env/lib/python3.8/site-packages/airflow/example_dags/subdags/subdag.py
[2021-09-20 02:02:19,179] {processor.py:613} INFO - Processing file /home/wilson/Documentos/alura/datapipeline/env/lib/python3.8/site-packages/airflow/example_dags/subdags/subdag.py for tasks to queue
[2021-09-20 02:02:19,180] {logging_mixin.py:109} INFO - [2021-09-20 02:02:19,180] {dagbag.py:496} INFO - Filling up the DagBag from /home/wilson/Documentos/alura/datapipeline/env/lib/python3.8/site-packages/airflow/example_dags/subdags/subdag.py
[2021-09-20 02:02:19,184] {processor.py:625} WARNING - No viable dags retrieved from /home/wilson/Documentos/alura/datapipeline/env/lib/python3.8/site-packages/airflow/example_dags/subdags/subdag.py
[2021-09-20 02:02:19,193] {processor.py:170} INFO - Processing /home/wilson/Documentos/alura/datapipeline/env/lib/python3.8/site-packages/airflow/example_dags/subdags/subdag.py took 0.022 seconds
[2021-09-20 02:02:52,677] {processor.py:162} INFO - Started process (PID=24397) to work on /home/wilson/Documentos/alura/datapipeline/env/lib/python3.8/site-packages/airflow/example_dags/subdags/subdag.py
[2021-09-20 02:02:52,679] {processor.py:613} INFO - Processing file /home/wilson/Documentos/alura/datapipeline/env/lib/python3.8/site-packages/airflow/example_dags/subdags/subdag.py for tasks to queue
[2021-09-20 02:02:52,680] {logging_mixin.py:109} INFO - [2021-09-20 02:02:52,680] {dagbag.py:496} INFO - Filling up the DagBag from /home/wilson/Documentos/alura/datapipeline/env/lib/python3.8/site-packages/airflow/example_dags/subdags/subdag.py
[2021-09-20 02:02:52,684] {processor.py:625} WARNING - No viable dags retrieved from /home/wilson/Documentos/alura/datapipeline/env/lib/python3.8/site-packages/airflow/example_dags/subdags/subdag.py
[2021-09-20 02:02:52,694] {processor.py:170} INFO - Processing /home/wilson/Documentos/alura/datapipeline/env/lib/python3.8/site-packages/airflow/example_dags/subdags/subdag.py took 0.020 seconds
[2021-09-20 02:03:35,742] {processor.py:162} INFO - Started process (PID=24558) to work on /home/wilson/Documentos/alura/datapipeline/env/lib/python3.8/site-packages/airflow/example_dags/subdags/subdag.py
[2021-09-20 02:03:35,744] {processor.py:613} INFO - Processing file /home/wilson/Documentos/alura/datapipeline/env/lib/python3.8/site-packages/airflow/example_dags/subdags/subdag.py for tasks to queue
[2021-09-20 02:03:35,744] {logging_mixin.py:109} INFO - [2021-09-20 02:03:35,744] {dagbag.py:496} INFO - Filling up the DagBag from /home/wilson/Documentos/alura/datapipeline/env/lib/python3.8/site-packages/airflow/example_dags/subdags/subdag.py
[2021-09-20 02:03:35,748] {processor.py:625} WARNING - No viable dags retrieved from /home/wilson/Documentos/alura/datapipeline/env/lib/python3.8/site-packages/airflow/example_dags/subdags/subdag.py
[2021-09-20 02:03:35,763] {processor.py:170} INFO - Processing /home/wilson/Documentos/alura/datapipeline/env/lib/python3.8/site-packages/airflow/example_dags/subdags/subdag.py took 0.025 seconds
[2021-09-20 02:04:17,120] {processor.py:162} INFO - Started process (PID=24712) to work on /home/wilson/Documentos/alura/datapipeline/env/lib/python3.8/site-packages/airflow/example_dags/subdags/subdag.py
[2021-09-20 02:04:17,126] {processor.py:613} INFO - Processing file /home/wilson/Documentos/alura/datapipeline/env/lib/python3.8/site-packages/airflow/example_dags/subdags/subdag.py for tasks to queue
[2021-09-20 02:04:17,127] {logging_mixin.py:109} INFO - [2021-09-20 02:04:17,127] {dagbag.py:496} INFO - Filling up the DagBag from /home/wilson/Documentos/alura/datapipeline/env/lib/python3.8/site-packages/airflow/example_dags/subdags/subdag.py
[2021-09-20 02:04:17,136] {processor.py:625} WARNING - No viable dags retrieved from /home/wilson/Documentos/alura/datapipeline/env/lib/python3.8/site-packages/airflow/example_dags/subdags/subdag.py
[2021-09-20 02:04:17,156] {processor.py:170} INFO - Processing /home/wilson/Documentos/alura/datapipeline/env/lib/python3.8/site-packages/airflow/example_dags/subdags/subdag.py took 0.048 seconds
[2021-09-20 02:04:54,072] {processor.py:162} INFO - Started process (PID=24854) to work on /home/wilson/Documentos/alura/datapipeline/env/lib/python3.8/site-packages/airflow/example_dags/subdags/subdag.py
[2021-09-20 02:04:54,074] {processor.py:613} INFO - Processing file /home/wilson/Documentos/alura/datapipeline/env/lib/python3.8/site-packages/airflow/example_dags/subdags/subdag.py for tasks to queue
[2021-09-20 02:04:54,076] {logging_mixin.py:109} INFO - [2021-09-20 02:04:54,076] {dagbag.py:496} INFO - Filling up the DagBag from /home/wilson/Documentos/alura/datapipeline/env/lib/python3.8/site-packages/airflow/example_dags/subdags/subdag.py
[2021-09-20 02:04:54,080] {processor.py:625} WARNING - No viable dags retrieved from /home/wilson/Documentos/alura/datapipeline/env/lib/python3.8/site-packages/airflow/example_dags/subdags/subdag.py
[2021-09-20 02:04:54,090] {processor.py:170} INFO - Processing /home/wilson/Documentos/alura/datapipeline/env/lib/python3.8/site-packages/airflow/example_dags/subdags/subdag.py took 0.024 seconds
[2021-09-20 02:05:38,526] {processor.py:162} INFO - Started process (PID=25003) to work on /home/wilson/Documentos/alura/datapipeline/env/lib/python3.8/site-packages/airflow/example_dags/subdags/subdag.py
[2021-09-20 02:05:38,530] {processor.py:613} INFO - Processing file /home/wilson/Documentos/alura/datapipeline/env/lib/python3.8/site-packages/airflow/example_dags/subdags/subdag.py for tasks to queue
[2021-09-20 02:05:38,542] {logging_mixin.py:109} INFO - [2021-09-20 02:05:38,541] {dagbag.py:496} INFO - Filling up the DagBag from /home/wilson/Documentos/alura/datapipeline/env/lib/python3.8/site-packages/airflow/example_dags/subdags/subdag.py
[2021-09-20 02:05:38,559] {processor.py:625} WARNING - No viable dags retrieved from /home/wilson/Documentos/alura/datapipeline/env/lib/python3.8/site-packages/airflow/example_dags/subdags/subdag.py
[2021-09-20 02:05:38,596] {processor.py:170} INFO - Processing /home/wilson/Documentos/alura/datapipeline/env/lib/python3.8/site-packages/airflow/example_dags/subdags/subdag.py took 0.088 seconds
[2021-09-20 02:06:15,955] {processor.py:162} INFO - Started process (PID=25143) to work on /home/wilson/Documentos/alura/datapipeline/env/lib/python3.8/site-packages/airflow/example_dags/subdags/subdag.py
[2021-09-20 02:06:15,958] {processor.py:613} INFO - Processing file /home/wilson/Documentos/alura/datapipeline/env/lib/python3.8/site-packages/airflow/example_dags/subdags/subdag.py for tasks to queue
[2021-09-20 02:06:15,959] {logging_mixin.py:109} INFO - [2021-09-20 02:06:15,959] {dagbag.py:496} INFO - Filling up the DagBag from /home/wilson/Documentos/alura/datapipeline/env/lib/python3.8/site-packages/airflow/example_dags/subdags/subdag.py
[2021-09-20 02:06:15,970] {processor.py:625} WARNING - No viable dags retrieved from /home/wilson/Documentos/alura/datapipeline/env/lib/python3.8/site-packages/airflow/example_dags/subdags/subdag.py
[2021-09-20 02:06:15,989] {processor.py:170} INFO - Processing /home/wilson/Documentos/alura/datapipeline/env/lib/python3.8/site-packages/airflow/example_dags/subdags/subdag.py took 0.037 seconds
[2021-09-20 02:07:09,262] {processor.py:162} INFO - Started process (PID=25341) to work on /home/wilson/Documentos/alura/datapipeline/env/lib/python3.8/site-packages/airflow/example_dags/subdags/subdag.py
[2021-09-20 02:07:09,264] {processor.py:613} INFO - Processing file /home/wilson/Documentos/alura/datapipeline/env/lib/python3.8/site-packages/airflow/example_dags/subdags/subdag.py for tasks to queue
[2021-09-20 02:07:09,270] {logging_mixin.py:109} INFO - [2021-09-20 02:07:09,270] {dagbag.py:496} INFO - Filling up the DagBag from /home/wilson/Documentos/alura/datapipeline/env/lib/python3.8/site-packages/airflow/example_dags/subdags/subdag.py
[2021-09-20 02:07:09,281] {processor.py:625} WARNING - No viable dags retrieved from /home/wilson/Documentos/alura/datapipeline/env/lib/python3.8/site-packages/airflow/example_dags/subdags/subdag.py
[2021-09-20 02:07:09,291] {processor.py:170} INFO - Processing /home/wilson/Documentos/alura/datapipeline/env/lib/python3.8/site-packages/airflow/example_dags/subdags/subdag.py took 0.044 seconds
[2021-09-20 02:07:47,620] {processor.py:162} INFO - Started process (PID=25493) to work on /home/wilson/Documentos/alura/datapipeline/env/lib/python3.8/site-packages/airflow/example_dags/subdags/subdag.py
[2021-09-20 02:07:47,632] {processor.py:613} INFO - Processing file /home/wilson/Documentos/alura/datapipeline/env/lib/python3.8/site-packages/airflow/example_dags/subdags/subdag.py for tasks to queue
[2021-09-20 02:07:47,639] {logging_mixin.py:109} INFO - [2021-09-20 02:07:47,639] {dagbag.py:496} INFO - Filling up the DagBag from /home/wilson/Documentos/alura/datapipeline/env/lib/python3.8/site-packages/airflow/example_dags/subdags/subdag.py
[2021-09-20 02:07:47,654] {processor.py:625} WARNING - No viable dags retrieved from /home/wilson/Documentos/alura/datapipeline/env/lib/python3.8/site-packages/airflow/example_dags/subdags/subdag.py
[2021-09-20 02:07:47,681] {processor.py:170} INFO - Processing /home/wilson/Documentos/alura/datapipeline/env/lib/python3.8/site-packages/airflow/example_dags/subdags/subdag.py took 0.077 seconds
[2021-09-20 02:08:25,125] {processor.py:162} INFO - Started process (PID=25652) to work on /home/wilson/Documentos/alura/datapipeline/env/lib/python3.8/site-packages/airflow/example_dags/subdags/subdag.py
[2021-09-20 02:08:25,128] {processor.py:613} INFO - Processing file /home/wilson/Documentos/alura/datapipeline/env/lib/python3.8/site-packages/airflow/example_dags/subdags/subdag.py for tasks to queue
[2021-09-20 02:08:25,130] {logging_mixin.py:109} INFO - [2021-09-20 02:08:25,130] {dagbag.py:496} INFO - Filling up the DagBag from /home/wilson/Documentos/alura/datapipeline/env/lib/python3.8/site-packages/airflow/example_dags/subdags/subdag.py
[2021-09-20 02:08:25,142] {processor.py:625} WARNING - No viable dags retrieved from /home/wilson/Documentos/alura/datapipeline/env/lib/python3.8/site-packages/airflow/example_dags/subdags/subdag.py
[2021-09-20 02:08:25,175] {processor.py:170} INFO - Processing /home/wilson/Documentos/alura/datapipeline/env/lib/python3.8/site-packages/airflow/example_dags/subdags/subdag.py took 0.071 seconds
[2021-09-20 02:09:01,916] {processor.py:162} INFO - Started process (PID=25877) to work on /home/wilson/Documentos/alura/datapipeline/env/lib/python3.8/site-packages/airflow/example_dags/subdags/subdag.py
[2021-09-20 02:09:01,938] {processor.py:613} INFO - Processing file /home/wilson/Documentos/alura/datapipeline/env/lib/python3.8/site-packages/airflow/example_dags/subdags/subdag.py for tasks to queue
[2021-09-20 02:09:01,941] {logging_mixin.py:109} INFO - [2021-09-20 02:09:01,941] {dagbag.py:496} INFO - Filling up the DagBag from /home/wilson/Documentos/alura/datapipeline/env/lib/python3.8/site-packages/airflow/example_dags/subdags/subdag.py
[2021-09-20 02:09:01,960] {processor.py:625} WARNING - No viable dags retrieved from /home/wilson/Documentos/alura/datapipeline/env/lib/python3.8/site-packages/airflow/example_dags/subdags/subdag.py
[2021-09-20 02:09:01,987] {processor.py:170} INFO - Processing /home/wilson/Documentos/alura/datapipeline/env/lib/python3.8/site-packages/airflow/example_dags/subdags/subdag.py took 0.085 seconds
