[2021-09-20 02:02:03,697] {taskinstance.py:903} INFO - Dependencies all met for <TaskInstance: example_dag_decorator.prepare_email 2021-09-20T05:01:51.307321+00:00 [queued]>
[2021-09-20 02:02:03,724] {taskinstance.py:903} INFO - Dependencies all met for <TaskInstance: example_dag_decorator.prepare_email 2021-09-20T05:01:51.307321+00:00 [queued]>
[2021-09-20 02:02:03,724] {taskinstance.py:1095} INFO - 
--------------------------------------------------------------------------------
[2021-09-20 02:02:03,724] {taskinstance.py:1096} INFO - Starting attempt 1 of 1
[2021-09-20 02:02:03,724] {taskinstance.py:1097} INFO - 
--------------------------------------------------------------------------------
[2021-09-20 02:02:03,764] {taskinstance.py:1115} INFO - Executing <Task(_PythonDecoratedOperator): prepare_email> on 2021-09-20T05:01:51.307321+00:00
[2021-09-20 02:02:03,767] {standard_task_runner.py:52} INFO - Started process 24201 to run task
[2021-09-20 02:02:03,805] {standard_task_runner.py:76} INFO - Running: ['airflow', 'tasks', 'run', 'example_dag_decorator', 'prepare_email', '2021-09-20T05:01:51.307321+00:00', '--job-id', '3', '--pool', 'default_pool', '--raw', '--subdir', '/home/wilson/Documentos/alura/datapipeline/env/lib/python3.8/site-packages/airflow/example_dags/example_dag_decorator.py', '--cfg-path', '/tmp/tmpcm7t9uv3', '--error-file', '/tmp/tmpcdk2m_em']
[2021-09-20 02:02:03,806] {standard_task_runner.py:77} INFO - Job 3: Subtask prepare_email
[2021-09-20 02:02:03,942] {logging_mixin.py:109} INFO - Running <TaskInstance: example_dag_decorator.prepare_email 2021-09-20T05:01:51.307321+00:00 [running]> on host wilson-VirtualBox
[2021-09-20 02:02:04,093] {taskinstance.py:1252} INFO - Exporting the following env vars:
AIRFLOW_CTX_DAG_OWNER=airflow
AIRFLOW_CTX_DAG_ID=example_dag_decorator
AIRFLOW_CTX_TASK_ID=prepare_email
AIRFLOW_CTX_EXECUTION_DATE=2021-09-20T05:01:51.307321+00:00
AIRFLOW_CTX_DAG_RUN_ID=manual__2021-09-20T05:01:51.307321+00:00
[2021-09-20 02:02:04,094] {python.py:151} INFO - Done. Returned value was: {'subject': 'Server connected from 187.37.41.144', 'body': 'Seems like today your server executing Airflow is connected from IP 187.37.41.144<br>'}
[2021-09-20 02:02:04,171] {taskinstance.py:1212} INFO - Marking task as SUCCESS. dag_id=example_dag_decorator, task_id=prepare_email, execution_date=20210920T050151, start_date=20210920T050203, end_date=20210920T050204
[2021-09-20 02:02:04,246] {local_task_job.py:151} INFO - Task exited with return code 0
[2021-09-20 02:02:04,272] {baseoperator.py:1295} WARNING - Dependency <Task(_PythonDecoratedOperator): prepare_email>, send_email already registered for DAG: example_dag_decorator
[2021-09-20 02:02:04,272] {baseoperator.py:1295} WARNING - Dependency <Task(EmailOperator): send_email>, prepare_email already registered for DAG: example_dag_decorator
[2021-09-20 02:02:04,272] {baseoperator.py:1295} WARNING - Dependency <Task(_PythonDecoratedOperator): prepare_email>, send_email already registered for DAG: example_dag_decorator
[2021-09-20 02:02:04,272] {baseoperator.py:1295} WARNING - Dependency <Task(EmailOperator): send_email>, prepare_email already registered for DAG: example_dag_decorator
[2021-09-20 02:02:04,272] {baseoperator.py:1295} WARNING - Dependency <Task(_PythonDecoratedOperator): prepare_email>, send_email already registered for DAG: example_dag_decorator
[2021-09-20 02:02:04,272] {baseoperator.py:1295} WARNING - Dependency <Task(EmailOperator): send_email>, prepare_email already registered for DAG: example_dag_decorator
[2021-09-20 02:02:04,273] {baseoperator.py:1295} WARNING - Dependency <Task(_PythonDecoratedOperator): prepare_email>, send_email already registered for DAG: example_dag_decorator
[2021-09-20 02:02:04,277] {baseoperator.py:1295} WARNING - Dependency <Task(EmailOperator): send_email>, prepare_email already registered for DAG: example_dag_decorator
[2021-09-20 02:02:04,277] {baseoperator.py:1295} WARNING - Dependency <Task(_PythonDecoratedOperator): prepare_email>, send_email already registered for DAG: example_dag_decorator
[2021-09-20 02:02:04,277] {baseoperator.py:1295} WARNING - Dependency <Task(EmailOperator): send_email>, prepare_email already registered for DAG: example_dag_decorator
[2021-09-20 02:02:04,311] {local_task_job.py:261} INFO - 1 downstream tasks scheduled from follow-on schedule check
