[2021-09-20 02:01:56,404] {taskinstance.py:903} INFO - Dependencies all met for <TaskInstance: example_dag_decorator.get_ip 2021-09-20T05:01:51.307321+00:00 [queued]>
[2021-09-20 02:01:56,427] {taskinstance.py:903} INFO - Dependencies all met for <TaskInstance: example_dag_decorator.get_ip 2021-09-20T05:01:51.307321+00:00 [queued]>
[2021-09-20 02:01:56,427] {taskinstance.py:1095} INFO - 
--------------------------------------------------------------------------------
[2021-09-20 02:01:56,427] {taskinstance.py:1096} INFO - Starting attempt 1 of 1
[2021-09-20 02:01:56,427] {taskinstance.py:1097} INFO - 
--------------------------------------------------------------------------------
[2021-09-20 02:01:56,466] {taskinstance.py:1115} INFO - Executing <Task(GetRequestOperator): get_ip> on 2021-09-20T05:01:51.307321+00:00
[2021-09-20 02:01:56,468] {standard_task_runner.py:52} INFO - Started process 24178 to run task
[2021-09-20 02:01:56,508] {standard_task_runner.py:76} INFO - Running: ['airflow', 'tasks', 'run', 'example_dag_decorator', 'get_ip', '2021-09-20T05:01:51.307321+00:00', '--job-id', '2', '--pool', 'default_pool', '--raw', '--subdir', '/home/wilson/Documentos/alura/datapipeline/env/lib/python3.8/site-packages/airflow/example_dags/example_dag_decorator.py', '--cfg-path', '/tmp/tmp53n3zn4h', '--error-file', '/tmp/tmpwg70q1ei']
[2021-09-20 02:01:56,517] {standard_task_runner.py:77} INFO - Job 2: Subtask get_ip
[2021-09-20 02:01:56,638] {logging_mixin.py:109} INFO - Running <TaskInstance: example_dag_decorator.get_ip 2021-09-20T05:01:51.307321+00:00 [running]> on host wilson-VirtualBox
[2021-09-20 02:01:56,772] {taskinstance.py:1252} INFO - Exporting the following env vars:
AIRFLOW_CTX_DAG_OWNER=airflow
AIRFLOW_CTX_DAG_ID=example_dag_decorator
AIRFLOW_CTX_TASK_ID=get_ip
AIRFLOW_CTX_EXECUTION_DATE=2021-09-20T05:01:51.307321+00:00
AIRFLOW_CTX_DAG_RUN_ID=manual__2021-09-20T05:01:51.307321+00:00
[2021-09-20 02:01:57,233] {taskinstance.py:1212} INFO - Marking task as SUCCESS. dag_id=example_dag_decorator, task_id=get_ip, execution_date=20210920T050151, start_date=20210920T050156, end_date=20210920T050157
[2021-09-20 02:01:57,297] {local_task_job.py:151} INFO - Task exited with return code 0
[2021-09-20 02:01:57,376] {local_task_job.py:261} INFO - 1 downstream tasks scheduled from follow-on schedule check
