[2021-09-20 02:06:51,098] {taskinstance.py:903} INFO - Dependencies all met for <TaskInstance: example_dag_decorator.get_ip 2021-09-20T05:01:51.307321+00:00 [queued]>
[2021-09-20 02:06:51,132] {taskinstance.py:903} INFO - Dependencies all met for <TaskInstance: example_dag_decorator.get_ip 2021-09-20T05:01:51.307321+00:00 [queued]>
[2021-09-20 02:06:51,132] {taskinstance.py:1095} INFO - 
--------------------------------------------------------------------------------
[2021-09-20 02:06:51,132] {taskinstance.py:1096} INFO - Starting attempt 2 of 2
[2021-09-20 02:06:51,132] {taskinstance.py:1097} INFO - 
--------------------------------------------------------------------------------
[2021-09-20 02:06:51,191] {taskinstance.py:1115} INFO - Executing <Task(GetRequestOperator): get_ip> on 2021-09-20T05:01:51.307321+00:00
[2021-09-20 02:06:51,201] {standard_task_runner.py:52} INFO - Started process 25278 to run task
[2021-09-20 02:06:51,244] {standard_task_runner.py:76} INFO - Running: ['airflow', 'tasks', 'run', 'example_dag_decorator', 'get_ip', '2021-09-20T05:01:51.307321+00:00', '--job-id', '5', '--pool', 'default_pool', '--raw', '--subdir', '/home/wilson/Documentos/alura/datapipeline/env/lib/python3.8/site-packages/airflow/example_dags/example_dag_decorator.py', '--cfg-path', '/tmp/tmpci3rox78', '--error-file', '/tmp/tmp5_zcyppe']
[2021-09-20 02:06:51,250] {standard_task_runner.py:77} INFO - Job 5: Subtask get_ip
[2021-09-20 02:06:51,369] {logging_mixin.py:109} INFO - Running <TaskInstance: example_dag_decorator.get_ip 2021-09-20T05:01:51.307321+00:00 [running]> on host wilson-VirtualBox
[2021-09-20 02:06:51,490] {taskinstance.py:1252} INFO - Exporting the following env vars:
AIRFLOW_CTX_DAG_OWNER=airflow
AIRFLOW_CTX_DAG_ID=example_dag_decorator
AIRFLOW_CTX_TASK_ID=get_ip
AIRFLOW_CTX_EXECUTION_DATE=2021-09-20T05:01:51.307321+00:00
AIRFLOW_CTX_DAG_RUN_ID=manual__2021-09-20T05:01:51.307321+00:00
[2021-09-20 02:06:52,037] {taskinstance.py:1212} INFO - Marking task as SUCCESS. dag_id=example_dag_decorator, task_id=get_ip, execution_date=20210920T050151, start_date=20210920T050651, end_date=20210920T050652
[2021-09-20 02:06:52,110] {local_task_job.py:151} INFO - Task exited with return code 0
[2021-09-20 02:06:52,196] {local_task_job.py:261} INFO - 1 downstream tasks scheduled from follow-on schedule check
